25-06-14 20:47:01 | 🤖 PROGRAM   | program.start - Riven v0.21.21 starting!
25-06-14 20:47:01 | ❌ ERROR     | symlink.validate - rclone_path or library_path is set to the current directory.
25-06-14 20:47:01 | ❌ ERROR     | __init__.validate - No downloader service is initialized. Please initialize a downloader service.
25-06-14 20:47:01 | ❌ ERROR     | symlink.validate - Library path not set or set to the current directory in SymlinkLibrary settings.
25-06-14 20:47:01 | ❌ ERROR     | symlink.__init__ - SymlinkLibrary initialization failed due to invalid configuration.
25-06-14 20:47:01 | ⚠️  WARNING   | program.initialize_services - No content services initialized, items need to be added manually.
25-06-14 20:47:01 | ❌ ERROR     | program.initialize_services - No Scraping service initialized, you must enable at least one.
25-06-14 20:47:01 | ❌ ERROR     | program.initialize_services - No Downloader service initialized, you must enable at least one.
25-06-14 20:47:01 | 🤖 PROGRAM   | program.start - ----------------------------------------------
25-06-14 20:47:01 | ❌ ERROR     | program.start - Riven is waiting for configuration to start!
25-06-14 20:47:01 | 🤖 PROGRAM   | program.start - ----------------------------------------------
25-06-14 20:47:06 | 👾 API       | main.dispatch - GET / - 404 - 0.00s
25-06-14 20:47:16 | 👾 API       | main.dispatch - GET / - 404 - 0.00s
25-06-14 20:47:24 | 👾 API       | main.dispatch - GET / - 404 - 0.00s
25-06-14 20:47:26 | 👾 API       | main.dispatch - GET / - 404 - 0.00s
25-06-14 20:47:36 | 👾 API       | main.dispatch - GET / - 404 - 0.00s
25-06-14 20:47:46 | 👾 API       | main.dispatch - GET / - 404 - 0.00s
25-06-14 20:47:54 | 👾 API       | main.dispatch - GET / - 404 - 0.00s
25-06-14 20:47:56 | 👾 API       | main.dispatch - GET / - 404 - 0.00s
25-06-14 20:48:06 | 👾 API       | main.dispatch - GET / - 404 - 0.00s
25-06-14 20:48:16 | 👾 API       | main.dispatch - GET / - 404 - 0.00s
25-06-14 20:48:24 | 👾 API       | main.dispatch - GET / - 404 - 0.00s
25-06-14 20:48:24 | 👾 API       | main.dispatch - GET / - 404 - 0.00s
25-06-14 20:48:34 | 👾 API       | main.dispatch - GET / - 404 - 0.00s
25-06-14 20:48:44 | 👾 API       | main.dispatch - GET / - 404 - 0.00s
25-06-14 20:48:54 | 👾 API       | main.dispatch - GET / - 404 - 0.00s
