25-06-12 06:02:54 | 🤖 PROGRAM   | program.start - Riven v0.21.21 starting!
25-06-12 06:02:54 | ❌ ERROR     | symlink.validate - rclone_path or library_path is set to the current directory.
25-06-12 06:02:54 | ❌ ERROR     | __init__.validate - No downloader service is initialized. Please initialize a downloader service.
25-06-12 06:02:54 | ❌ ERROR     | symlink.validate - Library path not set or set to the current directory in SymlinkLibrary settings.
25-06-12 06:02:54 | ❌ ERROR     | symlink.__init__ - SymlinkLibrary initialization failed due to invalid configuration.
25-06-12 06:02:54 | ⚠️  WARNING   | program.initialize_services - No content services initialized, items need to be added manually.
25-06-12 06:02:54 | ❌ ERROR     | program.initialize_services - No Scraping service initialized, you must enable at least one.
25-06-12 06:02:54 | ❌ ERROR     | program.initialize_services - No Downloader service initialized, you must enable at least one.
25-06-12 06:02:54 | 🤖 PROGRAM   | program.start - ----------------------------------------------
25-06-12 06:02:54 | ❌ ERROR     | program.start - Riven is waiting for configuration to start!
25-06-12 06:02:54 | 🤖 PROGRAM   | program.start - ----------------------------------------------
25-06-12 06:02:59 | 👾 API       | main.dispatch - GET / - 404 - 0.00s
25-06-12 06:03:09 | 👾 API       | main.dispatch - GET / - 404 - 0.00s
25-06-12 06:03:19 | 👾 API       | main.dispatch - GET / - 404 - 0.00s
25-06-12 06:03:29 | 👾 API       | main.dispatch - GET / - 404 - 0.00s
25-06-12 06:03:39 | 👾 API       | main.dispatch - GET / - 404 - 0.00s
25-06-12 06:03:47 | 👾 API       | main.dispatch - GET / - 404 - 0.00s
25-06-12 06:03:49 | 👾 API       | main.dispatch - GET / - 404 - 0.00s
25-06-12 06:03:59 | 👾 API       | main.dispatch - GET / - 404 - 0.00s
25-06-12 06:04:02 | 👾 API       | main.dispatch - GET / - 404 - 0.00s
25-06-12 06:04:12 | 👾 API       | main.dispatch - GET / - 404 - 0.00s
25-06-12 06:04:17 | 👾 API       | main.dispatch - GET / - 404 - 0.00s
25-06-12 06:04:22 | 👾 API       | main.dispatch - GET / - 404 - 0.00s
25-06-12 06:04:32 | 👾 API       | main.dispatch - GET / - 404 - 0.00s
25-06-12 06:04:42 | 👾 API       | main.dispatch - GET / - 404 - 0.00s
25-06-12 06:04:47 | 👾 API       | main.dispatch - GET / - 404 - 0.00s
25-06-12 06:04:47 | 👾 API       | main.dispatch - GET / - 404 - 0.00s
25-06-12 06:04:57 | 👾 API       | main.dispatch - GET / - 404 - 0.00s
25-06-12 06:05:07 | 👾 API       | main.dispatch - GET / - 404 - 0.00s
25-06-12 06:05:17 | 👾 API       | main.dispatch - GET / - 404 - 0.00s
