25-06-14 19:28:38 | 🤖 PROGRAM   | program.start - Riven v0.21.21 starting!
25-06-14 19:28:38 | ❌ ERROR     | symlink.validate - rclone_path or library_path is set to the current directory.
25-06-14 19:28:38 | ❌ ERROR     | __init__.validate - No downloader service is initialized. Please initialize a downloader service.
25-06-14 19:28:38 | ❌ ERROR     | symlink.validate - Library path not set or set to the current directory in SymlinkLibrary settings.
25-06-14 19:28:38 | ❌ ERROR     | symlink.__init__ - SymlinkLibrary initialization failed due to invalid configuration.
25-06-14 19:28:38 | ⚠️  WARNING   | program.initialize_services - No content services initialized, items need to be added manually.
25-06-14 19:28:38 | ❌ ERROR     | program.initialize_services - No Scraping service initialized, you must enable at least one.
25-06-14 19:28:38 | ❌ ERROR     | program.initialize_services - No Downloader service initialized, you must enable at least one.
25-06-14 19:28:38 | 🤖 PROGRAM   | program.start - ----------------------------------------------
25-06-14 19:28:38 | ❌ ERROR     | program.start - Riven is waiting for configuration to start!
25-06-14 19:28:38 | 🤖 PROGRAM   | program.start - ----------------------------------------------
25-06-14 19:28:43 | 👾 API       | main.dispatch - GET / - 404 - 0.00s
25-06-14 19:28:53 | 👾 API       | main.dispatch - GET / - 404 - 0.00s
25-06-14 19:29:03 | 👾 API       | main.dispatch - GET / - 404 - 0.00s
25-06-14 19:29:13 | 👾 API       | main.dispatch - GET / - 404 - 0.00s
25-06-14 19:29:23 | 👾 API       | main.dispatch - GET / - 404 - 0.00s
25-06-14 19:29:24 | 👾 API       | main.dispatch - GET / - 404 - 0.00s
25-06-14 19:29:33 | 👾 API       | main.dispatch - GET / - 404 - 0.00s
25-06-14 19:29:43 | 👾 API       | main.dispatch - GET / - 404 - 0.00s
25-06-14 19:29:43 | 👾 API       | main.dispatch - GET / - 404 - 0.00s
25-06-14 19:29:53 | 👾 API       | main.dispatch - GET / - 404 - 0.00s
25-06-14 19:29:54 | 👾 API       | main.dispatch - GET / - 404 - 0.00s
25-06-14 19:30:03 | 👾 API       | main.dispatch - GET / - 404 - 0.00s
25-06-14 19:30:13 | 👾 API       | main.dispatch - GET / - 404 - 0.00s
25-06-14 19:30:23 | 👾 API       | main.dispatch - GET / - 404 - 0.00s
25-06-14 19:30:24 | 👾 API       | main.dispatch - GET / - 404 - 0.00s
25-06-14 19:30:24 | 👾 API       | main.dispatch - GET / - 404 - 0.00s
25-06-14 19:30:34 | 👾 API       | main.dispatch - GET / - 404 - 0.00s
25-06-14 19:30:44 | 👾 API       | main.dispatch - GET / - 404 - 0.00s
25-06-14 19:30:54 | 👾 API       | main.dispatch - GET / - 404 - 0.00s
