25-06-14 21:13:05 | 🤖 PROGRAM   | program.start - Riven v0.21.21 starting!
25-06-14 21:13:05 | ❌ ERROR     | symlink.validate - rclone_path or library_path is set to the current directory.
25-06-14 21:13:05 | ❌ ERROR     | __init__.validate - No downloader service is initialized. Please initialize a downloader service.
25-06-14 21:13:05 | ❌ ERROR     | symlink.validate - Library path not set or set to the current directory in SymlinkLibrary settings.
25-06-14 21:13:05 | ❌ ERROR     | symlink.__init__ - SymlinkLibrary initialization failed due to invalid configuration.
25-06-14 21:13:05 | ⚠️  WARNING   | program.initialize_services - No content services initialized, items need to be added manually.
25-06-14 21:13:05 | ❌ ERROR     | program.initialize_services - No Scraping service initialized, you must enable at least one.
25-06-14 21:13:05 | ❌ ERROR     | program.initialize_services - No Downloader service initialized, you must enable at least one.
25-06-14 21:13:05 | 🤖 PROGRAM   | program.start - ----------------------------------------------
25-06-14 21:13:05 | ❌ ERROR     | program.start - Riven is waiting for configuration to start!
25-06-14 21:13:05 | 🤖 PROGRAM   | program.start - ----------------------------------------------
25-06-14 21:13:10 | 👾 API       | main.dispatch - GET / - 404 - 0.00s
25-06-14 21:13:19 | 👾 API       | main.dispatch - GET / - 404 - 0.00s
25-06-14 21:13:29 | 👾 API       | main.dispatch - GET / - 404 - 0.00s
25-06-14 21:13:39 | 👾 API       | main.dispatch - GET / - 404 - 0.00s
25-06-14 21:13:49 | 👾 API       | main.dispatch - GET / - 404 - 0.00s
25-06-14 21:13:54 | 👾 API       | main.dispatch - GET / - 404 - 0.00s
25-06-14 21:13:59 | 👾 API       | main.dispatch - GET / - 404 - 0.00s
25-06-14 21:14:09 | 👾 API       | main.dispatch - GET / - 404 - 0.00s
25-06-14 21:14:19 | 👾 API       | main.dispatch - GET / - 404 - 0.00s
25-06-14 21:14:24 | 👾 API       | main.dispatch - GET / - 404 - 0.00s
25-06-14 21:14:25 | 👾 API       | main.dispatch - GET / - 404 - 0.00s
25-06-14 21:14:35 | 👾 API       | main.dispatch - GET / - 404 - 0.00s
25-06-14 21:14:45 | 👾 API       | main.dispatch - GET / - 404 - 0.00s
25-06-14 21:14:54 | 👾 API       | main.dispatch - GET / - 404 - 0.00s
25-06-14 21:14:54 | 👾 API       | main.dispatch - GET / - 404 - 0.00s
25-06-14 21:15:04 | 👾 API       | main.dispatch - GET / - 404 - 0.00s
25-06-14 21:15:14 | 👾 API       | main.dispatch - GET / - 404 - 0.00s
25-06-14 21:15:24 | 👾 API       | main.dispatch - GET / - 404 - 0.00s
