25-06-14 23:00:34 | 🤖 PROGRAM   | program.start - Riven v0.21.21 starting!
25-06-14 23:00:34 | ❌ ERROR     | symlink.validate - rclone_path or library_path is set to the current directory.
25-06-14 23:00:34 | ❌ ERROR     | __init__.validate - No downloader service is initialized. Please initialize a downloader service.
25-06-14 23:00:34 | ❌ ERROR     | symlink.validate - Library path not set or set to the current directory in SymlinkLibrary settings.
25-06-14 23:00:34 | ❌ ERROR     | symlink.__init__ - SymlinkLibrary initialization failed due to invalid configuration.
25-06-14 23:00:34 | ⚠️  WARNING   | program.initialize_services - No content services initialized, items need to be added manually.
25-06-14 23:00:34 | ❌ ERROR     | program.initialize_services - No Scraping service initialized, you must enable at least one.
25-06-14 23:00:34 | ❌ ERROR     | program.initialize_services - No Downloader service initialized, you must enable at least one.
25-06-14 23:00:34 | 🤖 PROGRAM   | program.start - ----------------------------------------------
25-06-14 23:00:34 | ❌ ERROR     | program.start - Riven is waiting for configuration to start!
25-06-14 23:00:34 | 🤖 PROGRAM   | program.start - ----------------------------------------------
25-06-14 23:00:40 | 👾 API       | main.dispatch - GET / - 404 - 0.01s
25-06-14 23:00:50 | 👾 API       | main.dispatch - GET / - 404 - 0.00s
25-06-14 23:01:00 | 👾 API       | main.dispatch - GET / - 404 - 0.00s
25-06-14 23:01:10 | 👾 API       | main.dispatch - GET / - 404 - 0.00s
25-06-14 23:01:17 | 👾 API       | main.dispatch - GET / - 404 - 0.00s
25-06-14 23:01:20 | 👾 API       | main.dispatch - GET / - 404 - 0.00s
25-06-14 23:01:22 | 👾 API       | main.dispatch - GET / - 404 - 0.00s
25-06-14 23:01:32 | 👾 API       | main.dispatch - GET / - 404 - 0.00s
25-06-14 23:01:42 | 👾 API       | main.dispatch - GET / - 404 - 0.00s
25-06-14 23:01:47 | 👾 API       | main.dispatch - GET / - 404 - 0.00s
25-06-14 23:01:52 | 👾 API       | main.dispatch - GET / - 404 - 0.00s
25-06-14 23:02:03 | 👾 API       | main.dispatch - GET / - 404 - 0.00s
25-06-14 23:02:12 | 👾 API       | main.dispatch - GET / - 404 - 0.00s
25-06-14 23:02:17 | 👾 API       | main.dispatch - GET / - 404 - 0.00s
25-06-14 23:02:17 | 👾 API       | main.dispatch - GET / - 404 - 0.00s
25-06-14 23:02:27 | 👾 API       | main.dispatch - GET / - 404 - 0.00s
25-06-14 23:02:37 | 👾 API       | main.dispatch - GET / - 404 - 0.00s
25-06-14 23:02:47 | 👾 API       | main.dispatch - GET / - 404 - 0.00s
