25-06-13 08:11:20 | 🤖 PROGRAM   | program.start - Riven v0.21.21 starting!
25-06-13 08:11:20 | ❌ ERROR     | symlink.validate - rclone_path or library_path is set to the current directory.
25-06-13 08:11:20 | ❌ ERROR     | __init__.validate - No downloader service is initialized. Please initialize a downloader service.
25-06-13 08:11:20 | ❌ ERROR     | symlink.validate - Library path not set or set to the current directory in SymlinkLibrary settings.
25-06-13 08:11:20 | ❌ ERROR     | symlink.__init__ - SymlinkLibrary initialization failed due to invalid configuration.
25-06-13 08:11:20 | ⚠️  WARNING   | program.initialize_services - No content services initialized, items need to be added manually.
25-06-13 08:11:20 | ❌ ERROR     | program.initialize_services - No Scraping service initialized, you must enable at least one.
25-06-13 08:11:20 | ❌ ERROR     | program.initialize_services - No Downloader service initialized, you must enable at least one.
25-06-13 08:11:20 | 🤖 PROGRAM   | program.start - ----------------------------------------------
25-06-13 08:11:20 | ❌ ERROR     | program.start - Riven is waiting for configuration to start!
25-06-13 08:11:20 | 🤖 PROGRAM   | program.start - ----------------------------------------------
25-06-13 08:11:26 | 👾 API       | main.dispatch - GET / - 404 - 0.00s
25-06-13 08:11:36 | 👾 API       | main.dispatch - GET / - 404 - 0.00s
25-06-13 08:11:46 | 👾 API       | main.dispatch - GET / - 404 - 0.00s
25-06-13 08:11:56 | 👾 API       | main.dispatch - GET / - 404 - 0.00s
25-06-13 08:12:06 | 👾 API       | main.dispatch - GET / - 404 - 0.00s
25-06-13 08:12:13 | 👾 API       | main.dispatch - GET / - 404 - 0.00s
25-06-13 08:12:16 | 👾 API       | main.dispatch - GET / - 404 - 0.00s
25-06-13 08:12:26 | 👾 API       | main.dispatch - GET / - 404 - 0.00s
25-06-13 08:12:36 | 👾 API       | main.dispatch - GET / - 404 - 0.00s
25-06-13 08:12:38 | 👾 API       | main.dispatch - GET / - 404 - 0.00s
25-06-13 08:12:43 | 👾 API       | main.dispatch - GET / - 404 - 0.00s
25-06-13 08:12:48 | 👾 API       | main.dispatch - GET / - 404 - 0.00s
25-06-13 08:12:58 | 👾 API       | main.dispatch - GET / - 404 - 0.00s
25-06-13 08:13:08 | 👾 API       | main.dispatch - GET / - 404 - 0.00s
25-06-13 08:13:13 | 👾 API       | main.dispatch - GET / - 404 - 0.00s
25-06-13 08:13:13 | 👾 API       | main.dispatch - GET / - 404 - 0.00s
25-06-13 08:13:23 | 👾 API       | main.dispatch - GET / - 404 - 0.00s
25-06-13 08:13:33 | 👾 API       | main.dispatch - GET / - 404 - 0.00s
25-06-13 08:13:43 | 👾 API       | main.dispatch - GET / - 404 - 0.00s
