25-06-12 19:49:32 | 🤖 PROGRAM   | program.start - Riven v0.21.21 starting!
25-06-12 19:49:32 | ❌ ERROR     | symlink.validate - rclone_path or library_path is set to the current directory.
25-06-12 19:49:32 | ❌ ERROR     | __init__.validate - No downloader service is initialized. Please initialize a downloader service.
25-06-12 19:49:32 | ❌ ERROR     | symlink.validate - Library path not set or set to the current directory in SymlinkLibrary settings.
25-06-12 19:49:32 | ❌ ERROR     | symlink.__init__ - SymlinkLibrary initialization failed due to invalid configuration.
25-06-12 19:49:32 | ⚠️  WARNING   | program.initialize_services - No content services initialized, items need to be added manually.
25-06-12 19:49:32 | ❌ ERROR     | program.initialize_services - No Scraping service initialized, you must enable at least one.
25-06-12 19:49:32 | ❌ ERROR     | program.initialize_services - No Downloader service initialized, you must enable at least one.
25-06-12 19:49:32 | 🤖 PROGRAM   | program.start - ----------------------------------------------
25-06-12 19:49:32 | ❌ ERROR     | program.start - Riven is waiting for configuration to start!
25-06-12 19:49:32 | 🤖 PROGRAM   | program.start - ----------------------------------------------
25-06-12 19:49:37 | 👾 API       | main.dispatch - GET / - 404 - 0.00s
25-06-12 19:49:47 | 👾 API       | main.dispatch - GET / - 404 - 0.00s
25-06-12 19:49:55 | 👾 API       | main.dispatch - GET / - 404 - 0.00s
25-06-12 19:49:57 | 👾 API       | main.dispatch - GET / - 404 - 0.00s
25-06-12 19:50:07 | 👾 API       | main.dispatch - GET / - 404 - 0.00s
25-06-12 19:50:17 | 👾 API       | main.dispatch - GET / - 404 - 0.00s
25-06-12 19:50:25 | 👾 API       | main.dispatch - GET / - 404 - 0.00s
25-06-12 19:50:27 | 👾 API       | main.dispatch - GET / - 404 - 0.00s
25-06-12 19:50:32 | 👾 API       | main.dispatch - GET / - 404 - 0.00s
25-06-12 19:50:42 | 👾 API       | main.dispatch - GET / - 404 - 0.00s
25-06-12 19:50:52 | 👾 API       | main.dispatch - GET / - 404 - 0.00s
25-06-12 19:50:55 | 👾 API       | main.dispatch - GET / - 404 - 0.00s
25-06-12 19:50:55 | 👾 API       | main.dispatch - GET / - 404 - 0.00s
25-06-12 19:51:05 | 👾 API       | main.dispatch - GET / - 404 - 0.00s
25-06-12 19:51:15 | 👾 API       | main.dispatch - GET / - 404 - 0.00s
25-06-12 19:51:25 | 👾 API       | main.dispatch - GET / - 404 - 0.00s
