25-06-14 23:17:30 | 🤖 PROGRAM   | program.start - Riven v0.21.21 starting!
25-06-14 23:17:31 | ❌ ERROR     | symlink.validate - rclone_path or library_path is set to the current directory.
25-06-14 23:17:31 | ❌ ERROR     | __init__.validate - No downloader service is initialized. Please initialize a downloader service.
25-06-14 23:17:31 | ❌ ERROR     | symlink.validate - Library path not set or set to the current directory in SymlinkLibrary settings.
25-06-14 23:17:31 | ❌ ERROR     | symlink.__init__ - SymlinkLibrary initialization failed due to invalid configuration.
25-06-14 23:17:31 | ⚠️  WARNING   | program.initialize_services - No content services initialized, items need to be added manually.
25-06-14 23:17:31 | ❌ ERROR     | program.initialize_services - No Scraping service initialized, you must enable at least one.
25-06-14 23:17:31 | ❌ ERROR     | program.initialize_services - No Downloader service initialized, you must enable at least one.
25-06-14 23:17:31 | 🤖 PROGRAM   | program.start - ----------------------------------------------
25-06-14 23:17:31 | ❌ ERROR     | program.start - Riven is waiting for configuration to start!
25-06-14 23:17:31 | 🤖 PROGRAM   | program.start - ----------------------------------------------
25-06-14 23:17:33 | 👾 API       | main.dispatch - GET / - 404 - 0.00s
25-06-14 23:17:43 | 👾 API       | main.dispatch - GET / - 404 - 0.00s
25-06-14 23:17:53 | 👾 API       | main.dispatch - GET / - 404 - 0.00s
25-06-14 23:18:03 | 👾 API       | main.dispatch - GET / - 404 - 0.00s
25-06-14 23:18:13 | 👾 API       | main.dispatch - GET / - 404 - 0.00s
25-06-14 23:18:17 | 👾 API       | main.dispatch - GET / - 404 - 0.00s
25-06-14 23:18:23 | 👾 API       | main.dispatch - GET / - 404 - 0.00s
25-06-14 23:18:33 | 👾 API       | main.dispatch - GET / - 404 - 0.00s
25-06-14 23:18:43 | 👾 API       | main.dispatch - GET / - 404 - 0.00s
25-06-14 23:18:47 | 👾 API       | main.dispatch - GET / - 404 - 0.00s
25-06-14 23:18:48 | 👾 API       | main.dispatch - GET / - 404 - 0.00s
25-06-14 23:18:58 | 👾 API       | main.dispatch - GET / - 404 - 0.00s
25-06-14 23:19:08 | 👾 API       | main.dispatch - GET / - 404 - 0.00s
25-06-14 23:19:17 | 👾 API       | main.dispatch - GET / - 404 - 0.00s
25-06-14 23:19:17 | 👾 API       | main.dispatch - GET / - 404 - 0.00s
25-06-14 23:19:27 | 👾 API       | main.dispatch - GET / - 404 - 0.00s
25-06-14 23:19:37 | 👾 API       | main.dispatch - GET / - 404 - 0.00s
25-06-14 23:19:47 | 👾 API       | main.dispatch - GET / - 404 - 0.00s
