25-06-12 01:58:18 | 🤖 PROGRAM   | program.start - Riven v0.21.21 starting!
25-06-12 01:58:18 | ❌ ERROR     | symlink.validate - rclone_path or library_path is set to the current directory.
25-06-12 01:58:18 | ❌ ERROR     | __init__.validate - No downloader service is initialized. Please initialize a downloader service.
25-06-12 01:58:18 | ❌ ERROR     | symlink.validate - Library path not set or set to the current directory in SymlinkLibrary settings.
25-06-12 01:58:18 | ❌ ERROR     | symlink.__init__ - SymlinkLibrary initialization failed due to invalid configuration.
25-06-12 01:58:18 | ⚠️  WARNING   | program.initialize_services - No content services initialized, items need to be added manually.
25-06-12 01:58:18 | ❌ ERROR     | program.initialize_services - No Scraping service initialized, you must enable at least one.
25-06-12 01:58:18 | ❌ ERROR     | program.initialize_services - No Downloader service initialized, you must enable at least one.
25-06-12 01:58:18 | 🤖 PROGRAM   | program.start - ----------------------------------------------
25-06-12 01:58:18 | ❌ ERROR     | program.start - Riven is waiting for configuration to start!
25-06-12 01:58:18 | 🤖 PROGRAM   | program.start - ----------------------------------------------
25-06-12 01:58:19 | 👾 API       | main.dispatch - GET / - 404 - 0.00s
25-06-12 01:58:29 | 👾 API       | main.dispatch - GET / - 404 - 0.00s
25-06-12 01:58:39 | 👾 API       | main.dispatch - GET / - 404 - 0.00s
25-06-12 01:58:49 | 👾 API       | main.dispatch - GET / - 404 - 0.00s
25-06-12 01:58:49 | 👾 API       | main.dispatch - GET / - 404 - 0.00s
25-06-12 01:58:59 | 👾 API       | main.dispatch - GET / - 404 - 0.00s
25-06-12 01:59:09 | 👾 API       | main.dispatch - GET / - 404 - 0.00s
25-06-12 01:59:19 | 👾 API       | main.dispatch - GET / - 404 - 0.00s
25-06-12 01:59:19 | 👾 API       | main.dispatch - GET / - 404 - 0.00s
25-06-12 01:59:22 | 👾 API       | main.dispatch - GET / - 404 - 0.00s
25-06-12 01:59:32 | 👾 API       | main.dispatch - GET / - 404 - 0.00s
25-06-12 01:59:42 | 👾 API       | main.dispatch - GET / - 404 - 0.00s
25-06-12 01:59:49 | 👾 API       | main.dispatch - GET / - 404 - 0.00s
25-06-12 01:59:49 | 👾 API       | main.dispatch - GET / - 404 - 0.00s
25-06-12 01:59:59 | 👾 API       | main.dispatch - GET / - 404 - 0.00s
25-06-12 02:00:09 | 👾 API       | main.dispatch - GET / - 404 - 0.00s
25-06-12 02:00:19 | 👾 API       | main.dispatch - GET / - 404 - 0.00s
