25-06-12 10:34:26 | 🤖 PROGRAM   | program.start - Riven v0.21.21 starting!
25-06-12 10:34:26 | ❌ ERROR     | symlink.validate - rclone_path or library_path is set to the current directory.
25-06-12 10:34:26 | ❌ ERROR     | __init__.validate - No downloader service is initialized. Please initialize a downloader service.
25-06-12 10:34:26 | ❌ ERROR     | symlink.validate - Library path not set or set to the current directory in SymlinkLibrary settings.
25-06-12 10:34:26 | ❌ ERROR     | symlink.__init__ - SymlinkLibrary initialization failed due to invalid configuration.
25-06-12 10:34:26 | ⚠️  WARNING   | program.initialize_services - No content services initialized, items need to be added manually.
25-06-12 10:34:26 | ❌ ERROR     | program.initialize_services - No Scraping service initialized, you must enable at least one.
25-06-12 10:34:26 | ❌ ERROR     | program.initialize_services - No Downloader service initialized, you must enable at least one.
25-06-12 10:34:26 | 🤖 PROGRAM   | program.start - ----------------------------------------------
25-06-12 10:34:26 | ❌ ERROR     | program.start - Riven is waiting for configuration to start!
25-06-12 10:34:26 | 🤖 PROGRAM   | program.start - ----------------------------------------------
25-06-12 10:34:31 | 👾 API       | main.dispatch - GET / - 404 - 0.00s
25-06-12 10:34:41 | 👾 API       | main.dispatch - GET / - 404 - 0.00s
25-06-12 10:34:51 | 👾 API       | main.dispatch - GET / - 404 - 0.00s
25-06-12 10:35:01 | 👾 API       | main.dispatch - GET / - 404 - 0.00s
25-06-12 10:35:01 | 👾 API       | main.dispatch - GET / - 404 - 0.00s
25-06-12 10:35:11 | 👾 API       | main.dispatch - GET / - 404 - 0.00s
25-06-12 10:35:21 | 👾 API       | main.dispatch - GET / - 404 - 0.00s
25-06-12 10:35:31 | 👾 API       | main.dispatch - GET / - 404 - 0.00s
25-06-12 10:35:31 | 👾 API       | main.dispatch - GET / - 404 - 0.00s
25-06-12 10:35:32 | 👾 API       | main.dispatch - GET / - 404 - 0.00s
25-06-12 10:35:42 | 👾 API       | main.dispatch - GET / - 404 - 0.00s
25-06-12 10:35:52 | 👾 API       | main.dispatch - GET / - 404 - 0.00s
25-06-12 10:36:01 | 👾 API       | main.dispatch - GET / - 404 - 0.00s
25-06-12 10:36:01 | 👾 API       | main.dispatch - GET / - 404 - 0.00s
25-06-12 10:36:11 | 👾 API       | main.dispatch - GET / - 404 - 0.00s
25-06-12 10:36:21 | 👾 API       | main.dispatch - GET / - 404 - 0.00s
25-06-12 10:36:31 | 👾 API       | main.dispatch - GET / - 404 - 0.00s
