25-06-14 22:02:55 | 🤖 PROGRAM   | program.start - Riven v0.21.21 starting!
25-06-14 22:02:55 | ❌ ERROR     | symlink.validate - rclone_path or library_path is set to the current directory.
25-06-14 22:02:55 | ❌ ERROR     | __init__.validate - No downloader service is initialized. Please initialize a downloader service.
25-06-14 22:02:55 | ❌ ERROR     | symlink.validate - Library path not set or set to the current directory in SymlinkLibrary settings.
25-06-14 22:02:55 | ❌ ERROR     | symlink.__init__ - SymlinkLibrary initialization failed due to invalid configuration.
25-06-14 22:02:55 | ⚠️  WARNING   | program.initialize_services - No content services initialized, items need to be added manually.
25-06-14 22:02:55 | ❌ ERROR     | program.initialize_services - No Scraping service initialized, you must enable at least one.
25-06-14 22:02:55 | ❌ ERROR     | program.initialize_services - No Downloader service initialized, you must enable at least one.
25-06-14 22:02:55 | 🤖 PROGRAM   | program.start - ----------------------------------------------
25-06-14 22:02:55 | ❌ ERROR     | program.start - Riven is waiting for configuration to start!
25-06-14 22:02:55 | 🤖 PROGRAM   | program.start - ----------------------------------------------
25-06-14 22:02:59 | 👾 API       | main.dispatch - GET / - 404 - 0.00s
25-06-14 22:03:09 | 👾 API       | main.dispatch - GET / - 404 - 0.00s
25-06-14 22:03:18 | 👾 API       | main.dispatch - GET / - 404 - 0.00s
25-06-14 22:03:19 | 👾 API       | main.dispatch - GET / - 404 - 0.00s
25-06-14 22:03:29 | 👾 API       | main.dispatch - GET / - 404 - 0.00s
25-06-14 22:03:39 | 👾 API       | main.dispatch - GET / - 404 - 0.00s
25-06-14 22:03:48 | 👾 API       | main.dispatch - GET / - 404 - 0.00s
25-06-14 22:03:49 | 👾 API       | main.dispatch - GET / - 404 - 0.00s
25-06-14 22:03:59 | 👾 API       | main.dispatch - GET / - 404 - 0.00s
25-06-14 22:04:25 | 👾 API       | main.dispatch - GET / - 404 - 0.00s
25-06-14 22:04:25 | 👾 API       | main.dispatch - GET / - 404 - 0.00s
25-06-14 22:04:35 | 👾 API       | main.dispatch - GET / - 404 - 0.00s
25-06-14 22:04:45 | 👾 API       | main.dispatch - GET / - 404 - 0.00s
25-06-14 22:04:47 | 👾 API       | main.dispatch - GET / - 404 - 0.00s
25-06-14 22:04:55 | 👾 API       | main.dispatch - GET / - 404 - 0.00s
25-06-14 22:05:05 | 👾 API       | main.dispatch - GET / - 404 - 0.00s
25-06-14 22:05:15 | 👾 API       | main.dispatch - GET / - 404 - 0.00s
25-06-14 22:05:17 | 👾 API       | main.dispatch - GET / - 404 - 0.00s
25-06-14 22:05:25 | 👾 API       | main.dispatch - GET / - 404 - 0.00s
25-06-14 22:05:35 | 👾 API       | main.dispatch - GET / - 404 - 0.00s
25-06-14 22:05:45 | 👾 API       | main.dispatch - GET / - 404 - 0.00s
25-06-14 22:05:47 | 👾 API       | main.dispatch - GET / - 404 - 0.00s
25-06-14 22:05:47 | 👾 API       | main.dispatch - GET / - 404 - 0.00s
25-06-14 22:05:57 | 👾 API       | main.dispatch - GET / - 404 - 0.00s
25-06-14 22:06:07 | 👾 API       | main.dispatch - GET / - 404 - 0.00s
25-06-14 22:06:17 | 👾 API       | main.dispatch - GET / - 404 - 0.00s
