25-06-15 03:29:24 | 🤖 PROGRAM   | program.start - Riven v0.21.21 starting!
25-06-15 03:29:24 | ❌ ERROR     | symlink.validate - rclone_path or library_path is set to the current directory.
25-06-15 03:29:24 | ❌ ERROR     | __init__.validate - No downloader service is initialized. Please initialize a downloader service.
25-06-15 03:29:24 | ❌ ERROR     | symlink.validate - Library path not set or set to the current directory in SymlinkLibrary settings.
25-06-15 03:29:24 | ❌ ERROR     | symlink.__init__ - SymlinkLibrary initialization failed due to invalid configuration.
25-06-15 03:29:24 | ⚠️  WARNING   | program.initialize_services - No content services initialized, items need to be added manually.
25-06-15 03:29:24 | ❌ ERROR     | program.initialize_services - No Scraping service initialized, you must enable at least one.
25-06-15 03:29:24 | ❌ ERROR     | program.initialize_services - No Downloader service initialized, you must enable at least one.
25-06-15 03:29:24 | 🤖 PROGRAM   | program.start - ----------------------------------------------
25-06-15 03:29:24 | ❌ ERROR     | program.start - Riven is waiting for configuration to start!
25-06-15 03:29:24 | 🤖 PROGRAM   | program.start - ----------------------------------------------
25-06-15 03:29:28 | 👾 API       | main.dispatch - GET / - 404 - 0.00s
25-06-15 03:29:38 | 👾 API       | main.dispatch - GET / - 404 - 0.00s
25-06-15 03:29:47 | 👾 API       | main.dispatch - GET / - 404 - 0.00s
25-06-15 03:29:48 | 👾 API       | main.dispatch - GET / - 404 - 0.00s
25-06-15 03:29:58 | 👾 API       | main.dispatch - GET / - 404 - 0.00s
25-06-15 03:30:08 | 👾 API       | main.dispatch - GET / - 404 - 0.00s
25-06-15 03:30:17 | 👾 API       | main.dispatch - GET / - 404 - 0.00s
25-06-15 03:30:18 | 👾 API       | main.dispatch - GET / - 404 - 0.00s
25-06-15 03:30:27 | 👾 API       | main.dispatch - GET / - 404 - 0.00s
25-06-15 03:30:37 | 👾 API       | main.dispatch - GET / - 404 - 0.00s
25-06-15 03:30:47 | 👾 API       | main.dispatch - GET / - 404 - 0.00s
25-06-15 03:30:47 | 👾 API       | main.dispatch - GET / - 404 - 0.00s
25-06-15 03:30:57 | 👾 API       | main.dispatch - GET / - 404 - 0.00s
25-06-15 03:31:07 | 👾 API       | main.dispatch - GET / - 404 - 0.00s
25-06-15 03:31:17 | 👾 API       | main.dispatch - GET / - 404 - 0.00s
