25-06-15 00:05:36 | 🤖 PROGRAM   | program.start - Riven v0.21.21 starting!
25-06-15 00:05:36 | ❌ ERROR     | symlink.validate - rclone_path or library_path is set to the current directory.
25-06-15 00:05:36 | ❌ ERROR     | __init__.validate - No downloader service is initialized. Please initialize a downloader service.
25-06-15 00:05:36 | ❌ ERROR     | symlink.validate - Library path not set or set to the current directory in SymlinkLibrary settings.
25-06-15 00:05:36 | ❌ ERROR     | symlink.__init__ - SymlinkLibrary initialization failed due to invalid configuration.
25-06-15 00:05:36 | ⚠️  WARNING   | program.initialize_services - No content services initialized, items need to be added manually.
25-06-15 00:05:36 | ❌ ERROR     | program.initialize_services - No Scraping service initialized, you must enable at least one.
25-06-15 00:05:36 | ❌ ERROR     | program.initialize_services - No Downloader service initialized, you must enable at least one.
25-06-15 00:05:36 | 🤖 PROGRAM   | program.start - ----------------------------------------------
25-06-15 00:05:36 | ❌ ERROR     | program.start - Riven is waiting for configuration to start!
25-06-15 00:05:36 | 🤖 PROGRAM   | program.start - ----------------------------------------------
25-06-15 00:05:38 | 👾 API       | main.dispatch - GET / - 404 - 0.00s
25-06-15 00:05:48 | 👾 API       | main.dispatch - GET / - 404 - 0.00s
25-06-15 00:05:58 | 👾 API       | main.dispatch - GET / - 404 - 0.00s
25-06-15 00:06:08 | 👾 API       | main.dispatch - GET / - 404 - 0.00s
25-06-15 00:06:17 | 👾 API       | main.dispatch - GET / - 404 - 0.00s
25-06-15 00:06:18 | 👾 API       | main.dispatch - GET / - 404 - 0.00s
25-06-15 00:06:28 | 👾 API       | main.dispatch - GET / - 404 - 0.00s
25-06-15 00:06:38 | 👾 API       | main.dispatch - GET / - 404 - 0.00s
25-06-15 00:06:47 | 👾 API       | main.dispatch - GET / - 404 - 0.00s
25-06-15 00:06:48 | 👾 API       | main.dispatch - GET / - 404 - 0.00s
25-06-15 00:06:49 | 👾 API       | main.dispatch - GET / - 404 - 0.00s
25-06-15 00:06:59 | 👾 API       | main.dispatch - GET / - 404 - 0.00s
25-06-15 00:07:09 | 👾 API       | main.dispatch - GET / - 404 - 0.00s
25-06-15 00:07:17 | 👾 API       | main.dispatch - GET / - 404 - 0.00s
25-06-15 00:07:17 | 👾 API       | main.dispatch - GET / - 404 - 0.00s
25-06-15 00:07:27 | 👾 API       | main.dispatch - GET / - 404 - 0.00s
25-06-15 00:07:37 | 👾 API       | main.dispatch - GET / - 404 - 0.00s
25-06-15 00:07:47 | 👾 API       | main.dispatch - GET / - 404 - 0.00s
