25-06-14 20:09:01 | 🤖 PROGRAM   | program.start - Riven v0.21.21 starting!
25-06-14 20:09:01 | ❌ ERROR     | symlink.validate - rclone_path or library_path is set to the current directory.
25-06-14 20:09:01 | ❌ ERROR     | __init__.validate - No downloader service is initialized. Please initialize a downloader service.
25-06-14 20:09:01 | ❌ ERROR     | symlink.validate - Library path not set or set to the current directory in SymlinkLibrary settings.
25-06-14 20:09:01 | ❌ ERROR     | symlink.__init__ - SymlinkLibrary initialization failed due to invalid configuration.
25-06-14 20:09:01 | ⚠️  WARNING   | program.initialize_services - No content services initialized, items need to be added manually.
25-06-14 20:09:01 | ❌ ERROR     | program.initialize_services - No Scraping service initialized, you must enable at least one.
25-06-14 20:09:01 | ❌ ERROR     | program.initialize_services - No Downloader service initialized, you must enable at least one.
25-06-14 20:09:01 | 🤖 PROGRAM   | program.start - ----------------------------------------------
25-06-14 20:09:01 | ❌ ERROR     | program.start - Riven is waiting for configuration to start!
25-06-14 20:09:01 | 🤖 PROGRAM   | program.start - ----------------------------------------------
25-06-14 20:09:06 | 👾 API       | main.dispatch - GET / - 404 - 0.00s
25-06-14 20:09:16 | 👾 API       | main.dispatch - GET / - 404 - 0.00s
25-06-14 20:09:24 | 👾 API       | main.dispatch - GET / - 404 - 0.00s
25-06-14 20:09:26 | 👾 API       | main.dispatch - GET / - 404 - 0.00s
25-06-14 20:09:36 | 👾 API       | main.dispatch - GET / - 404 - 0.00s
25-06-14 20:09:46 | 👾 API       | main.dispatch - GET / - 404 - 0.00s
25-06-14 20:09:54 | 👾 API       | main.dispatch - GET / - 404 - 0.00s
25-06-14 20:09:56 | 👾 API       | main.dispatch - GET / - 404 - 0.00s
25-06-14 20:10:06 | 👾 API       | main.dispatch - GET / - 404 - 0.00s
25-06-14 20:10:16 | 👾 API       | main.dispatch - GET / - 404 - 0.00s
25-06-14 20:10:17 | 👾 API       | main.dispatch - GET / - 404 - 0.00s
25-06-14 20:10:24 | 👾 API       | main.dispatch - GET / - 404 - 0.00s
25-06-14 20:10:24 | 👾 API       | main.dispatch - GET / - 404 - 0.00s
25-06-14 20:10:34 | 👾 API       | main.dispatch - GET / - 404 - 0.00s
25-06-14 20:10:44 | 👾 API       | main.dispatch - GET / - 404 - 0.00s
25-06-14 20:10:54 | 👾 API       | main.dispatch - GET / - 404 - 0.00s
