25-06-13 07:48:59 | 🤖 PROGRAM   | program.start - Riven v0.21.21 starting!
25-06-13 07:48:59 | ❌ ERROR     | symlink.validate - rclone_path or library_path is set to the current directory.
25-06-13 07:48:59 | ❌ ERROR     | __init__.validate - No downloader service is initialized. Please initialize a downloader service.
25-06-13 07:48:59 | ❌ ERROR     | symlink.validate - Library path not set or set to the current directory in SymlinkLibrary settings.
25-06-13 07:48:59 | ❌ ERROR     | symlink.__init__ - SymlinkLibrary initialization failed due to invalid configuration.
25-06-13 07:48:59 | ⚠️  WARNING   | program.initialize_services - No content services initialized, items need to be added manually.
25-06-13 07:48:59 | ❌ ERROR     | program.initialize_services - No Scraping service initialized, you must enable at least one.
25-06-13 07:48:59 | ❌ ERROR     | program.initialize_services - No Downloader service initialized, you must enable at least one.
25-06-13 07:48:59 | 🤖 PROGRAM   | program.start - ----------------------------------------------
25-06-13 07:48:59 | ❌ ERROR     | program.start - Riven is waiting for configuration to start!
25-06-13 07:48:59 | 🤖 PROGRAM   | program.start - ----------------------------------------------
25-06-13 07:49:04 | 👾 API       | main.dispatch - GET / - 404 - 0.00s
25-06-13 07:49:14 | 👾 API       | main.dispatch - GET / - 404 - 0.00s
25-06-13 07:49:24 | 👾 API       | main.dispatch - GET / - 404 - 0.00s
25-06-13 07:49:34 | 👾 API       | main.dispatch - GET / - 404 - 0.00s
25-06-13 07:49:43 | 👾 API       | main.dispatch - GET / - 404 - 0.00s
25-06-13 07:49:44 | 👾 API       | main.dispatch - GET / - 404 - 0.00s
25-06-13 07:49:54 | 👾 API       | main.dispatch - GET / - 404 - 0.00s
25-06-13 07:50:04 | 👾 API       | main.dispatch - GET / - 404 - 0.00s
25-06-13 07:50:12 | 👾 API       | main.dispatch - GET / - 404 - 0.00s
25-06-13 07:50:13 | 👾 API       | main.dispatch - GET / - 404 - 0.00s
25-06-13 07:50:22 | 👾 API       | main.dispatch - GET / - 404 - 0.00s
25-06-13 07:50:32 | 👾 API       | main.dispatch - GET / - 404 - 0.00s
25-06-13 07:50:42 | 👾 API       | main.dispatch - GET / - 404 - 0.00s
25-06-13 07:50:43 | 👾 API       | main.dispatch - GET / - 404 - 0.00s
25-06-13 07:50:43 | 👾 API       | main.dispatch - GET / - 404 - 0.00s
25-06-13 07:50:53 | 👾 API       | main.dispatch - GET / - 404 - 0.00s
25-06-13 07:51:03 | 👾 API       | main.dispatch - GET / - 404 - 0.00s
25-06-13 07:51:13 | 👾 API       | main.dispatch - GET / - 404 - 0.00s
