25-06-13 07:39:08 | 🤖 PROGRAM   | program.start - Riven v0.21.21 starting!
25-06-13 07:39:08 | ❌ ERROR     | symlink.validate - rclone_path or library_path is set to the current directory.
25-06-13 07:39:08 | ❌ ERROR     | __init__.validate - No downloader service is initialized. Please initialize a downloader service.
25-06-13 07:39:08 | ❌ ERROR     | symlink.validate - Library path not set or set to the current directory in SymlinkLibrary settings.
25-06-13 07:39:08 | ❌ ERROR     | symlink.__init__ - SymlinkLibrary initialization failed due to invalid configuration.
25-06-13 07:39:08 | ⚠️  WARNING   | program.initialize_services - No content services initialized, items need to be added manually.
25-06-13 07:39:08 | ❌ ERROR     | program.initialize_services - No Scraping service initialized, you must enable at least one.
25-06-13 07:39:08 | ❌ ERROR     | program.initialize_services - No Downloader service initialized, you must enable at least one.
25-06-13 07:39:08 | 🤖 PROGRAM   | program.start - ----------------------------------------------
25-06-13 07:39:08 | ❌ ERROR     | program.start - Riven is waiting for configuration to start!
25-06-13 07:39:08 | 🤖 PROGRAM   | program.start - ----------------------------------------------
25-06-13 07:39:13 | 👾 API       | main.dispatch - GET / - 404 - 0.00s
25-06-13 07:39:23 | 👾 API       | main.dispatch - GET / - 404 - 0.00s
25-06-13 07:39:33 | 👾 API       | main.dispatch - GET / - 404 - 0.00s
25-06-13 07:39:43 | 👾 API       | main.dispatch - GET / - 404 - 0.00s
25-06-13 07:39:43 | 👾 API       | main.dispatch - GET / - 404 - 0.00s
25-06-13 07:39:53 | 👾 API       | main.dispatch - GET / - 404 - 0.00s
25-06-13 07:40:03 | 👾 API       | main.dispatch - GET / - 404 - 0.00s
25-06-13 07:40:04 | 👾 API       | main.dispatch - GET / - 404 - 0.00s
25-06-13 07:40:13 | 👾 API       | main.dispatch - GET / - 404 - 0.00s
25-06-13 07:40:14 | 👾 API       | main.dispatch - GET / - 404 - 0.00s
25-06-13 07:40:24 | 👾 API       | main.dispatch - GET / - 404 - 0.00s
25-06-13 07:40:34 | 👾 API       | main.dispatch - GET / - 404 - 0.00s
25-06-13 07:40:43 | 👾 API       | main.dispatch - GET / - 404 - 0.00s
25-06-13 07:40:43 | 👾 API       | main.dispatch - GET / - 404 - 0.00s
25-06-13 07:40:53 | 👾 API       | main.dispatch - GET / - 404 - 0.00s
25-06-13 07:41:03 | 👾 API       | main.dispatch - GET / - 404 - 0.00s
25-06-13 07:41:13 | 👾 API       | main.dispatch - GET / - 404 - 0.00s
