25-06-15 00:47:54 | 🤖 PROGRAM   | program.start - Riven v0.21.21 starting!
25-06-15 00:47:54 | ❌ ERROR     | symlink.validate - rclone_path or library_path is set to the current directory.
25-06-15 00:47:54 | ❌ ERROR     | __init__.validate - No downloader service is initialized. Please initialize a downloader service.
25-06-15 00:47:54 | ❌ ERROR     | symlink.validate - Library path not set or set to the current directory in SymlinkLibrary settings.
25-06-15 00:47:54 | ❌ ERROR     | symlink.__init__ - SymlinkLibrary initialization failed due to invalid configuration.
25-06-15 00:47:54 | ⚠️  WARNING   | program.initialize_services - No content services initialized, items need to be added manually.
25-06-15 00:47:54 | ❌ ERROR     | program.initialize_services - No Scraping service initialized, you must enable at least one.
25-06-15 00:47:54 | ❌ ERROR     | program.initialize_services - No Downloader service initialized, you must enable at least one.
25-06-15 00:47:54 | 🤖 PROGRAM   | program.start - ----------------------------------------------
25-06-15 00:47:54 | ❌ ERROR     | program.start - Riven is waiting for configuration to start!
25-06-15 00:47:54 | 🤖 PROGRAM   | program.start - ----------------------------------------------
25-06-15 00:47:59 | 👾 API       | main.dispatch - GET / - 404 - 0.00s
25-06-15 00:48:09 | 👾 API       | main.dispatch - GET / - 404 - 0.00s
25-06-15 00:48:17 | 👾 API       | main.dispatch - GET / - 404 - 0.00s
25-06-15 00:48:19 | 👾 API       | main.dispatch - GET / - 404 - 0.00s
25-06-15 00:48:29 | 👾 API       | main.dispatch - GET / - 404 - 0.00s
25-06-15 00:48:39 | 👾 API       | main.dispatch - GET / - 404 - 0.00s
25-06-15 00:48:47 | 👾 API       | main.dispatch - GET / - 404 - 0.00s
25-06-15 00:48:49 | 👾 API       | main.dispatch - GET / - 404 - 0.00s
25-06-15 00:48:59 | 👾 API       | main.dispatch - GET / - 404 - 0.00s
25-06-15 00:49:09 | 👾 API       | main.dispatch - GET / - 404 - 0.00s
25-06-15 00:49:11 | 👾 API       | main.dispatch - GET / - 404 - 0.00s
25-06-15 00:49:17 | 👾 API       | main.dispatch - GET / - 404 - 0.00s
25-06-15 00:49:17 | 👾 API       | main.dispatch - GET / - 404 - 0.00s
25-06-15 00:49:27 | 👾 API       | main.dispatch - GET / - 404 - 0.00s
25-06-15 00:49:37 | 👾 API       | main.dispatch - GET / - 404 - 0.00s
25-06-15 00:49:47 | 👾 API       | main.dispatch - GET / - 404 - 0.00s
