25-06-13 07:33:50 | 🤖 PROGRAM   | program.start - Riven v0.21.21 starting!
25-06-13 07:33:50 | ❌ ERROR     | symlink.validate - rclone_path or library_path is set to the current directory.
25-06-13 07:33:50 | ❌ ERROR     | __init__.validate - No downloader service is initialized. Please initialize a downloader service.
25-06-13 07:33:50 | ❌ ERROR     | symlink.validate - Library path not set or set to the current directory in SymlinkLibrary settings.
25-06-13 07:33:50 | ❌ ERROR     | symlink.__init__ - SymlinkLibrary initialization failed due to invalid configuration.
25-06-13 07:33:50 | ⚠️  WARNING   | program.initialize_services - No content services initialized, items need to be added manually.
25-06-13 07:33:50 | ❌ ERROR     | program.initialize_services - No Scraping service initialized, you must enable at least one.
25-06-13 07:33:50 | ❌ ERROR     | program.initialize_services - No Downloader service initialized, you must enable at least one.
25-06-13 07:33:50 | 🤖 PROGRAM   | program.start - ----------------------------------------------
25-06-13 07:33:50 | ❌ ERROR     | program.start - Riven is waiting for configuration to start!
25-06-13 07:33:50 | 🤖 PROGRAM   | program.start - ----------------------------------------------
25-06-13 07:33:55 | 👾 API       | main.dispatch - GET / - 404 - 0.00s
25-06-13 07:34:05 | 👾 API       | main.dispatch - GET / - 404 - 0.00s
25-06-13 07:34:15 | 👾 API       | main.dispatch - GET / - 404 - 0.00s
25-06-13 07:34:25 | 👾 API       | main.dispatch - GET / - 404 - 0.00s
25-06-13 07:34:35 | 👾 API       | main.dispatch - GET / - 404 - 0.00s
25-06-13 07:34:43 | 👾 API       | main.dispatch - GET / - 404 - 0.00s
25-06-13 07:34:45 | 👾 API       | main.dispatch - GET / - 404 - 0.00s
25-06-13 07:34:55 | 👾 API       | main.dispatch - GET / - 404 - 0.00s
25-06-13 07:35:05 | 👾 API       | main.dispatch - GET / - 404 - 0.00s
25-06-13 07:35:06 | 👾 API       | main.dispatch - GET / - 404 - 0.00s
25-06-13 07:35:13 | 👾 API       | main.dispatch - GET / - 404 - 0.00s
25-06-13 07:35:16 | 👾 API       | main.dispatch - GET / - 404 - 0.00s
25-06-13 07:35:26 | 👾 API       | main.dispatch - GET / - 404 - 0.00s
25-06-13 07:35:36 | 👾 API       | main.dispatch - GET / - 404 - 0.00s
25-06-13 07:35:43 | 👾 API       | main.dispatch - GET / - 404 - 0.00s
25-06-13 07:35:43 | 👾 API       | main.dispatch - GET / - 404 - 0.00s
25-06-13 07:35:53 | 👾 API       | main.dispatch - GET / - 404 - 0.00s
25-06-13 07:36:03 | 👾 API       | main.dispatch - GET / - 404 - 0.00s
25-06-13 07:36:13 | 👾 API       | main.dispatch - GET / - 404 - 0.00s
