25-06-12 07:06:21 | 🤖 PROGRAM   | program.start - Riven v0.21.21 starting!
25-06-12 07:06:21 | ❌ ERROR     | symlink.validate - rclone_path or library_path is set to the current directory.
25-06-12 07:06:21 | ❌ ERROR     | __init__.validate - No downloader service is initialized. Please initialize a downloader service.
25-06-12 07:06:21 | ❌ ERROR     | symlink.validate - Library path not set or set to the current directory in SymlinkLibrary settings.
25-06-12 07:06:21 | ❌ ERROR     | symlink.__init__ - SymlinkLibrary initialization failed due to invalid configuration.
25-06-12 07:06:21 | ⚠️  WARNING   | program.initialize_services - No content services initialized, items need to be added manually.
25-06-12 07:06:21 | ❌ ERROR     | program.initialize_services - No Scraping service initialized, you must enable at least one.
25-06-12 07:06:21 | ❌ ERROR     | program.initialize_services - No Downloader service initialized, you must enable at least one.
25-06-12 07:06:21 | 🤖 PROGRAM   | program.start - ----------------------------------------------
25-06-12 07:06:21 | ❌ ERROR     | program.start - Riven is waiting for configuration to start!
25-06-12 07:06:21 | 🤖 PROGRAM   | program.start - ----------------------------------------------
25-06-12 07:06:32 | 👾 API       | main.dispatch - GET / - 404 - 0.00s
25-06-12 07:06:42 | 👾 API       | main.dispatch - GET / - 404 - 0.00s
25-06-12 07:06:52 | 👾 API       | main.dispatch - GET / - 404 - 0.00s
25-06-12 07:06:53 | 👾 API       | main.dispatch - GET / - 404 - 0.00s
25-06-12 07:07:02 | 👾 API       | main.dispatch - GET / - 404 - 0.00s
25-06-12 07:07:12 | 👾 API       | main.dispatch - GET / - 404 - 0.00s
25-06-12 07:07:22 | 👾 API       | main.dispatch - GET / - 404 - 0.00s
25-06-12 07:07:23 | 👾 API       | main.dispatch - GET / - 404 - 0.00s
25-06-12 07:07:29 | 👾 API       | main.dispatch - GET / - 404 - 0.00s
25-06-12 07:07:39 | 👾 API       | main.dispatch - GET / - 404 - 0.00s
25-06-12 07:07:49 | 👾 API       | main.dispatch - GET / - 404 - 0.00s
25-06-12 07:07:53 | 👾 API       | main.dispatch - GET / - 404 - 0.00s
25-06-12 07:07:53 | 👾 API       | main.dispatch - GET / - 404 - 0.00s
25-06-12 07:08:03 | 👾 API       | main.dispatch - GET / - 404 - 0.00s
25-06-12 07:08:13 | 👾 API       | main.dispatch - GET / - 404 - 0.00s
25-06-12 07:08:23 | 👾 API       | main.dispatch - GET / - 404 - 0.00s
