25-06-14 21:32:04 | 🤖 PROGRAM   | program.start - Riven v0.21.21 starting!
25-06-14 21:32:04 | ❌ ERROR     | symlink.validate - rclone_path or library_path is set to the current directory.
25-06-14 21:32:04 | ❌ ERROR     | __init__.validate - No downloader service is initialized. Please initialize a downloader service.
25-06-14 21:32:04 | ❌ ERROR     | symlink.validate - Library path not set or set to the current directory in SymlinkLibrary settings.
25-06-14 21:32:04 | ❌ ERROR     | symlink.__init__ - SymlinkLibrary initialization failed due to invalid configuration.
25-06-14 21:32:04 | ⚠️  WARNING   | program.initialize_services - No content services initialized, items need to be added manually.
25-06-14 21:32:04 | ❌ ERROR     | program.initialize_services - No Scraping service initialized, you must enable at least one.
25-06-14 21:32:04 | ❌ ERROR     | program.initialize_services - No Downloader service initialized, you must enable at least one.
25-06-14 21:32:04 | 🤖 PROGRAM   | program.start - ----------------------------------------------
25-06-14 21:32:04 | ❌ ERROR     | program.start - Riven is waiting for configuration to start!
25-06-14 21:32:04 | 🤖 PROGRAM   | program.start - ----------------------------------------------
25-06-14 21:32:08 | 👾 API       | main.dispatch - GET / - 404 - 0.00s
25-06-14 21:32:18 | 👾 API       | main.dispatch - GET / - 404 - 0.00s
25-06-14 21:32:28 | 👾 API       | main.dispatch - GET / - 404 - 0.00s
25-06-14 21:32:38 | 👾 API       | main.dispatch - GET / - 404 - 0.00s
25-06-14 21:32:48 | 👾 API       | main.dispatch - GET / - 404 - 0.00s
25-06-14 21:32:54 | 👾 API       | main.dispatch - GET / - 404 - 0.00s
25-06-14 21:32:58 | 👾 API       | main.dispatch - GET / - 404 - 0.00s
25-06-14 21:33:07 | 👾 API       | main.dispatch - GET / - 404 - 0.00s
25-06-14 21:33:17 | 👾 API       | main.dispatch - GET / - 404 - 0.00s
25-06-14 21:33:24 | 👾 API       | main.dispatch - GET / - 404 - 0.00s
25-06-14 21:33:27 | 👾 API       | main.dispatch - GET / - 404 - 0.00s
25-06-14 21:33:37 | 👾 API       | main.dispatch - GET / - 404 - 0.00s
25-06-14 21:33:47 | 👾 API       | main.dispatch - GET / - 404 - 0.00s
25-06-14 21:33:54 | 👾 API       | main.dispatch - GET / - 404 - 0.00s
25-06-14 21:33:54 | 👾 API       | main.dispatch - GET / - 404 - 0.00s
25-06-14 21:34:04 | 👾 API       | main.dispatch - GET / - 404 - 0.00s
25-06-14 21:34:14 | 👾 API       | main.dispatch - GET / - 404 - 0.00s
25-06-14 21:34:24 | 👾 API       | main.dispatch - GET / - 404 - 0.00s
