25-06-14 16:50:31 | 🤖 PROGRAM   | program.start - Riven v0.21.21 starting!
25-06-14 16:50:31 | ❌ ERROR     | symlink.validate - rclone_path or library_path is set to the current directory.
25-06-14 16:50:31 | ❌ ERROR     | __init__.validate - No downloader service is initialized. Please initialize a downloader service.
25-06-14 16:50:31 | ❌ ERROR     | symlink.validate - Library path not set or set to the current directory in SymlinkLibrary settings.
25-06-14 16:50:31 | ❌ ERROR     | symlink.__init__ - SymlinkLibrary initialization failed due to invalid configuration.
25-06-14 16:50:31 | ⚠️  WARNING   | program.initialize_services - No content services initialized, items need to be added manually.
25-06-14 16:50:31 | ❌ ERROR     | program.initialize_services - No Scraping service initialized, you must enable at least one.
25-06-14 16:50:31 | ❌ ERROR     | program.initialize_services - No Downloader service initialized, you must enable at least one.
25-06-14 16:50:31 | 🤖 PROGRAM   | program.start - ----------------------------------------------
25-06-14 16:50:31 | ❌ ERROR     | program.start - Riven is waiting for configuration to start!
25-06-14 16:50:31 | 🤖 PROGRAM   | program.start - ----------------------------------------------
25-06-14 16:50:36 | 👾 API       | main.dispatch - GET / - 404 - 0.00s
25-06-14 16:50:46 | 👾 API       | main.dispatch - GET / - 404 - 0.00s
25-06-14 16:50:54 | 👾 API       | main.dispatch - GET / - 404 - 0.00s
25-06-14 16:50:56 | 👾 API       | main.dispatch - GET / - 404 - 0.00s
25-06-14 16:51:06 | 👾 API       | main.dispatch - GET / - 404 - 0.00s
25-06-14 16:51:16 | 👾 API       | main.dispatch - GET / - 404 - 0.00s
25-06-14 16:51:24 | 👾 API       | main.dispatch - GET / - 404 - 0.00s
25-06-14 16:51:26 | 👾 API       | main.dispatch - GET / - 404 - 0.00s
25-06-14 16:51:30 | 👾 API       | main.dispatch - GET / - 404 - 0.00s
25-06-14 16:51:40 | 👾 API       | main.dispatch - GET / - 404 - 0.00s
25-06-14 16:51:50 | 👾 API       | main.dispatch - GET / - 404 - 0.00s
25-06-14 16:51:54 | 👾 API       | main.dispatch - GET / - 404 - 0.00s
25-06-14 16:51:54 | 👾 API       | main.dispatch - GET / - 404 - 0.00s
25-06-14 16:52:04 | 👾 API       | main.dispatch - GET / - 404 - 0.00s
25-06-14 16:52:14 | 👾 API       | main.dispatch - GET / - 404 - 0.00s
25-06-14 16:52:24 | 👾 API       | main.dispatch - GET / - 404 - 0.00s
