25-06-13 06:42:48 | 🤖 PROGRAM   | program.start - Riven v0.21.21 starting!
25-06-13 06:42:48 | ❌ ERROR     | symlink.validate - rclone_path or library_path is set to the current directory.
25-06-13 06:42:48 | ❌ ERROR     | __init__.validate - No downloader service is initialized. Please initialize a downloader service.
25-06-13 06:42:48 | ❌ ERROR     | symlink.validate - Library path not set or set to the current directory in SymlinkLibrary settings.
25-06-13 06:42:48 | ❌ ERROR     | symlink.__init__ - SymlinkLibrary initialization failed due to invalid configuration.
25-06-13 06:42:48 | ⚠️  WARNING   | program.initialize_services - No content services initialized, items need to be added manually.
25-06-13 06:42:48 | ❌ ERROR     | program.initialize_services - No Scraping service initialized, you must enable at least one.
25-06-13 06:42:48 | ❌ ERROR     | program.initialize_services - No Downloader service initialized, you must enable at least one.
25-06-13 06:42:48 | 🤖 PROGRAM   | program.start - ----------------------------------------------
25-06-13 06:42:48 | ❌ ERROR     | program.start - Riven is waiting for configuration to start!
25-06-13 06:42:48 | 🤖 PROGRAM   | program.start - ----------------------------------------------
25-06-13 06:42:54 | 👾 API       | main.dispatch - GET / - 404 - 0.00s
25-06-13 06:43:04 | 👾 API       | main.dispatch - GET / - 404 - 0.00s
25-06-13 06:43:14 | 👾 API       | main.dispatch - GET / - 404 - 0.00s
25-06-13 06:43:24 | 👾 API       | main.dispatch - GET / - 404 - 0.00s
25-06-13 06:43:34 | 👾 API       | main.dispatch - GET / - 404 - 0.00s
25-06-13 06:43:41 | 👾 API       | main.dispatch - GET / - 404 - 0.00s
25-06-13 06:43:44 | 👾 API       | main.dispatch - GET / - 404 - 0.00s
25-06-13 06:43:54 | 👾 API       | main.dispatch - GET / - 404 - 0.00s
25-06-13 06:43:57 | 👾 API       | main.dispatch - GET / - 404 - 0.00s
25-06-13 06:44:07 | 👾 API       | main.dispatch - GET / - 404 - 0.00s
25-06-13 06:44:11 | 👾 API       | main.dispatch - GET / - 404 - 0.00s
25-06-13 06:44:17 | 👾 API       | main.dispatch - GET / - 404 - 0.00s
25-06-13 06:44:27 | 👾 API       | main.dispatch - GET / - 404 - 0.00s
25-06-13 06:44:37 | 👾 API       | main.dispatch - GET / - 404 - 0.00s
25-06-13 06:44:41 | 👾 API       | main.dispatch - GET / - 404 - 0.00s
25-06-13 06:44:41 | 👾 API       | main.dispatch - GET / - 404 - 0.00s
25-06-13 06:44:51 | 👾 API       | main.dispatch - GET / - 404 - 0.00s
25-06-13 06:45:01 | 👾 API       | main.dispatch - GET / - 404 - 0.00s
25-06-13 06:45:11 | 👾 API       | main.dispatch - GET / - 404 - 0.00s
