25-06-13 06:40:18 | 🤖 PROGRAM   | program.start - Riven v0.21.21 starting!
25-06-13 06:40:18 | ❌ ERROR     | symlink.validate - rclone_path or library_path is set to the current directory.
25-06-13 06:40:18 | ❌ ERROR     | __init__.validate - No downloader service is initialized. Please initialize a downloader service.
25-06-13 06:40:18 | ❌ ERROR     | symlink.validate - Library path not set or set to the current directory in SymlinkLibrary settings.
25-06-13 06:40:18 | ❌ ERROR     | symlink.__init__ - SymlinkLibrary initialization failed due to invalid configuration.
25-06-13 06:40:18 | ⚠️  WARNING   | program.initialize_services - No content services initialized, items need to be added manually.
25-06-13 06:40:18 | ❌ ERROR     | program.initialize_services - No Scraping service initialized, you must enable at least one.
25-06-13 06:40:18 | ❌ ERROR     | program.initialize_services - No Downloader service initialized, you must enable at least one.
25-06-13 06:40:18 | 🤖 PROGRAM   | program.start - ----------------------------------------------
25-06-13 06:40:18 | ❌ ERROR     | program.start - Riven is waiting for configuration to start!
25-06-13 06:40:18 | 🤖 PROGRAM   | program.start - ----------------------------------------------
25-06-13 06:40:23 | 👾 API       | main.dispatch - GET / - 404 - 0.00s
25-06-13 06:40:33 | 👾 API       | main.dispatch - GET / - 404 - 0.00s
25-06-13 06:40:43 | 👾 API       | main.dispatch - GET / - 404 - 0.00s
25-06-13 06:40:53 | 👾 API       | main.dispatch - GET / - 404 - 0.00s
25-06-13 06:41:03 | 👾 API       | main.dispatch - GET / - 404 - 0.00s
25-06-13 06:41:11 | 👾 API       | main.dispatch - GET / - 404 - 0.00s
25-06-13 06:41:13 | 👾 API       | main.dispatch - GET / - 404 - 0.00s
25-06-13 06:41:17 | 👾 API       | main.dispatch - GET / - 404 - 0.00s
25-06-13 06:41:27 | 👾 API       | main.dispatch - GET / - 404 - 0.00s
25-06-13 06:41:37 | 👾 API       | main.dispatch - GET / - 404 - 0.00s
25-06-13 06:41:41 | 👾 API       | main.dispatch - GET / - 404 - 0.00s
25-06-13 06:41:47 | 👾 API       | main.dispatch - GET / - 404 - 0.00s
25-06-13 06:41:57 | 👾 API       | main.dispatch - GET / - 404 - 0.00s
25-06-13 06:42:07 | 👾 API       | main.dispatch - GET / - 404 - 0.00s
25-06-13 06:42:11 | 👾 API       | main.dispatch - GET / - 404 - 0.00s
25-06-13 06:42:11 | 👾 API       | main.dispatch - GET / - 404 - 0.00s
25-06-13 06:42:21 | 👾 API       | main.dispatch - GET / - 404 - 0.00s
25-06-13 06:42:31 | 👾 API       | main.dispatch - GET / - 404 - 0.00s
25-06-13 06:42:41 | 👾 API       | main.dispatch - GET / - 404 - 0.00s
