25-06-13 06:50:18 | 🤖 PROGRAM   | program.start - Riven v0.21.21 starting!
25-06-13 06:50:18 | ❌ ERROR     | symlink.validate - rclone_path or library_path is set to the current directory.
25-06-13 06:50:18 | ❌ ERROR     | __init__.validate - No downloader service is initialized. Please initialize a downloader service.
25-06-13 06:50:18 | ❌ ERROR     | symlink.validate - Library path not set or set to the current directory in SymlinkLibrary settings.
25-06-13 06:50:18 | ❌ ERROR     | symlink.__init__ - SymlinkLibrary initialization failed due to invalid configuration.
25-06-13 06:50:18 | ⚠️  WARNING   | program.initialize_services - No content services initialized, items need to be added manually.
25-06-13 06:50:18 | ❌ ERROR     | program.initialize_services - No Scraping service initialized, you must enable at least one.
25-06-13 06:50:18 | ❌ ERROR     | program.initialize_services - No Downloader service initialized, you must enable at least one.
25-06-13 06:50:18 | 🤖 PROGRAM   | program.start - ----------------------------------------------
25-06-13 06:50:18 | ❌ ERROR     | program.start - Riven is waiting for configuration to start!
25-06-13 06:50:18 | 🤖 PROGRAM   | program.start - ----------------------------------------------
25-06-13 06:50:23 | 👾 API       | main.dispatch - GET / - 404 - 0.00s
25-06-13 06:50:33 | 👾 API       | main.dispatch - GET / - 404 - 0.00s
25-06-13 06:50:43 | 👾 API       | main.dispatch - GET / - 404 - 0.00s
25-06-13 06:50:53 | 👾 API       | main.dispatch - GET / - 404 - 0.00s
25-06-13 06:51:03 | 👾 API       | main.dispatch - GET / - 404 - 0.00s
25-06-13 06:51:11 | 👾 API       | main.dispatch - GET / - 404 - 0.00s
25-06-13 06:51:13 | 👾 API       | main.dispatch - GET / - 404 - 0.00s
25-06-13 06:51:23 | 👾 API       | main.dispatch - GET / - 404 - 0.00s
25-06-13 06:51:29 | 👾 API       | main.dispatch - GET / - 404 - 0.00s
25-06-13 06:51:39 | 👾 API       | main.dispatch - GET / - 404 - 0.00s
25-06-13 06:51:41 | 👾 API       | main.dispatch - GET / - 404 - 0.00s
25-06-13 06:51:49 | 👾 API       | main.dispatch - GET / - 404 - 0.00s
25-06-13 06:51:59 | 👾 API       | main.dispatch - GET / - 404 - 0.00s
25-06-13 06:52:09 | 👾 API       | main.dispatch - GET / - 404 - 0.00s
25-06-13 06:52:11 | 👾 API       | main.dispatch - GET / - 404 - 0.00s
25-06-13 06:52:11 | 👾 API       | main.dispatch - GET / - 404 - 0.00s
25-06-13 06:52:21 | 👾 API       | main.dispatch - GET / - 404 - 0.00s
25-06-13 06:52:31 | 👾 API       | main.dispatch - GET / - 404 - 0.00s
25-06-13 06:52:41 | 👾 API       | main.dispatch - GET / - 404 - 0.00s
