25-06-12 02:59:51 | 🤖 PROGRAM   | program.start - Riven v0.21.21 starting!
25-06-12 02:59:51 | ❌ ERROR     | symlink.validate - rclone_path or library_path is set to the current directory.
25-06-12 02:59:51 | ❌ ERROR     | __init__.validate - No downloader service is initialized. Please initialize a downloader service.
25-06-12 02:59:51 | ❌ ERROR     | symlink.validate - Library path not set or set to the current directory in SymlinkLibrary settings.
25-06-12 02:59:51 | ❌ ERROR     | symlink.__init__ - SymlinkLibrary initialization failed due to invalid configuration.
25-06-12 02:59:51 | ⚠️  WARNING   | program.initialize_services - No content services initialized, items need to be added manually.
25-06-12 02:59:51 | ❌ ERROR     | program.initialize_services - No Scraping service initialized, you must enable at least one.
25-06-12 02:59:51 | ❌ ERROR     | program.initialize_services - No Downloader service initialized, you must enable at least one.
25-06-12 02:59:51 | 🤖 PROGRAM   | program.start - ----------------------------------------------
25-06-12 02:59:51 | ❌ ERROR     | program.start - Riven is waiting for configuration to start!
25-06-12 02:59:51 | 🤖 PROGRAM   | program.start - ----------------------------------------------
25-06-12 03:00:02 | 👾 API       | main.dispatch - GET / - 404 - 0.00s
25-06-12 03:00:12 | 👾 API       | main.dispatch - GET / - 404 - 0.00s
25-06-12 03:00:22 | 👾 API       | main.dispatch - GET / - 404 - 0.00s
25-06-12 03:00:26 | 👾 API       | main.dispatch - GET / - 404 - 0.00s
25-06-12 03:00:32 | 👾 API       | main.dispatch - GET / - 404 - 0.00s
25-06-12 03:00:42 | 👾 API       | main.dispatch - GET / - 404 - 0.00s
25-06-12 03:00:52 | 👾 API       | main.dispatch - GET / - 404 - 0.00s
25-06-12 03:00:56 | 👾 API       | main.dispatch - GET / - 404 - 0.04s
25-06-12 03:00:59 | 👾 API       | main.dispatch - GET / - 404 - 0.00s
25-06-12 03:01:09 | 👾 API       | main.dispatch - GET / - 404 - 0.01s
25-06-12 03:01:19 | 👾 API       | main.dispatch - GET / - 404 - 0.01s
25-06-12 03:01:26 | 👾 API       | main.dispatch - GET / - 404 - 0.00s
25-06-12 03:01:26 | 👾 API       | main.dispatch - GET / - 404 - 0.00s
25-06-12 03:01:36 | 👾 API       | main.dispatch - GET / - 404 - 0.00s
25-06-12 03:01:46 | 👾 API       | main.dispatch - GET / - 404 - 0.00s
25-06-12 03:01:56 | 👾 API       | main.dispatch - GET / - 404 - 0.00s
