25-06-13 07:28:50 | 🤖 PROGRAM   | program.start - Riven v0.21.21 starting!
25-06-13 07:28:50 | ❌ ERROR     | symlink.validate - rclone_path or library_path is set to the current directory.
25-06-13 07:28:50 | ❌ ERROR     | __init__.validate - No downloader service is initialized. Please initialize a downloader service.
25-06-13 07:28:50 | ❌ ERROR     | symlink.validate - Library path not set or set to the current directory in SymlinkLibrary settings.
25-06-13 07:28:50 | ❌ ERROR     | symlink.__init__ - SymlinkLibrary initialization failed due to invalid configuration.
25-06-13 07:28:50 | ⚠️  WARNING   | program.initialize_services - No content services initialized, items need to be added manually.
25-06-13 07:28:50 | ❌ ERROR     | program.initialize_services - No Scraping service initialized, you must enable at least one.
25-06-13 07:28:50 | ❌ ERROR     | program.initialize_services - No Downloader service initialized, you must enable at least one.
25-06-13 07:28:50 | 🤖 PROGRAM   | program.start - ----------------------------------------------
25-06-13 07:28:50 | ❌ ERROR     | program.start - Riven is waiting for configuration to start!
25-06-13 07:28:50 | 🤖 PROGRAM   | program.start - ----------------------------------------------
25-06-13 07:28:55 | 👾 API       | main.dispatch - GET / - 404 - 0.00s
25-06-13 07:29:05 | 👾 API       | main.dispatch - GET / - 404 - 0.00s
25-06-13 07:29:15 | 👾 API       | main.dispatch - GET / - 404 - 0.00s
25-06-13 07:29:25 | 👾 API       | main.dispatch - GET / - 404 - 0.00s
25-06-13 07:29:35 | 👾 API       | main.dispatch - GET / - 404 - 0.00s
25-06-13 07:29:43 | 👾 API       | main.dispatch - GET / - 404 - 0.00s
25-06-13 07:29:45 | 👾 API       | main.dispatch - GET / - 404 - 0.00s
25-06-13 07:29:55 | 👾 API       | main.dispatch - GET / - 404 - 0.00s
25-06-13 07:30:05 | 👾 API       | main.dispatch - GET / - 404 - 0.00s
25-06-13 07:30:08 | 👾 API       | main.dispatch - GET / - 404 - 0.00s
25-06-13 07:30:13 | 👾 API       | main.dispatch - GET / - 404 - 0.00s
25-06-13 07:30:18 | 👾 API       | main.dispatch - GET / - 404 - 0.00s
25-06-13 07:30:28 | 👾 API       | main.dispatch - GET / - 404 - 0.00s
25-06-13 07:30:38 | 👾 API       | main.dispatch - GET / - 404 - 0.00s
25-06-13 07:30:43 | 👾 API       | main.dispatch - GET / - 404 - 0.00s
25-06-13 07:30:43 | 👾 API       | main.dispatch - GET / - 404 - 0.00s
25-06-13 07:30:53 | 👾 API       | main.dispatch - GET / - 404 - 0.00s
25-06-13 07:31:03 | 👾 API       | main.dispatch - GET / - 404 - 0.00s
25-06-13 07:31:13 | 👾 API       | main.dispatch - GET / - 404 - 0.00s
