25-06-12 17:15:46 | 🤖 PROGRAM   | program.start - Riven v0.21.21 starting!
25-06-12 17:15:46 | ❌ ERROR     | symlink.validate - rclone_path or library_path is set to the current directory.
25-06-12 17:15:46 | ❌ ERROR     | __init__.validate - No downloader service is initialized. Please initialize a downloader service.
25-06-12 17:15:46 | ❌ ERROR     | symlink.validate - Library path not set or set to the current directory in SymlinkLibrary settings.
25-06-12 17:15:46 | ❌ ERROR     | symlink.__init__ - SymlinkLibrary initialization failed due to invalid configuration.
25-06-12 17:15:46 | ⚠️  WARNING   | program.initialize_services - No content services initialized, items need to be added manually.
25-06-12 17:15:46 | ❌ ERROR     | program.initialize_services - No Scraping service initialized, you must enable at least one.
25-06-12 17:15:46 | ❌ ERROR     | program.initialize_services - No Downloader service initialized, you must enable at least one.
25-06-12 17:15:46 | 🤖 PROGRAM   | program.start - ----------------------------------------------
25-06-12 17:15:46 | ❌ ERROR     | program.start - Riven is waiting for configuration to start!
25-06-12 17:15:46 | 🤖 PROGRAM   | program.start - ----------------------------------------------
25-06-12 17:15:57 | 👾 API       | main.dispatch - GET / - 404 - 0.00s
25-06-12 17:16:07 | 👾 API       | main.dispatch - GET / - 404 - 0.00s
25-06-12 17:16:17 | 👾 API       | main.dispatch - GET / - 404 - 0.00s
25-06-12 17:16:18 | 👾 API       | main.dispatch - GET / - 404 - 0.00s
25-06-12 17:16:27 | 👾 API       | main.dispatch - GET / - 404 - 0.00s
25-06-12 17:16:37 | 👾 API       | main.dispatch - GET / - 404 - 0.00s
25-06-12 17:16:44 | 👾 API       | main.dispatch - GET / - 404 - 0.00s
25-06-12 17:16:48 | 👾 API       | main.dispatch - GET / - 404 - 0.00s
25-06-12 17:16:54 | 👾 API       | main.dispatch - GET / - 404 - 0.00s
25-06-12 17:17:04 | 👾 API       | main.dispatch - GET / - 404 - 0.00s
25-06-12 17:17:14 | 👾 API       | main.dispatch - GET / - 404 - 0.00s
25-06-12 17:17:18 | 👾 API       | main.dispatch - GET / - 404 - 0.00s
25-06-12 17:17:18 | 👾 API       | main.dispatch - GET / - 404 - 0.00s
25-06-12 17:17:28 | 👾 API       | main.dispatch - GET / - 404 - 0.00s
25-06-12 17:17:38 | 👾 API       | main.dispatch - GET / - 404 - 0.00s
25-06-12 17:17:48 | 👾 API       | main.dispatch - GET / - 404 - 0.00s
