25-06-14 22:38:31 | 🤖 PROGRAM   | program.start - Riven v0.21.21 starting!
25-06-14 22:38:31 | ❌ ERROR     | symlink.validate - rclone_path or library_path is set to the current directory.
25-06-14 22:38:31 | ❌ ERROR     | __init__.validate - No downloader service is initialized. Please initialize a downloader service.
25-06-14 22:38:31 | ❌ ERROR     | symlink.validate - Library path not set or set to the current directory in SymlinkLibrary settings.
25-06-14 22:38:31 | ❌ ERROR     | symlink.__init__ - SymlinkLibrary initialization failed due to invalid configuration.
25-06-14 22:38:31 | ⚠️  WARNING   | program.initialize_services - No content services initialized, items need to be added manually.
25-06-14 22:38:31 | ❌ ERROR     | program.initialize_services - No Scraping service initialized, you must enable at least one.
25-06-14 22:38:31 | ❌ ERROR     | program.initialize_services - No Downloader service initialized, you must enable at least one.
25-06-14 22:38:31 | 🤖 PROGRAM   | program.start - ----------------------------------------------
25-06-14 22:38:31 | ❌ ERROR     | program.start - Riven is waiting for configuration to start!
25-06-14 22:38:31 | 🤖 PROGRAM   | program.start - ----------------------------------------------
25-06-14 22:38:32 | 👾 API       | main.dispatch - GET / - 404 - 0.00s
25-06-14 22:38:42 | 👾 API       | main.dispatch - GET / - 404 - 0.00s
25-06-14 22:38:52 | 👾 API       | main.dispatch - GET / - 404 - 0.00s
25-06-14 22:39:04 | 👾 API       | main.dispatch - GET / - 404 - 0.00s
25-06-14 22:39:12 | 👾 API       | main.dispatch - GET / - 404 - 0.00s
25-06-14 22:39:17 | 👾 API       | main.dispatch - GET / - 404 - 0.00s
25-06-14 22:39:22 | 👾 API       | main.dispatch - GET / - 404 - 0.00s
25-06-14 22:39:32 | 👾 API       | main.dispatch - GET / - 404 - 0.00s
25-06-14 22:39:34 | 👾 API       | main.dispatch - GET / - 404 - 0.00s
25-06-14 22:39:44 | 👾 API       | main.dispatch - GET / - 404 - 0.00s
25-06-14 22:39:47 | 👾 API       | main.dispatch - GET / - 404 - 0.00s
25-06-14 22:39:54 | 👾 API       | main.dispatch - GET / - 404 - 0.00s
25-06-14 22:40:04 | 👾 API       | main.dispatch - GET / - 404 - 0.00s
25-06-14 22:40:14 | 👾 API       | main.dispatch - GET / - 404 - 0.00s
25-06-14 22:40:17 | 👾 API       | main.dispatch - GET / - 404 - 0.00s
25-06-14 22:40:17 | 👾 API       | main.dispatch - GET / - 404 - 0.00s
25-06-14 22:40:27 | 👾 API       | main.dispatch - GET / - 404 - 0.00s
25-06-14 22:40:37 | 👾 API       | main.dispatch - GET / - 404 - 0.00s
25-06-14 22:40:47 | 👾 API       | main.dispatch - GET / - 404 - 0.00s
