25-06-14 20:35:12 | 🤖 PROGRAM   | program.start - Riven v0.21.21 starting!
25-06-14 20:35:12 | ❌ ERROR     | symlink.validate - rclone_path or library_path is set to the current directory.
25-06-14 20:35:12 | ❌ ERROR     | __init__.validate - No downloader service is initialized. Please initialize a downloader service.
25-06-14 20:35:12 | ❌ ERROR     | symlink.validate - Library path not set or set to the current directory in SymlinkLibrary settings.
25-06-14 20:35:12 | ❌ ERROR     | symlink.__init__ - SymlinkLibrary initialization failed due to invalid configuration.
25-06-14 20:35:12 | ⚠️  WARNING   | program.initialize_services - No content services initialized, items need to be added manually.
25-06-14 20:35:12 | ❌ ERROR     | program.initialize_services - No Scraping service initialized, you must enable at least one.
25-06-14 20:35:12 | ❌ ERROR     | program.initialize_services - No Downloader service initialized, you must enable at least one.
25-06-14 20:35:12 | 🤖 PROGRAM   | program.start - ----------------------------------------------
25-06-14 20:35:12 | ❌ ERROR     | program.start - Riven is waiting for configuration to start!
25-06-14 20:35:12 | 🤖 PROGRAM   | program.start - ----------------------------------------------
25-06-14 20:35:17 | 👾 API       | main.dispatch - GET / - 404 - 0.00s
25-06-14 20:35:27 | 👾 API       | main.dispatch - GET / - 404 - 0.00s
25-06-14 20:35:37 | 👾 API       | main.dispatch - GET / - 404 - 0.00s
25-06-14 20:35:47 | 👾 API       | main.dispatch - GET / - 404 - 0.00s
25-06-14 20:35:54 | 👾 API       | main.dispatch - GET / - 404 - 0.00s
25-06-14 20:35:57 | 👾 API       | main.dispatch - GET / - 404 - 0.00s
25-06-14 20:36:07 | 👾 API       | main.dispatch - GET / - 404 - 0.00s
25-06-14 20:36:17 | 👾 API       | main.dispatch - GET / - 404 - 0.00s
25-06-14 20:36:24 | 👾 API       | main.dispatch - GET / - 404 - 0.00s
25-06-14 20:36:27 | 👾 API       | main.dispatch - GET / - 404 - 0.00s
25-06-14 20:36:32 | 👾 API       | main.dispatch - GET / - 404 - 0.00s
25-06-14 20:36:42 | 👾 API       | main.dispatch - GET / - 404 - 0.00s
25-06-14 20:36:52 | 👾 API       | main.dispatch - GET / - 404 - 0.00s
25-06-14 20:36:54 | 👾 API       | main.dispatch - GET / - 404 - 0.00s
25-06-14 20:36:54 | 👾 API       | main.dispatch - GET / - 404 - 0.00s
25-06-14 20:37:04 | 👾 API       | main.dispatch - GET / - 404 - 0.00s
25-06-14 20:37:14 | 👾 API       | main.dispatch - GET / - 404 - 0.00s
25-06-14 20:37:24 | 👾 API       | main.dispatch - GET / - 404 - 0.00s
