25-06-12 11:11:48 | 🤖 PROGRAM   | program.start - Riven v0.21.21 starting!
25-06-12 11:11:48 | ❌ ERROR     | symlink.validate - rclone_path or library_path is set to the current directory.
25-06-12 11:11:48 | ❌ ERROR     | __init__.validate - No downloader service is initialized. Please initialize a downloader service.
25-06-12 11:11:48 | ❌ ERROR     | symlink.validate - Library path not set or set to the current directory in SymlinkLibrary settings.
25-06-12 11:11:48 | ❌ ERROR     | symlink.__init__ - SymlinkLibrary initialization failed due to invalid configuration.
25-06-12 11:11:48 | ⚠️  WARNING   | program.initialize_services - No content services initialized, items need to be added manually.
25-06-12 11:11:48 | ❌ ERROR     | program.initialize_services - No Scraping service initialized, you must enable at least one.
25-06-12 11:11:48 | ❌ ERROR     | program.initialize_services - No Downloader service initialized, you must enable at least one.
25-06-12 11:11:48 | 🤖 PROGRAM   | program.start - ----------------------------------------------
25-06-12 11:11:48 | ❌ ERROR     | program.start - Riven is waiting for configuration to start!
25-06-12 11:11:48 | 🤖 PROGRAM   | program.start - ----------------------------------------------
25-06-12 11:11:53 | 👾 API       | main.dispatch - GET / - 404 - 0.00s
25-06-12 11:12:03 | 👾 API       | main.dispatch - GET / - 404 - 0.00s
25-06-12 11:12:13 | 👾 API       | main.dispatch - GET / - 404 - 0.00s
25-06-12 11:12:23 | 👾 API       | main.dispatch - GET / - 404 - 0.00s
25-06-12 11:12:31 | 👾 API       | main.dispatch - GET / - 404 - 0.00s
25-06-12 11:12:33 | 👾 API       | main.dispatch - GET / - 404 - 0.00s
25-06-12 11:12:43 | 👾 API       | main.dispatch - GET / - 404 - 0.00s
25-06-12 11:12:53 | 👾 API       | main.dispatch - GET / - 404 - 0.00s
25-06-12 11:13:00 | 👾 API       | main.dispatch - GET / - 404 - 0.00s
25-06-12 11:13:01 | 👾 API       | main.dispatch - GET / - 404 - 0.00s
25-06-12 11:13:10 | 👾 API       | main.dispatch - GET / - 404 - 0.00s
25-06-12 11:13:20 | 👾 API       | main.dispatch - GET / - 404 - 0.00s
25-06-12 11:13:30 | 👾 API       | main.dispatch - GET / - 404 - 0.00s
25-06-12 11:13:31 | 👾 API       | main.dispatch - GET / - 404 - 0.00s
25-06-12 11:13:31 | 👾 API       | main.dispatch - GET / - 404 - 0.00s
25-06-12 11:13:41 | 👾 API       | main.dispatch - GET / - 404 - 0.00s
25-06-12 11:13:51 | 👾 API       | main.dispatch - GET / - 404 - 0.00s
25-06-12 11:14:01 | 👾 API       | main.dispatch - GET / - 404 - 0.00s
