25-06-14 18:40:18 | 🤖 PROGRAM   | program.start - Riven v0.21.21 starting!
25-06-14 18:40:18 | ❌ ERROR     | symlink.validate - rclone_path or library_path is set to the current directory.
25-06-14 18:40:18 | ❌ ERROR     | __init__.validate - No downloader service is initialized. Please initialize a downloader service.
25-06-14 18:40:18 | ❌ ERROR     | symlink.validate - Library path not set or set to the current directory in SymlinkLibrary settings.
25-06-14 18:40:18 | ❌ ERROR     | symlink.__init__ - SymlinkLibrary initialization failed due to invalid configuration.
25-06-14 18:40:18 | ⚠️  WARNING   | program.initialize_services - No content services initialized, items need to be added manually.
25-06-14 18:40:18 | ❌ ERROR     | program.initialize_services - No Scraping service initialized, you must enable at least one.
25-06-14 18:40:18 | ❌ ERROR     | program.initialize_services - No Downloader service initialized, you must enable at least one.
25-06-14 18:40:18 | 🤖 PROGRAM   | program.start - ----------------------------------------------
25-06-14 18:40:18 | ❌ ERROR     | program.start - Riven is waiting for configuration to start!
25-06-14 18:40:18 | 🤖 PROGRAM   | program.start - ----------------------------------------------
25-06-14 18:40:26 | 👾 API       | main.dispatch - GET / - 404 - 0.00s
25-06-14 18:40:36 | 👾 API       | main.dispatch - GET / - 404 - 0.00s
25-06-14 18:40:46 | 👾 API       | main.dispatch - GET / - 404 - 0.00s
25-06-14 18:40:47 | 👾 API       | main.dispatch - GET / - 404 - 0.00s
25-06-14 18:40:56 | 👾 API       | main.dispatch - GET / - 404 - 0.00s
25-06-14 18:41:06 | 👾 API       | main.dispatch - GET / - 404 - 0.00s
25-06-14 18:41:16 | 👾 API       | main.dispatch - GET / - 404 - 0.00s
25-06-14 18:41:17 | 👾 API       | main.dispatch - GET / - 404 - 0.00s
25-06-14 18:41:26 | 👾 API       | main.dispatch - GET / - 404 - 0.00s
25-06-14 18:41:31 | 👾 API       | main.dispatch - GET / - 404 - 0.00s
25-06-14 18:41:41 | 👾 API       | main.dispatch - GET / - 404 - 0.00s
25-06-14 18:41:47 | 👾 API       | main.dispatch - GET / - 404 - 0.00s
25-06-14 18:41:47 | 👾 API       | main.dispatch - GET / - 404 - 0.00s
25-06-14 18:41:57 | 👾 API       | main.dispatch - GET / - 404 - 0.00s
25-06-14 18:42:07 | 👾 API       | main.dispatch - GET / - 404 - 0.00s
25-06-14 18:42:17 | 👾 API       | main.dispatch - GET / - 404 - 0.00s
