25-06-15 02:29:59 | 🤖 PROGRAM   | program.start - Riven v0.21.21 starting!
25-06-15 02:29:59 | ❌ ERROR     | symlink.validate - rclone_path or library_path is set to the current directory.
25-06-15 02:29:59 | ❌ ERROR     | __init__.validate - No downloader service is initialized. Please initialize a downloader service.
25-06-15 02:29:59 | ❌ ERROR     | symlink.validate - Library path not set or set to the current directory in SymlinkLibrary settings.
25-06-15 02:29:59 | ❌ ERROR     | symlink.__init__ - SymlinkLibrary initialization failed due to invalid configuration.
25-06-15 02:29:59 | ⚠️  WARNING   | program.initialize_services - No content services initialized, items need to be added manually.
25-06-15 02:29:59 | ❌ ERROR     | program.initialize_services - No Scraping service initialized, you must enable at least one.
25-06-15 02:29:59 | ❌ ERROR     | program.initialize_services - No Downloader service initialized, you must enable at least one.
25-06-15 02:29:59 | 🤖 PROGRAM   | program.start - ----------------------------------------------
25-06-15 02:29:59 | ❌ ERROR     | program.start - Riven is waiting for configuration to start!
25-06-15 02:29:59 | 🤖 PROGRAM   | program.start - ----------------------------------------------
25-06-15 02:30:04 | 👾 API       | main.dispatch - GET / - 404 - 0.00s
25-06-15 02:30:14 | 👾 API       | main.dispatch - GET / - 404 - 0.00s
25-06-15 02:30:24 | 👾 API       | main.dispatch - GET / - 404 - 0.00s
25-06-15 02:30:34 | 👾 API       | main.dispatch - GET / - 404 - 0.00s
25-06-15 02:30:44 | 👾 API       | main.dispatch - GET / - 404 - 0.00s
25-06-15 02:30:47 | 👾 API       | main.dispatch - GET / - 404 - 0.00s
25-06-15 02:30:54 | 👾 API       | main.dispatch - GET / - 404 - 0.00s
25-06-15 02:31:04 | 👾 API       | main.dispatch - GET / - 404 - 0.00s
25-06-15 02:31:13 | 👾 API       | main.dispatch - GET / - 404 - 0.00s
25-06-15 02:31:17 | 👾 API       | main.dispatch - GET / - 404 - 0.00s
25-06-15 02:31:23 | 👾 API       | main.dispatch - GET / - 404 - 0.00s
25-06-15 02:31:33 | 👾 API       | main.dispatch - GET / - 404 - 0.00s
25-06-15 02:31:43 | 👾 API       | main.dispatch - GET / - 404 - 0.00s
25-06-15 02:31:47 | 👾 API       | main.dispatch - GET / - 404 - 0.00s
25-06-15 02:31:47 | 👾 API       | main.dispatch - GET / - 404 - 0.00s
25-06-15 02:31:57 | 👾 API       | main.dispatch - GET / - 404 - 0.00s
25-06-15 02:32:07 | 👾 API       | main.dispatch - GET / - 404 - 0.00s
25-06-15 02:32:17 | 👾 API       | main.dispatch - GET / - 404 - 0.00s
