25-06-12 14:36:55 | 🤖 PROGRAM   | program.start - Riven v0.21.21 starting!
25-06-12 14:36:55 | ❌ ERROR     | symlink.validate - rclone_path or library_path is set to the current directory.
25-06-12 14:36:55 | ❌ ERROR     | __init__.validate - No downloader service is initialized. Please initialize a downloader service.
25-06-12 14:36:55 | ❌ ERROR     | symlink.validate - Library path not set or set to the current directory in SymlinkLibrary settings.
25-06-12 14:36:55 | ❌ ERROR     | symlink.__init__ - SymlinkLibrary initialization failed due to invalid configuration.
25-06-12 14:36:55 | ⚠️  WARNING   | program.initialize_services - No content services initialized, items need to be added manually.
25-06-12 14:36:55 | ❌ ERROR     | program.initialize_services - No Scraping service initialized, you must enable at least one.
25-06-12 14:36:55 | ❌ ERROR     | program.initialize_services - No Downloader service initialized, you must enable at least one.
25-06-12 14:36:55 | 🤖 PROGRAM   | program.start - ----------------------------------------------
25-06-12 14:36:55 | ❌ ERROR     | program.start - Riven is waiting for configuration to start!
25-06-12 14:36:55 | 🤖 PROGRAM   | program.start - ----------------------------------------------
25-06-12 14:37:00 | 👾 API       | main.dispatch - GET / - 404 - 0.00s
25-06-12 14:37:10 | 👾 API       | main.dispatch - GET / - 404 - 0.00s
25-06-12 14:37:20 | 👾 API       | main.dispatch - GET / - 404 - 0.00s
25-06-12 14:37:30 | 👾 API       | main.dispatch - GET / - 404 - 0.00s
25-06-12 14:37:40 | 👾 API       | main.dispatch - GET / - 404 - 0.00s
25-06-12 14:37:48 | 👾 API       | main.dispatch - GET / - 404 - 0.00s
25-06-12 14:37:50 | 👾 API       | main.dispatch - GET / - 404 - 0.00s
25-06-12 14:38:00 | 👾 API       | main.dispatch - GET / - 404 - 0.00s
25-06-12 14:38:03 | 👾 API       | main.dispatch - GET / - 404 - 0.00s
25-06-12 14:38:13 | 👾 API       | main.dispatch - GET / - 404 - 0.00s
25-06-12 14:38:18 | 👾 API       | main.dispatch - GET / - 404 - 0.00s
25-06-12 14:38:23 | 👾 API       | main.dispatch - GET / - 404 - 0.00s
25-06-12 14:38:33 | 👾 API       | main.dispatch - GET / - 404 - 0.00s
25-06-12 14:38:43 | 👾 API       | main.dispatch - GET / - 404 - 0.00s
25-06-12 14:38:48 | 👾 API       | main.dispatch - GET / - 404 - 0.00s
25-06-12 14:38:48 | 👾 API       | main.dispatch - GET / - 404 - 0.00s
25-06-12 14:38:58 | 👾 API       | main.dispatch - GET / - 404 - 0.00s
25-06-12 14:39:08 | 👾 API       | main.dispatch - GET / - 404 - 0.00s
25-06-12 14:39:18 | 👾 API       | main.dispatch - GET / - 404 - 0.00s
