25-06-12 06:08:07 | 🤖 PROGRAM   | program.start - Riven v0.21.21 starting!
25-06-12 06:08:07 | ❌ ERROR     | symlink.validate - rclone_path or library_path is set to the current directory.
25-06-12 06:08:07 | ❌ ERROR     | __init__.validate - No downloader service is initialized. Please initialize a downloader service.
25-06-12 06:08:07 | ❌ ERROR     | symlink.validate - Library path not set or set to the current directory in SymlinkLibrary settings.
25-06-12 06:08:07 | ❌ ERROR     | symlink.__init__ - SymlinkLibrary initialization failed due to invalid configuration.
25-06-12 06:08:07 | ⚠️  WARNING   | program.initialize_services - No content services initialized, items need to be added manually.
25-06-12 06:08:07 | ❌ ERROR     | program.initialize_services - No Scraping service initialized, you must enable at least one.
25-06-12 06:08:07 | ❌ ERROR     | program.initialize_services - No Downloader service initialized, you must enable at least one.
25-06-12 06:08:07 | 🤖 PROGRAM   | program.start - ----------------------------------------------
25-06-12 06:08:07 | ❌ ERROR     | program.start - Riven is waiting for configuration to start!
25-06-12 06:08:07 | 🤖 PROGRAM   | program.start - ----------------------------------------------
25-06-12 06:08:12 | 👾 API       | main.dispatch - GET / - 404 - 0.00s
25-06-12 06:08:22 | 👾 API       | main.dispatch - GET / - 404 - 0.00s
25-06-12 06:08:32 | 👾 API       | main.dispatch - GET / - 404 - 0.00s
25-06-12 06:08:42 | 👾 API       | main.dispatch - GET / - 404 - 0.00s
25-06-12 06:08:47 | 👾 API       | main.dispatch - GET / - 404 - 0.00s
25-06-12 06:08:52 | 👾 API       | main.dispatch - GET / - 404 - 0.00s
25-06-12 06:09:02 | 👾 API       | main.dispatch - GET / - 404 - 0.00s
25-06-12 06:09:12 | 👾 API       | main.dispatch - GET / - 404 - 0.00s
25-06-12 06:09:17 | 👾 API       | main.dispatch - GET / - 404 - 0.00s
25-06-12 06:09:22 | 👾 API       | main.dispatch - GET / - 404 - 0.00s
25-06-12 06:09:28 | 👾 API       | main.dispatch - GET / - 404 - 0.00s
25-06-12 06:09:38 | 👾 API       | main.dispatch - GET / - 404 - 0.00s
25-06-12 06:09:47 | 👾 API       | main.dispatch - GET / - 404 - 0.00s
25-06-12 06:09:47 | 👾 API       | main.dispatch - GET / - 404 - 0.00s
25-06-12 06:09:57 | 👾 API       | main.dispatch - GET / - 404 - 0.00s
25-06-12 06:10:07 | 👾 API       | main.dispatch - GET / - 404 - 0.00s
25-06-12 06:10:17 | 👾 API       | main.dispatch - GET / - 404 - 0.00s
