25-06-13 07:58:59 | 🤖 PROGRAM   | program.start - Riven v0.21.21 starting!
25-06-13 07:58:59 | ❌ ERROR     | symlink.validate - rclone_path or library_path is set to the current directory.
25-06-13 07:58:59 | ❌ ERROR     | __init__.validate - No downloader service is initialized. Please initialize a downloader service.
25-06-13 07:58:59 | ❌ ERROR     | symlink.validate - Library path not set or set to the current directory in SymlinkLibrary settings.
25-06-13 07:58:59 | ❌ ERROR     | symlink.__init__ - SymlinkLibrary initialization failed due to invalid configuration.
25-06-13 07:58:59 | ⚠️  WARNING   | program.initialize_services - No content services initialized, items need to be added manually.
25-06-13 07:58:59 | ❌ ERROR     | program.initialize_services - No Scraping service initialized, you must enable at least one.
25-06-13 07:58:59 | ❌ ERROR     | program.initialize_services - No Downloader service initialized, you must enable at least one.
25-06-13 07:58:59 | 🤖 PROGRAM   | program.start - ----------------------------------------------
25-06-13 07:58:59 | ❌ ERROR     | program.start - Riven is waiting for configuration to start!
25-06-13 07:58:59 | 🤖 PROGRAM   | program.start - ----------------------------------------------
25-06-13 07:59:04 | 👾 API       | main.dispatch - GET / - 404 - 0.00s
25-06-13 07:59:14 | 👾 API       | main.dispatch - GET / - 404 - 0.00s
25-06-13 07:59:24 | 👾 API       | main.dispatch - GET / - 404 - 0.00s
25-06-13 07:59:34 | 👾 API       | main.dispatch - GET / - 404 - 0.00s
25-06-13 07:59:43 | 👾 API       | main.dispatch - GET / - 404 - 0.00s
25-06-13 07:59:44 | 👾 API       | main.dispatch - GET / - 404 - 0.00s
25-06-13 07:59:54 | 👾 API       | main.dispatch - GET / - 404 - 0.00s
25-06-13 08:00:04 | 👾 API       | main.dispatch - GET / - 404 - 0.00s
25-06-13 08:00:13 | 👾 API       | main.dispatch - GET / - 404 - 0.00s
25-06-13 08:00:14 | 👾 API       | main.dispatch - GET / - 404 - 0.00s
25-06-13 08:00:22 | 👾 API       | main.dispatch - GET / - 404 - 0.00s
25-06-13 08:00:32 | 👾 API       | main.dispatch - GET / - 404 - 0.00s
25-06-13 08:00:42 | 👾 API       | main.dispatch - GET / - 404 - 0.00s
25-06-13 08:00:43 | 👾 API       | main.dispatch - GET / - 404 - 0.00s
25-06-13 08:00:43 | 👾 API       | main.dispatch - GET / - 404 - 0.00s
25-06-13 08:00:53 | 👾 API       | main.dispatch - GET / - 404 - 0.00s
25-06-13 08:01:03 | 👾 API       | main.dispatch - GET / - 404 - 0.00s
25-06-13 08:01:13 | 👾 API       | main.dispatch - GET / - 404 - 0.00s
