25-06-12 06:52:18 | 🤖 PROGRAM   | program.start - Riven v0.21.21 starting!
25-06-12 06:52:18 | ❌ ERROR     | symlink.validate - rclone_path or library_path is set to the current directory.
25-06-12 06:52:18 | ❌ ERROR     | __init__.validate - No downloader service is initialized. Please initialize a downloader service.
25-06-12 06:52:18 | ❌ ERROR     | symlink.validate - Library path not set or set to the current directory in SymlinkLibrary settings.
25-06-12 06:52:18 | ❌ ERROR     | symlink.__init__ - SymlinkLibrary initialization failed due to invalid configuration.
25-06-12 06:52:18 | ⚠️  WARNING   | program.initialize_services - No content services initialized, items need to be added manually.
25-06-12 06:52:18 | ❌ ERROR     | program.initialize_services - No Scraping service initialized, you must enable at least one.
25-06-12 06:52:18 | ❌ ERROR     | program.initialize_services - No Downloader service initialized, you must enable at least one.
25-06-12 06:52:18 | 🤖 PROGRAM   | program.start - ----------------------------------------------
25-06-12 06:52:18 | ❌ ERROR     | program.start - Riven is waiting for configuration to start!
25-06-12 06:52:18 | 🤖 PROGRAM   | program.start - ----------------------------------------------
25-06-12 06:52:25 | 👾 API       | main.dispatch - GET / - 404 - 0.00s
25-06-12 06:52:35 | 👾 API       | main.dispatch - GET / - 404 - 0.00s
25-06-12 06:52:45 | 👾 API       | main.dispatch - GET / - 404 - 0.00s
25-06-12 06:52:55 | 👾 API       | main.dispatch - GET / - 404 - 0.00s
25-06-12 06:53:05 | 👾 API       | main.dispatch - GET / - 404 - 0.00s
25-06-12 06:53:11 | 👾 API       | main.dispatch - GET / - 404 - 0.00s
25-06-12 06:53:15 | 👾 API       | main.dispatch - GET / - 404 - 0.00s
25-06-12 06:53:25 | 👾 API       | main.dispatch - GET / - 404 - 0.00s
25-06-12 06:53:28 | 👾 API       | main.dispatch - GET / - 404 - 0.00s
25-06-12 06:53:38 | 👾 API       | main.dispatch - GET / - 404 - 0.00s
25-06-12 06:53:41 | 👾 API       | main.dispatch - GET / - 404 - 0.00s
25-06-12 06:53:48 | 👾 API       | main.dispatch - GET / - 404 - 0.00s
25-06-12 06:53:58 | 👾 API       | main.dispatch - GET / - 404 - 0.00s
25-06-12 06:54:08 | 👾 API       | main.dispatch - GET / - 404 - 0.00s
25-06-12 06:54:11 | 👾 API       | main.dispatch - GET / - 404 - 0.00s
25-06-12 06:54:11 | 👾 API       | main.dispatch - GET / - 404 - 0.00s
25-06-12 06:54:21 | 👾 API       | main.dispatch - GET / - 404 - 0.00s
25-06-12 06:54:31 | 👾 API       | main.dispatch - GET / - 404 - 0.00s
25-06-12 06:54:41 | 👾 API       | main.dispatch - GET / - 404 - 0.00s
