25-06-12 12:01:09 | 🤖 PROGRAM   | program.start - Riven v0.21.21 starting!
25-06-12 12:01:09 | ❌ ERROR     | symlink.validate - rclone_path or library_path is set to the current directory.
25-06-12 12:01:09 | ❌ ERROR     | __init__.validate - No downloader service is initialized. Please initialize a downloader service.
25-06-12 12:01:09 | ❌ ERROR     | symlink.validate - Library path not set or set to the current directory in SymlinkLibrary settings.
25-06-12 12:01:09 | ❌ ERROR     | symlink.__init__ - SymlinkLibrary initialization failed due to invalid configuration.
25-06-12 12:01:09 | ⚠️  WARNING   | program.initialize_services - No content services initialized, items need to be added manually.
25-06-12 12:01:09 | ❌ ERROR     | program.initialize_services - No Scraping service initialized, you must enable at least one.
25-06-12 12:01:09 | ❌ ERROR     | program.initialize_services - No Downloader service initialized, you must enable at least one.
25-06-12 12:01:09 | 🤖 PROGRAM   | program.start - ----------------------------------------------
25-06-12 12:01:09 | ❌ ERROR     | program.start - Riven is waiting for configuration to start!
25-06-12 12:01:09 | 🤖 PROGRAM   | program.start - ----------------------------------------------
25-06-12 12:01:14 | 👾 API       | main.dispatch - GET / - 404 - 0.00s
25-06-12 12:01:24 | 👾 API       | main.dispatch - GET / - 404 - 0.00s
25-06-12 12:01:32 | 👾 API       | main.dispatch - GET / - 404 - 0.00s
25-06-12 12:01:34 | 👾 API       | main.dispatch - GET / - 404 - 0.00s
25-06-12 12:01:44 | 👾 API       | main.dispatch - GET / - 404 - 0.00s
25-06-12 12:01:54 | 👾 API       | main.dispatch - GET / - 404 - 0.00s
25-06-12 12:02:02 | 👾 API       | main.dispatch - GET / - 404 - 0.00s
25-06-12 12:02:04 | 👾 API       | main.dispatch - GET / - 404 - 0.00s
25-06-12 12:02:14 | 👾 API       | main.dispatch - GET / - 404 - 0.00s
25-06-12 12:02:24 | 👾 API       | main.dispatch - GET / - 404 - 0.00s
25-06-12 12:02:31 | 👾 API       | main.dispatch - GET / - 404 - 0.00s
25-06-12 12:02:32 | 👾 API       | main.dispatch - GET / - 404 - 0.00s
25-06-12 12:02:32 | 👾 API       | main.dispatch - GET / - 404 - 0.00s
25-06-12 12:02:42 | 👾 API       | main.dispatch - GET / - 404 - 0.00s
25-06-12 12:02:52 | 👾 API       | main.dispatch - GET / - 404 - 0.00s
25-06-12 12:03:02 | 👾 API       | main.dispatch - GET / - 404 - 0.00s
