25-06-12 15:17:07 | 🤖 PROGRAM   | program.start - Riven v0.21.21 starting!
25-06-12 15:17:08 | ❌ ERROR     | symlink.validate - rclone_path or library_path is set to the current directory.
25-06-12 15:17:08 | ❌ ERROR     | __init__.validate - No downloader service is initialized. Please initialize a downloader service.
25-06-12 15:17:08 | ❌ ERROR     | symlink.validate - Library path not set or set to the current directory in SymlinkLibrary settings.
25-06-12 15:17:08 | ❌ ERROR     | symlink.__init__ - SymlinkLibrary initialization failed due to invalid configuration.
25-06-12 15:17:08 | ⚠️  WARNING   | program.initialize_services - No content services initialized, items need to be added manually.
25-06-12 15:17:08 | ❌ ERROR     | program.initialize_services - No Scraping service initialized, you must enable at least one.
25-06-12 15:17:08 | ❌ ERROR     | program.initialize_services - No Downloader service initialized, you must enable at least one.
25-06-12 15:17:08 | 🤖 PROGRAM   | program.start - ----------------------------------------------
25-06-12 15:17:08 | ❌ ERROR     | program.start - Riven is waiting for configuration to start!
25-06-12 15:17:08 | 🤖 PROGRAM   | program.start - ----------------------------------------------
25-06-12 15:17:19 | 👾 API       | main.dispatch - GET / - 404 - 0.00s
25-06-12 15:17:29 | 👾 API       | main.dispatch - GET / - 404 - 0.00s
25-06-12 15:17:39 | 👾 API       | main.dispatch - GET / - 404 - 0.00s
25-06-12 15:17:43 | 👾 API       | main.dispatch - GET / - 404 - 0.00s
25-06-12 15:17:49 | 👾 API       | main.dispatch - GET / - 404 - 0.00s
25-06-12 15:17:59 | 👾 API       | main.dispatch - GET / - 404 - 0.00s
25-06-12 15:18:07 | 👾 API       | main.dispatch - GET / - 404 - 0.00s
25-06-12 15:18:13 | 👾 API       | main.dispatch - GET / - 404 - 0.00s
25-06-12 15:18:17 | 👾 API       | main.dispatch - GET / - 404 - 0.00s
25-06-12 15:18:27 | 👾 API       | main.dispatch - GET / - 404 - 0.00s
25-06-12 15:18:37 | 👾 API       | main.dispatch - GET / - 404 - 0.00s
25-06-12 15:18:43 | 👾 API       | main.dispatch - GET / - 404 - 0.00s
25-06-12 15:18:43 | 👾 API       | main.dispatch - GET / - 404 - 0.00s
25-06-12 15:18:53 | 👾 API       | main.dispatch - GET / - 404 - 0.00s
25-06-12 15:19:03 | 👾 API       | main.dispatch - GET / - 404 - 0.00s
25-06-12 15:19:13 | 👾 API       | main.dispatch - GET / - 404 - 0.00s
