25-06-12 14:31:55 | 🤖 PROGRAM   | program.start - Riven v0.21.21 starting!
25-06-12 14:31:55 | ❌ ERROR     | symlink.validate - rclone_path or library_path is set to the current directory.
25-06-12 14:31:55 | ❌ ERROR     | __init__.validate - No downloader service is initialized. Please initialize a downloader service.
25-06-12 14:31:55 | ❌ ERROR     | symlink.validate - Library path not set or set to the current directory in SymlinkLibrary settings.
25-06-12 14:31:55 | ❌ ERROR     | symlink.__init__ - SymlinkLibrary initialization failed due to invalid configuration.
25-06-12 14:31:55 | ⚠️  WARNING   | program.initialize_services - No content services initialized, items need to be added manually.
25-06-12 14:31:55 | ❌ ERROR     | program.initialize_services - No Scraping service initialized, you must enable at least one.
25-06-12 14:31:55 | ❌ ERROR     | program.initialize_services - No Downloader service initialized, you must enable at least one.
25-06-12 14:31:55 | 🤖 PROGRAM   | program.start - ----------------------------------------------
25-06-12 14:31:55 | ❌ ERROR     | program.start - Riven is waiting for configuration to start!
25-06-12 14:31:55 | 🤖 PROGRAM   | program.start - ----------------------------------------------
25-06-12 14:32:00 | 👾 API       | main.dispatch - GET / - 404 - 0.00s
25-06-12 14:32:10 | 👾 API       | main.dispatch - GET / - 404 - 0.00s
25-06-12 14:32:20 | 👾 API       | main.dispatch - GET / - 404 - 0.00s
25-06-12 14:32:30 | 👾 API       | main.dispatch - GET / - 404 - 0.00s
25-06-12 14:32:40 | 👾 API       | main.dispatch - GET / - 404 - 0.00s
25-06-12 14:32:48 | 👾 API       | main.dispatch - GET / - 404 - 0.00s
25-06-12 14:32:50 | 👾 API       | main.dispatch - GET / - 404 - 0.00s
25-06-12 14:33:00 | 👾 API       | main.dispatch - GET / - 404 - 0.00s
25-06-12 14:33:07 | 👾 API       | main.dispatch - GET / - 404 - 0.00s
25-06-12 14:33:17 | 👾 API       | main.dispatch - GET / - 404 - 0.00s
25-06-12 14:33:18 | 👾 API       | main.dispatch - GET / - 404 - 0.00s
25-06-12 14:33:27 | 👾 API       | main.dispatch - GET / - 404 - 0.00s
25-06-12 14:33:37 | 👾 API       | main.dispatch - GET / - 404 - 0.00s
25-06-12 14:33:47 | 👾 API       | main.dispatch - GET / - 404 - 0.00s
25-06-12 14:33:48 | 👾 API       | main.dispatch - GET / - 404 - 0.00s
25-06-12 14:33:48 | 👾 API       | main.dispatch - GET / - 404 - 0.00s
25-06-12 14:33:58 | 👾 API       | main.dispatch - GET / - 404 - 0.00s
25-06-12 14:34:08 | 👾 API       | main.dispatch - GET / - 404 - 0.00s
25-06-12 14:34:18 | 👾 API       | main.dispatch - GET / - 404 - 0.00s
