25-06-12 05:52:54 | 🤖 PROGRAM   | program.start - Riven v0.21.21 starting!
25-06-12 05:52:54 | ❌ ERROR     | symlink.validate - rclone_path or library_path is set to the current directory.
25-06-12 05:52:54 | ❌ ERROR     | __init__.validate - No downloader service is initialized. Please initialize a downloader service.
25-06-12 05:52:54 | ❌ ERROR     | symlink.validate - Library path not set or set to the current directory in SymlinkLibrary settings.
25-06-12 05:52:54 | ❌ ERROR     | symlink.__init__ - SymlinkLibrary initialization failed due to invalid configuration.
25-06-12 05:52:54 | ⚠️  WARNING   | program.initialize_services - No content services initialized, items need to be added manually.
25-06-12 05:52:54 | ❌ ERROR     | program.initialize_services - No Scraping service initialized, you must enable at least one.
25-06-12 05:52:54 | ❌ ERROR     | program.initialize_services - No Downloader service initialized, you must enable at least one.
25-06-12 05:52:54 | 🤖 PROGRAM   | program.start - ----------------------------------------------
25-06-12 05:52:54 | ❌ ERROR     | program.start - Riven is waiting for configuration to start!
25-06-12 05:52:54 | 🤖 PROGRAM   | program.start - ----------------------------------------------
25-06-12 05:52:59 | 👾 API       | main.dispatch - GET / - 404 - 0.00s
25-06-12 05:53:09 | 👾 API       | main.dispatch - GET / - 404 - 0.00s
25-06-12 05:53:19 | 👾 API       | main.dispatch - GET / - 404 - 0.00s
25-06-12 05:53:29 | 👾 API       | main.dispatch - GET / - 404 - 0.00s
25-06-12 05:53:39 | 👾 API       | main.dispatch - GET / - 404 - 0.00s
25-06-12 05:53:47 | 👾 API       | main.dispatch - GET / - 404 - 0.00s
25-06-12 05:53:49 | 👾 API       | main.dispatch - GET / - 404 - 0.00s
25-06-12 05:53:59 | 👾 API       | main.dispatch - GET / - 404 - 0.00s
25-06-12 05:54:09 | 👾 API       | main.dispatch - GET / - 404 - 0.00s
25-06-12 05:54:17 | 👾 API       | main.dispatch - GET / - 404 - 0.00s
25-06-12 05:54:19 | 👾 API       | main.dispatch - GET / - 404 - 0.00s
25-06-12 05:54:29 | 👾 API       | main.dispatch - GET / - 404 - 0.00s
25-06-12 05:54:39 | 👾 API       | main.dispatch - GET / - 404 - 0.00s
25-06-12 05:54:47 | 👾 API       | main.dispatch - GET / - 404 - 0.00s
25-06-12 05:54:47 | 👾 API       | main.dispatch - GET / - 404 - 0.00s
25-06-12 05:54:57 | 👾 API       | main.dispatch - GET / - 404 - 0.00s
25-06-12 05:55:07 | 👾 API       | main.dispatch - GET / - 404 - 0.00s
25-06-12 05:55:17 | 👾 API       | main.dispatch - GET / - 404 - 0.00s
