25-06-14 18:53:03 | 🤖 PROGRAM   | program.start - Riven v0.21.21 starting!
25-06-14 18:53:03 | ❌ ERROR     | symlink.validate - rclone_path or library_path is set to the current directory.
25-06-14 18:53:03 | ❌ ERROR     | __init__.validate - No downloader service is initialized. Please initialize a downloader service.
25-06-14 18:53:03 | ❌ ERROR     | symlink.validate - Library path not set or set to the current directory in SymlinkLibrary settings.
25-06-14 18:53:03 | ❌ ERROR     | symlink.__init__ - SymlinkLibrary initialization failed due to invalid configuration.
25-06-14 18:53:03 | ⚠️  WARNING   | program.initialize_services - No content services initialized, items need to be added manually.
25-06-14 18:53:03 | ❌ ERROR     | program.initialize_services - No Scraping service initialized, you must enable at least one.
25-06-14 18:53:03 | ❌ ERROR     | program.initialize_services - No Downloader service initialized, you must enable at least one.
25-06-14 18:53:03 | 🤖 PROGRAM   | program.start - ----------------------------------------------
25-06-14 18:53:03 | ❌ ERROR     | program.start - Riven is waiting for configuration to start!
25-06-14 18:53:03 | 🤖 PROGRAM   | program.start - ----------------------------------------------
25-06-14 18:53:07 | 👾 API       | main.dispatch - GET / - 404 - 0.00s
25-06-14 18:53:17 | 👾 API       | main.dispatch - GET / - 404 - 0.00s
25-06-14 18:53:27 | 👾 API       | main.dispatch - GET / - 404 - 0.00s
25-06-14 18:53:37 | 👾 API       | main.dispatch - GET / - 404 - 0.00s
25-06-14 18:53:47 | 👾 API       | main.dispatch - GET / - 404 - 0.00s
25-06-14 18:53:54 | 👾 API       | main.dispatch - GET / - 404 - 0.00s
25-06-14 18:53:57 | 👾 API       | main.dispatch - GET / - 404 - 0.00s
25-06-14 18:54:00 | 👾 API       | main.dispatch - GET / - 404 - 0.00s
25-06-14 18:54:10 | 👾 API       | main.dispatch - GET / - 404 - 0.00s
25-06-14 18:54:20 | 👾 API       | main.dispatch - GET / - 404 - 0.00s
25-06-14 18:54:24 | 👾 API       | main.dispatch - GET / - 404 - 0.00s
25-06-14 18:54:30 | 👾 API       | main.dispatch - GET / - 404 - 0.00s
25-06-14 18:54:40 | 👾 API       | main.dispatch - GET / - 404 - 0.00s
25-06-14 18:54:50 | 👾 API       | main.dispatch - GET / - 404 - 0.00s
25-06-14 18:54:54 | 👾 API       | main.dispatch - GET / - 404 - 0.00s
25-06-14 18:54:54 | 👾 API       | main.dispatch - GET / - 404 - 0.00s
25-06-14 18:55:04 | 👾 API       | main.dispatch - GET / - 404 - 0.00s
25-06-14 18:55:14 | 👾 API       | main.dispatch - GET / - 404 - 0.00s
25-06-14 18:55:24 | 👾 API       | main.dispatch - GET / - 404 - 0.00s
