25-06-15 01:54:24 | 🤖 PROGRAM   | program.start - Riven v0.21.21 starting!
25-06-15 01:54:24 | ❌ ERROR     | symlink.validate - rclone_path or library_path is set to the current directory.
25-06-15 01:54:24 | ❌ ERROR     | __init__.validate - No downloader service is initialized. Please initialize a downloader service.
25-06-15 01:54:24 | ❌ ERROR     | symlink.validate - Library path not set or set to the current directory in SymlinkLibrary settings.
25-06-15 01:54:24 | ❌ ERROR     | symlink.__init__ - SymlinkLibrary initialization failed due to invalid configuration.
25-06-15 01:54:24 | ⚠️  WARNING   | program.initialize_services - No content services initialized, items need to be added manually.
25-06-15 01:54:24 | ❌ ERROR     | program.initialize_services - No Scraping service initialized, you must enable at least one.
25-06-15 01:54:24 | ❌ ERROR     | program.initialize_services - No Downloader service initialized, you must enable at least one.
25-06-15 01:54:24 | 🤖 PROGRAM   | program.start - ----------------------------------------------
25-06-15 01:54:24 | ❌ ERROR     | program.start - Riven is waiting for configuration to start!
25-06-15 01:54:24 | 🤖 PROGRAM   | program.start - ----------------------------------------------
25-06-15 01:54:29 | 👾 API       | main.dispatch - GET / - 404 - 0.00s
25-06-15 01:54:39 | 👾 API       | main.dispatch - GET / - 404 - 0.00s
25-06-15 01:54:47 | 👾 API       | main.dispatch - GET / - 404 - 0.00s
25-06-15 01:54:49 | 👾 API       | main.dispatch - GET / - 404 - 0.00s
25-06-15 01:54:59 | 👾 API       | main.dispatch - GET / - 404 - 0.00s
25-06-15 01:55:09 | 👾 API       | main.dispatch - GET / - 404 - 0.00s
25-06-15 01:55:17 | 👾 API       | main.dispatch - GET / - 404 - 0.00s
25-06-15 01:55:19 | 👾 API       | main.dispatch - GET / - 404 - 0.00s
25-06-15 01:55:29 | 👾 API       | main.dispatch - GET / - 404 - 0.00s
25-06-15 01:55:39 | 👾 API       | main.dispatch - GET / - 404 - 0.00s
25-06-15 01:55:47 | 👾 API       | main.dispatch - GET / - 404 - 0.00s
25-06-15 01:55:47 | 👾 API       | main.dispatch - GET / - 404 - 0.00s
25-06-15 01:55:57 | 👾 API       | main.dispatch - GET / - 404 - 0.00s
25-06-15 01:56:07 | 👾 API       | main.dispatch - GET / - 404 - 0.00s
25-06-15 01:56:17 | 👾 API       | main.dispatch - GET / - 404 - 0.00s
