25-06-13 05:19:53 | 🤖 PROGRAM   | program.start - Riven v0.21.21 starting!
25-06-13 05:19:53 | ❌ ERROR     | symlink.validate - rclone_path or library_path is set to the current directory.
25-06-13 05:19:53 | ❌ ERROR     | __init__.validate - No downloader service is initialized. Please initialize a downloader service.
25-06-13 05:19:53 | ❌ ERROR     | symlink.validate - Library path not set or set to the current directory in SymlinkLibrary settings.
25-06-13 05:19:53 | ❌ ERROR     | symlink.__init__ - SymlinkLibrary initialization failed due to invalid configuration.
25-06-13 05:19:53 | ⚠️  WARNING   | program.initialize_services - No content services initialized, items need to be added manually.
25-06-13 05:19:53 | ❌ ERROR     | program.initialize_services - No Scraping service initialized, you must enable at least one.
25-06-13 05:19:53 | ❌ ERROR     | program.initialize_services - No Downloader service initialized, you must enable at least one.
25-06-13 05:19:53 | 🤖 PROGRAM   | program.start - ----------------------------------------------
25-06-13 05:19:53 | ❌ ERROR     | program.start - Riven is waiting for configuration to start!
25-06-13 05:19:53 | 🤖 PROGRAM   | program.start - ----------------------------------------------
25-06-13 05:20:08 | 👾 API       | main.dispatch - GET / - 404 - 0.00s
25-06-13 05:20:18 | 👾 API       | main.dispatch - GET / - 404 - 0.00s
25-06-13 05:20:28 | 👾 API       | main.dispatch - GET / - 404 - 0.00s
25-06-13 05:20:38 | 👾 API       | main.dispatch - GET / - 404 - 0.00s
25-06-13 05:20:39 | 👾 API       | main.dispatch - GET / - 404 - 0.00s
25-06-13 05:20:48 | 👾 API       | main.dispatch - GET / - 404 - 0.00s
25-06-13 05:20:58 | 👾 API       | main.dispatch - GET / - 404 - 0.00s
25-06-13 05:21:05 | 👾 API       | main.dispatch - GET / - 404 - 0.00s
25-06-13 05:21:09 | 👾 API       | main.dispatch - GET / - 404 - 0.00s
25-06-13 05:21:15 | 👾 API       | main.dispatch - GET / - 404 - 0.00s
25-06-13 05:21:25 | 👾 API       | main.dispatch - GET / - 404 - 0.00s
25-06-13 05:21:35 | 👾 API       | main.dispatch - GET / - 404 - 0.00s
25-06-13 05:21:39 | 👾 API       | main.dispatch - GET / - 404 - 0.00s
25-06-13 05:21:39 | 👾 API       | main.dispatch - GET / - 404 - 0.00s
25-06-13 05:21:49 | 👾 API       | main.dispatch - GET / - 404 - 0.00s
25-06-13 05:21:59 | 👾 API       | main.dispatch - GET / - 404 - 0.00s
25-06-13 05:22:09 | 👾 API       | main.dispatch - GET / - 404 - 0.00s
