25-06-12 07:13:30 | 🤖 PROGRAM   | program.start - Riven v0.21.21 starting!
25-06-12 07:13:30 | ❌ ERROR     | symlink.validate - rclone_path or library_path is set to the current directory.
25-06-12 07:13:30 | ❌ ERROR     | __init__.validate - No downloader service is initialized. Please initialize a downloader service.
25-06-12 07:13:30 | ❌ ERROR     | symlink.validate - Library path not set or set to the current directory in SymlinkLibrary settings.
25-06-12 07:13:30 | ❌ ERROR     | symlink.__init__ - SymlinkLibrary initialization failed due to invalid configuration.
25-06-12 07:13:30 | ⚠️  WARNING   | program.initialize_services - No content services initialized, items need to be added manually.
25-06-12 07:13:30 | ❌ ERROR     | program.initialize_services - No Scraping service initialized, you must enable at least one.
25-06-12 07:13:30 | ❌ ERROR     | program.initialize_services - No Downloader service initialized, you must enable at least one.
25-06-12 07:13:30 | 🤖 PROGRAM   | program.start - ----------------------------------------------
25-06-12 07:13:30 | ❌ ERROR     | program.start - Riven is waiting for configuration to start!
25-06-12 07:13:30 | 🤖 PROGRAM   | program.start - ----------------------------------------------
25-06-12 07:13:36 | 👾 API       | main.dispatch - GET / - 404 - 0.00s
25-06-12 07:13:46 | 👾 API       | main.dispatch - GET / - 404 - 0.00s
25-06-12 07:13:56 | 👾 API       | main.dispatch - GET / - 404 - 0.00s
25-06-12 07:14:06 | 👾 API       | main.dispatch - GET / - 404 - 0.00s
25-06-12 07:14:16 | 👾 API       | main.dispatch - GET / - 404 - 0.00s
25-06-12 07:14:23 | 👾 API       | main.dispatch - GET / - 404 - 0.00s
25-06-12 07:14:26 | 👾 API       | main.dispatch - GET / - 404 - 0.00s
25-06-12 07:14:28 | 👾 API       | main.dispatch - GET / - 404 - 0.00s
25-06-12 07:14:38 | 👾 API       | main.dispatch - GET / - 404 - 0.00s
25-06-12 07:14:48 | 👾 API       | main.dispatch - GET / - 404 - 0.00s
25-06-12 07:14:53 | 👾 API       | main.dispatch - GET / - 404 - 0.00s
25-06-12 07:14:58 | 👾 API       | main.dispatch - GET / - 404 - 0.00s
25-06-12 07:15:08 | 👾 API       | main.dispatch - GET / - 404 - 0.00s
25-06-12 07:15:18 | 👾 API       | main.dispatch - GET / - 404 - 0.00s
25-06-12 07:15:23 | 👾 API       | main.dispatch - GET / - 404 - 0.00s
25-06-12 07:15:23 | 👾 API       | main.dispatch - GET / - 404 - 0.00s
25-06-12 07:15:33 | 👾 API       | main.dispatch - GET / - 404 - 0.00s
25-06-12 07:15:43 | 👾 API       | main.dispatch - GET / - 404 - 0.00s
25-06-12 07:15:53 | 👾 API       | main.dispatch - GET / - 404 - 0.00s
