25-06-12 19:37:40 | 🤖 PROGRAM   | program.start - Riven v0.21.21 starting!
25-06-12 19:37:40 | ❌ ERROR     | symlink.validate - rclone_path or library_path is set to the current directory.
25-06-12 19:37:40 | ❌ ERROR     | __init__.validate - No downloader service is initialized. Please initialize a downloader service.
25-06-12 19:37:40 | ❌ ERROR     | symlink.validate - Library path not set or set to the current directory in SymlinkLibrary settings.
25-06-12 19:37:40 | ❌ ERROR     | symlink.__init__ - SymlinkLibrary initialization failed due to invalid configuration.
25-06-12 19:37:40 | ⚠️  WARNING   | program.initialize_services - No content services initialized, items need to be added manually.
25-06-12 19:37:40 | ❌ ERROR     | program.initialize_services - No Scraping service initialized, you must enable at least one.
25-06-12 19:37:40 | ❌ ERROR     | program.initialize_services - No Downloader service initialized, you must enable at least one.
25-06-12 19:37:40 | 🤖 PROGRAM   | program.start - ----------------------------------------------
25-06-12 19:37:40 | ❌ ERROR     | program.start - Riven is waiting for configuration to start!
25-06-12 19:37:40 | 🤖 PROGRAM   | program.start - ----------------------------------------------
25-06-12 19:37:45 | 👾 API       | main.dispatch - GET / - 404 - 0.00s
25-06-12 19:37:55 | 👾 API       | main.dispatch - GET / - 404 - 0.00s
25-06-12 19:38:05 | 👾 API       | main.dispatch - GET / - 404 - 0.00s
25-06-12 19:38:15 | 👾 API       | main.dispatch - GET / - 404 - 0.00s
25-06-12 19:38:25 | 👾 API       | main.dispatch - GET / - 404 - 0.00s
25-06-12 19:38:25 | 👾 API       | main.dispatch - GET / - 404 - 0.00s
25-06-12 19:38:35 | 👾 API       | main.dispatch - GET / - 404 - 0.00s
25-06-12 19:38:45 | 👾 API       | main.dispatch - GET / - 404 - 0.00s
25-06-12 19:38:51 | 👾 API       | main.dispatch - GET / - 404 - 0.00s
25-06-12 19:38:55 | 👾 API       | main.dispatch - GET / - 404 - 0.00s
25-06-12 19:39:01 | 👾 API       | main.dispatch - GET / - 404 - 0.00s
25-06-12 19:39:11 | 👾 API       | main.dispatch - GET / - 404 - 0.00s
25-06-12 19:39:21 | 👾 API       | main.dispatch - GET / - 404 - 0.00s
25-06-12 19:39:25 | 👾 API       | main.dispatch - GET / - 404 - 0.00s
25-06-12 19:39:25 | 👾 API       | main.dispatch - GET / - 404 - 0.00s
25-06-12 19:39:35 | 👾 API       | main.dispatch - GET / - 404 - 0.00s
25-06-12 19:39:45 | 👾 API       | main.dispatch - GET / - 404 - 0.00s
25-06-12 19:39:55 | 👾 API       | main.dispatch - GET / - 404 - 0.00s
