25-06-13 07:12:24 | 🤖 PROGRAM   | program.start - Riven v0.21.21 starting!
25-06-13 07:12:24 | ❌ ERROR     | symlink.validate - rclone_path or library_path is set to the current directory.
25-06-13 07:12:24 | ❌ ERROR     | __init__.validate - No downloader service is initialized. Please initialize a downloader service.
25-06-13 07:12:24 | ❌ ERROR     | symlink.validate - Library path not set or set to the current directory in SymlinkLibrary settings.
25-06-13 07:12:24 | ❌ ERROR     | symlink.__init__ - SymlinkLibrary initialization failed due to invalid configuration.
25-06-13 07:12:24 | ⚠️  WARNING   | program.initialize_services - No content services initialized, items need to be added manually.
25-06-13 07:12:24 | ❌ ERROR     | program.initialize_services - No Scraping service initialized, you must enable at least one.
25-06-13 07:12:24 | ❌ ERROR     | program.initialize_services - No Downloader service initialized, you must enable at least one.
25-06-13 07:12:24 | 🤖 PROGRAM   | program.start - ----------------------------------------------
25-06-13 07:12:24 | ❌ ERROR     | program.start - Riven is waiting for configuration to start!
25-06-13 07:12:24 | 🤖 PROGRAM   | program.start - ----------------------------------------------
25-06-13 07:12:38 | 👾 API       | main.dispatch - GET / - 404 - 0.00s
25-06-13 07:12:48 | 👾 API       | main.dispatch - GET / - 404 - 0.00s
25-06-13 07:12:56 | 👾 API       | main.dispatch - GET / - 404 - 0.00s
25-06-13 07:12:58 | 👾 API       | main.dispatch - GET / - 404 - 0.00s
25-06-13 07:13:08 | 👾 API       | main.dispatch - GET / - 404 - 0.00s
25-06-13 07:13:18 | 👾 API       | main.dispatch - GET / - 404 - 0.00s
25-06-13 07:13:26 | 👾 API       | main.dispatch - GET / - 404 - 0.00s
25-06-13 07:13:28 | 👾 API       | main.dispatch - GET / - 404 - 0.00s
25-06-13 07:13:34 | 👾 API       | main.dispatch - GET / - 404 - 0.00s
