25-06-12 14:24:43 | 🤖 PROGRAM   | program.start - Riven v0.21.21 starting!
25-06-12 14:24:43 | ❌ ERROR     | symlink.validate - rclone_path or library_path is set to the current directory.
25-06-12 14:24:43 | ❌ ERROR     | __init__.validate - No downloader service is initialized. Please initialize a downloader service.
25-06-12 14:24:43 | ❌ ERROR     | symlink.validate - Library path not set or set to the current directory in SymlinkLibrary settings.
25-06-12 14:24:43 | ❌ ERROR     | symlink.__init__ - SymlinkLibrary initialization failed due to invalid configuration.
25-06-12 14:24:43 | ⚠️  WARNING   | program.initialize_services - No content services initialized, items need to be added manually.
25-06-12 14:24:43 | ❌ ERROR     | program.initialize_services - No Scraping service initialized, you must enable at least one.
25-06-12 14:24:43 | ❌ ERROR     | program.initialize_services - No Downloader service initialized, you must enable at least one.
25-06-12 14:24:43 | 🤖 PROGRAM   | program.start - ----------------------------------------------
25-06-12 14:24:43 | ❌ ERROR     | program.start - Riven is waiting for configuration to start!
25-06-12 14:24:43 | 🤖 PROGRAM   | program.start - ----------------------------------------------
25-06-12 14:24:58 | 👾 API       | main.dispatch - GET / - 404 - 0.00s
25-06-12 14:25:08 | 👾 API       | main.dispatch - GET / - 404 - 0.00s
25-06-12 14:25:18 | 👾 API       | main.dispatch - GET / - 404 - 0.00s
25-06-12 14:25:18 | 👾 API       | main.dispatch - GET / - 404 - 0.00s
25-06-12 14:25:28 | 👾 API       | main.dispatch - GET / - 404 - 0.00s
25-06-12 14:25:38 | 👾 API       | main.dispatch - GET / - 404 - 0.00s
25-06-12 14:25:48 | 👾 API       | main.dispatch - GET / - 404 - 0.00s
25-06-12 14:25:48 | 👾 API       | main.dispatch - GET / - 404 - 0.00s
25-06-12 14:25:52 | 👾 API       | main.dispatch - GET / - 404 - 0.00s
25-06-12 14:26:02 | 👾 API       | main.dispatch - GET / - 404 - 0.00s
25-06-12 14:26:12 | 👾 API       | main.dispatch - GET / - 404 - 0.00s
25-06-12 14:26:18 | 👾 API       | main.dispatch - GET / - 404 - 0.00s
25-06-12 14:26:18 | 👾 API       | main.dispatch - GET / - 404 - 0.00s
25-06-12 14:26:28 | 👾 API       | main.dispatch - GET / - 404 - 0.00s
25-06-12 14:26:38 | 👾 API       | main.dispatch - GET / - 404 - 0.00s
25-06-12 14:26:48 | 👾 API       | main.dispatch - GET / - 404 - 0.00s
