25-06-14 18:25:57 | 🤖 PROGRAM   | program.start - Riven v0.21.21 starting!
25-06-14 18:25:57 | ❌ ERROR     | symlink.validate - rclone_path or library_path is set to the current directory.
25-06-14 18:25:57 | ❌ ERROR     | __init__.validate - No downloader service is initialized. Please initialize a downloader service.
25-06-14 18:25:57 | ❌ ERROR     | symlink.validate - Library path not set or set to the current directory in SymlinkLibrary settings.
25-06-14 18:25:57 | ❌ ERROR     | symlink.__init__ - SymlinkLibrary initialization failed due to invalid configuration.
25-06-14 18:25:57 | ⚠️  WARNING   | program.initialize_services - No content services initialized, items need to be added manually.
25-06-14 18:25:57 | ❌ ERROR     | program.initialize_services - No Scraping service initialized, you must enable at least one.
25-06-14 18:25:57 | ❌ ERROR     | program.initialize_services - No Downloader service initialized, you must enable at least one.
25-06-14 18:25:57 | 🤖 PROGRAM   | program.start - ----------------------------------------------
25-06-14 18:25:57 | ❌ ERROR     | program.start - Riven is waiting for configuration to start!
25-06-14 18:25:57 | 🤖 PROGRAM   | program.start - ----------------------------------------------
25-06-14 18:26:00 | 👾 API       | main.dispatch - GET / - 404 - 0.00s
25-06-14 18:26:10 | 👾 API       | main.dispatch - GET / - 404 - 0.00s
25-06-14 18:26:20 | 👾 API       | main.dispatch - GET / - 404 - 0.00s
25-06-14 18:26:30 | 👾 API       | main.dispatch - GET / - 404 - 0.00s
25-06-14 18:26:40 | 👾 API       | main.dispatch - GET / - 404 - 0.00s
25-06-14 18:26:47 | 👾 API       | main.dispatch - GET / - 404 - 0.00s
25-06-14 18:26:50 | 👾 API       | main.dispatch - GET / - 404 - 0.00s
25-06-14 18:27:00 | 👾 API       | main.dispatch - GET / - 404 - 0.00s
25-06-14 18:27:10 | 👾 API       | main.dispatch - GET / - 404 - 0.00s
25-06-14 18:27:11 | 👾 API       | main.dispatch - GET / - 404 - 0.00s
25-06-14 18:27:17 | 👾 API       | main.dispatch - GET / - 404 - 0.00s
25-06-14 18:27:21 | 👾 API       | main.dispatch - GET / - 404 - 0.00s
25-06-14 18:27:31 | 👾 API       | main.dispatch - GET / - 404 - 0.00s
25-06-14 18:27:41 | 👾 API       | main.dispatch - GET / - 404 - 0.00s
25-06-14 18:27:47 | 👾 API       | main.dispatch - GET / - 404 - 0.00s
25-06-14 18:27:47 | 👾 API       | main.dispatch - GET / - 404 - 0.00s
25-06-14 18:27:57 | 👾 API       | main.dispatch - GET / - 404 - 0.00s
25-06-14 18:28:07 | 👾 API       | main.dispatch - GET / - 404 - 0.00s
25-06-14 18:28:17 | 👾 API       | main.dispatch - GET / - 404 - 0.00s
