25-06-13 06:57:52 | 🤖 PROGRAM   | program.start - Riven v0.21.21 starting!
25-06-13 06:57:52 | ❌ ERROR     | symlink.validate - rclone_path or library_path is set to the current directory.
25-06-13 06:57:52 | ❌ ERROR     | __init__.validate - No downloader service is initialized. Please initialize a downloader service.
25-06-13 06:57:52 | ❌ ERROR     | symlink.validate - Library path not set or set to the current directory in SymlinkLibrary settings.
25-06-13 06:57:52 | ❌ ERROR     | symlink.__init__ - SymlinkLibrary initialization failed due to invalid configuration.
25-06-13 06:57:52 | ⚠️  WARNING   | program.initialize_services - No content services initialized, items need to be added manually.
25-06-13 06:57:52 | ❌ ERROR     | program.initialize_services - No Scraping service initialized, you must enable at least one.
25-06-13 06:57:52 | ❌ ERROR     | program.initialize_services - No Downloader service initialized, you must enable at least one.
25-06-13 06:57:52 | 🤖 PROGRAM   | program.start - ----------------------------------------------
25-06-13 06:57:52 | ❌ ERROR     | program.start - Riven is waiting for configuration to start!
25-06-13 06:57:52 | 🤖 PROGRAM   | program.start - ----------------------------------------------
25-06-13 06:57:57 | 👾 API       | main.dispatch - GET / - 404 - 0.00s
25-06-13 06:58:07 | 👾 API       | main.dispatch - GET / - 404 - 0.00s
25-06-13 06:58:17 | 👾 API       | main.dispatch - GET / - 404 - 0.00s
25-06-13 06:58:27 | 👾 API       | main.dispatch - GET / - 404 - 0.00s
25-06-13 06:58:37 | 👾 API       | main.dispatch - GET / - 404 - 0.00s
25-06-13 06:58:41 | 👾 API       | main.dispatch - GET / - 404 - 0.00s
25-06-13 06:58:47 | 👾 API       | main.dispatch - GET / - 404 - 0.00s
25-06-13 06:58:57 | 👾 API       | main.dispatch - GET / - 404 - 0.00s
25-06-13 06:59:07 | 👾 API       | main.dispatch - GET / - 404 - 0.00s
25-06-13 06:59:11 | 👾 API       | main.dispatch - GET / - 404 - 0.00s
25-06-13 06:59:15 | 👾 API       | main.dispatch - GET / - 404 - 0.00s
25-06-13 06:59:25 | 👾 API       | main.dispatch - GET / - 404 - 0.00s
25-06-13 06:59:35 | 👾 API       | main.dispatch - GET / - 404 - 0.00s
25-06-13 06:59:41 | 👾 API       | main.dispatch - GET / - 404 - 0.00s
25-06-13 06:59:41 | 👾 API       | main.dispatch - GET / - 404 - 0.00s
25-06-13 06:59:51 | 👾 API       | main.dispatch - GET / - 404 - 0.00s
25-06-13 07:00:01 | 👾 API       | main.dispatch - GET / - 404 - 0.00s
25-06-13 07:00:11 | 👾 API       | main.dispatch - GET / - 404 - 0.00s
