25-06-15 00:45:37 | 🤖 PROGRAM   | program.start - Riven v0.21.21 starting!
25-06-15 00:45:37 | ❌ ERROR     | symlink.validate - rclone_path or library_path is set to the current directory.
25-06-15 00:45:37 | ❌ ERROR     | __init__.validate - No downloader service is initialized. Please initialize a downloader service.
25-06-15 00:45:37 | ❌ ERROR     | symlink.validate - Library path not set or set to the current directory in SymlinkLibrary settings.
25-06-15 00:45:37 | ❌ ERROR     | symlink.__init__ - SymlinkLibrary initialization failed due to invalid configuration.
25-06-15 00:45:37 | ⚠️  WARNING   | program.initialize_services - No content services initialized, items need to be added manually.
25-06-15 00:45:37 | ❌ ERROR     | program.initialize_services - No Scraping service initialized, you must enable at least one.
25-06-15 00:45:37 | ❌ ERROR     | program.initialize_services - No Downloader service initialized, you must enable at least one.
25-06-15 00:45:37 | 🤖 PROGRAM   | program.start - ----------------------------------------------
25-06-15 00:45:37 | ❌ ERROR     | program.start - Riven is waiting for configuration to start!
25-06-15 00:45:37 | 🤖 PROGRAM   | program.start - ----------------------------------------------
25-06-15 00:45:41 | 👾 API       | main.dispatch - GET / - 404 - 0.00s
25-06-15 00:45:51 | 👾 API       | main.dispatch - GET / - 404 - 0.00s
25-06-15 00:46:01 | 👾 API       | main.dispatch - GET / - 404 - 0.00s
25-06-15 00:46:11 | 👾 API       | main.dispatch - GET / - 404 - 0.00s
25-06-15 00:46:17 | 👾 API       | main.dispatch - GET / - 404 - 0.00s
25-06-15 00:46:21 | 👾 API       | main.dispatch - GET / - 404 - 0.00s
25-06-15 00:46:31 | 👾 API       | main.dispatch - GET / - 404 - 0.00s
25-06-15 00:46:41 | 👾 API       | main.dispatch - GET / - 404 - 0.00s
25-06-15 00:46:47 | 👾 API       | main.dispatch - GET / - 404 - 0.00s
25-06-15 00:46:48 | 👾 API       | main.dispatch - GET / - 404 - 0.00s
25-06-15 00:46:58 | 👾 API       | main.dispatch - GET / - 404 - 0.00s
25-06-15 00:47:08 | 👾 API       | main.dispatch - GET / - 404 - 0.00s
25-06-15 00:47:17 | 👾 API       | main.dispatch - GET / - 404 - 0.00s
25-06-15 00:47:17 | 👾 API       | main.dispatch - GET / - 404 - 0.00s
25-06-15 00:47:27 | 👾 API       | main.dispatch - GET / - 404 - 0.00s
25-06-15 00:47:37 | 👾 API       | main.dispatch - GET / - 404 - 0.00s
25-06-15 00:47:47 | 👾 API       | main.dispatch - GET / - 404 - 0.00s
