25-06-14 21:34:31 | 🤖 PROGRAM   | program.start - Riven v0.21.21 starting!
25-06-14 21:34:31 | ❌ ERROR     | symlink.validate - rclone_path or library_path is set to the current directory.
25-06-14 21:34:31 | ❌ ERROR     | __init__.validate - No downloader service is initialized. Please initialize a downloader service.
25-06-14 21:34:31 | ❌ ERROR     | symlink.validate - Library path not set or set to the current directory in SymlinkLibrary settings.
25-06-14 21:34:31 | ❌ ERROR     | symlink.__init__ - SymlinkLibrary initialization failed due to invalid configuration.
25-06-14 21:34:31 | ⚠️  WARNING   | program.initialize_services - No content services initialized, items need to be added manually.
25-06-14 21:34:31 | ❌ ERROR     | program.initialize_services - No Scraping service initialized, you must enable at least one.
25-06-14 21:34:31 | ❌ ERROR     | program.initialize_services - No Downloader service initialized, you must enable at least one.
25-06-14 21:34:31 | 🤖 PROGRAM   | program.start - ----------------------------------------------
25-06-14 21:34:31 | ❌ ERROR     | program.start - Riven is waiting for configuration to start!
25-06-14 21:34:31 | 🤖 PROGRAM   | program.start - ----------------------------------------------
25-06-14 21:34:36 | 👾 API       | main.dispatch - GET / - 404 - 0.00s
25-06-14 21:34:46 | 👾 API       | main.dispatch - GET / - 404 - 0.00s
25-06-14 21:34:54 | 👾 API       | main.dispatch - GET / - 404 - 0.00s
25-06-14 21:34:56 | 👾 API       | main.dispatch - GET / - 404 - 0.00s
25-06-14 21:35:06 | 👾 API       | main.dispatch - GET / - 404 - 0.00s
25-06-14 21:35:16 | 👾 API       | main.dispatch - GET / - 404 - 0.00s
25-06-14 21:35:24 | 👾 API       | main.dispatch - GET / - 404 - 0.00s
25-06-14 21:35:26 | 👾 API       | main.dispatch - GET / - 404 - 0.00s
25-06-14 21:35:36 | 👾 API       | main.dispatch - GET / - 404 - 0.00s
25-06-14 21:35:46 | 👾 API       | main.dispatch - GET / - 404 - 0.00s
25-06-14 21:35:54 | 👾 API       | main.dispatch - GET / - 404 - 0.00s
25-06-14 21:35:54 | 👾 API       | main.dispatch - GET / - 404 - 0.00s
25-06-14 21:36:04 | 👾 API       | main.dispatch - GET / - 404 - 0.00s
25-06-14 21:36:14 | 👾 API       | main.dispatch - GET / - 404 - 0.00s
25-06-14 21:36:24 | 👾 API       | main.dispatch - GET / - 404 - 0.00s
