25-06-14 20:54:08 | 🤖 PROGRAM   | program.start - Riven v0.21.21 starting!
25-06-14 20:54:08 | ❌ ERROR     | symlink.validate - rclone_path or library_path is set to the current directory.
25-06-14 20:54:08 | ❌ ERROR     | __init__.validate - No downloader service is initialized. Please initialize a downloader service.
25-06-14 20:54:08 | ❌ ERROR     | symlink.validate - Library path not set or set to the current directory in SymlinkLibrary settings.
25-06-14 20:54:08 | ❌ ERROR     | symlink.__init__ - SymlinkLibrary initialization failed due to invalid configuration.
25-06-14 20:54:08 | ⚠️  WARNING   | program.initialize_services - No content services initialized, items need to be added manually.
25-06-14 20:54:08 | ❌ ERROR     | program.initialize_services - No Scraping service initialized, you must enable at least one.
25-06-14 20:54:08 | ❌ ERROR     | program.initialize_services - No Downloader service initialized, you must enable at least one.
25-06-14 20:54:08 | 🤖 PROGRAM   | program.start - ----------------------------------------------
25-06-14 20:54:08 | ❌ ERROR     | program.start - Riven is waiting for configuration to start!
25-06-14 20:54:08 | 🤖 PROGRAM   | program.start - ----------------------------------------------
25-06-14 20:54:13 | 👾 API       | main.dispatch - GET / - 404 - 0.00s
25-06-14 20:54:23 | 👾 API       | main.dispatch - GET / - 404 - 0.00s
25-06-14 20:54:33 | 👾 API       | main.dispatch - GET / - 404 - 0.00s
25-06-14 20:54:43 | 👾 API       | main.dispatch - GET / - 404 - 0.00s
25-06-14 20:54:53 | 👾 API       | main.dispatch - GET / - 404 - 0.00s
25-06-14 20:54:54 | 👾 API       | main.dispatch - GET / - 404 - 0.00s
25-06-14 20:55:03 | 👾 API       | main.dispatch - GET / - 404 - 0.00s
25-06-14 20:55:05 | 👾 API       | main.dispatch - GET / - 404 - 0.00s
25-06-14 20:55:15 | 👾 API       | main.dispatch - GET / - 404 - 0.00s
25-06-14 20:55:24 | 👾 API       | main.dispatch - GET / - 404 - 0.00s
25-06-14 20:55:25 | 👾 API       | main.dispatch - GET / - 404 - 0.00s
25-06-14 20:55:35 | 👾 API       | main.dispatch - GET / - 404 - 0.00s
25-06-14 20:55:45 | 👾 API       | main.dispatch - GET / - 404 - 0.00s
25-06-14 20:55:54 | 👾 API       | main.dispatch - GET / - 404 - 0.00s
25-06-14 20:55:54 | 👾 API       | main.dispatch - GET / - 404 - 0.00s
25-06-14 20:56:04 | 👾 API       | main.dispatch - GET / - 404 - 0.00s
25-06-14 20:56:14 | 👾 API       | main.dispatch - GET / - 404 - 0.00s
25-06-14 20:56:24 | 👾 API       | main.dispatch - GET / - 404 - 0.00s
