25-06-13 06:03:35 | 🤖 PROGRAM   | program.start - Riven v0.21.21 starting!
25-06-13 06:03:35 | ❌ ERROR     | symlink.validate - rclone_path or library_path is set to the current directory.
25-06-13 06:03:35 | ❌ ERROR     | __init__.validate - No downloader service is initialized. Please initialize a downloader service.
25-06-13 06:03:35 | ❌ ERROR     | symlink.validate - Library path not set or set to the current directory in SymlinkLibrary settings.
25-06-13 06:03:35 | ❌ ERROR     | symlink.__init__ - SymlinkLibrary initialization failed due to invalid configuration.
25-06-13 06:03:35 | ⚠️  WARNING   | program.initialize_services - No content services initialized, items need to be added manually.
25-06-13 06:03:35 | ❌ ERROR     | program.initialize_services - No Scraping service initialized, you must enable at least one.
25-06-13 06:03:35 | ❌ ERROR     | program.initialize_services - No Downloader service initialized, you must enable at least one.
25-06-13 06:03:35 | 🤖 PROGRAM   | program.start - ----------------------------------------------
25-06-13 06:03:35 | ❌ ERROR     | program.start - Riven is waiting for configuration to start!
25-06-13 06:03:35 | 🤖 PROGRAM   | program.start - ----------------------------------------------
25-06-13 06:03:40 | 👾 API       | main.dispatch - GET / - 404 - 0.00s
25-06-13 06:03:50 | 👾 API       | main.dispatch - GET / - 404 - 0.00s
25-06-13 06:04:00 | 👾 API       | main.dispatch - GET / - 404 - 0.00s
25-06-13 06:04:10 | 👾 API       | main.dispatch - GET / - 404 - 0.00s
25-06-13 06:04:20 | 👾 API       | main.dispatch - GET / - 404 - 0.00s
25-06-13 06:04:28 | 👾 API       | main.dispatch - GET / - 404 - 0.00s
25-06-13 06:04:30 | 👾 API       | main.dispatch - GET / - 404 - 0.00s
25-06-13 06:04:37 | 👾 API       | main.dispatch - GET / - 404 - 0.00s
25-06-13 06:04:47 | 👾 API       | main.dispatch - GET / - 404 - 0.00s
25-06-13 06:04:57 | 👾 API       | main.dispatch - GET / - 404 - 0.00s
25-06-13 06:04:58 | 👾 API       | main.dispatch - GET / - 404 - 0.00s
25-06-13 06:05:07 | 👾 API       | main.dispatch - GET / - 404 - 0.00s
25-06-13 06:05:17 | 👾 API       | main.dispatch - GET / - 404 - 0.00s
25-06-13 06:05:27 | 👾 API       | main.dispatch - GET / - 404 - 0.00s
25-06-13 06:05:28 | 👾 API       | main.dispatch - GET / - 404 - 0.00s
25-06-13 06:05:28 | 👾 API       | main.dispatch - GET / - 404 - 0.00s
25-06-13 06:05:38 | 👾 API       | main.dispatch - GET / - 404 - 0.00s
25-06-13 06:05:48 | 👾 API       | main.dispatch - GET / - 404 - 0.00s
25-06-13 06:05:58 | 👾 API       | main.dispatch - GET / - 404 - 0.00s
