25-06-14 19:09:47 | 🤖 PROGRAM   | program.start - Riven v0.21.21 starting!
25-06-14 19:09:47 | ❌ ERROR     | symlink.validate - rclone_path or library_path is set to the current directory.
25-06-14 19:09:47 | ❌ ERROR     | __init__.validate - No downloader service is initialized. Please initialize a downloader service.
25-06-14 19:09:47 | ❌ ERROR     | symlink.validate - Library path not set or set to the current directory in SymlinkLibrary settings.
25-06-14 19:09:47 | ❌ ERROR     | symlink.__init__ - SymlinkLibrary initialization failed due to invalid configuration.
25-06-14 19:09:47 | ⚠️  WARNING   | program.initialize_services - No content services initialized, items need to be added manually.
25-06-14 19:09:47 | ❌ ERROR     | program.initialize_services - No Scraping service initialized, you must enable at least one.
25-06-14 19:09:47 | ❌ ERROR     | program.initialize_services - No Downloader service initialized, you must enable at least one.
25-06-14 19:09:47 | 🤖 PROGRAM   | program.start - ----------------------------------------------
25-06-14 19:09:47 | ❌ ERROR     | program.start - Riven is waiting for configuration to start!
25-06-14 19:09:47 | 🤖 PROGRAM   | program.start - ----------------------------------------------
25-06-14 19:09:51 | 👾 API       | main.dispatch - GET / - 404 - 0.00s
25-06-14 19:10:01 | 👾 API       | main.dispatch - GET / - 404 - 0.00s
25-06-14 19:10:11 | 👾 API       | main.dispatch - GET / - 404 - 0.00s
25-06-14 19:10:21 | 👾 API       | main.dispatch - GET / - 404 - 0.00s
25-06-14 19:10:24 | 👾 API       | main.dispatch - GET / - 404 - 0.00s
25-06-14 19:10:31 | 👾 API       | main.dispatch - GET / - 404 - 0.00s
25-06-14 19:10:41 | 👾 API       | main.dispatch - GET / - 404 - 0.00s
25-06-14 19:10:51 | 👾 API       | main.dispatch - GET / - 404 - 0.00s
25-06-14 19:10:54 | 👾 API       | main.dispatch - GET / - 404 - 0.00s
25-06-14 19:10:56 | 👾 API       | main.dispatch - GET / - 404 - 0.00s
25-06-14 19:11:06 | 👾 API       | main.dispatch - GET / - 404 - 0.00s
25-06-14 19:11:16 | 👾 API       | main.dispatch - GET / - 404 - 0.00s
25-06-14 19:11:24 | 👾 API       | main.dispatch - GET / - 404 - 0.00s
25-06-14 19:11:24 | 👾 API       | main.dispatch - GET / - 404 - 0.00s
25-06-14 19:11:34 | 👾 API       | main.dispatch - GET / - 404 - 0.00s
25-06-14 19:11:44 | 👾 API       | main.dispatch - GET / - 404 - 0.00s
25-06-14 19:11:54 | 👾 API       | main.dispatch - GET / - 404 - 0.00s
