25-06-12 10:53:16 | 🤖 PROGRAM   | program.start - Riven v0.21.21 starting!
25-06-12 10:53:16 | ❌ ERROR     | symlink.validate - rclone_path or library_path is set to the current directory.
25-06-12 10:53:16 | ❌ ERROR     | __init__.validate - No downloader service is initialized. Please initialize a downloader service.
25-06-12 10:53:16 | ❌ ERROR     | symlink.validate - Library path not set or set to the current directory in SymlinkLibrary settings.
25-06-12 10:53:16 | ❌ ERROR     | symlink.__init__ - SymlinkLibrary initialization failed due to invalid configuration.
25-06-12 10:53:16 | ⚠️  WARNING   | program.initialize_services - No content services initialized, items need to be added manually.
25-06-12 10:53:16 | ❌ ERROR     | program.initialize_services - No Scraping service initialized, you must enable at least one.
25-06-12 10:53:16 | ❌ ERROR     | program.initialize_services - No Downloader service initialized, you must enable at least one.
25-06-12 10:53:16 | 🤖 PROGRAM   | program.start - ----------------------------------------------
25-06-12 10:53:16 | ❌ ERROR     | program.start - Riven is waiting for configuration to start!
25-06-12 10:53:16 | 🤖 PROGRAM   | program.start - ----------------------------------------------
25-06-12 10:53:20 | 👾 API       | main.dispatch - GET / - 404 - 0.00s
25-06-12 10:53:30 | 👾 API       | main.dispatch - GET / - 404 - 0.00s
25-06-12 10:53:40 | 👾 API       | main.dispatch - GET / - 404 - 0.00s
25-06-12 10:53:50 | 👾 API       | main.dispatch - GET / - 404 - 0.00s
25-06-12 10:54:00 | 👾 API       | main.dispatch - GET / - 404 - 0.00s
25-06-12 10:54:01 | 👾 API       | main.dispatch - GET / - 404 - 0.00s
25-06-12 10:54:10 | 👾 API       | main.dispatch - GET / - 404 - 0.00s
25-06-12 10:54:20 | 👾 API       | main.dispatch - GET / - 404 - 0.00s
25-06-12 10:54:24 | 👾 API       | main.dispatch - GET / - 404 - 0.00s
25-06-12 10:54:31 | 👾 API       | main.dispatch - GET / - 404 - 0.00s
25-06-12 10:54:34 | 👾 API       | main.dispatch - GET / - 404 - 0.00s
25-06-12 10:54:44 | 👾 API       | main.dispatch - GET / - 404 - 0.00s
25-06-12 10:54:54 | 👾 API       | main.dispatch - GET / - 404 - 0.00s
25-06-12 10:55:01 | 👾 API       | main.dispatch - GET / - 404 - 0.00s
25-06-12 10:55:01 | 👾 API       | main.dispatch - GET / - 404 - 0.00s
25-06-12 10:55:11 | 👾 API       | main.dispatch - GET / - 404 - 0.00s
25-06-12 10:55:21 | 👾 API       | main.dispatch - GET / - 404 - 0.00s
25-06-12 10:55:31 | 👾 API       | main.dispatch - GET / - 404 - 0.00s
