25-06-15 02:48:55 | 🤖 PROGRAM   | program.start - Riven v0.21.21 starting!
25-06-15 02:48:55 | ❌ ERROR     | symlink.validate - rclone_path or library_path is set to the current directory.
25-06-15 02:48:55 | ❌ ERROR     | __init__.validate - No downloader service is initialized. Please initialize a downloader service.
25-06-15 02:48:55 | ❌ ERROR     | symlink.validate - Library path not set or set to the current directory in SymlinkLibrary settings.
25-06-15 02:48:55 | ❌ ERROR     | symlink.__init__ - SymlinkLibrary initialization failed due to invalid configuration.
25-06-15 02:48:55 | ⚠️  WARNING   | program.initialize_services - No content services initialized, items need to be added manually.
25-06-15 02:48:55 | ❌ ERROR     | program.initialize_services - No Scraping service initialized, you must enable at least one.
25-06-15 02:48:55 | ❌ ERROR     | program.initialize_services - No Downloader service initialized, you must enable at least one.
25-06-15 02:48:55 | 🤖 PROGRAM   | program.start - ----------------------------------------------
25-06-15 02:48:55 | ❌ ERROR     | program.start - Riven is waiting for configuration to start!
25-06-15 02:48:55 | 🤖 PROGRAM   | program.start - ----------------------------------------------
25-06-15 02:48:59 | 👾 API       | main.dispatch - GET / - 404 - 0.00s
25-06-15 02:49:09 | 👾 API       | main.dispatch - GET / - 404 - 0.00s
25-06-15 02:49:19 | 👾 API       | main.dispatch - GET / - 404 - 0.00s
25-06-15 02:49:29 | 👾 API       | main.dispatch - GET / - 404 - 0.00s
25-06-15 02:49:39 | 👾 API       | main.dispatch - GET / - 404 - 0.00s
25-06-15 02:49:47 | 👾 API       | main.dispatch - GET / - 404 - 0.00s
25-06-15 02:49:49 | 👾 API       | main.dispatch - GET / - 404 - 0.00s
25-06-15 02:49:59 | 👾 API       | main.dispatch - GET / - 404 - 0.00s
25-06-15 02:50:09 | 👾 API       | main.dispatch - GET / - 404 - 0.00s
25-06-15 02:50:17 | 👾 API       | main.dispatch - GET / - 404 - 0.00s
25-06-15 02:50:18 | 👾 API       | main.dispatch - GET / - 404 - 0.00s
25-06-15 02:50:28 | 👾 API       | main.dispatch - GET / - 404 - 0.00s
25-06-15 02:50:38 | 👾 API       | main.dispatch - GET / - 404 - 0.00s
25-06-15 02:50:47 | 👾 API       | main.dispatch - GET / - 404 - 0.00s
25-06-15 02:50:47 | 👾 API       | main.dispatch - GET / - 404 - 0.00s
25-06-15 02:50:57 | 👾 API       | main.dispatch - GET / - 404 - 0.00s
25-06-15 02:51:07 | 👾 API       | main.dispatch - GET / - 404 - 0.00s
25-06-15 02:51:17 | 👾 API       | main.dispatch - GET / - 404 - 0.00s
