25-06-15 03:46:00 | 🤖 PROGRAM   | program.start - Riven v0.21.21 starting!
25-06-15 03:46:00 | ❌ ERROR     | symlink.validate - rclone_path or library_path is set to the current directory.
25-06-15 03:46:00 | ❌ ERROR     | __init__.validate - No downloader service is initialized. Please initialize a downloader service.
25-06-15 03:46:00 | ❌ ERROR     | symlink.validate - Library path not set or set to the current directory in SymlinkLibrary settings.
25-06-15 03:46:00 | ❌ ERROR     | symlink.__init__ - SymlinkLibrary initialization failed due to invalid configuration.
25-06-15 03:46:00 | ⚠️  WARNING   | program.initialize_services - No content services initialized, items need to be added manually.
25-06-15 03:46:00 | ❌ ERROR     | program.initialize_services - No Scraping service initialized, you must enable at least one.
25-06-15 03:46:00 | ❌ ERROR     | program.initialize_services - No Downloader service initialized, you must enable at least one.
25-06-15 03:46:00 | 🤖 PROGRAM   | program.start - ----------------------------------------------
25-06-15 03:46:00 | ❌ ERROR     | program.start - Riven is waiting for configuration to start!
25-06-15 03:46:00 | 🤖 PROGRAM   | program.start - ----------------------------------------------
25-06-15 03:46:04 | 👾 API       | main.dispatch - GET / - 404 - 0.00s
25-06-15 03:46:14 | 👾 API       | main.dispatch - GET / - 404 - 0.00s
25-06-15 03:46:24 | 👾 API       | main.dispatch - GET / - 404 - 0.00s
25-06-15 03:46:34 | 👾 API       | main.dispatch - GET / - 404 - 0.00s
25-06-15 03:46:44 | 👾 API       | main.dispatch - GET / - 404 - 0.00s
25-06-15 03:46:47 | 👾 API       | main.dispatch - GET / - 404 - 0.00s
25-06-15 03:47:13 | 👾 API       | main.dispatch - GET / - 404 - 0.00s
25-06-15 03:47:13 | 👾 API       | main.dispatch - GET / - 404 - 0.00s
25-06-15 03:47:13 | 👾 API       | main.dispatch - GET / - 404 - 0.00s
25-06-15 03:47:14 | 👾 API       | main.dispatch - GET / - 404 - 0.00s
25-06-15 03:47:23 | 👾 API       | main.dispatch - GET / - 404 - 0.00s
25-06-15 03:47:33 | 👾 API       | main.dispatch - GET / - 404 - 0.00s
25-06-15 03:47:43 | 👾 API       | main.dispatch - GET / - 404 - 0.00s
25-06-15 03:47:44 | 👾 API       | main.dispatch - GET / - 404 - 0.00s
25-06-15 03:47:53 | 👾 API       | main.dispatch - GET / - 404 - 0.00s
25-06-15 03:48:03 | 👾 API       | main.dispatch - GET / - 404 - 0.00s
25-06-15 03:48:13 | 👾 API       | main.dispatch - GET / - 404 - 0.00s
25-06-15 03:48:14 | 👾 API       | main.dispatch - GET / - 404 - 0.00s
25-06-15 03:48:14 | 👾 API       | main.dispatch - GET / - 404 - 0.00s
25-06-15 03:48:25 | 👾 API       | main.dispatch - GET / - 404 - 0.00s
25-06-15 03:48:34 | 👾 API       | main.dispatch - GET / - 404 - 0.00s
25-06-15 03:48:44 | 👾 API       | main.dispatch - GET / - 404 - 0.00s
