25-06-14 18:48:13 | 🤖 PROGRAM   | program.start - Riven v0.21.21 starting!
25-06-14 18:48:13 | ❌ ERROR     | symlink.validate - rclone_path or library_path is set to the current directory.
25-06-14 18:48:13 | ❌ ERROR     | __init__.validate - No downloader service is initialized. Please initialize a downloader service.
25-06-14 18:48:13 | ❌ ERROR     | symlink.validate - Library path not set or set to the current directory in SymlinkLibrary settings.
25-06-14 18:48:13 | ❌ ERROR     | symlink.__init__ - SymlinkLibrary initialization failed due to invalid configuration.
25-06-14 18:48:13 | ⚠️  WARNING   | program.initialize_services - No content services initialized, items need to be added manually.
25-06-14 18:48:13 | ❌ ERROR     | program.initialize_services - No Scraping service initialized, you must enable at least one.
25-06-14 18:48:13 | ❌ ERROR     | program.initialize_services - No Downloader service initialized, you must enable at least one.
25-06-14 18:48:13 | 🤖 PROGRAM   | program.start - ----------------------------------------------
25-06-14 18:48:13 | ❌ ERROR     | program.start - Riven is waiting for configuration to start!
25-06-14 18:48:13 | 🤖 PROGRAM   | program.start - ----------------------------------------------
25-06-14 18:48:22 | 👾 API       | main.dispatch - GET / - 404 - 0.00s
25-06-14 18:48:32 | 👾 API       | main.dispatch - GET / - 404 - 0.00s
25-06-14 18:48:42 | 👾 API       | main.dispatch - GET / - 404 - 0.00s
25-06-14 18:48:52 | 👾 API       | main.dispatch - GET / - 404 - 0.00s
25-06-14 18:48:54 | 👾 API       | main.dispatch - GET / - 404 - 0.00s
25-06-14 18:49:02 | 👾 API       | main.dispatch - GET / - 404 - 0.00s
25-06-14 18:49:12 | 👾 API       | main.dispatch - GET / - 404 - 0.00s
25-06-14 18:49:22 | 👾 API       | main.dispatch - GET / - 404 - 0.00s
25-06-14 18:49:23 | 👾 API       | main.dispatch - GET / - 404 - 0.00s
25-06-14 18:49:24 | 👾 API       | main.dispatch - GET / - 404 - 0.00s
25-06-14 18:49:33 | 👾 API       | main.dispatch - GET / - 404 - 0.00s
25-06-14 18:49:43 | 👾 API       | main.dispatch - GET / - 404 - 0.00s
25-06-14 18:49:53 | 👾 API       | main.dispatch - GET / - 404 - 0.00s
25-06-14 18:49:54 | 👾 API       | main.dispatch - GET / - 404 - 0.00s
25-06-14 18:49:54 | 👾 API       | main.dispatch - GET / - 404 - 0.00s
25-06-14 18:50:04 | 👾 API       | main.dispatch - GET / - 404 - 0.00s
25-06-14 18:50:14 | 👾 API       | main.dispatch - GET / - 404 - 0.00s
25-06-14 18:50:24 | 👾 API       | main.dispatch - GET / - 404 - 0.00s
