25-06-13 05:30:16 | 🤖 PROGRAM   | program.start - Riven v0.21.21 starting!
25-06-13 05:30:16 | ❌ ERROR     | symlink.validate - rclone_path or library_path is set to the current directory.
25-06-13 05:30:16 | ❌ ERROR     | __init__.validate - No downloader service is initialized. Please initialize a downloader service.
25-06-13 05:30:16 | ❌ ERROR     | symlink.validate - Library path not set or set to the current directory in SymlinkLibrary settings.
25-06-13 05:30:16 | ❌ ERROR     | symlink.__init__ - SymlinkLibrary initialization failed due to invalid configuration.
25-06-13 05:30:16 | ⚠️  WARNING   | program.initialize_services - No content services initialized, items need to be added manually.
25-06-13 05:30:16 | ❌ ERROR     | program.initialize_services - No Scraping service initialized, you must enable at least one.
25-06-13 05:30:16 | ❌ ERROR     | program.initialize_services - No Downloader service initialized, you must enable at least one.
25-06-13 05:30:16 | 🤖 PROGRAM   | program.start - ----------------------------------------------
25-06-13 05:30:16 | ❌ ERROR     | program.start - Riven is waiting for configuration to start!
25-06-13 05:30:16 | 🤖 PROGRAM   | program.start - ----------------------------------------------
25-06-13 05:30:22 | 👾 API       | main.dispatch - GET / - 404 - 0.00s
25-06-13 05:30:32 | 👾 API       | main.dispatch - GET / - 404 - 0.00s
25-06-13 05:30:39 | 👾 API       | main.dispatch - GET / - 404 - 0.00s
25-06-13 05:30:42 | 👾 API       | main.dispatch - GET / - 404 - 0.00s
25-06-13 05:30:52 | 👾 API       | main.dispatch - GET / - 404 - 0.00s
25-06-13 05:31:02 | 👾 API       | main.dispatch - GET / - 404 - 0.00s
25-06-13 05:31:09 | 👾 API       | main.dispatch - GET / - 404 - 0.00s
25-06-13 05:31:12 | 👾 API       | main.dispatch - GET / - 404 - 0.00s
25-06-13 05:31:22 | 👾 API       | main.dispatch - GET / - 404 - 0.00s
25-06-13 05:31:32 | 👾 API       | main.dispatch - GET / - 404 - 0.00s
25-06-13 05:31:39 | 👾 API       | main.dispatch - GET / - 404 - 0.00s
25-06-13 05:31:39 | 👾 API       | main.dispatch - GET / - 404 - 0.00s
25-06-13 05:31:49 | 👾 API       | main.dispatch - GET / - 404 - 0.00s
25-06-13 05:31:59 | 👾 API       | main.dispatch - GET / - 404 - 0.00s
25-06-13 05:32:09 | 👾 API       | main.dispatch - GET / - 404 - 0.00s
