25-06-12 18:13:16 | 🤖 PROGRAM   | program.start - Riven v0.21.21 starting!
25-06-12 18:13:16 | ❌ ERROR     | symlink.validate - rclone_path or library_path is set to the current directory.
25-06-12 18:13:16 | ❌ ERROR     | __init__.validate - No downloader service is initialized. Please initialize a downloader service.
25-06-12 18:13:16 | ❌ ERROR     | symlink.validate - Library path not set or set to the current directory in SymlinkLibrary settings.
25-06-12 18:13:16 | ❌ ERROR     | symlink.__init__ - SymlinkLibrary initialization failed due to invalid configuration.
25-06-12 18:13:16 | ⚠️  WARNING   | program.initialize_services - No content services initialized, items need to be added manually.
25-06-12 18:13:16 | ❌ ERROR     | program.initialize_services - No Scraping service initialized, you must enable at least one.
25-06-12 18:13:16 | ❌ ERROR     | program.initialize_services - No Downloader service initialized, you must enable at least one.
25-06-12 18:13:16 | 🤖 PROGRAM   | program.start - ----------------------------------------------
25-06-12 18:13:16 | ❌ ERROR     | program.start - Riven is waiting for configuration to start!
25-06-12 18:13:16 | 🤖 PROGRAM   | program.start - ----------------------------------------------
25-06-12 18:13:21 | 👾 API       | main.dispatch - GET / - 404 - 0.00s
25-06-12 18:13:31 | 👾 API       | main.dispatch - GET / - 404 - 0.00s
25-06-12 18:13:41 | 👾 API       | main.dispatch - GET / - 404 - 0.00s
25-06-12 18:13:51 | 👾 API       | main.dispatch - GET / - 404 - 0.00s
25-06-12 18:13:52 | 👾 API       | main.dispatch - GET / - 404 - 0.00s
25-06-12 18:14:01 | 👾 API       | main.dispatch - GET / - 404 - 0.00s
25-06-12 18:14:11 | 👾 API       | main.dispatch - GET / - 404 - 0.00s
25-06-12 18:14:21 | 👾 API       | main.dispatch - GET / - 404 - 0.00s
25-06-12 18:14:22 | 👾 API       | main.dispatch - GET / - 404 - 0.00s
25-06-12 18:14:24 | 👾 API       | main.dispatch - GET / - 404 - 0.00s
25-06-12 18:14:34 | 👾 API       | main.dispatch - GET / - 404 - 0.00s
25-06-12 18:14:44 | 👾 API       | main.dispatch - GET / - 404 - 0.00s
25-06-12 18:14:52 | 👾 API       | main.dispatch - GET / - 404 - 0.00s
25-06-12 18:14:52 | 👾 API       | main.dispatch - GET / - 404 - 0.00s
25-06-12 18:15:02 | 👾 API       | main.dispatch - GET / - 404 - 0.00s
25-06-12 18:15:12 | 👾 API       | main.dispatch - GET / - 404 - 0.00s
25-06-12 18:15:22 | 👾 API       | main.dispatch - GET / - 404 - 0.00s
