25-06-13 07:19:27 | 🤖 PROGRAM   | program.start - Riven v0.21.21 starting!
25-06-13 07:19:27 | ❌ ERROR     | symlink.validate - rclone_path or library_path is set to the current directory.
25-06-13 07:19:27 | ❌ ERROR     | __init__.validate - No downloader service is initialized. Please initialize a downloader service.
25-06-13 07:19:27 | ❌ ERROR     | symlink.validate - Library path not set or set to the current directory in SymlinkLibrary settings.
25-06-13 07:19:27 | ❌ ERROR     | symlink.__init__ - SymlinkLibrary initialization failed due to invalid configuration.
25-06-13 07:19:27 | ⚠️  WARNING   | program.initialize_services - No content services initialized, items need to be added manually.
25-06-13 07:19:27 | ❌ ERROR     | program.initialize_services - No Scraping service initialized, you must enable at least one.
25-06-13 07:19:27 | ❌ ERROR     | program.initialize_services - No Downloader service initialized, you must enable at least one.
25-06-13 07:19:27 | 🤖 PROGRAM   | program.start - ----------------------------------------------
25-06-13 07:19:27 | ❌ ERROR     | program.start - Riven is waiting for configuration to start!
25-06-13 07:19:27 | 🤖 PROGRAM   | program.start - ----------------------------------------------
25-06-13 07:19:40 | 👾 API       | main.dispatch - GET / - 404 - 0.00s
25-06-13 07:19:50 | 👾 API       | main.dispatch - GET / - 404 - 0.00s
25-06-13 07:20:00 | 👾 API       | main.dispatch - GET / - 404 - 0.00s
25-06-13 07:20:10 | 👾 API       | main.dispatch - GET / - 404 - 0.00s
25-06-13 07:20:13 | 👾 API       | main.dispatch - GET / - 404 - 0.00s
25-06-13 07:20:20 | 👾 API       | main.dispatch - GET / - 404 - 0.00s
25-06-13 07:20:30 | 👾 API       | main.dispatch - GET / - 404 - 0.00s
25-06-13 07:20:40 | 👾 API       | main.dispatch - GET / - 404 - 0.00s
25-06-13 07:20:41 | 👾 API       | main.dispatch - GET / - 404 - 0.00s
25-06-13 07:20:43 | 👾 API       | main.dispatch - GET / - 404 - 0.00s
25-06-13 07:20:51 | 👾 API       | main.dispatch - GET / - 404 - 0.00s
25-06-13 07:21:01 | 👾 API       | main.dispatch - GET / - 404 - 0.00s
25-06-13 07:21:11 | 👾 API       | main.dispatch - GET / - 404 - 0.00s
25-06-13 07:21:13 | 👾 API       | main.dispatch - GET / - 404 - 0.00s
25-06-13 07:21:13 | 👾 API       | main.dispatch - GET / - 404 - 0.00s
25-06-13 07:21:23 | 👾 API       | main.dispatch - GET / - 404 - 0.00s
25-06-13 07:21:33 | 👾 API       | main.dispatch - GET / - 404 - 0.00s
25-06-13 07:21:43 | 👾 API       | main.dispatch - GET / - 404 - 0.00s
