25-06-14 23:56:03 | 🤖 PROGRAM   | program.start - Riven v0.21.21 starting!
25-06-14 23:56:03 | ❌ ERROR     | symlink.validate - rclone_path or library_path is set to the current directory.
25-06-14 23:56:03 | ❌ ERROR     | __init__.validate - No downloader service is initialized. Please initialize a downloader service.
25-06-14 23:56:03 | ❌ ERROR     | symlink.validate - Library path not set or set to the current directory in SymlinkLibrary settings.
25-06-14 23:56:03 | ❌ ERROR     | symlink.__init__ - SymlinkLibrary initialization failed due to invalid configuration.
25-06-14 23:56:03 | ⚠️  WARNING   | program.initialize_services - No content services initialized, items need to be added manually.
25-06-14 23:56:03 | ❌ ERROR     | program.initialize_services - No Scraping service initialized, you must enable at least one.
25-06-14 23:56:03 | ❌ ERROR     | program.initialize_services - No Downloader service initialized, you must enable at least one.
25-06-14 23:56:03 | 🤖 PROGRAM   | program.start - ----------------------------------------------
25-06-14 23:56:03 | ❌ ERROR     | program.start - Riven is waiting for configuration to start!
25-06-14 23:56:03 | 🤖 PROGRAM   | program.start - ----------------------------------------------
25-06-14 23:56:05 | 👾 API       | main.dispatch - GET / - 404 - 0.00s
25-06-14 23:56:15 | 👾 API       | main.dispatch - GET / - 404 - 0.00s
25-06-14 23:56:25 | 👾 API       | main.dispatch - GET / - 404 - 0.00s
25-06-14 23:56:35 | 👾 API       | main.dispatch - GET / - 404 - 0.00s
25-06-14 23:56:45 | 👾 API       | main.dispatch - GET / - 404 - 0.00s
25-06-14 23:56:47 | 👾 API       | main.dispatch - GET / - 404 - 0.00s
25-06-14 23:56:55 | 👾 API       | main.dispatch - GET / - 404 - 0.00s
25-06-14 23:57:05 | 👾 API       | main.dispatch - GET / - 404 - 0.00s
25-06-14 23:57:12 | 👾 API       | main.dispatch - GET / - 404 - 0.00s
25-06-14 23:57:17 | 👾 API       | main.dispatch - GET / - 404 - 0.00s
25-06-14 23:57:22 | 👾 API       | main.dispatch - GET / - 404 - 0.00s
25-06-14 23:57:32 | 👾 API       | main.dispatch - GET / - 404 - 0.00s
25-06-14 23:57:42 | 👾 API       | main.dispatch - GET / - 404 - 0.00s
25-06-14 23:57:47 | 👾 API       | main.dispatch - GET / - 404 - 0.00s
25-06-14 23:57:47 | 👾 API       | main.dispatch - GET / - 404 - 0.00s
25-06-14 23:57:57 | 👾 API       | main.dispatch - GET / - 404 - 0.00s
25-06-14 23:58:07 | 👾 API       | main.dispatch - GET / - 404 - 0.00s
25-06-14 23:58:17 | 👾 API       | main.dispatch - GET / - 404 - 0.01s
