25-06-12 17:53:34 | 🤖 PROGRAM   | program.start - Riven v0.21.21 starting!
25-06-12 17:53:34 | ❌ ERROR     | symlink.validate - rclone_path or library_path is set to the current directory.
25-06-12 17:53:34 | ❌ ERROR     | __init__.validate - No downloader service is initialized. Please initialize a downloader service.
25-06-12 17:53:34 | ❌ ERROR     | symlink.validate - Library path not set or set to the current directory in SymlinkLibrary settings.
25-06-12 17:53:34 | ❌ ERROR     | symlink.__init__ - SymlinkLibrary initialization failed due to invalid configuration.
25-06-12 17:53:34 | ⚠️  WARNING   | program.initialize_services - No content services initialized, items need to be added manually.
25-06-12 17:53:34 | ❌ ERROR     | program.initialize_services - No Scraping service initialized, you must enable at least one.
25-06-12 17:53:34 | ❌ ERROR     | program.initialize_services - No Downloader service initialized, you must enable at least one.
25-06-12 17:53:34 | 🤖 PROGRAM   | program.start - ----------------------------------------------
25-06-12 17:53:34 | ❌ ERROR     | program.start - Riven is waiting for configuration to start!
25-06-12 17:53:34 | 🤖 PROGRAM   | program.start - ----------------------------------------------
25-06-12 17:53:48 | 👾 API       | main.dispatch - GET / - 404 - 0.00s
25-06-12 17:53:58 | 👾 API       | main.dispatch - GET / - 404 - 0.00s
25-06-12 17:54:08 | 👾 API       | main.dispatch - GET / - 404 - 0.00s
25-06-12 17:54:09 | 👾 API       | main.dispatch - GET / - 404 - 0.00s
25-06-12 17:54:18 | 👾 API       | main.dispatch - GET / - 404 - 0.00s
25-06-12 17:54:28 | 👾 API       | main.dispatch - GET / - 404 - 0.00s
25-06-12 17:54:38 | 👾 API       | main.dispatch - GET / - 404 - 0.00s
25-06-12 17:54:39 | 👾 API       | main.dispatch - GET / - 404 - 0.00s
25-06-12 17:54:48 | 👾 API       | main.dispatch - GET / - 404 - 0.00s
25-06-12 17:54:54 | 👾 API       | main.dispatch - GET / - 404 - 0.00s
25-06-12 17:55:04 | 👾 API       | main.dispatch - GET / - 404 - 0.00s
25-06-12 17:55:09 | 👾 API       | main.dispatch - GET / - 404 - 0.00s
25-06-12 17:55:09 | 👾 API       | main.dispatch - GET / - 404 - 0.00s
25-06-12 17:55:19 | 👾 API       | main.dispatch - GET / - 404 - 0.00s
25-06-12 17:55:29 | 👾 API       | main.dispatch - GET / - 404 - 0.00s
25-06-12 17:55:39 | 👾 API       | main.dispatch - GET / - 404 - 0.00s
