25-06-14 20:06:41 | 🤖 PROGRAM   | program.start - Riven v0.21.21 starting!
25-06-14 20:06:41 | ❌ ERROR     | symlink.validate - rclone_path or library_path is set to the current directory.
25-06-14 20:06:41 | ❌ ERROR     | __init__.validate - No downloader service is initialized. Please initialize a downloader service.
25-06-14 20:06:41 | ❌ ERROR     | symlink.validate - Library path not set or set to the current directory in SymlinkLibrary settings.
25-06-14 20:06:41 | ❌ ERROR     | symlink.__init__ - SymlinkLibrary initialization failed due to invalid configuration.
25-06-14 20:06:41 | ⚠️  WARNING   | program.initialize_services - No content services initialized, items need to be added manually.
25-06-14 20:06:41 | ❌ ERROR     | program.initialize_services - No Scraping service initialized, you must enable at least one.
25-06-14 20:06:41 | ❌ ERROR     | program.initialize_services - No Downloader service initialized, you must enable at least one.
25-06-14 20:06:41 | 🤖 PROGRAM   | program.start - ----------------------------------------------
25-06-14 20:06:41 | ❌ ERROR     | program.start - Riven is waiting for configuration to start!
25-06-14 20:06:41 | 🤖 PROGRAM   | program.start - ----------------------------------------------
25-06-14 20:06:45 | 👾 API       | main.dispatch - GET / - 404 - 0.00s
25-06-14 20:06:55 | 👾 API       | main.dispatch - GET / - 404 - 0.00s
25-06-14 20:07:05 | 👾 API       | main.dispatch - GET / - 404 - 0.00s
25-06-14 20:07:15 | 👾 API       | main.dispatch - GET / - 404 - 0.00s
25-06-14 20:07:24 | 👾 API       | main.dispatch - GET / - 404 - 0.00s
25-06-14 20:07:25 | 👾 API       | main.dispatch - GET / - 404 - 0.00s
25-06-14 20:07:35 | 👾 API       | main.dispatch - GET / - 404 - 0.00s
25-06-14 20:07:43 | 👾 API       | main.dispatch - GET / - 404 - 0.00s
25-06-14 20:07:53 | 👾 API       | main.dispatch - GET / - 404 - 0.00s
25-06-14 20:07:54 | 👾 API       | main.dispatch - GET / - 404 - 0.00s
25-06-14 20:08:03 | 👾 API       | main.dispatch - GET / - 404 - 0.00s
25-06-14 20:08:13 | 👾 API       | main.dispatch - GET / - 404 - 0.00s
25-06-14 20:08:23 | 👾 API       | main.dispatch - GET / - 404 - 0.00s
25-06-14 20:08:24 | 👾 API       | main.dispatch - GET / - 404 - 0.00s
25-06-14 20:08:24 | 👾 API       | main.dispatch - GET / - 404 - 0.00s
25-06-14 20:08:34 | 👾 API       | main.dispatch - GET / - 404 - 0.00s
25-06-14 20:08:44 | 👾 API       | main.dispatch - GET / - 404 - 0.00s
25-06-14 20:08:54 | 👾 API       | main.dispatch - GET / - 404 - 0.00s
