25-06-13 06:08:05 | 🤖 PROGRAM   | program.start - Riven v0.21.21 starting!
25-06-13 06:08:05 | ❌ ERROR     | symlink.validate - rclone_path or library_path is set to the current directory.
25-06-13 06:08:05 | ❌ ERROR     | __init__.validate - No downloader service is initialized. Please initialize a downloader service.
25-06-13 06:08:05 | ❌ ERROR     | symlink.validate - Library path not set or set to the current directory in SymlinkLibrary settings.
25-06-13 06:08:05 | ❌ ERROR     | symlink.__init__ - SymlinkLibrary initialization failed due to invalid configuration.
25-06-13 06:08:05 | ⚠️  WARNING   | program.initialize_services - No content services initialized, items need to be added manually.
25-06-13 06:08:05 | ❌ ERROR     | program.initialize_services - No Scraping service initialized, you must enable at least one.
25-06-13 06:08:05 | ❌ ERROR     | program.initialize_services - No Downloader service initialized, you must enable at least one.
25-06-13 06:08:05 | 🤖 PROGRAM   | program.start - ----------------------------------------------
25-06-13 06:08:05 | ❌ ERROR     | program.start - Riven is waiting for configuration to start!
25-06-13 06:08:05 | 🤖 PROGRAM   | program.start - ----------------------------------------------
25-06-13 06:08:10 | 👾 API       | main.dispatch - GET / - 404 - 0.00s
25-06-13 06:08:20 | 👾 API       | main.dispatch - GET / - 404 - 0.00s
25-06-13 06:08:30 | 👾 API       | main.dispatch - GET / - 404 - 0.00s
25-06-13 06:08:40 | 👾 API       | main.dispatch - GET / - 404 - 0.00s
25-06-13 06:08:50 | 👾 API       | main.dispatch - GET / - 404 - 0.00s
25-06-13 06:08:58 | 👾 API       | main.dispatch - GET / - 404 - 0.00s
25-06-13 06:09:00 | 👾 API       | main.dispatch - GET / - 404 - 0.00s
25-06-13 06:09:10 | 👾 API       | main.dispatch - GET / - 404 - 0.00s
25-06-13 06:09:13 | 👾 API       | main.dispatch - GET / - 404 - 0.00s
25-06-13 06:09:23 | 👾 API       | main.dispatch - GET / - 404 - 0.00s
25-06-13 06:09:28 | 👾 API       | main.dispatch - GET / - 404 - 0.00s
25-06-13 06:09:33 | 👾 API       | main.dispatch - GET / - 404 - 0.00s
25-06-13 06:09:43 | 👾 API       | main.dispatch - GET / - 404 - 0.00s
25-06-13 06:09:53 | 👾 API       | main.dispatch - GET / - 404 - 0.00s
25-06-13 06:09:58 | 👾 API       | main.dispatch - GET / - 404 - 0.00s
25-06-13 06:09:58 | 👾 API       | main.dispatch - GET / - 404 - 0.00s
25-06-13 06:10:08 | 👾 API       | main.dispatch - GET / - 404 - 0.00s
25-06-13 06:10:18 | 👾 API       | main.dispatch - GET / - 404 - 0.00s
25-06-13 06:10:28 | 👾 API       | main.dispatch - GET / - 404 - 0.00s
