25-06-12 17:05:22 | 🤖 PROGRAM   | program.start - Riven v0.21.21 starting!
25-06-12 17:05:22 | ❌ ERROR     | symlink.validate - rclone_path or library_path is set to the current directory.
25-06-12 17:05:22 | ❌ ERROR     | __init__.validate - No downloader service is initialized. Please initialize a downloader service.
25-06-12 17:05:22 | ❌ ERROR     | symlink.validate - Library path not set or set to the current directory in SymlinkLibrary settings.
25-06-12 17:05:22 | ❌ ERROR     | symlink.__init__ - SymlinkLibrary initialization failed due to invalid configuration.
25-06-12 17:05:22 | ⚠️  WARNING   | program.initialize_services - No content services initialized, items need to be added manually.
25-06-12 17:05:22 | ❌ ERROR     | program.initialize_services - No Scraping service initialized, you must enable at least one.
25-06-12 17:05:22 | ❌ ERROR     | program.initialize_services - No Downloader service initialized, you must enable at least one.
25-06-12 17:05:22 | 🤖 PROGRAM   | program.start - ----------------------------------------------
25-06-12 17:05:22 | ❌ ERROR     | program.start - Riven is waiting for configuration to start!
25-06-12 17:05:22 | 🤖 PROGRAM   | program.start - ----------------------------------------------
25-06-12 17:05:29 | 👾 API       | main.dispatch - GET / - 404 - 0.00s
25-06-12 17:05:39 | 👾 API       | main.dispatch - GET / - 404 - 0.00s
25-06-12 17:05:49 | 👾 API       | main.dispatch - GET / - 404 - 0.00s
25-06-12 17:05:58 | 👾 API       | main.dispatch - GET / - 404 - 0.00s
25-06-12 17:05:59 | 👾 API       | main.dispatch - GET / - 404 - 0.00s
25-06-12 17:06:09 | 👾 API       | main.dispatch - GET / - 404 - 0.00s
25-06-12 17:06:19 | 👾 API       | main.dispatch - GET / - 404 - 0.00s
25-06-12 17:06:28 | 👾 API       | main.dispatch - GET / - 404 - 0.00s
25-06-12 17:06:29 | 👾 API       | main.dispatch - GET / - 404 - 0.00s
25-06-12 17:06:30 | 👾 API       | main.dispatch - GET / - 404 - 0.00s
25-06-12 17:06:40 | 👾 API       | main.dispatch - GET / - 404 - 0.00s
25-06-12 17:06:50 | 👾 API       | main.dispatch - GET / - 404 - 0.00s
