25-06-13 02:44:53 | 🤖 PROGRAM   | program.start - Riven v0.21.21 starting!
25-06-13 02:44:53 | ❌ ERROR     | symlink.validate - rclone_path or library_path is set to the current directory.
25-06-13 02:44:53 | ❌ ERROR     | __init__.validate - No downloader service is initialized. Please initialize a downloader service.
25-06-13 02:44:53 | ❌ ERROR     | symlink.validate - Library path not set or set to the current directory in SymlinkLibrary settings.
25-06-13 02:44:53 | ❌ ERROR     | symlink.__init__ - SymlinkLibrary initialization failed due to invalid configuration.
25-06-13 02:44:53 | ⚠️  WARNING   | program.initialize_services - No content services initialized, items need to be added manually.
25-06-13 02:44:53 | ❌ ERROR     | program.initialize_services - No Scraping service initialized, you must enable at least one.
25-06-13 02:44:53 | ❌ ERROR     | program.initialize_services - No Downloader service initialized, you must enable at least one.
25-06-13 02:44:53 | 🤖 PROGRAM   | program.start - ----------------------------------------------
25-06-13 02:44:53 | ❌ ERROR     | program.start - Riven is waiting for configuration to start!
25-06-13 02:44:53 | 🤖 PROGRAM   | program.start - ----------------------------------------------
25-06-13 02:44:58 | 👾 API       | main.dispatch - GET / - 404 - 0.00s
25-06-13 02:45:07 | 👾 API       | main.dispatch - GET / - 404 - 0.00s
25-06-13 02:45:16 | 👾 API       | main.dispatch - GET / - 404 - 0.00s
25-06-13 02:45:17 | 👾 API       | main.dispatch - GET / - 404 - 0.00s
25-06-13 02:45:27 | 👾 API       | main.dispatch - GET / - 404 - 0.00s
25-06-13 02:45:37 | 👾 API       | main.dispatch - GET / - 404 - 0.00s
25-06-13 02:45:46 | 👾 API       | main.dispatch - GET / - 404 - 0.00s
25-06-13 02:45:47 | 👾 API       | main.dispatch - GET / - 404 - 0.00s
25-06-13 02:45:49 | 👾 API       | main.dispatch - GET / - 404 - 0.00s
25-06-13 02:45:59 | 👾 API       | main.dispatch - GET / - 404 - 0.00s
25-06-13 02:46:09 | 👾 API       | main.dispatch - GET / - 404 - 0.00s
25-06-13 02:46:16 | 👾 API       | main.dispatch - GET / - 404 - 0.00s
25-06-13 02:46:16 | 👾 API       | main.dispatch - GET / - 404 - 0.00s
25-06-13 02:46:26 | 👾 API       | main.dispatch - GET / - 404 - 0.00s
25-06-13 02:46:36 | 👾 API       | main.dispatch - GET / - 404 - 0.00s
25-06-13 02:46:46 | 👾 API       | main.dispatch - GET / - 404 - 0.00s
