25-06-14 19:50:01 | 🤖 PROGRAM   | program.start - Riven v0.21.21 starting!
25-06-14 19:50:01 | ❌ ERROR     | symlink.validate - rclone_path or library_path is set to the current directory.
25-06-14 19:50:01 | ❌ ERROR     | __init__.validate - No downloader service is initialized. Please initialize a downloader service.
25-06-14 19:50:01 | ❌ ERROR     | symlink.validate - Library path not set or set to the current directory in SymlinkLibrary settings.
25-06-14 19:50:01 | ❌ ERROR     | symlink.__init__ - SymlinkLibrary initialization failed due to invalid configuration.
25-06-14 19:50:01 | ⚠️  WARNING   | program.initialize_services - No content services initialized, items need to be added manually.
25-06-14 19:50:01 | ❌ ERROR     | program.initialize_services - No Scraping service initialized, you must enable at least one.
25-06-14 19:50:01 | ❌ ERROR     | program.initialize_services - No Downloader service initialized, you must enable at least one.
25-06-14 19:50:01 | 🤖 PROGRAM   | program.start - ----------------------------------------------
25-06-14 19:50:01 | ❌ ERROR     | program.start - Riven is waiting for configuration to start!
25-06-14 19:50:01 | 🤖 PROGRAM   | program.start - ----------------------------------------------
25-06-14 19:50:05 | 👾 API       | main.dispatch - GET / - 404 - 0.00s
25-06-14 19:50:15 | 👾 API       | main.dispatch - GET / - 404 - 0.00s
25-06-14 19:50:24 | 👾 API       | main.dispatch - GET / - 404 - 0.00s
25-06-14 19:50:25 | 👾 API       | main.dispatch - GET / - 404 - 0.00s
25-06-14 19:50:35 | 👾 API       | main.dispatch - GET / - 404 - 0.00s
25-06-14 19:50:45 | 👾 API       | main.dispatch - GET / - 404 - 0.00s
25-06-14 19:50:54 | 👾 API       | main.dispatch - GET / - 404 - 0.00s
25-06-14 19:50:55 | 👾 API       | main.dispatch - GET / - 404 - 0.00s
25-06-14 19:51:05 | 👾 API       | main.dispatch - GET / - 404 - 0.00s
25-06-14 19:51:13 | 👾 API       | main.dispatch - GET / - 404 - 0.00s
25-06-14 19:51:23 | 👾 API       | main.dispatch - GET / - 404 - 0.00s
25-06-14 19:51:24 | 👾 API       | main.dispatch - GET / - 404 - 0.00s
25-06-14 19:51:24 | 👾 API       | main.dispatch - GET / - 404 - 0.00s
25-06-14 19:51:34 | 👾 API       | main.dispatch - GET / - 404 - 0.00s
25-06-14 19:51:44 | 👾 API       | main.dispatch - GET / - 404 - 0.00s
25-06-14 19:51:54 | 👾 API       | main.dispatch - GET / - 404 - 0.00s
