25-06-12 19:21:02 | 🤖 PROGRAM   | program.start - Riven v0.21.21 starting!
25-06-12 19:21:02 | ❌ ERROR     | symlink.validate - rclone_path or library_path is set to the current directory.
25-06-12 19:21:02 | ❌ ERROR     | __init__.validate - No downloader service is initialized. Please initialize a downloader service.
25-06-12 19:21:02 | ❌ ERROR     | symlink.validate - Library path not set or set to the current directory in SymlinkLibrary settings.
25-06-12 19:21:02 | ❌ ERROR     | symlink.__init__ - SymlinkLibrary initialization failed due to invalid configuration.
25-06-12 19:21:02 | ⚠️  WARNING   | program.initialize_services - No content services initialized, items need to be added manually.
25-06-12 19:21:02 | ❌ ERROR     | program.initialize_services - No Scraping service initialized, you must enable at least one.
25-06-12 19:21:02 | ❌ ERROR     | program.initialize_services - No Downloader service initialized, you must enable at least one.
25-06-12 19:21:02 | 🤖 PROGRAM   | program.start - ----------------------------------------------
25-06-12 19:21:02 | ❌ ERROR     | program.start - Riven is waiting for configuration to start!
25-06-12 19:21:02 | 🤖 PROGRAM   | program.start - ----------------------------------------------
25-06-12 19:21:07 | 👾 API       | main.dispatch - GET / - 404 - 0.00s
25-06-12 19:21:17 | 👾 API       | main.dispatch - GET / - 404 - 0.00s
25-06-12 19:21:25 | 👾 API       | main.dispatch - GET / - 404 - 0.00s
25-06-12 19:21:27 | 👾 API       | main.dispatch - GET / - 404 - 0.00s
25-06-12 19:21:37 | 👾 API       | main.dispatch - GET / - 404 - 0.00s
25-06-12 19:21:47 | 👾 API       | main.dispatch - GET / - 404 - 0.00s
25-06-12 19:21:55 | 👾 API       | main.dispatch - GET / - 404 - 0.00s
25-06-12 19:21:57 | 👾 API       | main.dispatch - GET / - 404 - 0.00s
25-06-12 19:22:01 | 👾 API       | main.dispatch - GET / - 404 - 0.00s
25-06-12 19:22:11 | 👾 API       | main.dispatch - GET / - 404 - 0.00s
25-06-12 19:22:21 | 👾 API       | main.dispatch - GET / - 404 - 0.00s
25-06-12 19:22:25 | 👾 API       | main.dispatch - GET / - 404 - 0.00s
25-06-12 19:22:25 | 👾 API       | main.dispatch - GET / - 404 - 0.00s
25-06-12 19:22:35 | 👾 API       | main.dispatch - GET / - 404 - 0.00s
25-06-12 19:22:45 | 👾 API       | main.dispatch - GET / - 404 - 0.00s
25-06-12 19:22:55 | 👾 API       | main.dispatch - GET / - 404 - 0.00s
