25-06-14 21:03:36 | 🤖 PROGRAM   | program.start - Riven v0.21.21 starting!
25-06-14 21:03:36 | ❌ ERROR     | symlink.validate - rclone_path or library_path is set to the current directory.
25-06-14 21:03:36 | ❌ ERROR     | __init__.validate - No downloader service is initialized. Please initialize a downloader service.
25-06-14 21:03:36 | ❌ ERROR     | symlink.validate - Library path not set or set to the current directory in SymlinkLibrary settings.
25-06-14 21:03:36 | ❌ ERROR     | symlink.__init__ - SymlinkLibrary initialization failed due to invalid configuration.
25-06-14 21:03:36 | ⚠️  WARNING   | program.initialize_services - No content services initialized, items need to be added manually.
25-06-14 21:03:36 | ❌ ERROR     | program.initialize_services - No Scraping service initialized, you must enable at least one.
25-06-14 21:03:36 | ❌ ERROR     | program.initialize_services - No Downloader service initialized, you must enable at least one.
25-06-14 21:03:36 | 🤖 PROGRAM   | program.start - ----------------------------------------------
25-06-14 21:03:36 | ❌ ERROR     | program.start - Riven is waiting for configuration to start!
25-06-14 21:03:36 | 🤖 PROGRAM   | program.start - ----------------------------------------------
25-06-14 21:03:41 | 👾 API       | main.dispatch - GET / - 404 - 0.00s
25-06-14 21:03:50 | 👾 API       | main.dispatch - GET / - 404 - 0.00s
25-06-14 21:04:00 | 👾 API       | main.dispatch - GET / - 404 - 0.00s
25-06-14 21:04:10 | 👾 API       | main.dispatch - GET / - 404 - 0.00s
25-06-14 21:04:20 | 👾 API       | main.dispatch - GET / - 404 - 0.00s
25-06-14 21:04:24 | 👾 API       | main.dispatch - GET / - 404 - 0.00s
25-06-14 21:04:30 | 👾 API       | main.dispatch - GET / - 404 - 0.00s
25-06-14 21:04:40 | 👾 API       | main.dispatch - GET / - 404 - 0.00s
25-06-14 21:04:50 | 👾 API       | main.dispatch - GET / - 404 - 0.00s
25-06-14 21:04:54 | 👾 API       | main.dispatch - GET / - 404 - 0.00s
25-06-14 21:05:00 | 👾 API       | main.dispatch - GET / - 404 - 0.00s
25-06-14 21:05:10 | 👾 API       | main.dispatch - GET / - 404 - 0.00s
25-06-14 21:05:20 | 👾 API       | main.dispatch - GET / - 404 - 0.00s
25-06-14 21:05:24 | 👾 API       | main.dispatch - GET / - 404 - 0.00s
25-06-14 21:05:24 | 👾 API       | main.dispatch - GET / - 404 - 0.00s
25-06-14 21:05:34 | 👾 API       | main.dispatch - GET / - 404 - 0.00s
25-06-14 21:05:44 | 👾 API       | main.dispatch - GET / - 404 - 0.00s
25-06-14 21:05:54 | 👾 API       | main.dispatch - GET / - 404 - 0.00s
