25-06-12 06:57:18 | 🤖 PROGRAM   | program.start - Riven v0.21.21 starting!
25-06-12 06:57:18 | ❌ ERROR     | symlink.validate - rclone_path or library_path is set to the current directory.
25-06-12 06:57:18 | ❌ ERROR     | __init__.validate - No downloader service is initialized. Please initialize a downloader service.
25-06-12 06:57:18 | ❌ ERROR     | symlink.validate - Library path not set or set to the current directory in SymlinkLibrary settings.
25-06-12 06:57:18 | ❌ ERROR     | symlink.__init__ - SymlinkLibrary initialization failed due to invalid configuration.
25-06-12 06:57:18 | ⚠️  WARNING   | program.initialize_services - No content services initialized, items need to be added manually.
25-06-12 06:57:18 | ❌ ERROR     | program.initialize_services - No Scraping service initialized, you must enable at least one.
25-06-12 06:57:18 | ❌ ERROR     | program.initialize_services - No Downloader service initialized, you must enable at least one.
25-06-12 06:57:18 | 🤖 PROGRAM   | program.start - ----------------------------------------------
25-06-12 06:57:18 | ❌ ERROR     | program.start - Riven is waiting for configuration to start!
25-06-12 06:57:18 | 🤖 PROGRAM   | program.start - ----------------------------------------------
25-06-12 06:57:24 | 👾 API       | main.dispatch - GET / - 404 - 0.00s
25-06-12 06:57:34 | 👾 API       | main.dispatch - GET / - 404 - 0.00s
25-06-12 06:57:44 | 👾 API       | main.dispatch - GET / - 404 - 0.00s
25-06-12 06:57:54 | 👾 API       | main.dispatch - GET / - 404 - 0.00s
25-06-12 06:58:04 | 👾 API       | main.dispatch - GET / - 404 - 0.00s
25-06-12 06:58:11 | 👾 API       | main.dispatch - GET / - 404 - 0.00s
25-06-12 06:58:14 | 👾 API       | main.dispatch - GET / - 404 - 0.00s
25-06-12 06:58:24 | 👾 API       | main.dispatch - GET / - 404 - 0.00s
25-06-12 06:58:34 | 👾 API       | main.dispatch - GET / - 404 - 0.00s
25-06-12 06:58:40 | 👾 API       | main.dispatch - GET / - 404 - 0.00s
25-06-12 06:58:41 | 👾 API       | main.dispatch - GET / - 404 - 0.00s
25-06-12 06:58:50 | 👾 API       | main.dispatch - GET / - 404 - 0.00s
25-06-12 06:59:00 | 👾 API       | main.dispatch - GET / - 404 - 0.00s
25-06-12 06:59:10 | 👾 API       | main.dispatch - GET / - 404 - 0.00s
25-06-12 06:59:11 | 👾 API       | main.dispatch - GET / - 404 - 0.00s
25-06-12 06:59:11 | 👾 API       | main.dispatch - GET / - 404 - 0.00s
25-06-12 06:59:21 | 👾 API       | main.dispatch - GET / - 404 - 0.00s
25-06-12 06:59:31 | 👾 API       | main.dispatch - GET / - 404 - 0.00s
25-06-12 06:59:41 | 👾 API       | main.dispatch - GET / - 404 - 0.00s
