25-06-12 02:07:11 | 🤖 PROGRAM   | program.start - Riven v0.21.21 starting!
25-06-12 02:07:11 | ❌ ERROR     | symlink.validate - rclone_path or library_path is set to the current directory.
25-06-12 02:07:11 | ❌ ERROR     | __init__.validate - No downloader service is initialized. Please initialize a downloader service.
25-06-12 02:07:11 | ❌ ERROR     | symlink.validate - Library path not set or set to the current directory in SymlinkLibrary settings.
25-06-12 02:07:11 | ❌ ERROR     | symlink.__init__ - SymlinkLibrary initialization failed due to invalid configuration.
25-06-12 02:07:11 | ⚠️  WARNING   | program.initialize_services - No content services initialized, items need to be added manually.
25-06-12 02:07:11 | ❌ ERROR     | program.initialize_services - No Scraping service initialized, you must enable at least one.
25-06-12 02:07:11 | ❌ ERROR     | program.initialize_services - No Downloader service initialized, you must enable at least one.
25-06-12 02:07:11 | 🤖 PROGRAM   | program.start - ----------------------------------------------
25-06-12 02:07:11 | ❌ ERROR     | program.start - Riven is waiting for configuration to start!
25-06-12 02:07:11 | 🤖 PROGRAM   | program.start - ----------------------------------------------
25-06-12 02:07:13 | 👾 API       | main.dispatch - GET / - 404 - 0.00s
25-06-12 02:07:23 | 👾 API       | main.dispatch - GET / - 404 - 0.00s
25-06-12 02:07:31 | 👾 API       | main.dispatch - GET / - 404 - 0.00s
25-06-12 02:07:33 | 👾 API       | main.dispatch - GET / - 404 - 0.00s
25-06-12 02:07:43 | 👾 API       | main.dispatch - GET / - 404 - 0.01s
25-06-12 02:07:53 | 👾 API       | main.dispatch - GET / - 404 - 0.00s
25-06-12 02:08:01 | 👾 API       | main.dispatch - GET / - 404 - 0.00s
25-06-12 02:08:03 | 👾 API       | main.dispatch - GET / - 404 - 0.00s
25-06-12 02:08:13 | 👾 API       | main.dispatch - GET / - 404 - 0.00s
25-06-12 02:08:23 | 👾 API       | main.dispatch - GET / - 404 - 0.00s
25-06-12 02:08:31 | 👾 API       | main.dispatch - GET / - 404 - 0.00s
25-06-12 02:08:31 | 👾 API       | main.dispatch - GET / - 404 - 0.00s
25-06-12 02:08:41 | 👾 API       | main.dispatch - GET / - 404 - 0.00s
25-06-12 02:08:51 | 👾 API       | main.dispatch - GET / - 404 - 0.00s
25-06-12 02:09:01 | 👾 API       | main.dispatch - GET / - 404 - 0.00s
