25-06-15 00:07:55 | 🤖 PROGRAM   | program.start - Riven v0.21.21 starting!
25-06-15 00:07:55 | ❌ ERROR     | symlink.validate - rclone_path or library_path is set to the current directory.
25-06-15 00:07:55 | ❌ ERROR     | __init__.validate - No downloader service is initialized. Please initialize a downloader service.
25-06-15 00:07:55 | ❌ ERROR     | symlink.validate - Library path not set or set to the current directory in SymlinkLibrary settings.
25-06-15 00:07:55 | ❌ ERROR     | symlink.__init__ - SymlinkLibrary initialization failed due to invalid configuration.
25-06-15 00:07:55 | ⚠️  WARNING   | program.initialize_services - No content services initialized, items need to be added manually.
25-06-15 00:07:55 | ❌ ERROR     | program.initialize_services - No Scraping service initialized, you must enable at least one.
25-06-15 00:07:55 | ❌ ERROR     | program.initialize_services - No Downloader service initialized, you must enable at least one.
25-06-15 00:07:55 | 🤖 PROGRAM   | program.start - ----------------------------------------------
25-06-15 00:07:55 | ❌ ERROR     | program.start - Riven is waiting for configuration to start!
25-06-15 00:07:55 | 🤖 PROGRAM   | program.start - ----------------------------------------------
25-06-15 00:08:00 | 👾 API       | main.dispatch - GET / - 404 - 0.00s
25-06-15 00:08:10 | 👾 API       | main.dispatch - GET / - 404 - 0.00s
25-06-15 00:08:17 | 👾 API       | main.dispatch - GET / - 404 - 0.00s
25-06-15 00:08:20 | 👾 API       | main.dispatch - GET / - 404 - 0.00s
25-06-15 00:08:30 | 👾 API       | main.dispatch - GET / - 404 - 0.00s
25-06-15 00:08:40 | 👾 API       | main.dispatch - GET / - 404 - 0.00s
25-06-15 00:08:47 | 👾 API       | main.dispatch - GET / - 404 - 0.00s
25-06-15 00:08:50 | 👾 API       | main.dispatch - GET / - 404 - 0.00s
25-06-15 00:08:54 | 👾 API       | main.dispatch - GET / - 404 - 0.00s
25-06-15 00:09:04 | 👾 API       | main.dispatch - GET / - 404 - 0.00s
25-06-15 00:09:14 | 👾 API       | main.dispatch - GET / - 404 - 0.00s
25-06-15 00:09:17 | 👾 API       | main.dispatch - GET / - 404 - 0.00s
25-06-15 00:09:17 | 👾 API       | main.dispatch - GET / - 404 - 0.00s
25-06-15 00:09:27 | 👾 API       | main.dispatch - GET / - 404 - 0.00s
25-06-15 00:09:37 | 👾 API       | main.dispatch - GET / - 404 - 0.00s
25-06-15 00:09:47 | 👾 API       | main.dispatch - GET / - 404 - 0.00s
