25-06-14 18:14:30 | 🤖 PROGRAM   | program.start - Riven v0.21.21 starting!
25-06-14 18:14:30 | ❌ ERROR     | symlink.validate - rclone_path or library_path is set to the current directory.
25-06-14 18:14:30 | ❌ ERROR     | __init__.validate - No downloader service is initialized. Please initialize a downloader service.
25-06-14 18:14:30 | ❌ ERROR     | symlink.validate - Library path not set or set to the current directory in SymlinkLibrary settings.
25-06-14 18:14:30 | ❌ ERROR     | symlink.__init__ - SymlinkLibrary initialization failed due to invalid configuration.
25-06-14 18:14:30 | ⚠️  WARNING   | program.initialize_services - No content services initialized, items need to be added manually.
25-06-14 18:14:30 | ❌ ERROR     | program.initialize_services - No Scraping service initialized, you must enable at least one.
25-06-14 18:14:30 | ❌ ERROR     | program.initialize_services - No Downloader service initialized, you must enable at least one.
25-06-14 18:14:30 | 🤖 PROGRAM   | program.start - ----------------------------------------------
25-06-14 18:14:30 | ❌ ERROR     | program.start - Riven is waiting for configuration to start!
25-06-14 18:14:30 | 🤖 PROGRAM   | program.start - ----------------------------------------------
25-06-14 18:14:35 | 👾 API       | main.dispatch - GET / - 404 - 0.00s
25-06-14 18:14:45 | 👾 API       | main.dispatch - GET / - 404 - 0.00s
25-06-14 18:14:55 | 👾 API       | main.dispatch - GET / - 404 - 0.00s
25-06-14 18:15:05 | 👾 API       | main.dispatch - GET / - 404 - 0.00s
25-06-14 18:15:15 | 👾 API       | main.dispatch - GET / - 404 - 0.00s
25-06-14 18:15:22 | 👾 API       | main.dispatch - GET / - 404 - 0.00s
25-06-14 18:15:25 | 👾 API       | main.dispatch - GET / - 404 - 0.00s
25-06-14 18:15:27 | 👾 API       | main.dispatch - GET / - 404 - 0.00s
25-06-14 18:15:37 | 👾 API       | main.dispatch - GET / - 404 - 0.00s
25-06-14 18:15:47 | 👾 API       | main.dispatch - GET / - 404 - 0.00s
25-06-14 18:15:52 | 👾 API       | main.dispatch - GET / - 404 - 0.00s
25-06-14 18:15:57 | 👾 API       | main.dispatch - GET / - 404 - 0.00s
25-06-14 18:16:07 | 👾 API       | main.dispatch - GET / - 404 - 0.00s
25-06-14 18:16:17 | 👾 API       | main.dispatch - GET / - 404 - 0.00s
25-06-14 18:16:22 | 👾 API       | main.dispatch - GET / - 404 - 0.00s
25-06-14 18:16:22 | 👾 API       | main.dispatch - GET / - 404 - 0.00s
25-06-14 18:16:32 | 👾 API       | main.dispatch - GET / - 404 - 0.00s
25-06-14 18:16:42 | 👾 API       | main.dispatch - GET / - 404 - 0.00s
25-06-14 18:16:52 | 👾 API       | main.dispatch - GET / - 404 - 0.00s
