25-06-12 14:29:25 | 🤖 PROGRAM   | program.start - Riven v0.21.21 starting!
25-06-12 14:29:25 | ❌ ERROR     | symlink.validate - rclone_path or library_path is set to the current directory.
25-06-12 14:29:25 | ❌ ERROR     | __init__.validate - No downloader service is initialized. Please initialize a downloader service.
25-06-12 14:29:25 | ❌ ERROR     | symlink.validate - Library path not set or set to the current directory in SymlinkLibrary settings.
25-06-12 14:29:25 | ❌ ERROR     | symlink.__init__ - SymlinkLibrary initialization failed due to invalid configuration.
25-06-12 14:29:25 | ⚠️  WARNING   | program.initialize_services - No content services initialized, items need to be added manually.
25-06-12 14:29:25 | ❌ ERROR     | program.initialize_services - No Scraping service initialized, you must enable at least one.
25-06-12 14:29:25 | ❌ ERROR     | program.initialize_services - No Downloader service initialized, you must enable at least one.
25-06-12 14:29:25 | 🤖 PROGRAM   | program.start - ----------------------------------------------
25-06-12 14:29:25 | ❌ ERROR     | program.start - Riven is waiting for configuration to start!
25-06-12 14:29:25 | 🤖 PROGRAM   | program.start - ----------------------------------------------
25-06-12 14:29:30 | 👾 API       | main.dispatch - GET / - 404 - 0.00s
25-06-12 14:29:40 | 👾 API       | main.dispatch - GET / - 404 - 0.00s
25-06-12 14:29:50 | 👾 API       | main.dispatch - GET / - 404 - 0.00s
25-06-12 14:30:00 | 👾 API       | main.dispatch - GET / - 404 - 0.00s
25-06-12 14:30:10 | 👾 API       | main.dispatch - GET / - 404 - 0.00s
25-06-12 14:30:18 | 👾 API       | main.dispatch - GET / - 404 - 0.00s
25-06-12 14:30:20 | 👾 API       | main.dispatch - GET / - 404 - 0.00s
25-06-12 14:30:30 | 👾 API       | main.dispatch - GET / - 404 - 0.00s
25-06-12 14:30:40 | 👾 API       | main.dispatch - GET / - 404 - 0.00s
25-06-12 14:30:48 | 👾 API       | main.dispatch - GET / - 404 - 0.00s
25-06-12 14:30:50 | 👾 API       | main.dispatch - GET / - 404 - 0.00s
25-06-12 14:31:00 | 👾 API       | main.dispatch - GET / - 404 - 0.00s
25-06-12 14:31:10 | 👾 API       | main.dispatch - GET / - 404 - 0.00s
25-06-12 14:31:18 | 👾 API       | main.dispatch - GET / - 404 - 0.00s
25-06-12 14:31:18 | 👾 API       | main.dispatch - GET / - 404 - 0.00s
25-06-12 14:31:28 | 👾 API       | main.dispatch - GET / - 404 - 0.00s
25-06-12 14:31:38 | 👾 API       | main.dispatch - GET / - 404 - 0.00s
25-06-12 14:31:48 | 👾 API       | main.dispatch - GET / - 404 - 0.00s
