25-06-14 21:41:44 | 🤖 PROGRAM   | program.start - Riven v0.21.21 starting!
25-06-14 21:41:44 | ❌ ERROR     | symlink.validate - rclone_path or library_path is set to the current directory.
25-06-14 21:41:44 | ❌ ERROR     | __init__.validate - No downloader service is initialized. Please initialize a downloader service.
25-06-14 21:41:44 | ❌ ERROR     | symlink.validate - Library path not set or set to the current directory in SymlinkLibrary settings.
25-06-14 21:41:44 | ❌ ERROR     | symlink.__init__ - SymlinkLibrary initialization failed due to invalid configuration.
25-06-14 21:41:44 | ⚠️  WARNING   | program.initialize_services - No content services initialized, items need to be added manually.
25-06-14 21:41:44 | ❌ ERROR     | program.initialize_services - No Scraping service initialized, you must enable at least one.
25-06-14 21:41:44 | ❌ ERROR     | program.initialize_services - No Downloader service initialized, you must enable at least one.
25-06-14 21:41:44 | 🤖 PROGRAM   | program.start - ----------------------------------------------
25-06-14 21:41:44 | ❌ ERROR     | program.start - Riven is waiting for configuration to start!
25-06-14 21:41:44 | 🤖 PROGRAM   | program.start - ----------------------------------------------
25-06-14 21:41:48 | 👾 API       | main.dispatch - GET / - 404 - 0.00s
25-06-14 21:41:58 | 👾 API       | main.dispatch - GET / - 404 - 0.00s
25-06-14 21:42:08 | 👾 API       | main.dispatch - GET / - 404 - 0.00s
25-06-14 21:42:18 | 👾 API       | main.dispatch - GET / - 404 - 0.00s
25-06-14 21:42:24 | 👾 API       | main.dispatch - GET / - 404 - 0.00s
25-06-14 21:42:28 | 👾 API       | main.dispatch - GET / - 404 - 0.00s
25-06-14 21:42:38 | 👾 API       | main.dispatch - GET / - 404 - 0.00s
25-06-14 21:42:48 | 👾 API       | main.dispatch - GET / - 404 - 0.00s
25-06-14 21:42:54 | 👾 API       | main.dispatch - GET / - 404 - 0.00s
25-06-14 21:42:58 | 👾 API       | main.dispatch - GET / - 404 - 0.00s
25-06-14 21:43:08 | 👾 API       | main.dispatch - GET / - 404 - 0.00s
25-06-14 21:43:09 | 👾 API       | main.dispatch - GET / - 404 - 0.00s
25-06-14 21:43:19 | 👾 API       | main.dispatch - GET / - 404 - 0.00s
25-06-14 21:43:24 | 👾 API       | main.dispatch - GET / - 404 - 0.00s
25-06-14 21:43:24 | 👾 API       | main.dispatch - GET / - 404 - 0.00s
25-06-14 21:43:34 | 👾 API       | main.dispatch - GET / - 404 - 0.00s
25-06-14 21:43:44 | 👾 API       | main.dispatch - GET / - 404 - 0.00s
25-06-14 21:43:54 | 👾 API       | main.dispatch - GET / - 404 - 0.00s
