25-06-14 18:22:12 | 🤖 PROGRAM   | program.start - Riven v0.21.21 starting!
25-06-14 18:22:12 | ❌ ERROR     | symlink.validate - rclone_path or library_path is set to the current directory.
25-06-14 18:22:12 | ❌ ERROR     | __init__.validate - No downloader service is initialized. Please initialize a downloader service.
25-06-14 18:22:12 | ❌ ERROR     | symlink.validate - Library path not set or set to the current directory in SymlinkLibrary settings.
25-06-14 18:22:12 | ❌ ERROR     | symlink.__init__ - SymlinkLibrary initialization failed due to invalid configuration.
25-06-14 18:22:12 | ⚠️  WARNING   | program.initialize_services - No content services initialized, items need to be added manually.
25-06-14 18:22:12 | ❌ ERROR     | program.initialize_services - No Scraping service initialized, you must enable at least one.
25-06-14 18:22:12 | ❌ ERROR     | program.initialize_services - No Downloader service initialized, you must enable at least one.
25-06-14 18:22:12 | 🤖 PROGRAM   | program.start - ----------------------------------------------
25-06-14 18:22:12 | ❌ ERROR     | program.start - Riven is waiting for configuration to start!
25-06-14 18:22:12 | 🤖 PROGRAM   | program.start - ----------------------------------------------
25-06-14 18:22:21 | 👾 API       | main.dispatch - GET / - 404 - 0.00s
25-06-14 18:22:31 | 👾 API       | main.dispatch - GET / - 404 - 0.00s
25-06-14 18:22:41 | 👾 API       | main.dispatch - GET / - 404 - 0.00s
25-06-14 18:22:51 | 👾 API       | main.dispatch - GET / - 404 - 0.00s
25-06-14 18:22:52 | 👾 API       | main.dispatch - GET / - 404 - 0.00s
25-06-14 18:23:21 | 👾 API       | main.dispatch - GET / - 404 - 0.00s
25-06-14 18:23:21 | 👾 API       | main.dispatch - GET / - 404 - 0.00s
25-06-14 18:23:31 | 👾 API       | main.dispatch - GET / - 404 - 0.00s
25-06-14 18:23:36 | 👾 API       | main.dispatch - GET / - 404 - 0.00s
25-06-14 18:23:41 | 👾 API       | main.dispatch - GET / - 404 - 0.00s
25-06-14 18:24:17 | 👾 API       | main.dispatch - GET / - 404 - 0.00s
25-06-14 18:24:19 | 👾 API       | main.dispatch - GET / - 404 - 0.00s
25-06-14 18:24:19 | 👾 API       | main.dispatch - GET / - 404 - 0.00s
25-06-14 18:24:29 | 👾 API       | main.dispatch - GET / - 404 - 0.00s
25-06-14 18:24:39 | 👾 API       | main.dispatch - GET / - 404 - 0.00s
25-06-14 18:24:47 | 👾 API       | main.dispatch - GET / - 404 - 0.00s
25-06-14 18:24:49 | 👾 API       | main.dispatch - GET / - 404 - 0.00s
25-06-14 18:24:59 | 👾 API       | main.dispatch - GET / - 404 - 0.00s
25-06-14 18:25:09 | 👾 API       | main.dispatch - GET / - 404 - 0.00s
25-06-14 18:25:17 | 👾 API       | main.dispatch - GET / - 404 - 0.00s
25-06-14 18:25:17 | 👾 API       | main.dispatch - GET / - 404 - 0.00s
25-06-14 18:25:27 | 👾 API       | main.dispatch - GET / - 404 - 0.00s
25-06-14 18:25:37 | 👾 API       | main.dispatch - GET / - 404 - 0.00s
25-06-14 18:25:47 | 👾 API       | main.dispatch - GET / - 404 - 0.00s
