25-06-12 10:17:13 | 🤖 PROGRAM   | program.start - Riven v0.21.21 starting!
25-06-12 10:17:13 | ❌ ERROR     | symlink.validate - rclone_path or library_path is set to the current directory.
25-06-12 10:17:13 | ❌ ERROR     | __init__.validate - No downloader service is initialized. Please initialize a downloader service.
25-06-12 10:17:13 | ❌ ERROR     | symlink.validate - Library path not set or set to the current directory in SymlinkLibrary settings.
25-06-12 10:17:13 | ❌ ERROR     | symlink.__init__ - SymlinkLibrary initialization failed due to invalid configuration.
25-06-12 10:17:13 | ⚠️  WARNING   | program.initialize_services - No content services initialized, items need to be added manually.
25-06-12 10:17:13 | ❌ ERROR     | program.initialize_services - No Scraping service initialized, you must enable at least one.
25-06-12 10:17:13 | ❌ ERROR     | program.initialize_services - No Downloader service initialized, you must enable at least one.
25-06-12 10:17:13 | 🤖 PROGRAM   | program.start - ----------------------------------------------
25-06-12 10:17:13 | ❌ ERROR     | program.start - Riven is waiting for configuration to start!
25-06-12 10:17:13 | 🤖 PROGRAM   | program.start - ----------------------------------------------
25-06-12 10:17:17 | 👾 API       | main.dispatch - GET / - 404 - 0.00s
25-06-12 10:17:27 | 👾 API       | main.dispatch - GET / - 404 - 0.00s
25-06-12 10:17:37 | 👾 API       | main.dispatch - GET / - 404 - 0.00s
25-06-12 10:17:47 | 👾 API       | main.dispatch - GET / - 404 - 0.00s
25-06-12 10:17:57 | 👾 API       | main.dispatch - GET / - 404 - 0.00s
25-06-12 10:18:01 | 👾 API       | main.dispatch - GET / - 404 - 0.00s
25-06-12 10:18:07 | 👾 API       | main.dispatch - GET / - 404 - 0.00s
25-06-12 10:18:17 | 👾 API       | main.dispatch - GET / - 404 - 0.00s
25-06-12 10:18:27 | 👾 API       | main.dispatch - GET / - 404 - 0.00s
25-06-12 10:18:30 | 👾 API       | main.dispatch - GET / - 404 - 0.00s
25-06-12 10:18:31 | 👾 API       | main.dispatch - GET / - 404 - 0.00s
25-06-12 10:18:40 | 👾 API       | main.dispatch - GET / - 404 - 0.00s
25-06-12 10:18:50 | 👾 API       | main.dispatch - GET / - 404 - 0.00s
25-06-12 10:19:00 | 👾 API       | main.dispatch - GET / - 404 - 0.00s
25-06-12 10:19:01 | 👾 API       | main.dispatch - GET / - 404 - 0.00s
25-06-12 10:19:01 | 👾 API       | main.dispatch - GET / - 404 - 0.00s
25-06-12 10:19:11 | 👾 API       | main.dispatch - GET / - 404 - 0.00s
25-06-12 10:19:21 | 👾 API       | main.dispatch - GET / - 404 - 0.00s
25-06-12 10:19:31 | 👾 API       | main.dispatch - GET / - 404 - 0.00s
