25-06-12 05:48:17 | 🤖 PROGRAM   | program.start - Riven v0.21.21 starting!
25-06-12 05:48:17 | ❌ ERROR     | symlink.validate - rclone_path or library_path is set to the current directory.
25-06-12 05:48:17 | ❌ ERROR     | __init__.validate - No downloader service is initialized. Please initialize a downloader service.
25-06-12 05:48:17 | ❌ ERROR     | symlink.validate - Library path not set or set to the current directory in SymlinkLibrary settings.
25-06-12 05:48:17 | ❌ ERROR     | symlink.__init__ - SymlinkLibrary initialization failed due to invalid configuration.
25-06-12 05:48:17 | ⚠️  WARNING   | program.initialize_services - No content services initialized, items need to be added manually.
25-06-12 05:48:17 | ❌ ERROR     | program.initialize_services - No Scraping service initialized, you must enable at least one.
25-06-12 05:48:17 | ❌ ERROR     | program.initialize_services - No Downloader service initialized, you must enable at least one.
25-06-12 05:48:17 | 🤖 PROGRAM   | program.start - ----------------------------------------------
25-06-12 05:48:17 | ❌ ERROR     | program.start - Riven is waiting for configuration to start!
25-06-12 05:48:17 | 🤖 PROGRAM   | program.start - ----------------------------------------------
25-06-12 05:48:31 | 👾 API       | main.dispatch - GET / - 404 - 0.00s
25-06-12 05:48:41 | 👾 API       | main.dispatch - GET / - 404 - 0.00s
25-06-12 05:48:47 | 👾 API       | main.dispatch - GET / - 404 - 0.00s
25-06-12 05:48:51 | 👾 API       | main.dispatch - GET / - 404 - 0.00s
25-06-12 05:49:01 | 👾 API       | main.dispatch - GET / - 404 - 0.00s
25-06-12 05:49:11 | 👾 API       | main.dispatch - GET / - 404 - 0.00s
25-06-12 05:49:17 | 👾 API       | main.dispatch - GET / - 404 - 0.00s
25-06-12 05:49:21 | 👾 API       | main.dispatch - GET / - 404 - 0.00s
25-06-12 05:49:25 | 👾 API       | main.dispatch - GET / - 404 - 0.00s
25-06-12 05:49:35 | 👾 API       | main.dispatch - GET / - 404 - 0.00s
25-06-12 05:49:45 | 👾 API       | main.dispatch - GET / - 404 - 0.00s
25-06-12 05:49:47 | 👾 API       | main.dispatch - GET / - 404 - 0.00s
25-06-12 05:49:47 | 👾 API       | main.dispatch - GET / - 404 - 0.00s
25-06-12 05:49:57 | 👾 API       | main.dispatch - GET / - 404 - 0.00s
25-06-12 05:50:07 | 👾 API       | main.dispatch - GET / - 404 - 0.00s
25-06-12 05:50:17 | 👾 API       | main.dispatch - GET / - 404 - 0.00s
