25-06-14 23:08:02 | 🤖 PROGRAM   | program.start - Riven v0.21.21 starting!
25-06-14 23:08:02 | ❌ ERROR     | symlink.validate - rclone_path or library_path is set to the current directory.
25-06-14 23:08:02 | ❌ ERROR     | __init__.validate - No downloader service is initialized. Please initialize a downloader service.
25-06-14 23:08:02 | ❌ ERROR     | symlink.validate - Library path not set or set to the current directory in SymlinkLibrary settings.
25-06-14 23:08:02 | ❌ ERROR     | symlink.__init__ - SymlinkLibrary initialization failed due to invalid configuration.
25-06-14 23:08:02 | ⚠️  WARNING   | program.initialize_services - No content services initialized, items need to be added manually.
25-06-14 23:08:02 | ❌ ERROR     | program.initialize_services - No Scraping service initialized, you must enable at least one.
25-06-14 23:08:02 | ❌ ERROR     | program.initialize_services - No Downloader service initialized, you must enable at least one.
25-06-14 23:08:02 | 🤖 PROGRAM   | program.start - ----------------------------------------------
25-06-14 23:08:02 | ❌ ERROR     | program.start - Riven is waiting for configuration to start!
25-06-14 23:08:02 | 🤖 PROGRAM   | program.start - ----------------------------------------------
25-06-14 23:08:06 | 👾 API       | main.dispatch - GET / - 404 - 0.00s
25-06-14 23:08:16 | 👾 API       | main.dispatch - GET / - 404 - 0.00s
25-06-14 23:08:26 | 👾 API       | main.dispatch - GET / - 404 - 0.00s
25-06-14 23:08:36 | 👾 API       | main.dispatch - GET / - 404 - 0.00s
25-06-14 23:08:46 | 👾 API       | main.dispatch - GET / - 404 - 0.00s
25-06-14 23:08:47 | 👾 API       | main.dispatch - GET / - 404 - 0.00s
25-06-14 23:08:56 | 👾 API       | main.dispatch - GET / - 404 - 0.00s
25-06-14 23:09:06 | 👾 API       | main.dispatch - GET / - 404 - 0.00s
25-06-14 23:09:15 | 👾 API       | main.dispatch - GET / - 404 - 0.00s
25-06-14 23:09:17 | 👾 API       | main.dispatch - GET / - 404 - 0.00s
25-06-14 23:09:25 | 👾 API       | main.dispatch - GET / - 404 - 0.00s
25-06-14 23:09:35 | 👾 API       | main.dispatch - GET / - 404 - 0.00s
25-06-14 23:09:45 | 👾 API       | main.dispatch - GET / - 404 - 0.00s
25-06-14 23:09:47 | 👾 API       | main.dispatch - GET / - 404 - 0.00s
25-06-14 23:09:47 | 👾 API       | main.dispatch - GET / - 404 - 0.00s
25-06-14 23:09:57 | 👾 API       | main.dispatch - GET / - 404 - 0.00s
25-06-14 23:10:07 | 👾 API       | main.dispatch - GET / - 404 - 0.00s
25-06-14 23:10:17 | 👾 API       | main.dispatch - GET / - 404 - 0.00s
