25-06-14 19:00:19 | 🤖 PROGRAM   | program.start - Riven v0.21.21 starting!
25-06-14 19:00:19 | ❌ ERROR     | symlink.validate - rclone_path or library_path is set to the current directory.
25-06-14 19:00:19 | ❌ ERROR     | __init__.validate - No downloader service is initialized. Please initialize a downloader service.
25-06-14 19:00:19 | ❌ ERROR     | symlink.validate - Library path not set or set to the current directory in SymlinkLibrary settings.
25-06-14 19:00:19 | ❌ ERROR     | symlink.__init__ - SymlinkLibrary initialization failed due to invalid configuration.
25-06-14 19:00:19 | ⚠️  WARNING   | program.initialize_services - No content services initialized, items need to be added manually.
25-06-14 19:00:19 | ❌ ERROR     | program.initialize_services - No Scraping service initialized, you must enable at least one.
25-06-14 19:00:19 | ❌ ERROR     | program.initialize_services - No Downloader service initialized, you must enable at least one.
25-06-14 19:00:19 | 🤖 PROGRAM   | program.start - ----------------------------------------------
25-06-14 19:00:19 | ❌ ERROR     | program.start - Riven is waiting for configuration to start!
25-06-14 19:00:19 | 🤖 PROGRAM   | program.start - ----------------------------------------------
25-06-14 19:00:24 | 👾 API       | main.dispatch - GET / - 404 - 0.00s
25-06-14 19:00:34 | 👾 API       | main.dispatch - GET / - 404 - 0.00s
25-06-14 19:00:44 | 👾 API       | main.dispatch - GET / - 404 - 0.00s
25-06-14 19:00:54 | 👾 API       | main.dispatch - GET / - 404 - 0.00s
25-06-14 19:00:54 | 👾 API       | main.dispatch - GET / - 404 - 0.00s
25-06-14 19:01:04 | 👾 API       | main.dispatch - GET / - 404 - 0.00s
25-06-14 19:01:14 | 👾 API       | main.dispatch - GET / - 404 - 0.00s
25-06-14 19:01:22 | 👾 API       | main.dispatch - GET / - 404 - 0.00s
25-06-14 19:01:24 | 👾 API       | main.dispatch - GET / - 404 - 0.00s
25-06-14 19:01:32 | 👾 API       | main.dispatch - GET / - 404 - 0.00s
25-06-14 19:01:42 | 👾 API       | main.dispatch - GET / - 404 - 0.00s
25-06-14 19:01:52 | 👾 API       | main.dispatch - GET / - 404 - 0.00s
25-06-14 19:01:54 | 👾 API       | main.dispatch - GET / - 404 - 0.00s
25-06-14 19:01:54 | 👾 API       | main.dispatch - GET / - 404 - 0.00s
25-06-14 19:02:04 | 👾 API       | main.dispatch - GET / - 404 - 0.00s
25-06-14 19:02:14 | 👾 API       | main.dispatch - GET / - 404 - 0.00s
25-06-14 19:02:24 | 👾 API       | main.dispatch - GET / - 404 - 0.00s
