25-06-12 16:36:37 | 🤖 PROGRAM   | program.start - Riven v0.21.21 starting!
25-06-12 16:36:37 | ❌ ERROR     | symlink.validate - rclone_path or library_path is set to the current directory.
25-06-12 16:36:37 | ❌ ERROR     | __init__.validate - No downloader service is initialized. Please initialize a downloader service.
25-06-12 16:36:37 | ❌ ERROR     | symlink.validate - Library path not set or set to the current directory in SymlinkLibrary settings.
25-06-12 16:36:37 | ❌ ERROR     | symlink.__init__ - SymlinkLibrary initialization failed due to invalid configuration.
25-06-12 16:36:37 | ⚠️  WARNING   | program.initialize_services - No content services initialized, items need to be added manually.
25-06-12 16:36:37 | ❌ ERROR     | program.initialize_services - No Scraping service initialized, you must enable at least one.
25-06-12 16:36:37 | ❌ ERROR     | program.initialize_services - No Downloader service initialized, you must enable at least one.
25-06-12 16:36:37 | 🤖 PROGRAM   | program.start - ----------------------------------------------
25-06-12 16:36:37 | ❌ ERROR     | program.start - Riven is waiting for configuration to start!
25-06-12 16:36:37 | 🤖 PROGRAM   | program.start - ----------------------------------------------
25-06-12 16:36:51 | 👾 API       | main.dispatch - GET / - 404 - 0.00s
25-06-12 16:37:01 | 👾 API       | main.dispatch - GET / - 404 - 0.00s
25-06-12 16:37:11 | 👾 API       | main.dispatch - GET / - 404 - 0.00s
25-06-12 16:37:11 | 👾 API       | main.dispatch - GET / - 404 - 0.00s
25-06-12 16:37:21 | 👾 API       | main.dispatch - GET / - 404 - 0.00s
25-06-12 16:37:31 | 👾 API       | main.dispatch - GET / - 404 - 0.00s
25-06-12 16:37:41 | 👾 API       | main.dispatch - GET / - 404 - 0.00s
25-06-12 16:37:41 | 👾 API       | main.dispatch - GET / - 404 - 0.00s
25-06-12 16:37:51 | 👾 API       | main.dispatch - GET / - 404 - 0.00s
