25-06-14 18:42:26 | 🤖 PROGRAM   | program.start - Riven v0.21.21 starting!
25-06-14 18:42:26 | ❌ ERROR     | symlink.validate - rclone_path or library_path is set to the current directory.
25-06-14 18:42:26 | ❌ ERROR     | __init__.validate - No downloader service is initialized. Please initialize a downloader service.
25-06-14 18:42:26 | ❌ ERROR     | symlink.validate - Library path not set or set to the current directory in SymlinkLibrary settings.
25-06-14 18:42:26 | ❌ ERROR     | symlink.__init__ - SymlinkLibrary initialization failed due to invalid configuration.
25-06-14 18:42:26 | ⚠️  WARNING   | program.initialize_services - No content services initialized, items need to be added manually.
25-06-14 18:42:26 | ❌ ERROR     | program.initialize_services - No Scraping service initialized, you must enable at least one.
25-06-14 18:42:26 | ❌ ERROR     | program.initialize_services - No Downloader service initialized, you must enable at least one.
25-06-14 18:42:26 | 🤖 PROGRAM   | program.start - ----------------------------------------------
25-06-14 18:42:26 | ❌ ERROR     | program.start - Riven is waiting for configuration to start!
25-06-14 18:42:26 | 🤖 PROGRAM   | program.start - ----------------------------------------------
25-06-14 18:42:31 | 👾 API       | main.dispatch - GET / - 404 - 0.00s
25-06-14 18:42:41 | 👾 API       | main.dispatch - GET / - 404 - 0.00s
25-06-14 18:42:51 | 👾 API       | main.dispatch - GET / - 404 - 0.00s
25-06-14 18:43:01 | 👾 API       | main.dispatch - GET / - 404 - 0.00s
25-06-14 18:43:34 | 👾 API       | main.dispatch - GET / - 404 - 0.00s
25-06-14 18:43:35 | 👾 API       | main.dispatch - GET / - 404 - 0.00s
25-06-14 18:43:45 | 👾 API       | main.dispatch - GET / - 404 - 0.00s
25-06-14 18:43:54 | 👾 API       | main.dispatch - GET / - 404 - 0.00s
25-06-14 18:43:55 | 👾 API       | main.dispatch - GET / - 404 - 0.00s
25-06-14 18:44:05 | 👾 API       | main.dispatch - GET / - 404 - 0.00s
25-06-14 18:44:15 | 👾 API       | main.dispatch - GET / - 404 - 0.00s
25-06-14 18:44:24 | 👾 API       | main.dispatch - GET / - 404 - 0.00s
25-06-14 18:44:25 | 👾 API       | main.dispatch - GET / - 404 - 0.00s
25-06-14 18:44:35 | 👾 API       | main.dispatch - GET / - 404 - 0.00s
25-06-14 18:44:45 | 👾 API       | main.dispatch - GET / - 404 - 0.00s
25-06-14 18:44:54 | 👾 API       | main.dispatch - GET / - 404 - 0.00s
25-06-14 18:44:54 | 👾 API       | main.dispatch - GET / - 404 - 0.00s
25-06-14 18:45:04 | 👾 API       | main.dispatch - GET / - 404 - 0.00s
25-06-14 18:45:14 | 👾 API       | main.dispatch - GET / - 404 - 0.00s
25-06-14 18:45:24 | 👾 API       | main.dispatch - GET / - 404 - 0.00s
