25-06-14 19:19:13 | 🤖 PROGRAM   | program.start - Riven v0.21.21 starting!
25-06-14 19:19:13 | ❌ ERROR     | symlink.validate - rclone_path or library_path is set to the current directory.
25-06-14 19:19:13 | ❌ ERROR     | __init__.validate - No downloader service is initialized. Please initialize a downloader service.
25-06-14 19:19:13 | ❌ ERROR     | symlink.validate - Library path not set or set to the current directory in SymlinkLibrary settings.
25-06-14 19:19:13 | ❌ ERROR     | symlink.__init__ - SymlinkLibrary initialization failed due to invalid configuration.
25-06-14 19:19:13 | ⚠️  WARNING   | program.initialize_services - No content services initialized, items need to be added manually.
25-06-14 19:19:13 | ❌ ERROR     | program.initialize_services - No Scraping service initialized, you must enable at least one.
25-06-14 19:19:13 | ❌ ERROR     | program.initialize_services - No Downloader service initialized, you must enable at least one.
25-06-14 19:19:13 | 🤖 PROGRAM   | program.start - ----------------------------------------------
25-06-14 19:19:13 | ❌ ERROR     | program.start - Riven is waiting for configuration to start!
25-06-14 19:19:13 | 🤖 PROGRAM   | program.start - ----------------------------------------------
25-06-14 19:19:15 | 👾 API       | main.dispatch - GET / - 404 - 0.00s
25-06-14 19:19:25 | 👾 API       | main.dispatch - GET / - 404 - 0.00s
25-06-14 19:19:35 | 👾 API       | main.dispatch - GET / - 404 - 0.00s
25-06-14 19:19:45 | 👾 API       | main.dispatch - GET / - 404 - 0.00s
25-06-14 19:19:54 | 👾 API       | main.dispatch - GET / - 404 - 0.00s
25-06-14 19:19:55 | 👾 API       | main.dispatch - GET / - 404 - 0.00s
25-06-14 19:20:05 | 👾 API       | main.dispatch - GET / - 404 - 0.00s
25-06-14 19:20:15 | 👾 API       | main.dispatch - GET / - 404 - 0.00s
25-06-14 19:20:17 | 👾 API       | main.dispatch - GET / - 404 - 0.00s
25-06-14 19:20:24 | 👾 API       | main.dispatch - GET / - 404 - 0.00s
25-06-14 19:20:27 | 👾 API       | main.dispatch - GET / - 404 - 0.00s
25-06-14 19:20:37 | 👾 API       | main.dispatch - GET / - 404 - 0.00s
25-06-14 19:20:47 | 👾 API       | main.dispatch - GET / - 404 - 0.00s
25-06-14 19:20:54 | 👾 API       | main.dispatch - GET / - 404 - 0.00s
25-06-14 19:20:54 | 👾 API       | main.dispatch - GET / - 404 - 0.00s
25-06-14 19:21:04 | 👾 API       | main.dispatch - GET / - 404 - 0.00s
25-06-14 19:21:14 | 👾 API       | main.dispatch - GET / - 404 - 0.00s
25-06-14 19:21:24 | 👾 API       | main.dispatch - GET / - 404 - 0.00s
