25-06-12 19:56:42 | 🤖 PROGRAM   | program.start - Riven v0.21.21 starting!
25-06-12 19:56:42 | ❌ ERROR     | symlink.validate - rclone_path or library_path is set to the current directory.
25-06-12 19:56:42 | ❌ ERROR     | __init__.validate - No downloader service is initialized. Please initialize a downloader service.
25-06-12 19:56:42 | ❌ ERROR     | symlink.validate - Library path not set or set to the current directory in SymlinkLibrary settings.
25-06-12 19:56:42 | ❌ ERROR     | symlink.__init__ - SymlinkLibrary initialization failed due to invalid configuration.
25-06-12 19:56:42 | ⚠️  WARNING   | program.initialize_services - No content services initialized, items need to be added manually.
25-06-12 19:56:42 | ❌ ERROR     | program.initialize_services - No Scraping service initialized, you must enable at least one.
25-06-12 19:56:42 | ❌ ERROR     | program.initialize_services - No Downloader service initialized, you must enable at least one.
25-06-12 19:56:42 | 🤖 PROGRAM   | program.start - ----------------------------------------------
25-06-12 19:56:42 | ❌ ERROR     | program.start - Riven is waiting for configuration to start!
25-06-12 19:56:42 | 🤖 PROGRAM   | program.start - ----------------------------------------------
25-06-12 19:56:47 | 👾 API       | main.dispatch - GET / - 404 - 0.00s
25-06-12 19:56:57 | 👾 API       | main.dispatch - GET / - 404 - 0.00s
25-06-12 19:57:07 | 👾 API       | main.dispatch - GET / - 404 - 0.00s
25-06-12 19:57:17 | 👾 API       | main.dispatch - GET / - 404 - 0.00s
25-06-12 19:57:25 | 👾 API       | main.dispatch - GET / - 404 - 0.00s
25-06-12 19:57:27 | 👾 API       | main.dispatch - GET / - 404 - 0.00s
25-06-12 19:57:37 | 👾 API       | main.dispatch - GET / - 404 - 0.00s
25-06-12 19:57:47 | 👾 API       | main.dispatch - GET / - 404 - 0.00s
25-06-12 19:57:55 | 👾 API       | main.dispatch - GET / - 404 - 0.00s
25-06-12 19:57:57 | 👾 API       | main.dispatch - GET / - 404 - 0.00s
25-06-12 19:58:00 | 👾 API       | main.dispatch - GET / - 404 - 0.00s
25-06-12 19:58:10 | 👾 API       | main.dispatch - GET / - 404 - 0.00s
25-06-12 19:58:20 | 👾 API       | main.dispatch - GET / - 404 - 0.00s
25-06-12 19:58:25 | 👾 API       | main.dispatch - GET / - 404 - 0.00s
25-06-12 19:58:25 | 👾 API       | main.dispatch - GET / - 404 - 0.00s
25-06-12 19:58:35 | 👾 API       | main.dispatch - GET / - 404 - 0.00s
25-06-12 19:58:45 | 👾 API       | main.dispatch - GET / - 404 - 0.00s
25-06-12 19:58:55 | 👾 API       | main.dispatch - GET / - 404 - 0.00s
