25-06-14 17:03:31 | 🤖 PROGRAM   | program.start - Riven v0.21.21 starting!
25-06-14 17:03:31 | ❌ ERROR     | symlink.validate - rclone_path or library_path is set to the current directory.
25-06-14 17:03:31 | ❌ ERROR     | __init__.validate - No downloader service is initialized. Please initialize a downloader service.
25-06-14 17:03:31 | ❌ ERROR     | symlink.validate - Library path not set or set to the current directory in SymlinkLibrary settings.
25-06-14 17:03:31 | ❌ ERROR     | symlink.__init__ - SymlinkLibrary initialization failed due to invalid configuration.
25-06-14 17:03:31 | ⚠️  WARNING   | program.initialize_services - No content services initialized, items need to be added manually.
25-06-14 17:03:31 | ❌ ERROR     | program.initialize_services - No Scraping service initialized, you must enable at least one.
25-06-14 17:03:31 | ❌ ERROR     | program.initialize_services - No Downloader service initialized, you must enable at least one.
25-06-14 17:03:31 | 🤖 PROGRAM   | program.start - ----------------------------------------------
25-06-14 17:03:31 | ❌ ERROR     | program.start - Riven is waiting for configuration to start!
25-06-14 17:03:31 | 🤖 PROGRAM   | program.start - ----------------------------------------------
25-06-14 17:03:36 | 👾 API       | main.dispatch - GET / - 404 - 0.00s
25-06-14 17:03:46 | 👾 API       | main.dispatch - GET / - 404 - 0.00s
25-06-14 17:03:56 | 👾 API       | main.dispatch - GET / - 404 - 0.00s
25-06-14 17:04:06 | 👾 API       | main.dispatch - GET / - 404 - 0.00s
25-06-14 17:04:16 | 👾 API       | main.dispatch - GET / - 404 - 0.00s
25-06-14 17:04:24 | 👾 API       | main.dispatch - GET / - 404 - 0.00s
25-06-14 17:04:26 | 👾 API       | main.dispatch - GET / - 404 - 0.00s
25-06-14 17:04:28 | 👾 API       | main.dispatch - GET / - 404 - 0.00s
25-06-14 17:04:38 | 👾 API       | main.dispatch - GET / - 404 - 0.00s
25-06-14 17:04:48 | 👾 API       | main.dispatch - GET / - 404 - 0.00s
25-06-14 17:04:54 | 👾 API       | main.dispatch - GET / - 404 - 0.00s
25-06-14 17:04:58 | 👾 API       | main.dispatch - GET / - 404 - 0.00s
25-06-14 17:05:08 | 👾 API       | main.dispatch - GET / - 404 - 0.00s
25-06-14 17:05:18 | 👾 API       | main.dispatch - GET / - 404 - 0.00s
25-06-14 17:05:24 | 👾 API       | main.dispatch - GET / - 404 - 0.00s
25-06-14 17:05:24 | 👾 API       | main.dispatch - GET / - 404 - 0.00s
25-06-14 17:05:34 | 👾 API       | main.dispatch - GET / - 404 - 0.00s
25-06-14 17:05:44 | 👾 API       | main.dispatch - GET / - 404 - 0.00s
25-06-14 17:05:54 | 👾 API       | main.dispatch - GET / - 404 - 0.00s
