25-06-15 01:32:55 | 🤖 PROGRAM   | program.start - Riven v0.21.21 starting!
25-06-15 01:32:55 | ❌ ERROR     | symlink.validate - rclone_path or library_path is set to the current directory.
25-06-15 01:32:55 | ❌ ERROR     | __init__.validate - No downloader service is initialized. Please initialize a downloader service.
25-06-15 01:32:55 | ❌ ERROR     | symlink.validate - Library path not set or set to the current directory in SymlinkLibrary settings.
25-06-15 01:32:55 | ❌ ERROR     | symlink.__init__ - SymlinkLibrary initialization failed due to invalid configuration.
25-06-15 01:32:55 | ⚠️  WARNING   | program.initialize_services - No content services initialized, items need to be added manually.
25-06-15 01:32:55 | ❌ ERROR     | program.initialize_services - No Scraping service initialized, you must enable at least one.
25-06-15 01:32:55 | ❌ ERROR     | program.initialize_services - No Downloader service initialized, you must enable at least one.
25-06-15 01:32:55 | 🤖 PROGRAM   | program.start - ----------------------------------------------
25-06-15 01:32:55 | ❌ ERROR     | program.start - Riven is waiting for configuration to start!
25-06-15 01:32:55 | 🤖 PROGRAM   | program.start - ----------------------------------------------
25-06-15 01:32:59 | 👾 API       | main.dispatch - GET / - 404 - 0.00s
25-06-15 01:33:09 | 👾 API       | main.dispatch - GET / - 404 - 0.00s
25-06-15 01:33:19 | 👾 API       | main.dispatch - GET / - 404 - 0.00s
25-06-15 01:33:29 | 👾 API       | main.dispatch - GET / - 404 - 0.00s
25-06-15 01:33:39 | 👾 API       | main.dispatch - GET / - 404 - 0.00s
25-06-15 01:33:47 | 👾 API       | main.dispatch - GET / - 404 - 0.00s
25-06-15 01:33:49 | 👾 API       | main.dispatch - GET / - 404 - 0.00s
25-06-15 01:33:59 | 👾 API       | main.dispatch - GET / - 404 - 0.00s
25-06-15 01:34:02 | 👾 API       | main.dispatch - GET / - 404 - 0.00s
25-06-15 01:34:12 | 👾 API       | main.dispatch - GET / - 404 - 0.00s
25-06-15 01:34:17 | 👾 API       | main.dispatch - GET / - 404 - 0.00s
25-06-15 01:34:22 | 👾 API       | main.dispatch - GET / - 404 - 0.00s
25-06-15 01:34:32 | 👾 API       | main.dispatch - GET / - 404 - 0.00s
25-06-15 01:34:42 | 👾 API       | main.dispatch - GET / - 404 - 0.00s
25-06-15 01:34:47 | 👾 API       | main.dispatch - GET / - 404 - 0.00s
25-06-15 01:34:47 | 👾 API       | main.dispatch - GET / - 404 - 0.00s
25-06-15 01:34:57 | 👾 API       | main.dispatch - GET / - 404 - 0.00s
25-06-15 01:35:07 | 👾 API       | main.dispatch - GET / - 404 - 0.00s
25-06-15 01:35:17 | 👾 API       | main.dispatch - GET / - 404 - 0.00s
