25-06-15 03:38:54 | 🤖 PROGRAM   | program.start - Riven v0.21.21 starting!
25-06-15 03:38:54 | ❌ ERROR     | symlink.validate - rclone_path or library_path is set to the current directory.
25-06-15 03:38:54 | ❌ ERROR     | __init__.validate - No downloader service is initialized. Please initialize a downloader service.
25-06-15 03:38:54 | ❌ ERROR     | symlink.validate - Library path not set or set to the current directory in SymlinkLibrary settings.
25-06-15 03:38:54 | ❌ ERROR     | symlink.__init__ - SymlinkLibrary initialization failed due to invalid configuration.
25-06-15 03:38:54 | ⚠️  WARNING   | program.initialize_services - No content services initialized, items need to be added manually.
25-06-15 03:38:54 | ❌ ERROR     | program.initialize_services - No Scraping service initialized, you must enable at least one.
25-06-15 03:38:54 | ❌ ERROR     | program.initialize_services - No Downloader service initialized, you must enable at least one.
25-06-15 03:38:54 | 🤖 PROGRAM   | program.start - ----------------------------------------------
25-06-15 03:38:54 | ❌ ERROR     | program.start - Riven is waiting for configuration to start!
25-06-15 03:38:54 | 🤖 PROGRAM   | program.start - ----------------------------------------------
25-06-15 03:38:59 | 👾 API       | main.dispatch - GET / - 404 - 0.00s
25-06-15 03:39:09 | 👾 API       | main.dispatch - GET / - 404 - 0.00s
25-06-15 03:39:17 | 👾 API       | main.dispatch - GET / - 404 - 0.00s
25-06-15 03:39:19 | 👾 API       | main.dispatch - GET / - 404 - 0.00s
25-06-15 03:39:29 | 👾 API       | main.dispatch - GET / - 404 - 0.00s
25-06-15 03:39:39 | 👾 API       | main.dispatch - GET / - 404 - 0.00s
25-06-15 03:39:47 | 👾 API       | main.dispatch - GET / - 404 - 0.00s
25-06-15 03:39:49 | 👾 API       | main.dispatch - GET / - 404 - 0.00s
25-06-15 03:39:59 | 👾 API       | main.dispatch - GET / - 404 - 0.00s
25-06-15 03:40:09 | 👾 API       | main.dispatch - GET / - 404 - 0.00s
25-06-15 03:40:12 | 👾 API       | main.dispatch - GET / - 404 - 0.00s
25-06-15 03:40:17 | 👾 API       | main.dispatch - GET / - 404 - 0.00s
25-06-15 03:40:17 | 👾 API       | main.dispatch - GET / - 404 - 0.00s
25-06-15 03:40:27 | 👾 API       | main.dispatch - GET / - 404 - 0.00s
25-06-15 03:40:37 | 👾 API       | main.dispatch - GET / - 404 - 0.00s
25-06-15 03:40:47 | 👾 API       | main.dispatch - GET / - 404 - 0.00s
