25-06-12 21:26:13 | 🤖 PROGRAM   | program.start - Riven v0.21.21 starting!
25-06-12 21:26:13 | ❌ ERROR     | symlink.validate - rclone_path or library_path is set to the current directory.
25-06-12 21:26:13 | ❌ ERROR     | __init__.validate - No downloader service is initialized. Please initialize a downloader service.
25-06-12 21:26:13 | ❌ ERROR     | symlink.validate - Library path not set or set to the current directory in SymlinkLibrary settings.
25-06-12 21:26:13 | ❌ ERROR     | symlink.__init__ - SymlinkLibrary initialization failed due to invalid configuration.
25-06-12 21:26:13 | ⚠️  WARNING   | program.initialize_services - No content services initialized, items need to be added manually.
25-06-12 21:26:13 | ❌ ERROR     | program.initialize_services - No Scraping service initialized, you must enable at least one.
25-06-12 21:26:13 | ❌ ERROR     | program.initialize_services - No Downloader service initialized, you must enable at least one.
25-06-12 21:26:13 | 🤖 PROGRAM   | program.start - ----------------------------------------------
25-06-12 21:26:13 | ❌ ERROR     | program.start - Riven is waiting for configuration to start!
25-06-12 21:26:13 | 🤖 PROGRAM   | program.start - ----------------------------------------------
25-06-12 21:26:25 | 👾 API       | main.dispatch - GET / - 404 - 0.00s
25-06-12 21:26:35 | 👾 API       | main.dispatch - GET / - 404 - 0.00s
25-06-12 21:26:45 | 👾 API       | main.dispatch - GET / - 404 - 0.00s
25-06-12 21:26:55 | 👾 API       | main.dispatch - GET / - 404 - 0.00s
25-06-12 21:26:55 | 👾 API       | main.dispatch - GET / - 404 - 0.00s
25-06-12 21:27:05 | 👾 API       | main.dispatch - GET / - 404 - 0.00s
25-06-12 21:27:15 | 👾 API       | main.dispatch - GET / - 404 - 0.00s
25-06-12 21:27:25 | 👾 API       | main.dispatch - GET / - 404 - 0.00s
25-06-12 21:27:25 | 👾 API       | main.dispatch - GET / - 404 - 0.00s
25-06-12 21:27:27 | 👾 API       | main.dispatch - GET / - 404 - 0.00s
25-06-12 21:27:37 | 👾 API       | main.dispatch - GET / - 404 - 0.00s
25-06-12 21:27:47 | 👾 API       | main.dispatch - GET / - 404 - 0.00s
25-06-12 21:27:55 | 👾 API       | main.dispatch - GET / - 404 - 0.00s
25-06-12 21:27:55 | 👾 API       | main.dispatch - GET / - 404 - 0.00s
25-06-12 21:28:05 | 👾 API       | main.dispatch - GET / - 404 - 0.00s
25-06-12 21:28:15 | 👾 API       | main.dispatch - GET / - 404 - 0.00s
25-06-12 21:28:25 | 👾 API       | main.dispatch - GET / - 404 - 0.00s
