25-06-12 14:26:55 | 🤖 PROGRAM   | program.start - Riven v0.21.21 starting!
25-06-12 14:26:55 | ❌ ERROR     | symlink.validate - rclone_path or library_path is set to the current directory.
25-06-12 14:26:55 | ❌ ERROR     | __init__.validate - No downloader service is initialized. Please initialize a downloader service.
25-06-12 14:26:55 | ❌ ERROR     | symlink.validate - Library path not set or set to the current directory in SymlinkLibrary settings.
25-06-12 14:26:55 | ❌ ERROR     | symlink.__init__ - SymlinkLibrary initialization failed due to invalid configuration.
25-06-12 14:26:55 | ⚠️  WARNING   | program.initialize_services - No content services initialized, items need to be added manually.
25-06-12 14:26:55 | ❌ ERROR     | program.initialize_services - No Scraping service initialized, you must enable at least one.
25-06-12 14:26:55 | ❌ ERROR     | program.initialize_services - No Downloader service initialized, you must enable at least one.
25-06-12 14:26:55 | 🤖 PROGRAM   | program.start - ----------------------------------------------
25-06-12 14:26:55 | ❌ ERROR     | program.start - Riven is waiting for configuration to start!
25-06-12 14:26:55 | 🤖 PROGRAM   | program.start - ----------------------------------------------
25-06-12 14:27:00 | 👾 API       | main.dispatch - GET / - 404 - 0.00s
25-06-12 14:27:10 | 👾 API       | main.dispatch - GET / - 404 - 0.00s
25-06-12 14:27:20 | 👾 API       | main.dispatch - GET / - 404 - 0.00s
25-06-12 14:27:30 | 👾 API       | main.dispatch - GET / - 404 - 0.00s
25-06-12 14:27:40 | 👾 API       | main.dispatch - GET / - 404 - 0.00s
25-06-12 14:27:48 | 👾 API       | main.dispatch - GET / - 404 - 0.00s
25-06-12 14:27:50 | 👾 API       | main.dispatch - GET / - 404 - 0.00s
25-06-12 14:27:55 | 👾 API       | main.dispatch - GET / - 404 - 0.00s
25-06-12 14:28:05 | 👾 API       | main.dispatch - GET / - 404 - 0.00s
25-06-12 14:28:15 | 👾 API       | main.dispatch - GET / - 404 - 0.00s
25-06-12 14:28:18 | 👾 API       | main.dispatch - GET / - 404 - 0.00s
25-06-12 14:28:25 | 👾 API       | main.dispatch - GET / - 404 - 0.00s
25-06-12 14:28:35 | 👾 API       | main.dispatch - GET / - 404 - 0.00s
25-06-12 14:28:45 | 👾 API       | main.dispatch - GET / - 404 - 0.00s
25-06-12 14:28:48 | 👾 API       | main.dispatch - GET / - 404 - 0.00s
25-06-12 14:28:48 | 👾 API       | main.dispatch - GET / - 404 - 0.00s
25-06-12 14:28:58 | 👾 API       | main.dispatch - GET / - 404 - 0.00s
25-06-12 14:29:08 | 👾 API       | main.dispatch - GET / - 404 - 0.00s
25-06-12 14:29:18 | 👾 API       | main.dispatch - GET / - 404 - 0.00s
