25-06-12 18:42:14 | 🤖 PROGRAM   | program.start - Riven v0.21.21 starting!
25-06-12 18:42:14 | ❌ ERROR     | symlink.validate - rclone_path or library_path is set to the current directory.
25-06-12 18:42:14 | ❌ ERROR     | __init__.validate - No downloader service is initialized. Please initialize a downloader service.
25-06-12 18:42:14 | ❌ ERROR     | symlink.validate - Library path not set or set to the current directory in SymlinkLibrary settings.
25-06-12 18:42:14 | ❌ ERROR     | symlink.__init__ - SymlinkLibrary initialization failed due to invalid configuration.
25-06-12 18:42:14 | ⚠️  WARNING   | program.initialize_services - No content services initialized, items need to be added manually.
25-06-12 18:42:14 | ❌ ERROR     | program.initialize_services - No Scraping service initialized, you must enable at least one.
25-06-12 18:42:14 | ❌ ERROR     | program.initialize_services - No Downloader service initialized, you must enable at least one.
25-06-12 18:42:14 | 🤖 PROGRAM   | program.start - ----------------------------------------------
25-06-12 18:42:14 | ❌ ERROR     | program.start - Riven is waiting for configuration to start!
25-06-12 18:42:14 | 🤖 PROGRAM   | program.start - ----------------------------------------------
25-06-12 18:42:23 | 👾 API       | main.dispatch - GET / - 404 - 0.00s
25-06-12 18:42:33 | 👾 API       | main.dispatch - GET / - 404 - 0.00s
25-06-12 18:42:40 | 👾 API       | main.dispatch - GET / - 404 - 0.00s
25-06-12 18:42:43 | 👾 API       | main.dispatch - GET / - 404 - 0.00s
25-06-12 18:42:53 | 👾 API       | main.dispatch - GET / - 404 - 0.00s
25-06-12 18:43:03 | 👾 API       | main.dispatch - GET / - 404 - 0.00s
25-06-12 18:43:10 | 👾 API       | main.dispatch - GET / - 404 - 0.00s
25-06-12 18:43:13 | 👾 API       | main.dispatch - GET / - 404 - 0.00s
25-06-12 18:43:23 | 👾 API       | main.dispatch - GET / - 404 - 0.00s
25-06-12 18:43:31 | 👾 API       | main.dispatch - GET / - 404 - 0.00s
25-06-12 18:43:40 | 👾 API       | main.dispatch - GET / - 404 - 0.00s
25-06-12 18:43:40 | 👾 API       | main.dispatch - GET / - 404 - 0.00s
25-06-12 18:43:50 | 👾 API       | main.dispatch - GET / - 404 - 0.00s
25-06-12 18:44:00 | 👾 API       | main.dispatch - GET / - 404 - 0.00s
25-06-12 18:44:10 | 👾 API       | main.dispatch - GET / - 404 - 0.00s
