25-06-12 10:23:38 | 🤖 PROGRAM   | program.start - Riven v0.21.21 starting!
25-06-12 10:23:38 | ❌ ERROR     | symlink.validate - rclone_path or library_path is set to the current directory.
25-06-12 10:23:38 | ❌ ERROR     | __init__.validate - No downloader service is initialized. Please initialize a downloader service.
25-06-12 10:23:38 | ❌ ERROR     | symlink.validate - Library path not set or set to the current directory in SymlinkLibrary settings.
25-06-12 10:23:38 | ❌ ERROR     | symlink.__init__ - SymlinkLibrary initialization failed due to invalid configuration.
25-06-12 10:23:38 | ⚠️  WARNING   | program.initialize_services - No content services initialized, items need to be added manually.
25-06-12 10:23:38 | ❌ ERROR     | program.initialize_services - No Scraping service initialized, you must enable at least one.
25-06-12 10:23:38 | ❌ ERROR     | program.initialize_services - No Downloader service initialized, you must enable at least one.
25-06-12 10:23:38 | 🤖 PROGRAM   | program.start - ----------------------------------------------
25-06-12 10:23:38 | ❌ ERROR     | program.start - Riven is waiting for configuration to start!
25-06-12 10:23:38 | 🤖 PROGRAM   | program.start - ----------------------------------------------
25-06-12 10:23:42 | 👾 API       | main.dispatch - GET / - 404 - 0.00s
25-06-12 10:23:52 | 👾 API       | main.dispatch - GET / - 404 - 0.00s
25-06-12 10:24:01 | 👾 API       | main.dispatch - GET / - 404 - 0.00s
25-06-12 10:24:02 | 👾 API       | main.dispatch - GET / - 404 - 0.00s
25-06-12 10:24:12 | 👾 API       | main.dispatch - GET / - 404 - 0.00s
25-06-12 10:24:22 | 👾 API       | main.dispatch - GET / - 404 - 0.00s
25-06-12 10:24:31 | 👾 API       | main.dispatch - GET / - 404 - 0.00s
25-06-12 10:24:32 | 👾 API       | main.dispatch - GET / - 404 - 0.00s
25-06-12 10:24:42 | 👾 API       | main.dispatch - GET / - 404 - 0.00s
25-06-12 10:24:48 | 👾 API       | main.dispatch - GET / - 404 - 0.00s
25-06-12 10:24:58 | 👾 API       | main.dispatch - GET / - 404 - 0.00s
25-06-12 10:25:01 | 👾 API       | main.dispatch - GET / - 404 - 0.00s
25-06-12 10:25:01 | 👾 API       | main.dispatch - GET / - 404 - 0.00s
25-06-12 10:25:11 | 👾 API       | main.dispatch - GET / - 404 - 0.00s
25-06-12 10:25:21 | 👾 API       | main.dispatch - GET / - 404 - 0.00s
25-06-12 10:25:31 | 👾 API       | main.dispatch - GET / - 404 - 0.00s
