25-06-12 06:17:58 | 🤖 PROGRAM   | program.start - Riven v0.21.21 starting!
25-06-12 06:17:58 | ❌ ERROR     | symlink.validate - rclone_path or library_path is set to the current directory.
25-06-12 06:17:58 | ❌ ERROR     | __init__.validate - No downloader service is initialized. Please initialize a downloader service.
25-06-12 06:17:58 | ❌ ERROR     | symlink.validate - Library path not set or set to the current directory in SymlinkLibrary settings.
25-06-12 06:17:58 | ❌ ERROR     | symlink.__init__ - SymlinkLibrary initialization failed due to invalid configuration.
25-06-12 06:17:58 | ⚠️  WARNING   | program.initialize_services - No content services initialized, items need to be added manually.
25-06-12 06:17:58 | ❌ ERROR     | program.initialize_services - No Scraping service initialized, you must enable at least one.
25-06-12 06:17:58 | ❌ ERROR     | program.initialize_services - No Downloader service initialized, you must enable at least one.
25-06-12 06:17:58 | 🤖 PROGRAM   | program.start - ----------------------------------------------
25-06-12 06:17:58 | ❌ ERROR     | program.start - Riven is waiting for configuration to start!
25-06-12 06:17:58 | 🤖 PROGRAM   | program.start - ----------------------------------------------
25-06-12 06:18:03 | 👾 API       | main.dispatch - GET / - 404 - 0.00s
25-06-12 06:18:13 | 👾 API       | main.dispatch - GET / - 404 - 0.00s
25-06-12 06:18:23 | 👾 API       | main.dispatch - GET / - 404 - 0.00s
25-06-12 06:18:33 | 👾 API       | main.dispatch - GET / - 404 - 0.00s
25-06-12 06:18:43 | 👾 API       | main.dispatch - GET / - 404 - 0.00s
25-06-12 06:18:47 | 👾 API       | main.dispatch - GET / - 404 - 0.00s
25-06-12 06:18:53 | 👾 API       | main.dispatch - GET / - 404 - 0.00s
25-06-12 06:18:54 | 👾 API       | main.dispatch - GET / - 404 - 0.00s
25-06-12 06:19:04 | 👾 API       | main.dispatch - GET / - 404 - 0.00s
25-06-12 06:19:14 | 👾 API       | main.dispatch - GET / - 404 - 0.00s
25-06-12 06:19:17 | 👾 API       | main.dispatch - GET / - 404 - 0.00s
25-06-12 06:19:24 | 👾 API       | main.dispatch - GET / - 404 - 0.00s
25-06-12 06:19:34 | 👾 API       | main.dispatch - GET / - 404 - 0.00s
25-06-12 06:19:44 | 👾 API       | main.dispatch - GET / - 404 - 0.00s
25-06-12 06:19:47 | 👾 API       | main.dispatch - GET / - 404 - 0.00s
25-06-12 06:19:47 | 👾 API       | main.dispatch - GET / - 404 - 0.00s
25-06-12 06:19:57 | 👾 API       | main.dispatch - GET / - 404 - 0.00s
25-06-12 06:20:07 | 👾 API       | main.dispatch - GET / - 404 - 0.00s
25-06-12 06:20:17 | 👾 API       | main.dispatch - GET / - 404 - 0.00s
