25-06-13 06:01:05 | 🤖 PROGRAM   | program.start - Riven v0.21.21 starting!
25-06-13 06:01:05 | ❌ ERROR     | symlink.validate - rclone_path or library_path is set to the current directory.
25-06-13 06:01:05 | ❌ ERROR     | __init__.validate - No downloader service is initialized. Please initialize a downloader service.
25-06-13 06:01:05 | ❌ ERROR     | symlink.validate - Library path not set or set to the current directory in SymlinkLibrary settings.
25-06-13 06:01:05 | ❌ ERROR     | symlink.__init__ - SymlinkLibrary initialization failed due to invalid configuration.
25-06-13 06:01:05 | ⚠️  WARNING   | program.initialize_services - No content services initialized, items need to be added manually.
25-06-13 06:01:05 | ❌ ERROR     | program.initialize_services - No Scraping service initialized, you must enable at least one.
25-06-13 06:01:05 | ❌ ERROR     | program.initialize_services - No Downloader service initialized, you must enable at least one.
25-06-13 06:01:05 | 🤖 PROGRAM   | program.start - ----------------------------------------------
25-06-13 06:01:05 | ❌ ERROR     | program.start - Riven is waiting for configuration to start!
25-06-13 06:01:05 | 🤖 PROGRAM   | program.start - ----------------------------------------------
25-06-13 06:01:10 | 👾 API       | main.dispatch - GET / - 404 - 0.00s
25-06-13 06:01:20 | 👾 API       | main.dispatch - GET / - 404 - 0.00s
25-06-13 06:01:30 | 👾 API       | main.dispatch - GET / - 404 - 0.00s
25-06-13 06:01:40 | 👾 API       | main.dispatch - GET / - 404 - 0.00s
25-06-13 06:01:50 | 👾 API       | main.dispatch - GET / - 404 - 0.00s
25-06-13 06:01:58 | 👾 API       | main.dispatch - GET / - 404 - 0.00s
25-06-13 06:02:00 | 👾 API       | main.dispatch - GET / - 404 - 0.00s
25-06-13 06:02:10 | 👾 API       | main.dispatch - GET / - 404 - 0.00s
25-06-13 06:02:20 | 👾 API       | main.dispatch - GET / - 404 - 0.00s
25-06-13 06:02:21 | 👾 API       | main.dispatch - GET / - 404 - 0.00s
25-06-13 06:02:28 | 👾 API       | main.dispatch - GET / - 404 - 0.00s
25-06-13 06:02:31 | 👾 API       | main.dispatch - GET / - 404 - 0.00s
25-06-13 06:02:41 | 👾 API       | main.dispatch - GET / - 404 - 0.00s
25-06-13 06:02:51 | 👾 API       | main.dispatch - GET / - 404 - 0.00s
25-06-13 06:02:58 | 👾 API       | main.dispatch - GET / - 404 - 0.00s
25-06-13 06:02:58 | 👾 API       | main.dispatch - GET / - 404 - 0.00s
25-06-13 06:03:08 | 👾 API       | main.dispatch - GET / - 404 - 0.00s
25-06-13 06:03:18 | 👾 API       | main.dispatch - GET / - 404 - 0.00s
25-06-13 06:03:28 | 👾 API       | main.dispatch - GET / - 404 - 0.00s
