25-06-13 12:27:44 | 🤖 PROGRAM   | program.start - Riven v0.21.21 starting!
25-06-13 12:27:44 | ❌ ERROR     | symlink.validate - rclone_path or library_path is set to the current directory.
25-06-13 12:27:44 | ❌ ERROR     | __init__.validate - No downloader service is initialized. Please initialize a downloader service.
25-06-13 12:27:44 | ❌ ERROR     | symlink.validate - Library path not set or set to the current directory in SymlinkLibrary settings.
25-06-13 12:27:44 | ❌ ERROR     | symlink.__init__ - SymlinkLibrary initialization failed due to invalid configuration.
25-06-13 12:27:44 | ⚠️  WARNING   | program.initialize_services - No content services initialized, items need to be added manually.
25-06-13 12:27:44 | ❌ ERROR     | program.initialize_services - No Scraping service initialized, you must enable at least one.
25-06-13 12:27:44 | ❌ ERROR     | program.initialize_services - No Downloader service initialized, you must enable at least one.
25-06-13 12:27:44 | 🤖 PROGRAM   | program.start - ----------------------------------------------
25-06-13 12:27:44 | ❌ ERROR     | program.start - Riven is waiting for configuration to start!
25-06-13 12:27:44 | 🤖 PROGRAM   | program.start - ----------------------------------------------
25-06-13 12:27:48 | 👾 API       | main.dispatch - GET / - 404 - 0.00s
25-06-13 12:27:58 | 👾 API       | main.dispatch - GET / - 404 - 0.00s
25-06-13 12:28:08 | 👾 API       | main.dispatch - GET / - 404 - 0.00s
25-06-13 12:28:18 | 👾 API       | main.dispatch - GET / - 404 - 0.00s
25-06-13 12:28:28 | 👾 API       | main.dispatch - GET / - 404 - 0.00s
25-06-13 12:28:32 | 👾 API       | main.dispatch - GET / - 404 - 0.00s
25-06-13 12:28:38 | 👾 API       | main.dispatch - GET / - 404 - 0.00s
25-06-13 12:28:47 | 👾 API       | main.dispatch - GET / - 404 - 0.00s
25-06-13 12:28:57 | 👾 API       | main.dispatch - GET / - 404 - 0.00s
25-06-13 12:29:02 | 👾 API       | main.dispatch - GET / - 404 - 0.00s
