25-06-12 16:44:03 | 🤖 PROGRAM   | program.start - Riven v0.21.21 starting!
25-06-12 16:44:03 | ❌ ERROR     | symlink.validate - rclone_path or library_path is set to the current directory.
25-06-12 16:44:03 | ❌ ERROR     | __init__.validate - No downloader service is initialized. Please initialize a downloader service.
25-06-12 16:44:03 | ❌ ERROR     | symlink.validate - Library path not set or set to the current directory in SymlinkLibrary settings.
25-06-12 16:44:03 | ❌ ERROR     | symlink.__init__ - SymlinkLibrary initialization failed due to invalid configuration.
25-06-12 16:44:03 | ⚠️  WARNING   | program.initialize_services - No content services initialized, items need to be added manually.
25-06-12 16:44:03 | ❌ ERROR     | program.initialize_services - No Scraping service initialized, you must enable at least one.
25-06-12 16:44:03 | ❌ ERROR     | program.initialize_services - No Downloader service initialized, you must enable at least one.
25-06-12 16:44:03 | 🤖 PROGRAM   | program.start - ----------------------------------------------
25-06-12 16:44:03 | ❌ ERROR     | program.start - Riven is waiting for configuration to start!
25-06-12 16:44:03 | 🤖 PROGRAM   | program.start - ----------------------------------------------
25-06-12 16:44:15 | 👾 API       | main.dispatch - GET / - 404 - 0.00s
25-06-12 16:44:24 | 👾 API       | main.dispatch - GET / - 404 - 0.00s
25-06-12 16:44:34 | 👾 API       | main.dispatch - GET / - 404 - 0.00s
25-06-12 16:44:44 | 👾 API       | main.dispatch - GET / - 404 - 0.00s
25-06-12 16:44:49 | 👾 API       | main.dispatch - GET / - 404 - 0.00s
25-06-12 16:44:54 | 👾 API       | main.dispatch - GET / - 404 - 0.00s
25-06-12 16:45:02 | 👾 API       | main.dispatch - GET / - 404 - 0.00s
25-06-12 16:45:12 | 👾 API       | main.dispatch - GET / - 404 - 0.00s
25-06-12 16:45:19 | 👾 API       | main.dispatch - GET / - 404 - 0.00s
25-06-12 16:45:22 | 👾 API       | main.dispatch - GET / - 404 - 0.00s
25-06-12 16:45:32 | 👾 API       | main.dispatch - GET / - 404 - 0.00s
25-06-12 16:45:42 | 👾 API       | main.dispatch - GET / - 404 - 0.00s
25-06-12 16:45:49 | 👾 API       | main.dispatch - GET / - 404 - 0.00s
25-06-12 16:45:49 | 👾 API       | main.dispatch - GET / - 404 - 0.00s
25-06-12 16:45:59 | 👾 API       | main.dispatch - GET / - 404 - 0.00s
25-06-12 16:46:09 | 👾 API       | main.dispatch - GET / - 404 - 0.00s
25-06-12 16:46:19 | 👾 API       | main.dispatch - GET / - 404 - 0.00s
