25-06-14 18:32:25 | 🤖 PROGRAM   | program.start - Riven v0.21.21 starting!
25-06-14 18:32:25 | ❌ ERROR     | symlink.validate - rclone_path or library_path is set to the current directory.
25-06-14 18:32:25 | ❌ ERROR     | __init__.validate - No downloader service is initialized. Please initialize a downloader service.
25-06-14 18:32:25 | ❌ ERROR     | symlink.validate - Library path not set or set to the current directory in SymlinkLibrary settings.
25-06-14 18:32:25 | ❌ ERROR     | symlink.__init__ - SymlinkLibrary initialization failed due to invalid configuration.
25-06-14 18:32:25 | ⚠️  WARNING   | program.initialize_services - No content services initialized, items need to be added manually.
25-06-14 18:32:25 | ❌ ERROR     | program.initialize_services - No Scraping service initialized, you must enable at least one.
25-06-14 18:32:25 | ❌ ERROR     | program.initialize_services - No Downloader service initialized, you must enable at least one.
25-06-14 18:32:25 | 🤖 PROGRAM   | program.start - ----------------------------------------------
25-06-14 18:32:25 | ❌ ERROR     | program.start - Riven is waiting for configuration to start!
25-06-14 18:32:25 | 🤖 PROGRAM   | program.start - ----------------------------------------------
25-06-14 18:32:29 | 👾 API       | main.dispatch - GET / - 404 - 0.00s
25-06-14 18:32:39 | 👾 API       | main.dispatch - GET / - 404 - 0.00s
25-06-14 18:32:49 | 👾 API       | main.dispatch - GET / - 404 - 0.00s
25-06-14 18:32:59 | 👾 API       | main.dispatch - GET / - 404 - 0.00s
25-06-14 18:33:09 | 👾 API       | main.dispatch - GET / - 404 - 0.00s
25-06-14 18:33:17 | 👾 API       | main.dispatch - GET / - 404 - 0.00s
25-06-14 18:33:19 | 👾 API       | main.dispatch - GET / - 404 - 0.00s
25-06-14 18:33:26 | 👾 API       | main.dispatch - GET / - 404 - 0.00s
25-06-14 18:33:36 | 👾 API       | main.dispatch - GET / - 404 - 0.00s
25-06-14 18:33:46 | 👾 API       | main.dispatch - GET / - 404 - 0.00s
25-06-14 18:33:47 | 👾 API       | main.dispatch - GET / - 404 - 0.00s
25-06-14 18:33:56 | 👾 API       | main.dispatch - GET / - 404 - 0.00s
25-06-14 18:34:06 | 👾 API       | main.dispatch - GET / - 404 - 0.00s
25-06-14 18:34:16 | 👾 API       | main.dispatch - GET / - 404 - 0.00s
25-06-14 18:34:17 | 👾 API       | main.dispatch - GET / - 404 - 0.00s
25-06-14 18:34:17 | 👾 API       | main.dispatch - GET / - 404 - 0.00s
25-06-14 18:34:27 | 👾 API       | main.dispatch - GET / - 404 - 0.00s
25-06-14 18:34:37 | 👾 API       | main.dispatch - GET / - 404 - 0.00s
25-06-14 18:34:47 | 👾 API       | main.dispatch - GET / - 404 - 0.00s
