25-06-12 19:47:14 | 🤖 PROGRAM   | program.start - Riven v0.21.21 starting!
25-06-12 19:47:14 | ❌ ERROR     | symlink.validate - rclone_path or library_path is set to the current directory.
25-06-12 19:47:14 | ❌ ERROR     | __init__.validate - No downloader service is initialized. Please initialize a downloader service.
25-06-12 19:47:14 | ❌ ERROR     | symlink.validate - Library path not set or set to the current directory in SymlinkLibrary settings.
25-06-12 19:47:14 | ❌ ERROR     | symlink.__init__ - SymlinkLibrary initialization failed due to invalid configuration.
25-06-12 19:47:14 | ⚠️  WARNING   | program.initialize_services - No content services initialized, items need to be added manually.
25-06-12 19:47:14 | ❌ ERROR     | program.initialize_services - No Scraping service initialized, you must enable at least one.
25-06-12 19:47:14 | ❌ ERROR     | program.initialize_services - No Downloader service initialized, you must enable at least one.
25-06-12 19:47:14 | 🤖 PROGRAM   | program.start - ----------------------------------------------
25-06-12 19:47:14 | ❌ ERROR     | program.start - Riven is waiting for configuration to start!
25-06-12 19:47:14 | 🤖 PROGRAM   | program.start - ----------------------------------------------
25-06-12 19:47:18 | 👾 API       | main.dispatch - GET / - 404 - 0.00s
25-06-12 19:47:28 | 👾 API       | main.dispatch - GET / - 404 - 0.00s
25-06-12 19:47:38 | 👾 API       | main.dispatch - GET / - 404 - 0.00s
25-06-12 19:47:48 | 👾 API       | main.dispatch - GET / - 404 - 0.00s
25-06-12 19:47:55 | 👾 API       | main.dispatch - GET / - 404 - 0.00s
25-06-12 19:47:58 | 👾 API       | main.dispatch - GET / - 404 - 0.00s
25-06-12 19:48:08 | 👾 API       | main.dispatch - GET / - 404 - 0.00s
25-06-12 19:48:18 | 👾 API       | main.dispatch - GET / - 404 - 0.00s
25-06-12 19:48:25 | 👾 API       | main.dispatch - GET / - 404 - 0.00s
25-06-12 19:48:28 | 👾 API       | main.dispatch - GET / - 404 - 0.00s
25-06-12 19:48:29 | 👾 API       | main.dispatch - GET / - 404 - 0.00s
25-06-12 19:48:39 | 👾 API       | main.dispatch - GET / - 404 - 0.00s
25-06-12 19:48:49 | 👾 API       | main.dispatch - GET / - 404 - 0.00s
25-06-12 19:48:55 | 👾 API       | main.dispatch - GET / - 404 - 0.00s
25-06-12 19:48:55 | 👾 API       | main.dispatch - GET / - 404 - 0.00s
25-06-12 19:49:05 | 👾 API       | main.dispatch - GET / - 404 - 0.00s
25-06-12 19:49:15 | 👾 API       | main.dispatch - GET / - 404 - 0.00s
25-06-12 19:49:25 | 👾 API       | main.dispatch - GET / - 404 - 0.00s
