25-06-14 19:59:31 | 🤖 PROGRAM   | program.start - Riven v0.21.21 starting!
25-06-14 19:59:31 | ❌ ERROR     | symlink.validate - rclone_path or library_path is set to the current directory.
25-06-14 19:59:31 | ❌ ERROR     | __init__.validate - No downloader service is initialized. Please initialize a downloader service.
25-06-14 19:59:31 | ❌ ERROR     | symlink.validate - Library path not set or set to the current directory in SymlinkLibrary settings.
25-06-14 19:59:31 | ❌ ERROR     | symlink.__init__ - SymlinkLibrary initialization failed due to invalid configuration.
25-06-14 19:59:31 | ⚠️  WARNING   | program.initialize_services - No content services initialized, items need to be added manually.
25-06-14 19:59:31 | ❌ ERROR     | program.initialize_services - No Scraping service initialized, you must enable at least one.
25-06-14 19:59:31 | ❌ ERROR     | program.initialize_services - No Downloader service initialized, you must enable at least one.
25-06-14 19:59:31 | 🤖 PROGRAM   | program.start - ----------------------------------------------
25-06-14 19:59:31 | ❌ ERROR     | program.start - Riven is waiting for configuration to start!
25-06-14 19:59:31 | 🤖 PROGRAM   | program.start - ----------------------------------------------
25-06-14 19:59:37 | 👾 API       | main.dispatch - GET / - 404 - 0.00s
25-06-14 19:59:47 | 👾 API       | main.dispatch - GET / - 404 - 0.00s
25-06-14 19:59:54 | 👾 API       | main.dispatch - GET / - 404 - 0.00s
25-06-14 19:59:57 | 👾 API       | main.dispatch - GET / - 404 - 0.00s
25-06-14 20:00:07 | 👾 API       | main.dispatch - GET / - 404 - 0.00s
25-06-14 20:00:17 | 👾 API       | main.dispatch - GET / - 404 - 0.00s
25-06-14 20:00:24 | 👾 API       | main.dispatch - GET / - 404 - 0.00s
25-06-14 20:00:27 | 👾 API       | main.dispatch - GET / - 404 - 0.00s
25-06-14 20:00:37 | 👾 API       | main.dispatch - GET / - 404 - 0.00s
25-06-14 20:00:47 | 👾 API       | main.dispatch - GET / - 404 - 0.00s
25-06-14 20:00:48 | 👾 API       | main.dispatch - GET / - 404 - 0.00s
25-06-14 20:00:54 | 👾 API       | main.dispatch - GET / - 404 - 0.00s
25-06-14 20:00:54 | 👾 API       | main.dispatch - GET / - 404 - 0.00s
25-06-14 20:01:04 | 👾 API       | main.dispatch - GET / - 404 - 0.00s
25-06-14 20:01:14 | 👾 API       | main.dispatch - GET / - 404 - 0.00s
25-06-14 20:01:24 | 👾 API       | main.dispatch - GET / - 404 - 0.00s
