25-06-12 20:17:41 | 🤖 PROGRAM   | program.start - Riven v0.21.21 starting!
25-06-12 20:17:41 | ❌ ERROR     | symlink.validate - rclone_path or library_path is set to the current directory.
25-06-12 20:17:41 | ❌ ERROR     | __init__.validate - No downloader service is initialized. Please initialize a downloader service.
25-06-12 20:17:41 | ❌ ERROR     | symlink.validate - Library path not set or set to the current directory in SymlinkLibrary settings.
25-06-12 20:17:41 | ❌ ERROR     | symlink.__init__ - SymlinkLibrary initialization failed due to invalid configuration.
25-06-12 20:17:41 | ⚠️  WARNING   | program.initialize_services - No content services initialized, items need to be added manually.
25-06-12 20:17:41 | ❌ ERROR     | program.initialize_services - No Scraping service initialized, you must enable at least one.
25-06-12 20:17:41 | ❌ ERROR     | program.initialize_services - No Downloader service initialized, you must enable at least one.
25-06-12 20:17:41 | 🤖 PROGRAM   | program.start - ----------------------------------------------
25-06-12 20:17:41 | ❌ ERROR     | program.start - Riven is waiting for configuration to start!
25-06-12 20:17:41 | 🤖 PROGRAM   | program.start - ----------------------------------------------
25-06-12 20:17:52 | 👾 API       | main.dispatch - GET / - 404 - 0.00s
25-06-12 20:18:02 | 👾 API       | main.dispatch - GET / - 404 - 0.00s
25-06-12 20:18:12 | 👾 API       | main.dispatch - GET / - 404 - 0.00s
25-06-12 20:18:22 | 👾 API       | main.dispatch - GET / - 404 - 0.00s
25-06-12 20:18:28 | 👾 API       | main.dispatch - GET / - 404 - 0.00s
25-06-12 20:18:32 | 👾 API       | main.dispatch - GET / - 404 - 0.00s
25-06-12 20:18:33 | 👾 API       | main.dispatch - GET / - 404 - 0.00s
25-06-12 20:18:43 | 👾 API       | main.dispatch - GET / - 404 - 0.00s
25-06-12 20:18:53 | 👾 API       | main.dispatch - GET / - 404 - 0.00s
25-06-12 20:18:58 | 👾 API       | main.dispatch - GET / - 404 - 0.00s
25-06-12 20:19:03 | 👾 API       | main.dispatch - GET / - 404 - 0.00s
25-06-12 20:19:13 | 👾 API       | main.dispatch - GET / - 404 - 0.00s
25-06-12 20:19:23 | 👾 API       | main.dispatch - GET / - 404 - 0.00s
25-06-12 20:19:28 | 👾 API       | main.dispatch - GET / - 404 - 0.00s
25-06-12 20:19:28 | 👾 API       | main.dispatch - GET / - 404 - 0.00s
25-06-12 20:19:38 | 👾 API       | main.dispatch - GET / - 404 - 0.00s
25-06-12 20:19:48 | 👾 API       | main.dispatch - GET / - 404 - 0.00s
25-06-12 20:19:58 | 👾 API       | main.dispatch - GET / - 404 - 0.00s
