25-06-14 18:28:27 | 🤖 PROGRAM   | program.start - Riven v0.21.21 starting!
25-06-14 18:28:27 | ❌ ERROR     | symlink.validate - rclone_path or library_path is set to the current directory.
25-06-14 18:28:27 | ❌ ERROR     | __init__.validate - No downloader service is initialized. Please initialize a downloader service.
25-06-14 18:28:27 | ❌ ERROR     | symlink.validate - Library path not set or set to the current directory in SymlinkLibrary settings.
25-06-14 18:28:27 | ❌ ERROR     | symlink.__init__ - SymlinkLibrary initialization failed due to invalid configuration.
25-06-14 18:28:27 | ⚠️  WARNING   | program.initialize_services - No content services initialized, items need to be added manually.
25-06-14 18:28:27 | ❌ ERROR     | program.initialize_services - No Scraping service initialized, you must enable at least one.
25-06-14 18:28:27 | ❌ ERROR     | program.initialize_services - No Downloader service initialized, you must enable at least one.
25-06-14 18:28:27 | 🤖 PROGRAM   | program.start - ----------------------------------------------
25-06-14 18:28:27 | ❌ ERROR     | program.start - Riven is waiting for configuration to start!
25-06-14 18:28:27 | 🤖 PROGRAM   | program.start - ----------------------------------------------
25-06-14 18:28:30 | 👾 API       | main.dispatch - GET / - 404 - 0.00s
25-06-14 18:28:40 | 👾 API       | main.dispatch - GET / - 404 - 0.00s
25-06-14 18:28:47 | 👾 API       | main.dispatch - GET / - 404 - 0.00s
25-06-14 18:28:50 | 👾 API       | main.dispatch - GET / - 404 - 0.00s
25-06-14 18:29:00 | 👾 API       | main.dispatch - GET / - 404 - 0.00s
25-06-14 18:29:10 | 👾 API       | main.dispatch - GET / - 404 - 0.00s
25-06-14 18:29:17 | 👾 API       | main.dispatch - GET / - 404 - 0.00s
25-06-14 18:29:20 | 👾 API       | main.dispatch - GET / - 404 - 0.00s
25-06-14 18:29:30 | 👾 API       | main.dispatch - GET / - 404 - 0.00s
25-06-14 18:29:40 | 👾 API       | main.dispatch - GET / - 404 - 0.00s
25-06-14 18:29:47 | 👾 API       | main.dispatch - GET / - 404 - 0.00s
25-06-14 18:29:47 | 👾 API       | main.dispatch - GET / - 404 - 0.00s
25-06-14 18:29:47 | 👾 API       | main.dispatch - GET / - 404 - 0.00s
25-06-14 18:29:57 | 👾 API       | main.dispatch - GET / - 404 - 0.00s
25-06-14 18:30:07 | 👾 API       | main.dispatch - GET / - 404 - 0.00s
25-06-14 18:30:17 | 👾 API       | main.dispatch - GET / - 404 - 0.00s
