25-06-15 00:15:01 | 🤖 PROGRAM   | program.start - Riven v0.21.21 starting!
25-06-15 00:15:01 | ❌ ERROR     | symlink.validate - rclone_path or library_path is set to the current directory.
25-06-15 00:15:01 | ❌ ERROR     | __init__.validate - No downloader service is initialized. Please initialize a downloader service.
25-06-15 00:15:01 | ❌ ERROR     | symlink.validate - Library path not set or set to the current directory in SymlinkLibrary settings.
25-06-15 00:15:01 | ❌ ERROR     | symlink.__init__ - SymlinkLibrary initialization failed due to invalid configuration.
25-06-15 00:15:01 | ⚠️  WARNING   | program.initialize_services - No content services initialized, items need to be added manually.
25-06-15 00:15:01 | ❌ ERROR     | program.initialize_services - No Scraping service initialized, you must enable at least one.
25-06-15 00:15:01 | ❌ ERROR     | program.initialize_services - No Downloader service initialized, you must enable at least one.
25-06-15 00:15:01 | 🤖 PROGRAM   | program.start - ----------------------------------------------
25-06-15 00:15:01 | ❌ ERROR     | program.start - Riven is waiting for configuration to start!
25-06-15 00:15:01 | 🤖 PROGRAM   | program.start - ----------------------------------------------
25-06-15 00:15:05 | 👾 API       | main.dispatch - GET / - 404 - 0.00s
25-06-15 00:15:15 | 👾 API       | main.dispatch - GET / - 404 - 0.00s
25-06-15 00:15:25 | 👾 API       | main.dispatch - GET / - 404 - 0.00s
25-06-15 00:15:35 | 👾 API       | main.dispatch - GET / - 404 - 0.00s
25-06-15 00:15:45 | 👾 API       | main.dispatch - GET / - 404 - 0.00s
25-06-15 00:15:47 | 👾 API       | main.dispatch - GET / - 404 - 0.00s
25-06-15 00:15:55 | 👾 API       | main.dispatch - GET / - 404 - 0.00s
25-06-15 00:16:05 | 👾 API       | main.dispatch - GET / - 404 - 0.00s
25-06-15 00:16:15 | 👾 API       | main.dispatch - GET / - 404 - 0.00s
25-06-15 00:16:17 | 👾 API       | main.dispatch - GET / - 404 - 0.00s
25-06-15 00:16:18 | 👾 API       | main.dispatch - GET / - 404 - 0.00s
25-06-15 00:16:28 | 👾 API       | main.dispatch - GET / - 404 - 0.00s
25-06-15 00:16:38 | 👾 API       | main.dispatch - GET / - 404 - 0.00s
25-06-15 00:16:47 | 👾 API       | main.dispatch - GET / - 404 - 0.00s
25-06-15 00:16:47 | 👾 API       | main.dispatch - GET / - 404 - 0.00s
25-06-15 00:16:57 | 👾 API       | main.dispatch - GET / - 404 - 0.00s
25-06-15 00:17:07 | 👾 API       | main.dispatch - GET / - 404 - 0.00s
25-06-15 00:17:17 | 👾 API       | main.dispatch - GET / - 404 - 0.00s
