25-06-12 06:47:42 | 🤖 PROGRAM   | program.start - Riven v0.21.21 starting!
25-06-12 06:47:42 | ❌ ERROR     | symlink.validate - rclone_path or library_path is set to the current directory.
25-06-12 06:47:43 | ❌ ERROR     | __init__.validate - No downloader service is initialized. Please initialize a downloader service.
25-06-12 06:47:43 | ❌ ERROR     | symlink.validate - Library path not set or set to the current directory in SymlinkLibrary settings.
25-06-12 06:47:43 | ❌ ERROR     | symlink.__init__ - SymlinkLibrary initialization failed due to invalid configuration.
25-06-12 06:47:43 | ⚠️  WARNING   | program.initialize_services - No content services initialized, items need to be added manually.
25-06-12 06:47:43 | ❌ ERROR     | program.initialize_services - No Scraping service initialized, you must enable at least one.
25-06-12 06:47:43 | ❌ ERROR     | program.initialize_services - No Downloader service initialized, you must enable at least one.
25-06-12 06:47:43 | 🤖 PROGRAM   | program.start - ----------------------------------------------
25-06-12 06:47:43 | ❌ ERROR     | program.start - Riven is waiting for configuration to start!
25-06-12 06:47:43 | 🤖 PROGRAM   | program.start - ----------------------------------------------
25-06-12 06:47:51 | 👾 API       | main.dispatch - GET / - 404 - 0.00s
25-06-12 06:48:01 | 👾 API       | main.dispatch - GET / - 404 - 0.00s
25-06-12 06:48:11 | 👾 API       | main.dispatch - GET / - 404 - 0.00s
25-06-12 06:48:11 | 👾 API       | main.dispatch - GET / - 404 - 0.00s
25-06-12 06:48:21 | 👾 API       | main.dispatch - GET / - 404 - 0.00s
25-06-12 06:48:31 | 👾 API       | main.dispatch - GET / - 404 - 0.00s
25-06-12 06:48:41 | 👾 API       | main.dispatch - GET / - 404 - 0.00s
25-06-12 06:48:41 | 👾 API       | main.dispatch - GET / - 404 - 0.00s
25-06-12 06:48:46 | 👾 API       | main.dispatch - GET / - 404 - 0.00s
25-06-12 06:48:56 | 👾 API       | main.dispatch - GET / - 404 - 0.00s
25-06-12 06:49:06 | 👾 API       | main.dispatch - GET / - 404 - 0.00s
25-06-12 06:49:11 | 👾 API       | main.dispatch - GET / - 404 - 0.00s
25-06-12 06:49:11 | 👾 API       | main.dispatch - GET / - 404 - 0.00s
25-06-12 06:49:21 | 👾 API       | main.dispatch - GET / - 404 - 0.00s
25-06-12 06:49:31 | 👾 API       | main.dispatch - GET / - 404 - 0.00s
25-06-12 06:49:41 | 👾 API       | main.dispatch - GET / - 404 - 0.00s
