25-06-13 06:32:48 | 🤖 PROGRAM   | program.start - Riven v0.21.21 starting!
25-06-13 06:32:48 | ❌ ERROR     | symlink.validate - rclone_path or library_path is set to the current directory.
25-06-13 06:32:48 | ❌ ERROR     | __init__.validate - No downloader service is initialized. Please initialize a downloader service.
25-06-13 06:32:48 | ❌ ERROR     | symlink.validate - Library path not set or set to the current directory in SymlinkLibrary settings.
25-06-13 06:32:48 | ❌ ERROR     | symlink.__init__ - SymlinkLibrary initialization failed due to invalid configuration.
25-06-13 06:32:48 | ⚠️  WARNING   | program.initialize_services - No content services initialized, items need to be added manually.
25-06-13 06:32:48 | ❌ ERROR     | program.initialize_services - No Scraping service initialized, you must enable at least one.
25-06-13 06:32:48 | ❌ ERROR     | program.initialize_services - No Downloader service initialized, you must enable at least one.
25-06-13 06:32:48 | 🤖 PROGRAM   | program.start - ----------------------------------------------
25-06-13 06:32:48 | ❌ ERROR     | program.start - Riven is waiting for configuration to start!
25-06-13 06:32:48 | 🤖 PROGRAM   | program.start - ----------------------------------------------
25-06-13 06:32:53 | 👾 API       | main.dispatch - GET / - 404 - 0.00s
25-06-13 06:33:03 | 👾 API       | main.dispatch - GET / - 404 - 0.00s
25-06-13 06:33:13 | 👾 API       | main.dispatch - GET / - 404 - 0.00s
25-06-13 06:33:23 | 👾 API       | main.dispatch - GET / - 404 - 0.00s
25-06-13 06:33:33 | 👾 API       | main.dispatch - GET / - 404 - 0.00s
25-06-13 06:33:41 | 👾 API       | main.dispatch - GET / - 404 - 0.00s
25-06-13 06:33:43 | 👾 API       | main.dispatch - GET / - 404 - 0.00s
25-06-13 06:33:53 | 👾 API       | main.dispatch - GET / - 404 - 0.00s
25-06-13 06:34:03 | 👾 API       | main.dispatch - GET / - 404 - 0.00s
25-06-13 06:34:06 | 👾 API       | main.dispatch - GET / - 404 - 0.00s
25-06-13 06:34:11 | 👾 API       | main.dispatch - GET / - 404 - 0.00s
25-06-13 06:34:16 | 👾 API       | main.dispatch - GET / - 404 - 0.00s
25-06-13 06:34:26 | 👾 API       | main.dispatch - GET / - 404 - 0.00s
25-06-13 06:34:36 | 👾 API       | main.dispatch - GET / - 404 - 0.00s
25-06-13 06:34:41 | 👾 API       | main.dispatch - GET / - 404 - 0.00s
25-06-13 06:34:41 | 👾 API       | main.dispatch - GET / - 404 - 0.00s
25-06-13 06:34:51 | 👾 API       | main.dispatch - GET / - 404 - 0.00s
25-06-13 06:35:01 | 👾 API       | main.dispatch - GET / - 404 - 0.00s
25-06-13 06:35:11 | 👾 API       | main.dispatch - GET / - 404 - 0.00s
