25-06-15 00:55:00 | 🤖 PROGRAM   | program.start - Riven v0.21.21 starting!
25-06-15 00:55:00 | ❌ ERROR     | symlink.validate - rclone_path or library_path is set to the current directory.
25-06-15 00:55:00 | ❌ ERROR     | __init__.validate - No downloader service is initialized. Please initialize a downloader service.
25-06-15 00:55:00 | ❌ ERROR     | symlink.validate - Library path not set or set to the current directory in SymlinkLibrary settings.
25-06-15 00:55:00 | ❌ ERROR     | symlink.__init__ - SymlinkLibrary initialization failed due to invalid configuration.
25-06-15 00:55:00 | ⚠️  WARNING   | program.initialize_services - No content services initialized, items need to be added manually.
25-06-15 00:55:00 | ❌ ERROR     | program.initialize_services - No Scraping service initialized, you must enable at least one.
25-06-15 00:55:00 | ❌ ERROR     | program.initialize_services - No Downloader service initialized, you must enable at least one.
25-06-15 00:55:00 | 🤖 PROGRAM   | program.start - ----------------------------------------------
25-06-15 00:55:00 | ❌ ERROR     | program.start - Riven is waiting for configuration to start!
25-06-15 00:55:00 | 🤖 PROGRAM   | program.start - ----------------------------------------------
25-06-15 00:55:05 | 👾 API       | main.dispatch - GET / - 404 - 0.00s
25-06-15 00:55:15 | 👾 API       | main.dispatch - GET / - 404 - 0.00s
25-06-15 00:55:25 | 👾 API       | main.dispatch - GET / - 404 - 0.00s
25-06-15 00:55:35 | 👾 API       | main.dispatch - GET / - 404 - 0.00s
25-06-15 00:55:45 | 👾 API       | main.dispatch - GET / - 404 - 0.00s
25-06-15 00:55:47 | 👾 API       | main.dispatch - GET / - 404 - 0.00s
25-06-15 00:55:55 | 👾 API       | main.dispatch - GET / - 404 - 0.00s
25-06-15 00:56:02 | 👾 API       | main.dispatch - GET / - 404 - 0.00s
25-06-15 00:56:12 | 👾 API       | main.dispatch - GET / - 404 - 0.00s
25-06-15 00:56:17 | 👾 API       | main.dispatch - GET / - 404 - 0.00s
25-06-15 00:56:22 | 👾 API       | main.dispatch - GET / - 404 - 0.00s
25-06-15 00:56:32 | 👾 API       | main.dispatch - GET / - 404 - 0.00s
25-06-15 00:56:42 | 👾 API       | main.dispatch - GET / - 404 - 0.00s
25-06-15 00:56:47 | 👾 API       | main.dispatch - GET / - 404 - 0.00s
25-06-15 00:56:47 | 👾 API       | main.dispatch - GET / - 404 - 0.00s
25-06-15 00:56:57 | 👾 API       | main.dispatch - GET / - 404 - 0.00s
25-06-15 00:57:07 | 👾 API       | main.dispatch - GET / - 404 - 0.00s
25-06-15 00:57:17 | 👾 API       | main.dispatch - GET / - 404 - 0.00s
