25-06-12 18:58:32 | 🤖 PROGRAM   | program.start - Riven v0.21.21 starting!
25-06-12 18:58:32 | ❌ ERROR     | symlink.validate - rclone_path or library_path is set to the current directory.
25-06-12 18:58:32 | ❌ ERROR     | __init__.validate - No downloader service is initialized. Please initialize a downloader service.
25-06-12 18:58:32 | ❌ ERROR     | symlink.validate - Library path not set or set to the current directory in SymlinkLibrary settings.
25-06-12 18:58:32 | ❌ ERROR     | symlink.__init__ - SymlinkLibrary initialization failed due to invalid configuration.
25-06-12 18:58:32 | ⚠️  WARNING   | program.initialize_services - No content services initialized, items need to be added manually.
25-06-12 18:58:32 | ❌ ERROR     | program.initialize_services - No Scraping service initialized, you must enable at least one.
25-06-12 18:58:32 | ❌ ERROR     | program.initialize_services - No Downloader service initialized, you must enable at least one.
25-06-12 18:58:32 | 🤖 PROGRAM   | program.start - ----------------------------------------------
25-06-12 18:58:32 | ❌ ERROR     | program.start - Riven is waiting for configuration to start!
25-06-12 18:58:32 | 🤖 PROGRAM   | program.start - ----------------------------------------------
25-06-12 18:58:36 | 👾 API       | main.dispatch - GET / - 404 - 0.00s
25-06-12 18:58:46 | 👾 API       | main.dispatch - GET / - 404 - 0.00s
25-06-12 18:58:55 | 👾 API       | main.dispatch - GET / - 404 - 0.00s
25-06-12 18:58:56 | 👾 API       | main.dispatch - GET / - 404 - 0.00s
25-06-12 18:59:06 | 👾 API       | main.dispatch - GET / - 404 - 0.00s
25-06-12 18:59:16 | 👾 API       | main.dispatch - GET / - 404 - 0.00s
25-06-12 18:59:25 | 👾 API       | main.dispatch - GET / - 404 - 0.00s
25-06-12 18:59:26 | 👾 API       | main.dispatch - GET / - 404 - 0.00s
25-06-12 18:59:34 | 👾 API       | main.dispatch - GET / - 404 - 0.00s
25-06-12 18:59:44 | 👾 API       | main.dispatch - GET / - 404 - 0.00s
25-06-12 18:59:54 | 👾 API       | main.dispatch - GET / - 404 - 0.00s
25-06-12 18:59:55 | 👾 API       | main.dispatch - GET / - 404 - 0.00s
25-06-12 18:59:55 | 👾 API       | main.dispatch - GET / - 404 - 0.00s
25-06-12 19:00:05 | 👾 API       | main.dispatch - GET / - 404 - 0.00s
25-06-12 19:00:15 | 👾 API       | main.dispatch - GET / - 404 - 0.00s
25-06-12 19:00:25 | 👾 API       | main.dispatch - GET / - 404 - 0.00s
