25-06-15 03:10:24 | 🤖 PROGRAM   | program.start - Riven v0.21.21 starting!
25-06-15 03:10:24 | ❌ ERROR     | symlink.validate - rclone_path or library_path is set to the current directory.
25-06-15 03:10:24 | ❌ ERROR     | __init__.validate - No downloader service is initialized. Please initialize a downloader service.
25-06-15 03:10:24 | ❌ ERROR     | symlink.validate - Library path not set or set to the current directory in SymlinkLibrary settings.
25-06-15 03:10:24 | ❌ ERROR     | symlink.__init__ - SymlinkLibrary initialization failed due to invalid configuration.
25-06-15 03:10:24 | ⚠️  WARNING   | program.initialize_services - No content services initialized, items need to be added manually.
25-06-15 03:10:24 | ❌ ERROR     | program.initialize_services - No Scraping service initialized, you must enable at least one.
25-06-15 03:10:24 | ❌ ERROR     | program.initialize_services - No Downloader service initialized, you must enable at least one.
25-06-15 03:10:24 | 🤖 PROGRAM   | program.start - ----------------------------------------------
25-06-15 03:10:24 | ❌ ERROR     | program.start - Riven is waiting for configuration to start!
25-06-15 03:10:24 | 🤖 PROGRAM   | program.start - ----------------------------------------------
25-06-15 03:10:30 | 👾 API       | main.dispatch - GET / - 404 - 0.00s
25-06-15 03:10:40 | 👾 API       | main.dispatch - GET / - 404 - 0.00s
25-06-15 03:10:47 | 👾 API       | main.dispatch - GET / - 404 - 0.00s
25-06-15 03:10:50 | 👾 API       | main.dispatch - GET / - 404 - 0.00s
25-06-15 03:11:00 | 👾 API       | main.dispatch - GET / - 404 - 0.00s
25-06-15 03:11:10 | 👾 API       | main.dispatch - GET / - 404 - 0.00s
25-06-15 03:11:17 | 👾 API       | main.dispatch - GET / - 404 - 0.00s
25-06-15 03:11:20 | 👾 API       | main.dispatch - GET / - 404 - 0.00s
25-06-15 03:11:30 | 👾 API       | main.dispatch - GET / - 404 - 0.00s
25-06-15 03:11:33 | 👾 API       | main.dispatch - GET / - 404 - 0.00s
25-06-15 03:11:43 | 👾 API       | main.dispatch - GET / - 404 - 0.00s
25-06-15 03:11:47 | 👾 API       | main.dispatch - GET / - 404 - 0.00s
25-06-15 03:11:47 | 👾 API       | main.dispatch - GET / - 404 - 0.00s
25-06-15 03:11:57 | 👾 API       | main.dispatch - GET / - 404 - 0.00s
25-06-15 03:12:07 | 👾 API       | main.dispatch - GET / - 404 - 0.00s
25-06-15 03:12:17 | 👾 API       | main.dispatch - GET / - 404 - 0.00s
