25-06-13 06:30:18 | 🤖 PROGRAM   | program.start - Riven v0.21.21 starting!
25-06-13 06:30:18 | ❌ ERROR     | symlink.validate - rclone_path or library_path is set to the current directory.
25-06-13 06:30:18 | ❌ ERROR     | __init__.validate - No downloader service is initialized. Please initialize a downloader service.
25-06-13 06:30:18 | ❌ ERROR     | symlink.validate - Library path not set or set to the current directory in SymlinkLibrary settings.
25-06-13 06:30:18 | ❌ ERROR     | symlink.__init__ - SymlinkLibrary initialization failed due to invalid configuration.
25-06-13 06:30:18 | ⚠️  WARNING   | program.initialize_services - No content services initialized, items need to be added manually.
25-06-13 06:30:18 | ❌ ERROR     | program.initialize_services - No Scraping service initialized, you must enable at least one.
25-06-13 06:30:18 | ❌ ERROR     | program.initialize_services - No Downloader service initialized, you must enable at least one.
25-06-13 06:30:18 | 🤖 PROGRAM   | program.start - ----------------------------------------------
25-06-13 06:30:18 | ❌ ERROR     | program.start - Riven is waiting for configuration to start!
25-06-13 06:30:18 | 🤖 PROGRAM   | program.start - ----------------------------------------------
25-06-13 06:30:24 | 👾 API       | main.dispatch - GET / - 404 - 0.00s
25-06-13 06:30:34 | 👾 API       | main.dispatch - GET / - 404 - 0.00s
25-06-13 06:30:44 | 👾 API       | main.dispatch - GET / - 404 - 0.00s
25-06-13 06:30:54 | 👾 API       | main.dispatch - GET / - 404 - 0.00s
25-06-13 06:31:04 | 👾 API       | main.dispatch - GET / - 404 - 0.00s
25-06-13 06:31:11 | 👾 API       | main.dispatch - GET / - 404 - 0.00s
25-06-13 06:31:14 | 👾 API       | main.dispatch - GET / - 404 - 0.00s
25-06-13 06:31:24 | 👾 API       | main.dispatch - GET / - 404 - 0.00s
25-06-13 06:31:25 | 👾 API       | main.dispatch - GET / - 404 - 0.00s
25-06-13 06:31:35 | 👾 API       | main.dispatch - GET / - 404 - 0.00s
25-06-13 06:31:41 | 👾 API       | main.dispatch - GET / - 404 - 0.00s
25-06-13 06:31:45 | 👾 API       | main.dispatch - GET / - 404 - 0.00s
25-06-13 06:31:55 | 👾 API       | main.dispatch - GET / - 404 - 0.00s
25-06-13 06:32:05 | 👾 API       | main.dispatch - GET / - 404 - 0.00s
25-06-13 06:32:11 | 👾 API       | main.dispatch - GET / - 404 - 0.00s
25-06-13 06:32:11 | 👾 API       | main.dispatch - GET / - 404 - 0.00s
25-06-13 06:32:21 | 👾 API       | main.dispatch - GET / - 404 - 0.00s
25-06-13 06:32:31 | 👾 API       | main.dispatch - GET / - 404 - 0.00s
25-06-13 06:32:41 | 👾 API       | main.dispatch - GET / - 404 - 0.00s
