25-06-12 19:18:34 | 🤖 PROGRAM   | program.start - Riven v0.21.21 starting!
25-06-12 19:18:34 | ❌ ERROR     | symlink.validate - rclone_path or library_path is set to the current directory.
25-06-12 19:18:34 | ❌ ERROR     | __init__.validate - No downloader service is initialized. Please initialize a downloader service.
25-06-12 19:18:34 | ❌ ERROR     | symlink.validate - Library path not set or set to the current directory in SymlinkLibrary settings.
25-06-12 19:18:34 | ❌ ERROR     | symlink.__init__ - SymlinkLibrary initialization failed due to invalid configuration.
25-06-12 19:18:34 | ⚠️  WARNING   | program.initialize_services - No content services initialized, items need to be added manually.
25-06-12 19:18:34 | ❌ ERROR     | program.initialize_services - No Scraping service initialized, you must enable at least one.
25-06-12 19:18:34 | ❌ ERROR     | program.initialize_services - No Downloader service initialized, you must enable at least one.
25-06-12 19:18:34 | 🤖 PROGRAM   | program.start - ----------------------------------------------
25-06-12 19:18:34 | ❌ ERROR     | program.start - Riven is waiting for configuration to start!
25-06-12 19:18:34 | 🤖 PROGRAM   | program.start - ----------------------------------------------
25-06-12 19:18:39 | 👾 API       | main.dispatch - GET / - 404 - 0.00s
25-06-12 19:18:49 | 👾 API       | main.dispatch - GET / - 404 - 0.00s
25-06-12 19:18:59 | 👾 API       | main.dispatch - GET / - 404 - 0.00s
25-06-12 19:19:09 | 👾 API       | main.dispatch - GET / - 404 - 0.00s
25-06-12 19:19:19 | 👾 API       | main.dispatch - GET / - 404 - 0.00s
25-06-12 19:19:25 | 👾 API       | main.dispatch - GET / - 404 - 0.00s
25-06-12 19:19:29 | 👾 API       | main.dispatch - GET / - 404 - 0.00s
25-06-12 19:19:30 | 👾 API       | main.dispatch - GET / - 404 - 0.00s
25-06-12 19:19:40 | 👾 API       | main.dispatch - GET / - 404 - 0.00s
25-06-12 19:19:50 | 👾 API       | main.dispatch - GET / - 404 - 0.00s
25-06-12 19:19:55 | 👾 API       | main.dispatch - GET / - 404 - 0.00s
25-06-12 19:20:00 | 👾 API       | main.dispatch - GET / - 404 - 0.00s
25-06-12 19:20:10 | 👾 API       | main.dispatch - GET / - 404 - 0.00s
25-06-12 19:20:20 | 👾 API       | main.dispatch - GET / - 404 - 0.00s
25-06-12 19:20:25 | 👾 API       | main.dispatch - GET / - 404 - 0.00s
25-06-12 19:20:25 | 👾 API       | main.dispatch - GET / - 404 - 0.00s
25-06-12 19:20:35 | 👾 API       | main.dispatch - GET / - 404 - 0.00s
25-06-12 19:20:45 | 👾 API       | main.dispatch - GET / - 404 - 0.00s
25-06-12 19:20:55 | 👾 API       | main.dispatch - GET / - 404 - 0.00s
