25-06-12 05:50:24 | 🤖 PROGRAM   | program.start - Riven v0.21.21 starting!
25-06-12 05:50:24 | ❌ ERROR     | symlink.validate - rclone_path or library_path is set to the current directory.
25-06-12 05:50:24 | ❌ ERROR     | __init__.validate - No downloader service is initialized. Please initialize a downloader service.
25-06-12 05:50:24 | ❌ ERROR     | symlink.validate - Library path not set or set to the current directory in SymlinkLibrary settings.
25-06-12 05:50:24 | ❌ ERROR     | symlink.__init__ - SymlinkLibrary initialization failed due to invalid configuration.
25-06-12 05:50:24 | ⚠️  WARNING   | program.initialize_services - No content services initialized, items need to be added manually.
25-06-12 05:50:24 | ❌ ERROR     | program.initialize_services - No Scraping service initialized, you must enable at least one.
25-06-12 05:50:24 | ❌ ERROR     | program.initialize_services - No Downloader service initialized, you must enable at least one.
25-06-12 05:50:24 | 🤖 PROGRAM   | program.start - ----------------------------------------------
25-06-12 05:50:24 | ❌ ERROR     | program.start - Riven is waiting for configuration to start!
25-06-12 05:50:24 | 🤖 PROGRAM   | program.start - ----------------------------------------------
25-06-12 05:50:29 | 👾 API       | main.dispatch - GET / - 404 - 0.00s
25-06-12 05:50:39 | 👾 API       | main.dispatch - GET / - 404 - 0.00s
25-06-12 05:50:49 | 👾 API       | main.dispatch - GET / - 404 - 0.00s
25-06-12 05:50:59 | 👾 API       | main.dispatch - GET / - 404 - 0.00s
25-06-12 05:51:09 | 👾 API       | main.dispatch - GET / - 404 - 0.00s
25-06-12 05:51:17 | 👾 API       | main.dispatch - GET / - 404 - 0.00s
25-06-12 05:51:19 | 👾 API       | main.dispatch - GET / - 404 - 0.00s
25-06-12 05:51:29 | 👾 API       | main.dispatch - GET / - 404 - 0.00s
25-06-12 05:51:39 | 👾 API       | main.dispatch - GET / - 404 - 0.00s
25-06-12 05:51:41 | 👾 API       | main.dispatch - GET / - 404 - 0.00s
25-06-12 05:51:47 | 👾 API       | main.dispatch - GET / - 404 - 0.00s
25-06-12 05:51:51 | 👾 API       | main.dispatch - GET / - 404 - 0.00s
25-06-12 05:52:01 | 👾 API       | main.dispatch - GET / - 404 - 0.00s
25-06-12 05:52:11 | 👾 API       | main.dispatch - GET / - 404 - 0.00s
25-06-12 05:52:17 | 👾 API       | main.dispatch - GET / - 404 - 0.00s
25-06-12 05:52:17 | 👾 API       | main.dispatch - GET / - 404 - 0.00s
25-06-12 05:52:27 | 👾 API       | main.dispatch - GET / - 404 - 0.00s
25-06-12 05:52:37 | 👾 API       | main.dispatch - GET / - 404 - 0.00s
25-06-12 05:52:47 | 👾 API       | main.dispatch - GET / - 404 - 0.00s
