25-06-15 02:39:33 | 🤖 PROGRAM   | program.start - Riven v0.21.21 starting!
25-06-15 02:39:33 | ❌ ERROR     | symlink.validate - rclone_path or library_path is set to the current directory.
25-06-15 02:39:33 | ❌ ERROR     | __init__.validate - No downloader service is initialized. Please initialize a downloader service.
25-06-15 02:39:33 | ❌ ERROR     | symlink.validate - Library path not set or set to the current directory in SymlinkLibrary settings.
25-06-15 02:39:33 | ❌ ERROR     | symlink.__init__ - SymlinkLibrary initialization failed due to invalid configuration.
25-06-15 02:39:33 | ⚠️  WARNING   | program.initialize_services - No content services initialized, items need to be added manually.
25-06-15 02:39:33 | ❌ ERROR     | program.initialize_services - No Scraping service initialized, you must enable at least one.
25-06-15 02:39:33 | ❌ ERROR     | program.initialize_services - No Downloader service initialized, you must enable at least one.
25-06-15 02:39:33 | 🤖 PROGRAM   | program.start - ----------------------------------------------
25-06-15 02:39:33 | ❌ ERROR     | program.start - Riven is waiting for configuration to start!
25-06-15 02:39:33 | 🤖 PROGRAM   | program.start - ----------------------------------------------
25-06-15 02:39:37 | 👾 API       | main.dispatch - GET / - 404 - 0.00s
25-06-15 02:39:47 | 👾 API       | main.dispatch - GET / - 404 - 0.00s
25-06-15 02:39:57 | 👾 API       | main.dispatch - GET / - 404 - 0.00s
25-06-15 02:40:07 | 👾 API       | main.dispatch - GET / - 404 - 0.00s
25-06-15 02:40:17 | 👾 API       | main.dispatch - GET / - 404 - 0.00s
25-06-15 02:40:17 | 👾 API       | main.dispatch - GET / - 404 - 0.00s
25-06-15 02:40:27 | 👾 API       | main.dispatch - GET / - 404 - 0.00s
25-06-15 02:40:35 | 👾 API       | main.dispatch - GET / - 404 - 0.00s
25-06-15 02:40:45 | 👾 API       | main.dispatch - GET / - 404 - 0.00s
25-06-15 02:40:47 | 👾 API       | main.dispatch - GET / - 404 - 0.00s
25-06-15 02:40:55 | 👾 API       | main.dispatch - GET / - 404 - 0.00s
25-06-15 02:41:05 | 👾 API       | main.dispatch - GET / - 404 - 0.00s
25-06-15 02:41:15 | 👾 API       | main.dispatch - GET / - 404 - 0.00s
25-06-15 02:41:17 | 👾 API       | main.dispatch - GET / - 404 - 0.00s
25-06-15 02:41:17 | 👾 API       | main.dispatch - GET / - 404 - 0.00s
25-06-15 02:41:27 | 👾 API       | main.dispatch - GET / - 404 - 0.00s
25-06-15 02:41:37 | 👾 API       | main.dispatch - GET / - 404 - 0.00s
25-06-15 02:41:47 | 👾 API       | main.dispatch - GET / - 404 - 0.00s
