25-06-12 06:39:06 | 🤖 PROGRAM   | program.start - Riven v0.21.21 starting!
25-06-12 06:39:06 | ❌ ERROR     | symlink.validate - rclone_path or library_path is set to the current directory.
25-06-12 06:39:06 | ❌ ERROR     | __init__.validate - No downloader service is initialized. Please initialize a downloader service.
25-06-12 06:39:06 | ❌ ERROR     | symlink.validate - Library path not set or set to the current directory in SymlinkLibrary settings.
25-06-12 06:39:06 | ❌ ERROR     | symlink.__init__ - SymlinkLibrary initialization failed due to invalid configuration.
25-06-12 06:39:06 | ⚠️  WARNING   | program.initialize_services - No content services initialized, items need to be added manually.
25-06-12 06:39:06 | ❌ ERROR     | program.initialize_services - No Scraping service initialized, you must enable at least one.
25-06-12 06:39:06 | ❌ ERROR     | program.initialize_services - No Downloader service initialized, you must enable at least one.
25-06-12 06:39:06 | 🤖 PROGRAM   | program.start - ----------------------------------------------
25-06-12 06:39:06 | ❌ ERROR     | program.start - Riven is waiting for configuration to start!
25-06-12 06:39:06 | 🤖 PROGRAM   | program.start - ----------------------------------------------
25-06-12 06:39:11 | 👾 API       | main.dispatch - GET / - 404 - 0.00s
25-06-12 06:39:21 | 👾 API       | main.dispatch - GET / - 404 - 0.00s
25-06-12 06:39:29 | 👾 API       | main.dispatch - GET / - 404 - 0.00s
25-06-12 06:39:31 | 👾 API       | main.dispatch - GET / - 404 - 0.00s
25-06-12 06:39:41 | 👾 API       | main.dispatch - GET / - 404 - 0.00s
25-06-12 06:39:51 | 👾 API       | main.dispatch - GET / - 404 - 0.00s
25-06-12 06:39:59 | 👾 API       | main.dispatch - GET / - 404 - 0.00s
25-06-12 06:40:01 | 👾 API       | main.dispatch - GET / - 404 - 0.00s
25-06-12 06:40:07 | 👾 API       | main.dispatch - GET / - 404 - 0.00s
25-06-12 06:40:17 | 👾 API       | main.dispatch - GET / - 404 - 0.00s
25-06-12 06:40:27 | 👾 API       | main.dispatch - GET / - 404 - 0.00s
25-06-12 06:40:29 | 👾 API       | main.dispatch - GET / - 404 - 0.00s
25-06-12 06:40:29 | 👾 API       | main.dispatch - GET / - 404 - 0.00s
25-06-12 06:40:39 | 👾 API       | main.dispatch - GET / - 404 - 0.00s
25-06-12 06:40:49 | 👾 API       | main.dispatch - GET / - 404 - 0.00s
25-06-12 06:40:59 | 👾 API       | main.dispatch - GET / - 404 - 0.00s
