25-06-14 22:00:34 | 🤖 PROGRAM   | program.start - Riven v0.21.21 starting!
25-06-14 22:00:34 | ❌ ERROR     | symlink.validate - rclone_path or library_path is set to the current directory.
25-06-14 22:00:34 | ❌ ERROR     | __init__.validate - No downloader service is initialized. Please initialize a downloader service.
25-06-14 22:00:34 | ❌ ERROR     | symlink.validate - Library path not set or set to the current directory in SymlinkLibrary settings.
25-06-14 22:00:34 | ❌ ERROR     | symlink.__init__ - SymlinkLibrary initialization failed due to invalid configuration.
25-06-14 22:00:34 | ⚠️  WARNING   | program.initialize_services - No content services initialized, items need to be added manually.
25-06-14 22:00:34 | ❌ ERROR     | program.initialize_services - No Scraping service initialized, you must enable at least one.
25-06-14 22:00:35 | ❌ ERROR     | program.initialize_services - No Downloader service initialized, you must enable at least one.
25-06-14 22:00:35 | 🤖 PROGRAM   | program.start - ----------------------------------------------
25-06-14 22:00:35 | ❌ ERROR     | program.start - Riven is waiting for configuration to start!
25-06-14 22:00:35 | 🤖 PROGRAM   | program.start - ----------------------------------------------
25-06-14 22:00:48 | 👾 API       | main.dispatch - GET / - 404 - 0.00s
25-06-14 22:00:48 | 👾 API       | main.dispatch - GET / - 404 - 0.00s
25-06-14 22:00:58 | 👾 API       | main.dispatch - GET / - 404 - 0.00s
25-06-14 22:01:08 | 👾 API       | main.dispatch - GET / - 404 - 0.00s
25-06-14 22:01:18 | 👾 API       | main.dispatch - GET / - 404 - 0.00s
25-06-14 22:01:18 | 👾 API       | main.dispatch - GET / - 404 - 0.00s
25-06-14 22:01:28 | 👾 API       | main.dispatch - GET / - 404 - 0.00s
25-06-14 22:01:38 | 👾 API       | main.dispatch - GET / - 404 - 0.00s
25-06-14 22:01:48 | 👾 API       | main.dispatch - GET / - 404 - 0.00s
25-06-14 22:01:48 | 👾 API       | main.dispatch - GET / - 404 - 0.00s
25-06-14 22:01:58 | 👾 API       | main.dispatch - GET / - 404 - 0.00s
25-06-14 22:02:08 | 👾 API       | main.dispatch - GET / - 404 - 0.00s
25-06-14 22:02:11 | 👾 API       | main.dispatch - GET / - 404 - 0.00s
25-06-14 22:02:18 | 👾 API       | main.dispatch - GET / - 404 - 0.00s
25-06-14 22:02:18 | 👾 API       | main.dispatch - GET / - 404 - 0.00s
25-06-14 22:02:28 | 👾 API       | main.dispatch - GET / - 404 - 0.00s
25-06-14 22:02:38 | 👾 API       | main.dispatch - GET / - 404 - 0.00s
25-06-14 22:02:48 | 👾 API       | main.dispatch - GET / - 404 - 0.00s
