25-06-12 08:19:59 | 🤖 PROGRAM   | program.start - Riven v0.21.21 starting!
25-06-12 08:19:59 | ❌ ERROR     | symlink.validate - rclone_path or library_path is set to the current directory.
25-06-12 08:19:59 | ❌ ERROR     | __init__.validate - No downloader service is initialized. Please initialize a downloader service.
25-06-12 08:19:59 | ❌ ERROR     | symlink.validate - Library path not set or set to the current directory in SymlinkLibrary settings.
25-06-12 08:19:59 | ❌ ERROR     | symlink.__init__ - SymlinkLibrary initialization failed due to invalid configuration.
25-06-12 08:19:59 | ⚠️  WARNING   | program.initialize_services - No content services initialized, items need to be added manually.
25-06-12 08:19:59 | ❌ ERROR     | program.initialize_services - No Scraping service initialized, you must enable at least one.
25-06-12 08:19:59 | ❌ ERROR     | program.initialize_services - No Downloader service initialized, you must enable at least one.
25-06-12 08:19:59 | 🤖 PROGRAM   | program.start - ----------------------------------------------
25-06-12 08:19:59 | ❌ ERROR     | program.start - Riven is waiting for configuration to start!
25-06-12 08:19:59 | 🤖 PROGRAM   | program.start - ----------------------------------------------
25-06-12 08:20:04 | 👾 API       | main.dispatch - GET / - 404 - 0.00s
25-06-12 08:20:14 | 👾 API       | main.dispatch - GET / - 404 - 0.00s
25-06-12 08:20:22 | 👾 API       | main.dispatch - GET / - 404 - 0.00s
25-06-12 08:20:24 | 👾 API       | main.dispatch - GET / - 404 - 0.00s
25-06-12 08:20:34 | 👾 API       | main.dispatch - GET / - 404 - 0.00s
25-06-12 08:20:44 | 👾 API       | main.dispatch - GET / - 404 - 0.00s
25-06-12 08:20:52 | 👾 API       | main.dispatch - GET / - 404 - 0.00s
25-06-12 08:20:54 | 👾 API       | main.dispatch - GET / - 404 - 0.00s
25-06-12 08:21:04 | 👾 API       | main.dispatch - GET / - 404 - 0.00s
25-06-12 08:21:09 | 👾 API       | main.dispatch - GET / - 404 - 0.00s
25-06-12 08:21:19 | 👾 API       | main.dispatch - GET / - 404 - 0.00s
25-06-12 08:21:22 | 👾 API       | main.dispatch - GET / - 404 - 0.00s
25-06-12 08:21:22 | 👾 API       | main.dispatch - GET / - 404 - 0.00s
25-06-12 08:21:32 | 👾 API       | main.dispatch - GET / - 404 - 0.00s
25-06-12 08:21:42 | 👾 API       | main.dispatch - GET / - 404 - 0.00s
25-06-12 08:21:52 | 👾 API       | main.dispatch - GET / - 404 - 0.00s
