25-06-14 17:58:00 | 🤖 PROGRAM   | program.start - Riven v0.21.21 starting!
25-06-14 17:58:00 | ❌ ERROR     | symlink.validate - rclone_path or library_path is set to the current directory.
25-06-14 17:58:00 | ❌ ERROR     | __init__.validate - No downloader service is initialized. Please initialize a downloader service.
25-06-14 17:58:00 | ❌ ERROR     | symlink.validate - Library path not set or set to the current directory in SymlinkLibrary settings.
25-06-14 17:58:00 | ❌ ERROR     | symlink.__init__ - SymlinkLibrary initialization failed due to invalid configuration.
25-06-14 17:58:00 | ⚠️  WARNING   | program.initialize_services - No content services initialized, items need to be added manually.
25-06-14 17:58:00 | ❌ ERROR     | program.initialize_services - No Scraping service initialized, you must enable at least one.
25-06-14 17:58:00 | ❌ ERROR     | program.initialize_services - No Downloader service initialized, you must enable at least one.
25-06-14 17:58:00 | 🤖 PROGRAM   | program.start - ----------------------------------------------
25-06-14 17:58:00 | ❌ ERROR     | program.start - Riven is waiting for configuration to start!
25-06-14 17:58:00 | 🤖 PROGRAM   | program.start - ----------------------------------------------
25-06-14 17:58:04 | 👾 API       | main.dispatch - GET / - 404 - 0.00s
25-06-14 17:58:14 | 👾 API       | main.dispatch - GET / - 404 - 0.00s
25-06-14 17:58:22 | 👾 API       | main.dispatch - GET / - 404 - 0.00s
25-06-14 17:58:24 | 👾 API       | main.dispatch - GET / - 404 - 0.00s
25-06-14 17:58:34 | 👾 API       | main.dispatch - GET / - 404 - 0.00s
25-06-14 17:58:44 | 👾 API       | main.dispatch - GET / - 404 - 0.00s
25-06-14 17:58:52 | 👾 API       | main.dispatch - GET / - 404 - 0.00s
25-06-14 17:58:54 | 👾 API       | main.dispatch - GET / - 404 - 0.00s
25-06-14 17:59:04 | 👾 API       | main.dispatch - GET / - 404 - 0.00s
25-06-14 17:59:08 | 👾 API       | main.dispatch - GET / - 404 - 0.00s
25-06-14 17:59:18 | 👾 API       | main.dispatch - GET / - 404 - 0.00s
25-06-14 17:59:22 | 👾 API       | main.dispatch - GET / - 404 - 0.00s
25-06-14 17:59:22 | 👾 API       | main.dispatch - GET / - 404 - 0.00s
25-06-14 17:59:32 | 👾 API       | main.dispatch - GET / - 404 - 0.00s
25-06-14 17:59:42 | 👾 API       | main.dispatch - GET / - 404 - 0.00s
25-06-14 17:59:52 | 👾 API       | main.dispatch - GET / - 404 - 0.00s
