[2025-04-17T00:55:36.802Z] info  code-server 4.99.2 e0c960b30e79653332950a285760c5baa1745652
[2025-04-17T00:55:36.827Z] info  Using user-data-dir /config/data
[2025-04-17T00:55:36.987Z] info  Using config file /config/.config/code-server/config.yaml
[2025-04-17T00:55:36.988Z] info  HTTP server listening on http://0.0.0.0:8443/
[2025-04-17T00:55:36.988Z] info    - Authentication is disabled
[2025-04-17T00:55:36.988Z] info    - Not serving HTTPS
[2025-04-17T00:55:36.988Z] info    - Proxying the following domain:
[2025-04-17T00:55:36.988Z] info      - {{port}}.codeserver.bolabaden.org
[2025-04-17T00:55:36.988Z] info  Using proxy URI in PORTS tab: //{{port}}.codeserver.bolabaden.org
[2025-04-17T00:55:37.004Z] info  Session server listening on /config/data/code-server-ipc.sock
[2025-04-17T01:01:01.694Z] info  code-server 4.99.2 e0c960b30e79653332950a285760c5baa1745652
[2025-04-17T01:01:01.704Z] info  Using user-data-dir /config/data
[2025-04-17T01:01:01.815Z] info  Using config file /config/.config/code-server/config.yaml
[2025-04-17T01:01:01.815Z] info  HTTP server listening on http://0.0.0.0:8443/
[2025-04-17T01:01:01.815Z] info    - Authentication is disabled
[2025-04-17T01:01:01.815Z] info    - Not serving HTTPS
[2025-04-17T01:01:01.815Z] info    - Proxying the following domain:
[2025-04-17T01:01:01.815Z] info      - {{port}}.codeserver.bolabaden.org
[2025-04-17T01:01:01.819Z] info  Using proxy URI in PORTS tab: //{{port}}.codeserver.bolabaden.org
[2025-04-17T01:01:01.820Z] info  Session server listening on /config/data/code-server-ipc.sock
[20:14:34] 




[20:14:35] Extension host agent started.
[20:14:35] Started initializing default profile extensions in extensions installation folder. file:///config/extensions
[20:14:35] Completed initializing default profile extensions in extensions installation folder. file:///config/extensions
[2025-04-17T02:25:30.710Z] info  code-server 4.99.2 e0c960b30e79653332950a285760c5baa1745652
[2025-04-17T02:25:30.736Z] info  Using user-data-dir /config/data
[2025-04-17T02:25:30.923Z] info  Using config file /config/.config/code-server/config.yaml
[2025-04-17T02:25:30.924Z] info  HTTP server listening on http://0.0.0.0:8443/
[2025-04-17T02:25:30.924Z] info    - Authentication is disabled
[2025-04-17T02:25:30.924Z] info    - Not serving HTTPS
[2025-04-17T02:25:30.924Z] info    - Proxying the following domain:
[2025-04-17T02:25:30.924Z] info      - {{port}}.codeserver.bolabaden.org
[2025-04-17T02:25:30.924Z] info  Using proxy URI in PORTS tab: //{{port}}.codeserver.bolabaden.org
[2025-04-17T02:25:30.924Z] info  Session server listening on /config/data/code-server-ipc.sock
[2025-04-17T02:33:24.427Z] info  code-server 4.99.2 e0c960b30e79653332950a285760c5baa1745652
[2025-04-17T02:33:24.428Z] info  Using user-data-dir /config/data
[2025-04-17T02:33:24.541Z] info  Using config file /config/.config/code-server/config.yaml
[2025-04-17T02:33:24.541Z] info  HTTP server listening on http://0.0.0.0:8443/
[2025-04-17T02:33:24.542Z] info    - Authentication is disabled
[2025-04-17T02:33:24.542Z] info    - Not serving HTTPS
[2025-04-17T02:33:24.542Z] info    - Proxying the following domain:
[2025-04-17T02:33:24.542Z] info      - {{port}}.codeserver.bolabaden.org
[2025-04-17T02:33:24.542Z] info  Using proxy URI in PORTS tab: //{{port}}.codeserver.bolabaden.org
[2025-04-17T02:33:24.542Z] info  Session server listening on /config/data/code-server-ipc.sock
[21:35:05] 




[21:35:05] Extension host agent started.
[2025-04-18T23:32:04.035Z] info  code-server 4.99.2 e0c960b30e79653332950a285760c5baa1745652
[2025-04-18T23:32:04.042Z] info  Using user-data-dir /config/data
[2025-04-18T23:32:04.342Z] info  Using config file /config/.config/code-server/config.yaml
[2025-04-18T23:32:04.352Z] info  HTTP server listening on http://0.0.0.0:8443/
[2025-04-18T23:32:04.359Z] info    - Authentication is disabled
[2025-04-18T23:32:04.364Z] info    - Not serving HTTPS
[2025-04-18T23:32:04.366Z] info  Session server listening on /config/data/code-server-ipc.sock
[21:17:49] 




[21:17:50] Extension host agent started.
[2025-04-19T02:32:05.050Z] info  code-server 4.99.2 e0c960b30e79653332950a285760c5baa1745652
[2025-04-19T02:32:05.083Z] info  Using user-data-dir /config/data
[2025-04-19T02:32:05.373Z] info  Using config file /config/.config/code-server/config.yaml
[2025-04-19T02:32:05.381Z] info  HTTP server listening on http://0.0.0.0:8443/
[2025-04-19T02:32:05.382Z] info    - Authentication is disabled
[2025-04-19T02:32:05.389Z] info    - Not serving HTTPS
[2025-04-19T02:32:05.389Z] info  Session server listening on /config/data/code-server-ipc.sock
[2025-04-19T02:51:27.593Z] info  code-server 4.99.2 e0c960b30e79653332950a285760c5baa1745652
[2025-04-19T02:51:27.620Z] info  Using user-data-dir /config/data
[2025-04-19T02:51:27.781Z] info  Using config file /config/.config/code-server/config.yaml
[2025-04-19T02:51:27.787Z] info  HTTP server listening on http://0.0.0.0:8443/
[2025-04-19T02:51:27.787Z] info    - Authentication is disabled
[2025-04-19T02:51:27.787Z] info    - Not serving HTTPS
[2025-04-19T02:51:27.787Z] info  Session server listening on /config/data/code-server-ipc.sock
[00:41:25] 




[00:41:25] Extension host agent started.
[2025-04-19T19:04:33.270Z] info  code-server 4.99.2 e0c960b30e79653332950a285760c5baa1745652
[2025-04-19T19:04:33.276Z] info  Using user-data-dir /config/data
[2025-04-19T19:04:34.056Z] info  Using config file /config/.config/code-server/config.yaml
[2025-04-19T19:04:34.056Z] info  HTTP server listening on http://0.0.0.0:8443/
[2025-04-19T19:04:34.056Z] info    - Authentication is disabled
[2025-04-19T19:04:34.057Z] info    - Not serving HTTPS
[2025-04-19T19:04:34.057Z] info  Session server listening on /config/data/code-server-ipc.sock
[16:18:44] 




[16:18:45] Extension host agent started.
[2025-04-20T05:50:46.511Z] info  code-server 4.99.2 e0c960b30e79653332950a285760c5baa1745652
[2025-04-20T05:50:46.533Z] info  Using user-data-dir /config/data
[2025-04-20T05:50:46.700Z] info  Using config file /config/.config/code-server/config.yaml
[2025-04-20T05:50:46.701Z] info  HTTP server listening on http://0.0.0.0:8443/
[2025-04-20T05:50:46.701Z] info    - Authentication is disabled
[2025-04-20T05:50:46.701Z] info    - Not serving HTTPS
[2025-04-20T05:50:46.701Z] info  Session server listening on /config/data/code-server-ipc.sock
[2025-04-23T11:31:54.157Z] info  code-server 4.99.3 c36b2d3edd1cc8db7cfc49f5bc55711e7c5ac928
[2025-04-23T11:31:54.160Z] info  Using user-data-dir /config/data
[2025-04-23T11:31:54.260Z] info  Using config file /config/.config/code-server/config.yaml
[2025-04-23T11:31:54.261Z] info  HTTP server listening on http://0.0.0.0:8443/
[2025-04-23T11:31:54.261Z] info    - Authentication is disabled
[2025-04-23T11:31:54.261Z] info    - Not serving HTTPS
[2025-04-23T11:31:54.261Z] info  Session server listening on /config/data/code-server-ipc.sock
[06:32:35] 




[06:32:36] Extension host agent started.
[06:32:40] [10.76.0.3][16b956ca][ManagementConnection] New connection established.
[06:32:42] [10.76.0.3][0f432b57][ExtensionHostConnection] New connection established.
[06:32:43] [10.76.0.3][0f432b57][ExtensionHostConnection] <273> Launched Extension Host Process.
[06:33:42] [10.76.0.3][16b956ca][ManagementConnection] The client has disconnected gracefully, so the connection will be disposed.
[06:33:42] [10.76.0.3][0f432b57][ExtensionHostConnection] <273> Extension Host Process exited with code: 0, signal: null.
[2025-04-23T19:19:42.103Z] info  code-server 4.99.3 c36b2d3edd1cc8db7cfc49f5bc55711e7c5ac928
[2025-04-23T19:19:42.117Z] info  Using user-data-dir /config/data
[2025-04-23T19:19:42.244Z] info  Using config file /config/.config/code-server/config.yaml
[2025-04-23T19:19:42.244Z] info  HTTP server listening on http://0.0.0.0:8443/
[2025-04-23T19:19:42.244Z] info    - Authentication is disabled
[2025-04-23T19:19:42.244Z] info    - Not serving HTTPS
[2025-04-23T19:19:42.244Z] info  Session server listening on /config/data/code-server-ipc.sock
[2025-04-23T19:51:14.657Z] info  code-server 4.99.3 c36b2d3edd1cc8db7cfc49f5bc55711e7c5ac928
[2025-04-23T19:51:14.718Z] info  Using user-data-dir /config/data
[2025-04-23T19:51:14.882Z] info  Using config file /config/.config/code-server/config.yaml
[2025-04-23T19:51:14.902Z] info  HTTP server listening on http://0.0.0.0:8443/
[2025-04-23T19:51:14.902Z] info    - Authentication is disabled
[2025-04-23T19:51:14.906Z] info    - Not serving HTTPS
[2025-04-23T19:51:14.906Z] info  Session server listening on /config/data/code-server-ipc.sock
[16:57:49] 




[16:57:50] Extension host agent started.
[08:38:39] [85.198.104.8][42cc853b][ManagementConnection] New connection established.
[08:39:03] [85.198.104.8][b2edfc7a][ExtensionHostConnection] New connection established.
[08:39:05] [85.198.104.8][b2edfc7a][ExtensionHostConnection] <285> Launched Extension Host Process.
[08:39:15] [85.198.104.8][42cc853b][ManagementConnection] The client has disconnected gracefully, so the connection will be disposed.
[11:39:47] [85.198.104.8][b2edfc7a][ExtensionHostConnection] <285> Extension Host Process exited with code: 0, signal: null.
[2025-04-26T20:58:52.147Z] info  code-server 4.99.3 c36b2d3edd1cc8db7cfc49f5bc55711e7c5ac928
[2025-04-26T20:58:52.148Z] info  Using user-data-dir /config/data
[2025-04-26T20:58:52.246Z] info  Using config file /config/.config/code-server/config.yaml
[2025-04-26T20:58:52.246Z] info  HTTP server listening on http://0.0.0.0:8443/
[2025-04-26T20:58:52.246Z] info    - Authentication is disabled
[2025-04-26T20:58:52.246Z] info    - Not serving HTTPS
[2025-04-26T20:58:52.246Z] info  Session server listening on /config/data/code-server-ipc.sock
[2025-04-26T22:06:51.367Z] info  code-server 4.99.3 c36b2d3edd1cc8db7cfc49f5bc55711e7c5ac928
[2025-04-26T22:06:51.374Z] info  Using user-data-dir /config/data
[2025-04-26T22:06:51.469Z] info  Using config file /config/.config/code-server/config.yaml
[2025-04-26T22:06:51.471Z] info  HTTP server listening on http://0.0.0.0:8443/
[2025-04-26T22:06:51.471Z] info    - Authentication is disabled
[2025-04-26T22:06:51.471Z] info    - Not serving HTTPS
[2025-04-26T22:06:51.471Z] info  Session server listening on /config/data/code-server-ipc.sock
[2025-04-26T23:46:53.633Z] info  code-server 4.99.3 c36b2d3edd1cc8db7cfc49f5bc55711e7c5ac928
[2025-04-26T23:46:53.634Z] info  Using user-data-dir /config/data
[2025-04-26T23:46:53.713Z] info  Using config file /config/.config/code-server/config.yaml
[2025-04-26T23:46:53.714Z] info  HTTP server listening on http://0.0.0.0:8443/
[2025-04-26T23:46:53.715Z] info    - Authentication is disabled
[2025-04-26T23:46:53.715Z] info    - Not serving HTTPS
[2025-04-26T23:46:53.716Z] info  Session server listening on /config/data/code-server-ipc.sock
[2025-04-27T11:22:52.337Z] info  code-server 4.99.3 c36b2d3edd1cc8db7cfc49f5bc55711e7c5ac928
[2025-04-27T11:22:52.338Z] info  Using user-data-dir /config/data
[2025-04-27T11:22:52.433Z] info  Using config file /config/.config/code-server/config.yaml
[2025-04-27T11:22:52.433Z] info  HTTP server listening on http://0.0.0.0:8443/
[2025-04-27T11:22:52.433Z] info    - Authentication is disabled
[2025-04-27T11:22:52.433Z] info    - Not serving HTTPS
[2025-04-27T11:22:52.433Z] info  Session server listening on /config/data/code-server-ipc.sock
[2025-04-27T11:23:58.595Z] info  code-server 4.99.3 c36b2d3edd1cc8db7cfc49f5bc55711e7c5ac928
[2025-04-27T11:23:58.600Z] info  Using user-data-dir /config/data
[2025-04-27T11:23:58.714Z] info  Using config file /config/.config/code-server/config.yaml
[2025-04-27T11:23:58.716Z] info  HTTP server listening on http://0.0.0.0:8443/
[2025-04-27T11:23:58.718Z] info    - Authentication is disabled
[2025-04-27T11:23:58.718Z] info    - Not serving HTTPS
[2025-04-27T11:23:58.718Z] info  Session server listening on /config/data/code-server-ipc.sock
[2025-04-27T11:38:08.491Z] info  code-server 4.99.3 c36b2d3edd1cc8db7cfc49f5bc55711e7c5ac928
[2025-04-27T11:38:08.495Z] info  Using user-data-dir /config/data
[2025-04-27T11:38:08.588Z] info  Using config file /config/.config/code-server/config.yaml
[2025-04-27T11:38:08.590Z] info  HTTP server listening on http://0.0.0.0:8443/
[2025-04-27T11:38:08.590Z] info    - Authentication is disabled
[2025-04-27T11:38:08.590Z] info    - Not serving HTTPS
[2025-04-27T11:38:08.590Z] info  Session server listening on /config/data/code-server-ipc.sock
[2025-04-28T11:38:48.615Z] info  code-server 4.99.3 c36b2d3edd1cc8db7cfc49f5bc55711e7c5ac928
[2025-04-28T11:38:48.617Z] info  Using user-data-dir /config/data
[2025-04-28T11:38:48.713Z] info  Using config file /config/.config/code-server/config.yaml
[2025-04-28T11:38:48.714Z] info  HTTP server listening on http://0.0.0.0:8443/
[2025-04-28T11:38:48.714Z] info    - Authentication is disabled
[2025-04-28T11:38:48.715Z] info    - Not serving HTTPS
[2025-04-28T11:38:48.715Z] info  Session server listening on /config/data/code-server-ipc.sock
[2025-04-29T06:56:31.525Z] info  code-server 4.99.3 c36b2d3edd1cc8db7cfc49f5bc55711e7c5ac928
[2025-04-29T06:56:31.535Z] info  Using user-data-dir /config/data
[2025-04-29T06:56:31.646Z] info  Using config file /config/.config/code-server/config.yaml
[2025-04-29T06:56:31.647Z] info  HTTP server listening on http://0.0.0.0:8443/
[2025-04-29T06:56:31.647Z] info    - Authentication is disabled
[2025-04-29T06:56:31.647Z] info    - Not serving HTTPS
[2025-04-29T06:56:31.647Z] info  Session server listening on /config/data/code-server-ipc.sock
[2025-04-30T08:34:44.022Z] info  code-server 4.99.3 c36b2d3edd1cc8db7cfc49f5bc55711e7c5ac928
[2025-04-30T08:34:44.031Z] info  Using user-data-dir /config/data
[2025-04-30T08:34:44.097Z] info  Using config file /config/.config/code-server/config.yaml
[2025-04-30T08:34:44.097Z] info  HTTP server listening on http://0.0.0.0:8443/
[2025-04-30T08:34:44.097Z] info    - Authentication is disabled
[2025-04-30T08:34:44.097Z] info    - Not serving HTTPS
[2025-04-30T08:34:44.097Z] info  Session server listening on /config/data/code-server-ipc.sock
[2025-04-30T17:41:36.928Z] info  code-server 4.99.3 c36b2d3edd1cc8db7cfc49f5bc55711e7c5ac928
[2025-04-30T17:41:36.933Z] info  Using user-data-dir /config/data
[2025-04-30T17:41:37.078Z] info  Using config file /config/.config/code-server/config.yaml
[2025-04-30T17:41:37.079Z] info  HTTP server listening on http://0.0.0.0:8443/
[2025-04-30T17:41:37.079Z] info    - Authentication is disabled
[2025-04-30T17:41:37.079Z] info    - Not serving HTTPS
[2025-04-30T17:41:37.079Z] info  Session server listening on /config/data/code-server-ipc.sock
[2025-04-30T17:52:07.340Z] info  code-server 4.99.3 c36b2d3edd1cc8db7cfc49f5bc55711e7c5ac928
[2025-04-30T17:52:07.347Z] info  Using user-data-dir /config/data
[2025-04-30T17:52:07.459Z] info  Using config file /config/.config/code-server/config.yaml
[2025-04-30T17:52:07.466Z] info  HTTP server listening on http://0.0.0.0:8443/
[2025-04-30T17:52:07.466Z] info    - Authentication is disabled
[2025-04-30T17:52:07.466Z] info    - Not serving HTTPS
[2025-04-30T17:52:07.466Z] info  Session server listening on /config/data/code-server-ipc.sock
[2025-04-30T19:31:49.219Z] info  code-server 4.99.3 c36b2d3edd1cc8db7cfc49f5bc55711e7c5ac928
[2025-04-30T19:31:49.235Z] info  Using user-data-dir /config/data
[2025-04-30T19:31:49.426Z] info  Using config file /config/.config/code-server/config.yaml
[2025-04-30T19:31:49.426Z] info  HTTP server listening on http://0.0.0.0:8443/
[2025-04-30T19:31:49.426Z] info    - Authentication is disabled
[2025-04-30T19:31:49.426Z] info    - Not serving HTTPS
[2025-04-30T19:31:49.426Z] info  Session server listening on /config/data/code-server-ipc.sock
[2025-04-30T19:38:45.851Z] info  code-server 4.99.3 c36b2d3edd1cc8db7cfc49f5bc55711e7c5ac928
[2025-04-30T19:38:45.859Z] info  Using user-data-dir /config/data
[2025-04-30T19:38:45.971Z] info  Using config file /config/.config/code-server/config.yaml
[2025-04-30T19:38:45.978Z] info  HTTP server listening on http://0.0.0.0:8443/
[2025-04-30T19:38:45.981Z] info    - Authentication is disabled
[2025-04-30T19:38:45.982Z] info    - Not serving HTTPS
[2025-04-30T19:38:45.982Z] info  Session server listening on /config/data/code-server-ipc.sock
[2025-04-30T19:39:52.323Z] info  code-server 4.99.3 c36b2d3edd1cc8db7cfc49f5bc55711e7c5ac928
[2025-04-30T19:39:52.325Z] info  Using user-data-dir /config/data
[2025-04-30T19:39:52.458Z] info  Using config file /config/.config/code-server/config.yaml
[2025-04-30T19:39:52.465Z] info  HTTP server listening on http://0.0.0.0:8443/
[2025-04-30T19:39:52.465Z] info    - Authentication is disabled
[2025-04-30T19:39:52.465Z] info    - Not serving HTTPS
[2025-04-30T19:39:52.465Z] info  Session server listening on /config/data/code-server-ipc.sock
[2025-04-30T20:07:34.193Z] info  code-server 4.99.3 c36b2d3edd1cc8db7cfc49f5bc55711e7c5ac928
[2025-04-30T20:07:34.194Z] info  Using user-data-dir /config/data
[2025-04-30T20:07:34.293Z] info  Using config file /config/.config/code-server/config.yaml
[2025-04-30T20:07:34.293Z] info  HTTP server listening on http://0.0.0.0:8443/
[2025-04-30T20:07:34.293Z] info    - Authentication is disabled
[2025-04-30T20:07:34.293Z] info    - Not serving HTTPS
[2025-04-30T20:07:34.293Z] info  Session server listening on /config/data/code-server-ipc.sock
[2025-04-30T20:12:30.973Z] info  code-server 4.99.3 c36b2d3edd1cc8db7cfc49f5bc55711e7c5ac928
[2025-04-30T20:12:30.977Z] info  Using user-data-dir /config/data
[2025-04-30T20:12:31.059Z] info  Using config file /config/.config/code-server/config.yaml
[2025-04-30T20:12:31.071Z] info  HTTP server listening on http://0.0.0.0:8443/
[2025-04-30T20:12:31.071Z] info    - Authentication is disabled
[2025-04-30T20:12:31.071Z] info    - Not serving HTTPS
[2025-04-30T20:12:31.071Z] info  Session server listening on /config/data/code-server-ipc.sock
[2025-04-30T21:38:09.063Z] info  code-server 4.99.3 c36b2d3edd1cc8db7cfc49f5bc55711e7c5ac928
[2025-04-30T21:38:09.083Z] info  Using user-data-dir /config/data
[2025-04-30T21:38:09.167Z] info  Using config file /config/.config/code-server/config.yaml
[2025-04-30T21:38:09.177Z] info  HTTP server listening on http://0.0.0.0:8443/
[2025-04-30T21:38:09.177Z] info    - Authentication is disabled
[2025-04-30T21:38:09.177Z] info    - Not serving HTTPS
[2025-04-30T21:38:09.177Z] info  Session server listening on /config/data/code-server-ipc.sock
[2025-04-30T22:03:10.467Z] info  code-server 4.99.3 c36b2d3edd1cc8db7cfc49f5bc55711e7c5ac928
[2025-04-30T22:03:10.469Z] info  Using user-data-dir /config/data
[2025-04-30T22:03:10.570Z] info  Using config file /config/.config/code-server/config.yaml
[2025-04-30T22:03:10.571Z] info  HTTP server listening on http://0.0.0.0:8443/
[2025-04-30T22:03:10.571Z] info    - Authentication is disabled
[2025-04-30T22:03:10.571Z] info    - Not serving HTTPS
[2025-04-30T22:03:10.571Z] info  Session server listening on /config/data/code-server-ipc.sock
[2025-04-30T22:07:45.501Z] info  code-server 4.99.3 c36b2d3edd1cc8db7cfc49f5bc55711e7c5ac928
[2025-04-30T22:07:45.546Z] info  Using user-data-dir /config/data
[2025-04-30T22:07:45.751Z] info  Using config file /config/.config/code-server/config.yaml
[2025-04-30T22:07:45.755Z] info  HTTP server listening on http://0.0.0.0:8443/
[2025-04-30T22:07:45.756Z] info    - Authentication is disabled
[2025-04-30T22:07:45.758Z] info    - Not serving HTTPS
[2025-04-30T22:07:45.760Z] info  Session server listening on /config/data/code-server-ipc.sock
[2025-04-30T22:48:02.997Z] info  code-server 4.99.3 c36b2d3edd1cc8db7cfc49f5bc55711e7c5ac928
[2025-04-30T22:48:03.003Z] info  Using user-data-dir /config/data
[2025-04-30T22:48:03.206Z] info  Using config file /config/.config/code-server/config.yaml
[2025-04-30T22:48:03.206Z] info  HTTP server listening on http://0.0.0.0:8443/
[2025-04-30T22:48:03.206Z] info    - Authentication is disabled
[2025-04-30T22:48:03.206Z] info    - Not serving HTTPS
[2025-04-30T22:48:03.206Z] info  Session server listening on /config/data/code-server-ipc.sock
[2025-04-30T23:06:46.565Z] info  code-server 4.99.3 c36b2d3edd1cc8db7cfc49f5bc55711e7c5ac928
[2025-04-30T23:06:46.567Z] info  Using user-data-dir /config/data
[2025-04-30T23:06:46.630Z] info  Using config file /config/.config/code-server/config.yaml
[2025-04-30T23:06:46.631Z] info  HTTP server listening on http://0.0.0.0:8443/
[2025-04-30T23:06:46.631Z] info    - Authentication is disabled
[2025-04-30T23:06:46.631Z] info    - Not serving HTTPS
[2025-04-30T23:06:46.631Z] info  Session server listening on /config/data/code-server-ipc.sock
[2025-04-30T23:13:02.386Z] info  code-server 4.99.3 c36b2d3edd1cc8db7cfc49f5bc55711e7c5ac928
[2025-04-30T23:13:02.412Z] info  Using user-data-dir /config/data
[2025-04-30T23:13:02.541Z] info  Using config file /config/.config/code-server/config.yaml
[2025-04-30T23:13:02.541Z] info  HTTP server listening on http://0.0.0.0:8443/
[2025-04-30T23:13:02.541Z] info    - Authentication is disabled
[2025-04-30T23:13:02.541Z] info    - Not serving HTTPS
[2025-04-30T23:13:02.541Z] info  Session server listening on /config/data/code-server-ipc.sock
[2025-04-30T23:20:59.611Z] info  code-server 4.99.3 c36b2d3edd1cc8db7cfc49f5bc55711e7c5ac928
[2025-04-30T23:20:59.625Z] info  Using user-data-dir /config/data
[2025-04-30T23:20:59.786Z] info  Using config file /config/.config/code-server/config.yaml
[2025-04-30T23:20:59.786Z] info  HTTP server listening on http://0.0.0.0:8443/
[2025-04-30T23:20:59.786Z] info    - Authentication is disabled
[2025-04-30T23:20:59.786Z] info    - Not serving HTTPS
[2025-04-30T23:20:59.786Z] info  Session server listening on /config/data/code-server-ipc.sock
[2025-05-02T10:56:56.437Z] info  code-server 4.99.3 c36b2d3edd1cc8db7cfc49f5bc55711e7c5ac928
[2025-05-02T10:56:56.453Z] info  Using user-data-dir /config/data
[2025-05-02T10:56:56.561Z] info  Using config file /config/.config/code-server/config.yaml
[2025-05-02T10:56:56.562Z] info  HTTP server listening on http://0.0.0.0:8443/
[2025-05-02T10:56:56.562Z] info    - Authentication is disabled
[2025-05-02T10:56:56.562Z] info    - Not serving HTTPS
[2025-05-02T10:56:56.562Z] info  Session server listening on /config/data/code-server-ipc.sock
[2025-05-02T19:39:08.954Z] info  code-server 4.99.3 c36b2d3edd1cc8db7cfc49f5bc55711e7c5ac928
[2025-05-02T19:39:08.955Z] info  Using user-data-dir /config/data
[2025-05-02T19:39:09.088Z] info  Using config file /config/.config/code-server/config.yaml
[2025-05-02T19:39:09.097Z] info  HTTP server listening on http://0.0.0.0:8443/
[2025-05-02T19:39:09.097Z] info    - Authentication is disabled
[2025-05-02T19:39:09.097Z] info    - Not serving HTTPS
[2025-05-02T19:39:09.097Z] info  Session server listening on /config/data/code-server-ipc.sock
[2025-05-02T19:55:48.343Z] info  code-server 4.99.3 c36b2d3edd1cc8db7cfc49f5bc55711e7c5ac928
[2025-05-02T19:55:48.344Z] info  Using user-data-dir /config/data
[2025-05-02T19:55:48.431Z] info  Using config file /config/.config/code-server/config.yaml
[2025-05-02T19:55:48.432Z] info  HTTP server listening on http://0.0.0.0:8443/
[2025-05-02T19:55:48.432Z] info    - Authentication is disabled
[2025-05-02T19:55:48.432Z] info    - Not serving HTTPS
[2025-05-02T19:55:48.432Z] info  Session server listening on /config/data/code-server-ipc.sock
[2025-05-02T22:14:04.142Z] info  code-server 4.99.3 c36b2d3edd1cc8db7cfc49f5bc55711e7c5ac928
[2025-05-02T22:14:04.153Z] info  Using user-data-dir /config/data
[2025-05-02T22:14:04.227Z] info  Using config file /config/.config/code-server/config.yaml
[2025-05-02T22:14:04.235Z] info  HTTP server listening on http://0.0.0.0:8443/
[2025-05-02T22:14:04.235Z] info    - Authentication is disabled
[2025-05-02T22:14:04.235Z] info    - Not serving HTTPS
[2025-05-02T22:14:04.235Z] info  Session server listening on /config/data/code-server-ipc.sock
[2025-05-02T22:36:19.325Z] info  code-server 4.99.3 c36b2d3edd1cc8db7cfc49f5bc55711e7c5ac928
[2025-05-02T22:36:19.333Z] info  Using user-data-dir /config/data
[2025-05-02T22:36:19.499Z] info  Using config file /config/.config/code-server/config.yaml
[2025-05-02T22:36:19.503Z] info  HTTP server listening on http://0.0.0.0:8443/
[2025-05-02T22:36:19.503Z] info    - Authentication is disabled
[2025-05-02T22:36:19.503Z] info    - Not serving HTTPS
[2025-05-02T22:36:19.503Z] info  Session server listening on /config/data/code-server-ipc.sock
[2025-05-02T22:38:07.425Z] info  code-server 4.99.3 c36b2d3edd1cc8db7cfc49f5bc55711e7c5ac928
[2025-05-02T22:38:07.439Z] info  Using user-data-dir /config/data
[2025-05-02T22:38:07.558Z] info  Using config file /config/.config/code-server/config.yaml
[2025-05-02T22:38:07.558Z] info  HTTP server listening on http://0.0.0.0:8443/
[2025-05-02T22:38:07.559Z] info    - Authentication is disabled
[2025-05-02T22:38:07.559Z] info    - Not serving HTTPS
[2025-05-02T22:38:07.559Z] info  Session server listening on /config/data/code-server-ipc.sock
[2025-05-03T00:11:23.349Z] info  code-server 4.99.3 c36b2d3edd1cc8db7cfc49f5bc55711e7c5ac928
[2025-05-03T00:11:23.372Z] info  Using user-data-dir /config/data
[2025-05-03T00:11:23.474Z] info  Using config file /config/.config/code-server/config.yaml
[2025-05-03T00:11:23.479Z] info  HTTP server listening on http://0.0.0.0:8443/
[2025-05-03T00:11:23.482Z] info    - Authentication is disabled
[2025-05-03T00:11:23.483Z] info    - Not serving HTTPS
[2025-05-03T00:11:23.487Z] info  Session server listening on /config/data/code-server-ipc.sock
[2025-05-03T01:03:55.619Z] info  code-server 4.99.3 c36b2d3edd1cc8db7cfc49f5bc55711e7c5ac928
[2025-05-03T01:03:55.627Z] info  Using user-data-dir /config/data
[2025-05-03T01:03:55.715Z] info  Using config file /config/.config/code-server/config.yaml
[2025-05-03T01:03:55.716Z] info  HTTP server listening on http://0.0.0.0:8443/
[2025-05-03T01:03:55.716Z] info    - Authentication is disabled
[2025-05-03T01:03:55.716Z] info    - Not serving HTTPS
[2025-05-03T01:03:55.716Z] info  Session server listening on /config/data/code-server-ipc.sock
[2025-05-03T01:46:47.346Z] info  code-server 4.99.3 c36b2d3edd1cc8db7cfc49f5bc55711e7c5ac928
[2025-05-03T01:46:47.362Z] info  Using user-data-dir /config/data
[2025-05-03T01:46:47.472Z] info  Using config file /config/.config/code-server/config.yaml
[2025-05-03T01:46:47.472Z] info  HTTP server listening on http://0.0.0.0:8443/
[2025-05-03T01:46:47.472Z] info    - Authentication is disabled
[2025-05-03T01:46:47.472Z] info    - Not serving HTTPS
[2025-05-03T01:46:47.472Z] info  Session server listening on /config/data/code-server-ipc.sock
[2025-05-03T02:18:19.850Z] info  code-server 4.99.3 c36b2d3edd1cc8db7cfc49f5bc55711e7c5ac928
[2025-05-03T02:18:19.865Z] info  Using user-data-dir /config/data
[2025-05-03T02:18:19.963Z] info  Using config file /config/.config/code-server/config.yaml
[2025-05-03T02:18:19.968Z] info  HTTP server listening on http://0.0.0.0:8443/
[2025-05-03T02:18:19.972Z] info    - Authentication is disabled
[2025-05-03T02:18:19.976Z] info    - Not serving HTTPS
[2025-05-03T02:18:19.982Z] info  Session server listening on /config/data/code-server-ipc.sock
[2025-05-03T22:39:13.021Z] info  code-server 4.99.4 47d6d3ada5aadef6d221f3d612401eb3dad9299e
[2025-05-03T22:39:13.026Z] info  Using user-data-dir /config/data
[2025-05-03T22:39:13.046Z] info  Using config file /config/.config/code-server/config.yaml
[2025-05-03T22:39:13.118Z] info  HTTP server listening on http://0.0.0.0:8443/
[2025-05-03T22:39:13.118Z] info    - Authentication is disabled
[2025-05-03T22:39:13.119Z] info    - Not serving HTTPS
[2025-05-03T22:39:13.119Z] info  Session server listening on /config/data/code-server-ipc.sock
[2025-05-06T03:08:47.851Z] info  code-server 4.99.4 47d6d3ada5aadef6d221f3d612401eb3dad9299e
[2025-05-06T03:08:47.917Z] info  Using user-data-dir /config/data
[2025-05-06T03:08:47.950Z] info  Using config file /config/.config/code-server/config.yaml
[2025-05-06T03:08:47.950Z] info  HTTP server listening on http://0.0.0.0:8443/
[2025-05-06T03:08:47.950Z] info    - Authentication is disabled
[2025-05-06T03:08:47.950Z] info    - Not serving HTTPS
[2025-05-06T03:08:47.950Z] info  Session server listening on /config/data/code-server-ipc.sock
[2025-05-06T18:24:35.755Z] info  code-server 4.99.4 47d6d3ada5aadef6d221f3d612401eb3dad9299e
[2025-05-06T18:24:35.769Z] info  Using user-data-dir /config/data
[2025-05-06T18:24:35.929Z] info  Using config file /config/.config/code-server/config.yaml
[2025-05-06T18:24:35.937Z] info  HTTP server listening on http://0.0.0.0:8443/
[2025-05-06T18:24:35.937Z] info    - Authentication is disabled
[2025-05-06T18:24:35.937Z] info    - Not serving HTTPS
[2025-05-06T18:24:35.937Z] info  Session server listening on /config/data/code-server-ipc.sock
[2025-05-06T22:48:35.829Z] info  code-server 4.99.4 47d6d3ada5aadef6d221f3d612401eb3dad9299e
[2025-05-06T22:48:35.843Z] info  Using user-data-dir /config/data
[2025-05-06T22:48:35.993Z] info  Using config file /config/.config/code-server/config.yaml
[2025-05-06T22:48:36.002Z] info  HTTP server listening on http://0.0.0.0:8443/
[2025-05-06T22:48:36.002Z] info    - Authentication is disabled
[2025-05-06T22:48:36.007Z] info    - Not serving HTTPS
[2025-05-06T22:48:36.008Z] info  Session server listening on /config/data/code-server-ipc.sock
[2025-05-06T22:52:23.248Z] info  code-server 4.99.4 47d6d3ada5aadef6d221f3d612401eb3dad9299e
[2025-05-06T22:52:23.252Z] info  Using user-data-dir /config/data
[2025-05-06T22:52:23.413Z] info  Using config file /config/.config/code-server/config.yaml
[2025-05-06T22:52:23.421Z] info  HTTP server listening on http://0.0.0.0:8443/
[2025-05-06T22:52:23.421Z] info    - Authentication is disabled
[2025-05-06T22:52:23.421Z] info    - Not serving HTTPS
[2025-05-06T22:52:23.421Z] info  Session server listening on /config/data/code-server-ipc.sock
[2025-05-12T01:16:32.561Z] info  code-server 4.99.4 47d6d3ada5aadef6d221f3d612401eb3dad9299e
[2025-05-12T01:16:32.570Z] info  Using user-data-dir /config/data
[2025-05-12T01:16:32.677Z] info  Using config file /config/.config/code-server/config.yaml
[2025-05-12T01:16:32.678Z] info  HTTP server listening on http://0.0.0.0:8443/
[2025-05-12T01:16:32.678Z] info    - Authentication is disabled
[2025-05-12T01:16:32.678Z] info    - Not serving HTTPS
[2025-05-12T01:16:32.678Z] info  Session server listening on /config/data/code-server-ipc.sock
[2025-05-12T02:44:16.364Z] info  code-server 4.99.4 47d6d3ada5aadef6d221f3d612401eb3dad9299e
[2025-05-12T02:44:16.383Z] info  Using user-data-dir /config/data
[2025-05-12T02:44:16.542Z] info  Using config file /config/.config/code-server/config.yaml
[2025-05-12T02:44:16.555Z] info  HTTP server listening on http://0.0.0.0:8443/
[2025-05-12T02:44:16.555Z] info    - Authentication is disabled
[2025-05-12T02:44:16.555Z] info    - Not serving HTTPS
[2025-05-12T02:44:16.555Z] info  Session server listening on /config/data/code-server-ipc.sock
[2025-05-13T02:45:01.838Z] info  code-server 4.100.0 d0e20d514d247470f110d48573d15604b141b81b
[2025-05-13T02:45:01.839Z] info  Using user-data-dir /config/data
[2025-05-13T02:45:01.935Z] info  Using config file /config/.config/code-server/config.yaml
[2025-05-13T02:45:01.935Z] info  HTTP server listening on http://0.0.0.0:8443/
[2025-05-13T02:45:01.935Z] info    - Authentication is disabled
[2025-05-13T02:45:01.935Z] info    - Not serving HTTPS
[2025-05-13T02:45:01.935Z] info  Session server listening on /config/data/code-server-ipc.sock
[2025-05-13T20:33:06.239Z] info  code-server 4.100.0 d0e20d514d247470f110d48573d15604b141b81b
[2025-05-13T20:33:06.250Z] info  Using user-data-dir /config/data
[2025-05-13T20:33:06.333Z] info  Using config file /config/.config/code-server/config.yaml
[2025-05-13T20:33:06.338Z] info  HTTP server listening on http://0.0.0.0:8443/
[2025-05-13T20:33:06.338Z] info    - Authentication is disabled
[2025-05-13T20:33:06.338Z] info    - Not serving HTTPS
[2025-05-13T20:33:06.338Z] info  Session server listening on /config/data/code-server-ipc.sock
[2025-05-14T11:09:58.217Z] info  code-server 4.100.0 d0e20d514d247470f110d48573d15604b141b81b
[2025-05-14T11:09:58.225Z] info  Using user-data-dir /config/data
[2025-05-14T11:09:58.341Z] info  Using config file /config/.config/code-server/config.yaml
[2025-05-14T11:09:58.354Z] info  HTTP server listening on http://0.0.0.0:8443/
[2025-05-14T11:09:58.359Z] info    - Authentication is disabled
[2025-05-14T11:09:58.363Z] info    - Not serving HTTPS
[2025-05-14T11:09:58.364Z] info  Session server listening on /config/data/code-server-ipc.sock
[2025-05-14T19:42:09.187Z] info  code-server 4.100.0 d0e20d514d247470f110d48573d15604b141b81b
[2025-05-14T19:42:09.200Z] info  Using user-data-dir /config/data
[2025-05-14T19:42:09.326Z] info  Using config file /config/.config/code-server/config.yaml
[2025-05-14T19:42:09.335Z] info  HTTP server listening on http://0.0.0.0:8443/
[2025-05-14T19:42:09.335Z] info    - Authentication is disabled
[2025-05-14T19:42:09.335Z] info    - Not serving HTTPS
[2025-05-14T19:42:09.335Z] info  Session server listening on /config/data/code-server-ipc.sock
[2025-05-15T09:47:00.094Z] info  code-server 4.100.0 d0e20d514d247470f110d48573d15604b141b81b
[2025-05-15T09:47:00.096Z] info  Using user-data-dir /config/data
[2025-05-15T09:47:00.221Z] info  Using config file /config/.config/code-server/config.yaml
[2025-05-15T09:47:00.221Z] info  HTTP server listening on http://0.0.0.0:8443/
[2025-05-15T09:47:00.221Z] info    - Authentication is disabled
[2025-05-15T09:47:00.221Z] info    - Not serving HTTPS
[2025-05-15T09:47:00.221Z] info  Session server listening on /config/data/code-server-ipc.sock
[2025-05-15T11:01:25.173Z] info  code-server 4.100.1 1aca01f8d8c80f66ee7d8679b1fff7dc2c9e16ef
[2025-05-15T11:01:25.256Z] info  Using user-data-dir /config/data
[2025-05-15T11:01:25.357Z] info  Using config file /config/.config/code-server/config.yaml
[2025-05-15T11:01:25.359Z] info  HTTP server listening on http://0.0.0.0:8443/
[2025-05-15T11:01:25.359Z] info    - Authentication is disabled
[2025-05-15T11:01:25.360Z] info    - Not serving HTTPS
[2025-05-15T11:01:25.360Z] info  Session server listening on /config/data/code-server-ipc.sock
[2025-05-15T22:44:46.111Z] info  code-server 4.100.1 1aca01f8d8c80f66ee7d8679b1fff7dc2c9e16ef
[2025-05-15T22:44:46.115Z] info  Using user-data-dir /config/data
[2025-05-15T22:44:46.143Z] info  Using config file /config/.config/code-server/config.yaml
[2025-05-15T22:44:46.145Z] info  HTTP server listening on http://0.0.0.0:8443/
[2025-05-15T22:44:46.145Z] info    - Authentication is disabled
[2025-05-15T22:44:46.145Z] info    - Not serving HTTPS
[2025-05-15T22:44:46.145Z] info  Session server listening on /config/data/code-server-ipc.sock
[2025-05-16T11:00:50.839Z] info  code-server 4.100.2 9dd999ba78032163d606fadd531de5e1fcae5443
[2025-05-16T11:00:50.840Z] info  Using user-data-dir /config/data
[2025-05-16T11:00:50.854Z] info  Using config file /config/.config/code-server/config.yaml
[2025-05-16T11:00:50.854Z] info  HTTP server listening on http://0.0.0.0:8443/
[2025-05-16T11:00:50.854Z] info    - Authentication is disabled
[2025-05-16T11:00:50.855Z] info    - Not serving HTTPS
[2025-05-16T11:00:50.855Z] info  Session server listening on /config/data/code-server-ipc.sock
[2025-05-17T17:35:00.828Z] info  code-server 4.100.2 9dd999ba78032163d606fadd531de5e1fcae5443
[2025-05-17T17:35:00.829Z] info  Using user-data-dir /config/data
[2025-05-17T17:35:00.902Z] info  Using config file /config/.config/code-server/config.yaml
[2025-05-17T17:35:00.905Z] info  HTTP server listening on http://0.0.0.0:8443/
[2025-05-17T17:35:00.905Z] info    - Authentication is disabled
[2025-05-17T17:35:00.905Z] info    - Not serving HTTPS
[2025-05-17T17:35:00.905Z] info  Session server listening on /config/data/code-server-ipc.sock
[2025-05-17T19:11:44.811Z] info  code-server 4.100.2 9dd999ba78032163d606fadd531de5e1fcae5443
[2025-05-17T19:11:44.817Z] info  Using user-data-dir /config/data
[2025-05-17T19:11:44.848Z] info  Using config file /config/.config/code-server/config.yaml
[2025-05-17T19:11:44.853Z] info  HTTP server listening on http://0.0.0.0:8443/
[2025-05-17T19:11:44.853Z] info    - Authentication is disabled
[2025-05-17T19:11:44.853Z] info    - Not serving HTTPS
[2025-05-17T19:11:44.853Z] info  Session server listening on /config/data/code-server-ipc.sock
[2025-05-17T19:12:04.152Z] info  code-server 4.100.2 9dd999ba78032163d606fadd531de5e1fcae5443
[2025-05-17T19:12:04.159Z] info  Using user-data-dir /config/data
[2025-05-17T19:12:04.272Z] info  Using config file /config/.config/code-server/config.yaml
[2025-05-17T19:12:04.285Z] info  HTTP server listening on http://0.0.0.0:8443/
[2025-05-17T19:12:04.289Z] info    - Authentication is disabled
[2025-05-17T19:12:04.289Z] info    - Not serving HTTPS
[2025-05-17T19:12:04.289Z] info  Session server listening on /config/data/code-server-ipc.sock
[2025-05-18T00:15:51.153Z] info  code-server 4.100.2 9dd999ba78032163d606fadd531de5e1fcae5443
[2025-05-18T00:15:51.193Z] info  Using user-data-dir /config/data
[2025-05-18T00:15:51.290Z] info  Using config file /config/.config/code-server/config.yaml
[2025-05-18T00:15:51.291Z] info  HTTP server listening on http://0.0.0.0:8443/
[2025-05-18T00:15:51.291Z] info    - Authentication is disabled
[2025-05-18T00:15:51.291Z] info    - Not serving HTTPS
[2025-05-18T00:15:51.291Z] info  Session server listening on /config/data/code-server-ipc.sock
[2025-05-18T00:23:07.152Z] info  code-server 4.100.2 9dd999ba78032163d606fadd531de5e1fcae5443
[2025-05-18T00:23:07.165Z] info  Using user-data-dir /config/data
[2025-05-18T00:23:07.363Z] info  Using config file /config/.config/code-server/config.yaml
[2025-05-18T00:23:07.365Z] info  HTTP server listening on http://0.0.0.0:8443/
[2025-05-18T00:23:07.365Z] info    - Authentication is disabled
[2025-05-18T00:23:07.365Z] info    - Not serving HTTPS
[2025-05-18T00:23:07.368Z] info  Session server listening on /config/data/code-server-ipc.sock
[2025-05-18T04:50:33.645Z] info  code-server 4.100.2 9dd999ba78032163d606fadd531de5e1fcae5443
[2025-05-18T04:50:33.655Z] info  Using user-data-dir /config/data
[2025-05-18T04:50:33.758Z] info  Using config file /config/.config/code-server/config.yaml
[2025-05-18T04:50:33.761Z] info  HTTP server listening on http://0.0.0.0:8443/
[2025-05-18T04:50:33.761Z] info    - Authentication is disabled
[2025-05-18T04:50:33.762Z] info    - Not serving HTTPS
[2025-05-18T04:50:33.762Z] info  Session server listening on /config/data/code-server-ipc.sock
[2025-05-18T09:16:18.213Z] info  code-server 4.100.2 9dd999ba78032163d606fadd531de5e1fcae5443
[2025-05-18T09:16:18.220Z] info  Using user-data-dir /config/data
[2025-05-18T09:16:18.289Z] info  Using config file /config/.config/code-server/config.yaml
[2025-05-18T09:16:18.290Z] info  HTTP server listening on http://0.0.0.0:8443/
[2025-05-18T09:16:18.293Z] info    - Authentication is disabled
[2025-05-18T09:16:18.293Z] info    - Not serving HTTPS
[2025-05-18T09:16:18.293Z] info  Session server listening on /config/data/code-server-ipc.sock
[2025-05-18T11:01:25.048Z] info  code-server 4.100.2 9dd999ba78032163d606fadd531de5e1fcae5443
[2025-05-18T11:01:25.052Z] info  Using user-data-dir /config/data
[2025-05-18T11:01:25.155Z] info  Using config file /config/.config/code-server/config.yaml
[2025-05-18T11:01:25.155Z] info  HTTP server listening on http://0.0.0.0:8443/
[2025-05-18T11:01:25.155Z] info    - Authentication is disabled
[2025-05-18T11:01:25.155Z] info    - Not serving HTTPS
[2025-05-18T11:01:25.156Z] info  Session server listening on /config/data/code-server-ipc.sock
[2025-05-25T11:01:07.567Z] info  code-server 4.100.2 9dd999ba78032163d606fadd531de5e1fcae5443
[2025-05-25T11:01:07.568Z] info  Using user-data-dir /config/data
[2025-05-25T11:01:07.581Z] info  Using config file /config/.config/code-server/config.yaml
[2025-05-25T11:01:07.584Z] info  HTTP server listening on http://0.0.0.0:8443/
[2025-05-25T11:01:07.584Z] info    - Authentication is disabled
[2025-05-25T11:01:07.584Z] info    - Not serving HTTPS
[2025-05-25T11:01:07.584Z] info  Session server listening on /config/data/code-server-ipc.sock
[2025-05-27T04:28:46.904Z] info  code-server 4.100.2 9dd999ba78032163d606fadd531de5e1fcae5443
[2025-05-27T04:28:46.912Z] info  Using user-data-dir /config/data
[2025-05-27T04:28:47.045Z] info  Using config file /config/.config/code-server/config.yaml
[2025-05-27T04:28:47.045Z] info  HTTP server listening on http://0.0.0.0:8443/
[2025-05-27T04:28:47.045Z] info    - Authentication is disabled
[2025-05-27T04:28:47.045Z] info    - Not serving HTTPS
[2025-05-27T04:28:47.046Z] info  Session server listening on /config/data/code-server-ipc.sock
[2025-05-27T16:06:41.712Z] info  code-server 4.100.2 9dd999ba78032163d606fadd531de5e1fcae5443
[2025-05-27T16:06:41.721Z] info  Using user-data-dir /config/data
[2025-05-27T16:06:41.938Z] info  Using config file /config/.config/code-server/config.yaml
[2025-05-27T16:06:41.963Z] info  HTTP server listening on http://0.0.0.0:8443/
[2025-05-27T16:06:41.963Z] info    - Authentication is disabled
[2025-05-27T16:06:41.963Z] info    - Not serving HTTPS
[2025-05-27T16:06:41.963Z] info  Session server listening on /config/data/code-server-ipc.sock
[2025-05-29T07:42:56.820Z] info  code-server 4.100.2 9dd999ba78032163d606fadd531de5e1fcae5443
[2025-05-29T07:42:56.831Z] info  Using user-data-dir /config/data
[2025-05-29T07:42:57.012Z] info  Using config file /config/.config/code-server/config.yaml
[2025-05-29T07:42:57.013Z] info  HTTP server listening on http://0.0.0.0:8443/
[2025-05-29T07:42:57.013Z] info    - Authentication is disabled
[2025-05-29T07:42:57.013Z] info    - Not serving HTTPS
[2025-05-29T07:42:57.013Z] info  Session server listening on /config/data/code-server-ipc.sock
[2025-05-29T11:32:08.573Z] info  code-server 4.100.2 9dd999ba78032163d606fadd531de5e1fcae5443
[2025-05-29T11:32:08.585Z] info  Using user-data-dir /config/data
[2025-05-29T11:32:08.761Z] info  Using config file /config/.config/code-server/config.yaml
[2025-05-29T11:32:08.786Z] info  HTTP server listening on http://0.0.0.0:8443/
[2025-05-29T11:32:08.786Z] info    - Authentication is disabled
[2025-05-29T11:32:08.786Z] info    - Not serving HTTPS
[2025-05-29T11:32:08.786Z] info  Session server listening on /config/data/code-server-ipc.sock
[2025-05-29T12:17:26.785Z] info  code-server 4.100.2 9dd999ba78032163d606fadd531de5e1fcae5443
[2025-05-29T12:17:26.792Z] info  Using user-data-dir /config/data
[2025-05-29T12:17:26.941Z] info  Using config file /config/.config/code-server/config.yaml
[2025-05-29T12:17:26.956Z] info  HTTP server listening on http://0.0.0.0:8443/
[2025-05-29T12:17:26.957Z] info    - Authentication is disabled
[2025-05-29T12:17:26.960Z] info    - Not serving HTTPS
[2025-05-29T12:17:26.961Z] info  Session server listening on /config/data/code-server-ipc.sock
[2025-05-29T12:18:57.671Z] info  code-server 4.100.2 9dd999ba78032163d606fadd531de5e1fcae5443
[2025-05-29T12:18:57.714Z] info  Using user-data-dir /config/data
[2025-05-29T12:18:57.893Z] info  Using config file /config/.config/code-server/config.yaml
[2025-05-29T12:18:57.898Z] info  HTTP server listening on http://0.0.0.0:8443/
[2025-05-29T12:18:57.902Z] info    - Authentication is disabled
[2025-05-29T12:18:57.902Z] info    - Not serving HTTPS
[2025-05-29T12:18:57.903Z] info  Session server listening on /config/data/code-server-ipc.sock
[2025-05-30T00:19:47.896Z] info  code-server 4.100.2 9dd999ba78032163d606fadd531de5e1fcae5443
[2025-05-30T00:19:47.897Z] info  Using user-data-dir /config/data
[2025-05-30T00:19:47.961Z] info  Using config file /config/.config/code-server/config.yaml
[2025-05-30T00:19:47.962Z] info  HTTP server listening on http://0.0.0.0:8443/
[2025-05-30T00:19:47.962Z] info    - Authentication is disabled
[2025-05-30T00:19:47.962Z] info    - Not serving HTTPS
[2025-05-30T00:19:47.963Z] info  Session server listening on /config/data/code-server-ipc.sock
[2025-05-30T00:22:38.859Z] info  code-server 4.100.2 9dd999ba78032163d606fadd531de5e1fcae5443
[2025-05-30T00:22:38.888Z] info  Using user-data-dir /config/data
[2025-05-30T00:22:39.000Z] info  Using config file /config/.config/code-server/config.yaml
[2025-05-30T00:22:39.001Z] info  HTTP server listening on http://0.0.0.0:8443/
[2025-05-30T00:22:39.001Z] info    - Authentication is disabled
[2025-05-30T00:22:39.001Z] info    - Not serving HTTPS
[2025-05-30T00:22:39.002Z] info  Session server listening on /config/data/code-server-ipc.sock
[2025-05-30T02:38:37.808Z] info  code-server 4.100.2 9dd999ba78032163d606fadd531de5e1fcae5443
[2025-05-30T02:38:37.809Z] info  Using user-data-dir /config/data
[2025-05-30T02:38:37.908Z] info  Using config file /config/.config/code-server/config.yaml
[2025-05-30T02:38:37.908Z] info  HTTP server listening on http://0.0.0.0:8443/
[2025-05-30T02:38:37.908Z] info    - Authentication is disabled
[2025-05-30T02:38:37.908Z] info    - Not serving HTTPS
[2025-05-30T02:38:37.908Z] info  Session server listening on /config/data/code-server-ipc.sock
[2025-05-30T03:48:42.575Z] info  code-server 4.100.2 9dd999ba78032163d606fadd531de5e1fcae5443
[2025-05-30T03:48:42.590Z] info  Using user-data-dir /config/data
[2025-05-30T03:48:42.782Z] info  Using config file /config/.config/code-server/config.yaml
[2025-05-30T03:48:42.792Z] info  HTTP server listening on http://0.0.0.0:8443/
[2025-05-30T03:48:42.792Z] info    - Authentication is disabled
[2025-05-30T03:48:42.792Z] info    - Not serving HTTPS
[2025-05-30T03:48:42.792Z] info  Session server listening on /config/data/code-server-ipc.sock
[2025-06-01T03:37:19.198Z] info  code-server 4.100.2 9dd999ba78032163d606fadd531de5e1fcae5443
[2025-06-01T03:37:19.204Z] info  Using user-data-dir /config/data
[2025-06-01T03:37:19.321Z] info  Using config file /config/.config/code-server/config.yaml
[2025-06-01T03:37:19.330Z] info  HTTP server listening on http://0.0.0.0:8443/
[2025-06-01T03:37:19.334Z] info    - Authentication is disabled
[2025-06-01T03:37:19.334Z] info    - Not serving HTTPS
[2025-06-01T03:37:19.334Z] info  Session server listening on /config/data/code-server-ipc.sock
[2025-06-01T11:01:42.279Z] info  code-server 4.100.2 9dd999ba78032163d606fadd531de5e1fcae5443
[2025-06-01T11:01:42.349Z] info  Using user-data-dir /config/data
[2025-06-01T11:01:42.371Z] info  Using config file /config/.config/code-server/config.yaml
[2025-06-01T11:01:42.371Z] info  HTTP server listening on http://0.0.0.0:8443/
[2025-06-01T11:01:42.371Z] info    - Authentication is disabled
[2025-06-01T11:01:42.371Z] info    - Not serving HTTPS
[2025-06-01T11:01:42.372Z] info  Session server listening on /config/data/code-server-ipc.sock
[2025-06-01T12:58:47.911Z] info  code-server 4.100.2 9dd999ba78032163d606fadd531de5e1fcae5443
[2025-06-01T12:58:47.935Z] info  Using user-data-dir /config/data
[2025-06-01T12:58:48.060Z] info  Using config file /config/.config/code-server/config.yaml
[2025-06-01T12:58:48.071Z] info  HTTP server listening on http://0.0.0.0:8443/
[2025-06-01T12:58:48.072Z] info    - Authentication is disabled
[2025-06-01T12:58:48.079Z] info    - Not serving HTTPS
[2025-06-01T12:58:48.080Z] info  Session server listening on /config/data/code-server-ipc.sock
[2025-06-01T13:08:35.235Z] info  code-server 4.100.2 9dd999ba78032163d606fadd531de5e1fcae5443
[2025-06-01T13:08:35.241Z] info  Using user-data-dir /config/data
[2025-06-01T13:08:35.330Z] info  Using config file /config/.config/code-server/config.yaml
[2025-06-01T13:08:35.338Z] info  HTTP server listening on http://0.0.0.0:8443/
[2025-06-01T13:08:35.341Z] info    - Authentication is disabled
[2025-06-01T13:08:35.341Z] info    - Not serving HTTPS
[2025-06-01T13:08:35.341Z] info  Session server listening on /config/data/code-server-ipc.sock
[2025-06-01T13:11:26.655Z] info  code-server 4.100.2 9dd999ba78032163d606fadd531de5e1fcae5443
[2025-06-01T13:11:26.656Z] info  Using user-data-dir /config/data
[2025-06-01T13:11:26.667Z] info  Using config file /config/.config/code-server/config.yaml
[2025-06-01T13:11:26.668Z] info  HTTP server listening on http://0.0.0.0:8443/
[2025-06-01T13:11:26.668Z] info    - Authentication is disabled
[2025-06-01T13:11:26.668Z] info    - Not serving HTTPS
[2025-06-01T13:11:26.668Z] info  Session server listening on /config/data/code-server-ipc.sock
[2025-06-01T14:00:40.592Z] info  code-server 4.100.2 9dd999ba78032163d606fadd531de5e1fcae5443
[2025-06-01T14:00:40.601Z] info  Using user-data-dir /config/data
[2025-06-01T14:00:40.700Z] info  Using config file /config/.config/code-server/config.yaml
[2025-06-01T14:00:40.715Z] info  HTTP server listening on http://0.0.0.0:8443/
[2025-06-01T14:00:40.715Z] info    - Authentication is disabled
[2025-06-01T14:00:40.715Z] info    - Not serving HTTPS
[2025-06-01T14:00:40.715Z] info  Session server listening on /config/data/code-server-ipc.sock
[2025-06-04T22:48:18.015Z] info  code-server 4.100.2 9dd999ba78032163d606fadd531de5e1fcae5443
[2025-06-04T22:48:18.032Z] info  Using user-data-dir /config/data
[2025-06-04T22:48:18.211Z] info  Using config file /config/.config/code-server/config.yaml
[2025-06-04T22:48:18.211Z] info  HTTP server listening on http://0.0.0.0:8443/
[2025-06-04T22:48:18.211Z] info    - Authentication is disabled
[2025-06-04T22:48:18.211Z] info    - Not serving HTTPS
[2025-06-04T22:48:18.211Z] info  Session server listening on /config/data/code-server-ipc.sock
[2025-06-04T22:53:41.443Z] info  code-server 4.100.2 9dd999ba78032163d606fadd531de5e1fcae5443
[2025-06-04T22:53:41.452Z] info  Using user-data-dir /config/data
[2025-06-04T22:53:41.535Z] info  Using config file /config/.config/code-server/config.yaml
[2025-06-04T22:53:41.558Z] info  HTTP server listening on http://0.0.0.0:8443/
[2025-06-04T22:53:41.559Z] info    - Authentication is disabled
[2025-06-04T22:53:41.559Z] info    - Not serving HTTPS
[2025-06-04T22:53:41.559Z] info  Session server listening on /config/data/code-server-ipc.sock
[2025-06-05T05:20:10.104Z] info  code-server 4.100.2 9dd999ba78032163d606fadd531de5e1fcae5443
[2025-06-05T05:20:10.105Z] info  Using user-data-dir /config/data
[2025-06-05T05:20:10.199Z] info  Using config file /config/.config/code-server/config.yaml
[2025-06-05T05:20:10.199Z] info  HTTP server listening on http://0.0.0.0:8443/
[2025-06-05T05:20:10.200Z] info    - Authentication is disabled
[2025-06-05T05:20:10.200Z] info    - Not serving HTTPS
[2025-06-05T05:20:10.200Z] info  Session server listening on /config/data/code-server-ipc.sock
[2025-06-05T15:28:47.368Z] info  code-server 4.100.2 9dd999ba78032163d606fadd531de5e1fcae5443
[2025-06-05T15:28:47.373Z] info  Using user-data-dir /config/data
[2025-06-05T15:28:47.487Z] info  Using config file /config/.config/code-server/config.yaml
[2025-06-05T15:28:47.495Z] info  HTTP server listening on http://0.0.0.0:8443/
[2025-06-05T15:28:47.498Z] info    - Authentication is disabled
[2025-06-05T15:28:47.500Z] info    - Not serving HTTPS
[2025-06-05T15:28:47.500Z] info  Session server listening on /config/data/code-server-ipc.sock
[2025-06-05T15:34:44.800Z] info  code-server 4.100.2 9dd999ba78032163d606fadd531de5e1fcae5443
[2025-06-05T15:34:44.816Z] info  Using user-data-dir /config/data
[2025-06-05T15:34:44.942Z] info  Using config file /config/.config/code-server/config.yaml
[2025-06-05T15:34:44.953Z] info  HTTP server listening on http://0.0.0.0:8443/
[2025-06-05T15:34:44.967Z] info    - Authentication is disabled
[2025-06-05T15:34:44.968Z] info    - Not serving HTTPS
[2025-06-05T15:34:44.972Z] info  Session server listening on /config/data/code-server-ipc.sock
[2025-06-05T15:40:05.864Z] info  code-server 4.100.2 9dd999ba78032163d606fadd531de5e1fcae5443
[2025-06-05T15:40:05.897Z] info  Using user-data-dir /config/data
[2025-06-05T15:40:06.018Z] info  Using config file /config/.config/code-server/config.yaml
[2025-06-05T15:40:06.020Z] info  HTTP server listening on http://0.0.0.0:8443/
[2025-06-05T15:40:06.020Z] info    - Authentication is disabled
[2025-06-05T15:40:06.020Z] info    - Not serving HTTPS
[2025-06-05T15:40:06.020Z] info  Session server listening on /config/data/code-server-ipc.sock
[2025-06-07T17:11:59.654Z] info  code-server 4.100.3 409c64e0df4d53530e59c16acc2b5d5766f717b0
[2025-06-07T17:11:59.725Z] info  Using user-data-dir /config/data
[2025-06-07T17:11:59.842Z] info  Using config file /config/.config/code-server/config.yaml
[2025-06-07T17:11:59.854Z] info  HTTP server listening on http://0.0.0.0:8443/
[2025-06-07T17:11:59.854Z] info    - Authentication is disabled
[2025-06-07T17:11:59.854Z] info    - Not serving HTTPS
[2025-06-07T17:11:59.854Z] info  Session server listening on /config/data/code-server-ipc.sock
[2025-06-07T17:36:47.466Z] info  code-server 4.100.3 409c64e0df4d53530e59c16acc2b5d5766f717b0
[2025-06-07T17:36:47.496Z] info  Using user-data-dir /config/data
[2025-06-07T17:36:47.585Z] info  Using config file /config/.config/code-server/config.yaml
[2025-06-07T17:36:47.586Z] info  HTTP server listening on http://0.0.0.0:8443/
[2025-06-07T17:36:47.586Z] info    - Authentication is disabled
[2025-06-07T17:36:47.586Z] info    - Not serving HTTPS
[2025-06-07T17:36:47.586Z] info  Session server listening on /config/data/code-server-ipc.sock
[2025-06-07T17:54:20.181Z] info  code-server 4.100.3 409c64e0df4d53530e59c16acc2b5d5766f717b0
[2025-06-07T17:54:20.195Z] info  Using user-data-dir /config/data
[2025-06-07T17:54:20.311Z] info  Using config file /config/.config/code-server/config.yaml
[2025-06-07T17:54:20.311Z] info  HTTP server listening on http://0.0.0.0:8443/
[2025-06-07T17:54:20.311Z] info    - Authentication is disabled
[2025-06-07T17:54:20.311Z] info    - Not serving HTTPS
[2025-06-07T17:54:20.311Z] info  Session server listening on /config/data/code-server-ipc.sock
[2025-06-08T00:21:33.602Z] info  code-server 4.100.3 409c64e0df4d53530e59c16acc2b5d5766f717b0
[2025-06-08T00:21:33.616Z] info  Using user-data-dir /config/data
[2025-06-08T00:21:33.720Z] info  Using config file /config/.config/code-server/config.yaml
[2025-06-08T00:21:33.724Z] info  HTTP server listening on http://0.0.0.0:8443/
[2025-06-08T00:21:33.724Z] info    - Authentication is disabled
[2025-06-08T00:21:33.724Z] info    - Not serving HTTPS
[2025-06-08T00:21:33.724Z] info  Session server listening on /config/data/code-server-ipc.sock
[2025-06-10T02:15:03.135Z] info  code-server 4.100.3 409c64e0df4d53530e59c16acc2b5d5766f717b0
[2025-06-10T02:15:03.158Z] info  Using user-data-dir /config/data
[2025-06-10T02:15:03.267Z] info  Using config file /config/.config/code-server/config.yaml
[2025-06-10T02:15:03.267Z] info  HTTP server listening on http://0.0.0.0:8443/
[2025-06-10T02:15:03.311Z] info    - Authentication is disabled
[2025-06-10T02:15:03.311Z] info    - Not serving HTTPS
[2025-06-10T02:15:03.311Z] info  Session server listening on /config/data/code-server-ipc.sock
[2025-06-10T11:01:36.420Z] info  code-server 4.100.3 409c64e0df4d53530e59c16acc2b5d5766f717b0
[2025-06-10T11:01:36.426Z] info  Using user-data-dir /config/data
[2025-06-10T11:01:36.524Z] info  Using config file /config/.config/code-server/config.yaml
[2025-06-10T11:01:36.525Z] info  HTTP server listening on http://0.0.0.0:8443/
[2025-06-10T11:01:36.526Z] info    - Authentication is disabled
[2025-06-10T11:01:36.527Z] info    - Not serving HTTPS
[2025-06-10T11:01:36.527Z] info  Session server listening on /config/data/code-server-ipc.sock
[2025-06-10T21:40:41.698Z] info  code-server 4.100.3 409c64e0df4d53530e59c16acc2b5d5766f717b0
[2025-06-10T21:40:41.711Z] info  Using user-data-dir /config/data
[2025-06-10T21:40:41.822Z] info  Using config file /config/.config/code-server/config.yaml
[2025-06-10T21:40:41.822Z] info  HTTP server listening on http://0.0.0.0:8443/
[2025-06-10T21:40:41.822Z] info    - Authentication is disabled
[2025-06-10T21:40:41.823Z] info    - Not serving HTTPS
[2025-06-10T21:40:41.823Z] info  Session server listening on /config/data/code-server-ipc.sock
[2025-06-10T21:45:43.351Z] info  code-server 4.100.3 409c64e0df4d53530e59c16acc2b5d5766f717b0
[2025-06-10T21:45:43.376Z] info  Using user-data-dir /config/data
[2025-06-10T21:45:43.499Z] info  Using config file /config/.config/code-server/config.yaml
[2025-06-10T21:45:43.506Z] info  HTTP server listening on http://0.0.0.0:8443/
[2025-06-10T21:45:43.506Z] info    - Authentication is disabled
[2025-06-10T21:45:43.506Z] info    - Not serving HTTPS
[2025-06-10T21:45:43.506Z] info  Session server listening on /config/data/code-server-ipc.sock
[2025-06-10T23:38:35.035Z] info  code-server 4.100.3 409c64e0df4d53530e59c16acc2b5d5766f717b0
[2025-06-10T23:38:35.100Z] info  Using user-data-dir /config/data
[2025-06-10T23:38:35.202Z] info  Using config file /config/.config/code-server/config.yaml
[2025-06-10T23:38:35.203Z] info  HTTP server listening on http://0.0.0.0:8443/
[2025-06-10T23:38:35.218Z] info    - Authentication is disabled
[2025-06-10T23:38:35.218Z] info    - Not serving HTTPS
[2025-06-10T23:38:35.218Z] info  Session server listening on /config/data/code-server-ipc.sock
[2025-06-11T00:33:54.700Z] info  code-server 4.100.3 409c64e0df4d53530e59c16acc2b5d5766f717b0
[2025-06-11T00:33:54.709Z] info  Using user-data-dir /config/data
[2025-06-11T00:33:54.812Z] info  Using config file /config/.config/code-server/config.yaml
[2025-06-11T00:33:54.812Z] info  HTTP server listening on http://0.0.0.0:8443/
[2025-06-11T00:33:54.813Z] info    - Authentication is disabled
[2025-06-11T00:33:54.813Z] info    - Not serving HTTPS
[2025-06-11T00:33:54.824Z] info  Session server listening on /config/data/code-server-ipc.sock
[2025-06-11T00:38:08.835Z] info  code-server 4.100.3 409c64e0df4d53530e59c16acc2b5d5766f717b0
[2025-06-11T00:38:08.841Z] info  Using user-data-dir /config/data
[2025-06-11T00:38:08.944Z] info  Using config file /config/.config/code-server/config.yaml
[2025-06-11T00:38:08.945Z] info  HTTP server listening on http://0.0.0.0:8443/
[2025-06-11T00:38:08.945Z] info    - Authentication is disabled
[2025-06-11T00:38:08.945Z] info    - Not serving HTTPS
[2025-06-11T00:38:08.945Z] info  Session server listening on /config/data/code-server-ipc.sock
[2025-06-11T00:48:17.875Z] info  code-server 4.100.3 409c64e0df4d53530e59c16acc2b5d5766f717b0
[2025-06-11T00:48:17.882Z] info  Using user-data-dir /config/data
[2025-06-11T00:48:17.930Z] info  Using config file /config/.config/code-server/config.yaml
[2025-06-11T00:48:17.931Z] info  HTTP server listening on http://0.0.0.0:8443/
[2025-06-11T00:48:17.931Z] info    - Authentication is disabled
[2025-06-11T00:48:17.931Z] info    - Not serving HTTPS
[2025-06-11T00:48:17.932Z] info  Session server listening on /config/data/code-server-ipc.sock
[2025-06-11T06:28:26.508Z] info  code-server 4.100.3 409c64e0df4d53530e59c16acc2b5d5766f717b0
[2025-06-11T06:28:26.515Z] info  Using user-data-dir /config/data
[2025-06-11T06:28:26.560Z] info  Using config file /config/.config/code-server/config.yaml
[2025-06-11T06:28:26.604Z] info  HTTP server listening on http://0.0.0.0:8443/
[2025-06-11T06:28:26.604Z] info    - Authentication is disabled
[2025-06-11T06:28:26.605Z] info    - Not serving HTTPS
[2025-06-11T06:28:26.605Z] info  Session server listening on /config/data/code-server-ipc.sock
[2025-06-11T07:04:38.518Z] info  code-server 4.100.3 409c64e0df4d53530e59c16acc2b5d5766f717b0
[2025-06-11T07:04:38.527Z] info  Using user-data-dir /config/data
[2025-06-11T07:04:38.582Z] info  Using config file /config/.config/code-server/config.yaml
[2025-06-11T07:04:38.582Z] info  HTTP server listening on http://0.0.0.0:8443/
[2025-06-11T07:04:38.582Z] info    - Authentication is disabled
[2025-06-11T07:04:38.582Z] info    - Not serving HTTPS
[2025-06-11T07:04:38.582Z] info  Session server listening on /config/data/code-server-ipc.sock
[2025-06-11T07:07:45.102Z] info  code-server 4.100.3 409c64e0df4d53530e59c16acc2b5d5766f717b0
[2025-06-11T07:07:45.121Z] info  Using user-data-dir /config/data
[2025-06-11T07:07:45.197Z] info  Using config file /config/.config/code-server/config.yaml
[2025-06-11T07:07:45.214Z] info  HTTP server listening on http://0.0.0.0:8443/
[2025-06-11T07:07:45.218Z] info    - Authentication is disabled
[2025-06-11T07:07:45.218Z] info    - Not serving HTTPS
[2025-06-11T07:07:45.223Z] info  Session server listening on /config/data/code-server-ipc.sock
[2025-06-11T07:25:59.450Z] info  code-server 4.100.3 409c64e0df4d53530e59c16acc2b5d5766f717b0
[2025-06-11T07:25:59.497Z] info  Using user-data-dir /config/data
[2025-06-11T07:25:59.542Z] info  Using config file /config/.config/code-server/config.yaml
[2025-06-11T07:25:59.544Z] info  HTTP server listening on http://0.0.0.0:8443/
[2025-06-11T07:25:59.544Z] info    - Authentication is disabled
[2025-06-11T07:25:59.544Z] info    - Not serving HTTPS
[2025-06-11T07:25:59.544Z] info  Session server listening on /config/data/code-server-ipc.sock
[2025-06-11T08:51:20.029Z] info  code-server 4.100.3 409c64e0df4d53530e59c16acc2b5d5766f717b0
[2025-06-11T08:51:20.032Z] info  Using user-data-dir /config/data
[2025-06-11T08:51:20.128Z] info  Using config file /config/.config/code-server/config.yaml
[2025-06-11T08:51:20.136Z] info  HTTP server listening on http://0.0.0.0:8443/
[2025-06-11T08:51:20.137Z] info    - Authentication is disabled
[2025-06-11T08:51:20.137Z] info    - Not serving HTTPS
[2025-06-11T08:51:20.144Z] info  Session server listening on /config/data/code-server-ipc.sock
[2025-06-11T09:33:21.065Z] info  code-server 4.100.3 409c64e0df4d53530e59c16acc2b5d5766f717b0
[2025-06-11T09:33:21.106Z] info  Using user-data-dir /config/data
[2025-06-11T09:33:21.168Z] info  Using config file /config/.config/code-server/config.yaml
[2025-06-11T09:33:21.175Z] info  HTTP server listening on http://0.0.0.0:8443/
[2025-06-11T09:33:21.175Z] info    - Authentication is disabled
[2025-06-11T09:33:21.175Z] info    - Not serving HTTPS
[2025-06-11T09:33:21.175Z] info  Session server listening on /config/data/code-server-ipc.sock
[2025-06-11T23:06:26.996Z] info  code-server 4.100.3 409c64e0df4d53530e59c16acc2b5d5766f717b0
[2025-06-11T23:06:26.997Z] info  Using user-data-dir /config/data
[2025-06-11T23:06:27.101Z] info  Using config file /config/.config/code-server/config.yaml
[2025-06-11T23:06:27.102Z] info  HTTP server listening on http://0.0.0.0:8443/
[2025-06-11T23:06:27.103Z] info    - Authentication is disabled
[2025-06-11T23:06:27.103Z] info    - Not serving HTTPS
[2025-06-11T23:06:27.103Z] info  Session server listening on /config/data/code-server-ipc.sock
[2025-06-14T17:24:45.435Z] info  code-server 4.100.3 409c64e0df4d53530e59c16acc2b5d5766f717b0
[2025-06-14T17:24:45.437Z] info  Using user-data-dir /config/data
[2025-06-14T17:24:45.563Z] info  Using config file /config/.config/code-server/config.yaml
[2025-06-14T17:24:45.564Z] info  HTTP server listening on http://0.0.0.0:8443/
[2025-06-14T17:24:45.587Z] info    - Authentication is disabled
[2025-06-14T17:24:45.587Z] info    - Not serving HTTPS
[2025-06-14T17:24:45.587Z] info  Session server listening on /config/data/code-server-ipc.sock
[2025-06-14T18:45:15.952Z] info  code-server 4.100.3 409c64e0df4d53530e59c16acc2b5d5766f717b0
[2025-06-14T18:45:15.956Z] info  Using user-data-dir /config/data
[2025-06-14T18:45:16.044Z] info  Using config file /config/.config/code-server/config.yaml
[2025-06-14T18:45:16.045Z] info  HTTP server listening on http://0.0.0.0:8443/
[2025-06-14T18:45:16.045Z] info    - Authentication is disabled
[2025-06-14T18:45:16.045Z] info    - Not serving HTTPS
[2025-06-14T18:45:16.045Z] info  Session server listening on /config/data/code-server-ipc.sock
[2025-06-14T18:51:24.812Z] info  code-server 4.100.3 409c64e0df4d53530e59c16acc2b5d5766f717b0
[2025-06-14T18:51:24.831Z] info  Using user-data-dir /config/data
[2025-06-14T18:51:24.912Z] info  Using config file /config/.config/code-server/config.yaml
[2025-06-14T18:51:24.913Z] info  HTTP server listening on http://0.0.0.0:8443/
[2025-06-14T18:51:24.913Z] info    - Authentication is disabled
[2025-06-14T18:51:24.913Z] info    - Not serving HTTPS
[2025-06-14T18:51:24.913Z] info  Session server listening on /config/data/code-server-ipc.sock
[2025-06-15T03:44:05.118Z] info  code-server 4.100.3 409c64e0df4d53530e59c16acc2b5d5766f717b0
[2025-06-15T03:44:05.124Z] info  Using user-data-dir /config/data
[2025-06-15T03:44:05.227Z] info  Using config file /config/.config/code-server/config.yaml
[2025-06-15T03:44:05.240Z] info  HTTP server listening on http://0.0.0.0:8443/
[2025-06-15T03:44:05.240Z] info    - Authentication is disabled
[2025-06-15T03:44:05.240Z] info    - Not serving HTTPS
[2025-06-15T03:44:05.240Z] info  Session server listening on /config/data/code-server-ipc.sock
