[2025-03-11T20:52:33.752Z] info  code-server 4.98.0 cc3c22deee4392aac109a16cb57063c24dd5fa78
[2025-03-11T20:52:33.850Z] info  Using user-data-dir /config/data
[2025-03-11T20:52:33.960Z] info  Using config file /config/.config/code-server/config.yaml
[2025-03-11T20:52:33.961Z] info  HTTP server listening on http://0.0.0.0:8443/
[2025-03-11T20:52:33.961Z] info    - Authentication is disabled
[2025-03-11T20:52:33.961Z] info    - Not serving HTTPS
[2025-03-11T20:52:33.961Z] info  Session server listening on /config/data/code-server-ipc.sock
[16:41:14] 




[16:41:15] Extension host agent started.
[2025-03-11T22:38:38.524Z] info  code-server 4.98.0 cc3c22deee4392aac109a16cb57063c24dd5fa78
[2025-03-11T22:38:38.531Z] info  Using user-data-dir /config/data
[2025-03-11T22:38:39.007Z] info  Using config file /config/.config/code-server/config.yaml
[2025-03-11T22:38:39.009Z] info  HTTP server listening on http://0.0.0.0:8443/
[2025-03-11T22:38:39.011Z] info    - Authentication is disabled
[2025-03-11T22:38:39.014Z] info    - Not serving HTTPS
[2025-03-11T22:38:39.021Z] info  Session server listening on /config/data/code-server-ipc.sock
[2025-03-18T22:31:56.795Z] info  code-server 4.98.2 e2c489dd00f163b1a8d959965b0c30c1a978a080
[2025-03-18T22:31:56.897Z] info  Using user-data-dir /config/data
[2025-03-18T22:31:57.199Z] info  Using config file /config/.config/code-server/config.yaml
[2025-03-18T22:31:57.199Z] info  HTTP server listening on http://0.0.0.0:8443/
[2025-03-18T22:31:57.199Z] info    - Authentication is disabled
[2025-03-18T22:31:57.199Z] info    - Not serving HTTPS
[2025-03-18T22:31:57.199Z] info  Session server listening on /config/data/code-server-ipc.sock
[17:32:06] 




[17:32:07] Extension host agent started.
[17:32:55] [172.19.0.15][0b480f49][ManagementConnection] New connection established.
[17:33:03] [172.19.0.15][4fd60eb0][ExtensionHostConnection] New connection established.
[17:33:06] [172.19.0.15][4fd60eb0][ExtensionHostConnection] <247> Launched Extension Host Process.
[17:33:17] [172.19.0.15][0b480f49][ManagementConnection] The client has disconnected gracefully, so the connection will be disposed.
[20:33:26] [172.19.0.15][4fd60eb0][ExtensionHostConnection] <247> Extension Host Process exited with code: 0, signal: null.
[2025-03-19T16:43:40.815Z] info  code-server 4.98.2 e2c489dd00f163b1a8d959965b0c30c1a978a080
[2025-03-19T16:43:40.922Z] info  Using user-data-dir /config/data
[2025-03-19T16:43:41.023Z] info  Using config file /config/.config/code-server/config.yaml
[2025-03-19T16:43:41.025Z] info  HTTP server listening on http://0.0.0.0:8443/
[2025-03-19T16:43:41.025Z] info    - Authentication is enabled
[2025-03-19T16:43:41.025Z] info      - Using password from $HASHED_PASSWORD
[2025-03-19T16:43:41.025Z] info    - Not serving HTTPS
[2025-03-19T16:43:41.025Z] info  Session server listening on /config/data/code-server-ipc.sock
[13:26:10] 




[13:26:11] Extension host agent started.
