[2025-03-18T22:31:57.102Z] warn  Could not create socket at /config/data/code-server-ipc.sock
Error: EACCES: permission denied, mkdir '/config/data/User'
    at Module.mkdirSync (node:fs:1371:26)
    at file:///app/code-server/lib/vscode/out/server-main.js:206:6761
    at Array.forEach (<anonymous>)
    at MI (file:///app/code-server/lib/vscode/out/server-main.js:206:6724)
    at Object.jB (file:///app/code-server/lib/vscode/out/server-main.js:206:6894)
    at /app/code-server/out/node/routes/vscode.js:69:29
    at Generator.next (<anonymous>)
    at fulfilled (/app/code-server/out/node/routes/vscode.js:28:58) {
  errno: -13,
  code: 'EACCES',
  syscall: 'mkdir',
  path: '/config/data/User'
}
Error: EACCES: permission denied, mkdir '/config/data/Machine'
    at Module.mkdirSync (node:fs:1371:26)
    at file:///app/code-server/lib/vscode/out/server-main.js:206:6761
    at Array.forEach (<anonymous>)
    at MI (file:///app/code-server/lib/vscode/out/server-main.js:206:6724)
    at Object.jB (file:///app/code-server/lib/vscode/out/server-main.js:206:6894)
    at /app/code-server/out/node/routes/vscode.js:69:29
    at Generator.next (<anonymous>)
    at fulfilled (/app/code-server/out/node/routes/vscode.js:28:58) {
  errno: -13,
  code: 'EACCES',
  syscall: 'mkdir',
  path: '/config/data/Machine'
}
Error: ENOENT: no such file or directory, mkdir '/config/data/User/globalStorage'
    at Module.mkdirSync (node:fs:1371:26)
    at file:///app/code-server/lib/vscode/out/server-main.js:206:6761
    at Array.forEach (<anonymous>)
    at MI (file:///app/code-server/lib/vscode/out/server-main.js:206:6724)
    at Object.jB (file:///app/code-server/lib/vscode/out/server-main.js:206:6894)
    at /app/code-server/out/node/routes/vscode.js:69:29
    at Generator.next (<anonymous>)
    at fulfilled (/app/code-server/out/node/routes/vscode.js:28:58) {
  errno: -2,
  code: 'ENOENT',
  syscall: 'mkdir',
  path: '/config/data/User/globalStorage'
}
Error: ENOENT: no such file or directory, mkdir '/config/data/User/History'
    at Module.mkdirSync (node:fs:1371:26)
    at file:///app/code-server/lib/vscode/out/server-main.js:206:6761
    at Array.forEach (<anonymous>)
    at MI (file:///app/code-server/lib/vscode/out/server-main.js:206:6724)
    at Object.jB (file:///app/code-server/lib/vscode/out/server-main.js:206:6894)
    at /app/code-server/out/node/routes/vscode.js:69:29
    at Generator.next (<anonymous>)
    at fulfilled (/app/code-server/out/node/routes/vscode.js:28:58) {
  errno: -2,
  code: 'ENOENT',
  syscall: 'mkdir',
  path: '/config/data/User/History'
}
[Error: EACCES: permission denied, mkdir '/config/data/logs'] {
  errno: -13,
  code: 'EACCES',
  syscall: 'mkdir',
  path: '/config/data/logs'
}
[2025-03-18T22:32:07.640Z] warn  EACCES: permission denied, open '/config/data/coder.json'
[17:32:16] Error: ENOENT: no such file or directory, scandir '/config/data/logs'
    at async Object.readdir (node:internal/fs/promises:948:18)
    at async Object.eh (file:///app/code-server/lib/vscode/out/server-main.js:43:4498)
    at async yB (file:///app/code-server/lib/vscode/out/server-main.js:186:2648) {
  errno: -2,
  code: 'ENOENT',
  syscall: 'scandir',
  path: '/config/data/logs'
}
[2025-03-18T22:32:24.403Z] warn  EACCES: permission denied, open '/config/data/coder.json'
File not found: /app/code-server/lib/vscode/extensions/git-base/dist/browser/extension.js
File not found: /app/code-server/lib/vscode/extensions/merge-conflict/dist/browser/mergeConflictMain.js
[2025-03-18T22:32:26.682Z] warn  EACCES: permission denied, open '/config/data/coder.json'
[2025-03-18T22:32:42.494Z] warn  EACCES: permission denied, open '/config/data/coder.json'
File not found: /app/code-server/lib/vscode/extensions/git-base/dist/browser/extension.js
File not found: /app/code-server/lib/vscode/extensions/merge-conflict/dist/browser/mergeConflictMain.js
[2025-03-18T22:32:48.191Z] warn  EACCES: permission denied, open '/config/data/coder.json'
File not found: /app/code-server/lib/vscode/node_modules/vsda/rust/web/vsda_bg.wasm
File not found: /app/code-server/lib/vscode/node_modules/vsda/rust/web/vsda.js
[2025-03-18T22:33:00.702Z] warn  EACCES: permission denied, open '/config/data/coder.json'
Error: Unexpected SIGPIPE
    at process.<anonymous> (file:///app/code-server/lib/vscode/out/server-main.js:206:8010)
    at process.emit (node:events:530:35)
[17:33:15] Error: Unexpected SIGPIPE
    at process.<anonymous> (file:///app/code-server/lib/vscode/out/server-main.js:187:1327)
    at process.emit (node:events:530:35)
File not found: /app/code-server/lib/vscode/extensions/git-base/dist/browser/extension.js
File not found: /app/code-server/lib/vscode/extensions/merge-conflict/dist/browser/mergeConflictMain.js
File not found: /app/code-server/lib/vscode/extensions/emmet/dist/browser/emmetBrowserMain.js
File not found: /app/code-server/lib/vscode/extensions/git-base/dist/browser/extension.js
File not found: /app/code-server/lib/vscode/extensions/merge-conflict/dist/browser/mergeConflictMain.js
Failed login attempt {"xForwardedFor":"77.111.246.31","remoteAddress":"172.18.0.13","userAgent":"Mozilla/5.0 (Windows NT 10.0; Win64; x64) AppleWebKit/537.36 (KHTML, like Gecko) Chrome/132.0.0.0 Safari/537.36 OPR/117.0.0.0","timestamp":1742408781}
Failed login attempt {"xForwardedFor":"77.111.246.31","remoteAddress":"172.18.0.13","userAgent":"Mozilla/5.0 (Windows NT 10.0; Win64; x64) AppleWebKit/537.36 (KHTML, like Gecko) Chrome/132.0.0.0 Safari/537.36 OPR/117.0.0.0","timestamp":1742408788}
Failed login attempt {"xForwardedFor":"77.111.246.31","remoteAddress":"172.18.0.13","userAgent":"Mozilla/5.0 (Windows NT 10.0; Win64; x64) AppleWebKit/537.36 (KHTML, like Gecko) Chrome/132.0.0.0 Safari/537.36 OPR/117.0.0.0","timestamp":1742410068}
