[2025-04-17T00:55:36.371Z] info  code-server 4.99.2 e0c960b30e79653332950a285760c5baa1745652
[2025-04-17T00:55:36.390Z] info  Using user-data-dir /config/data
[2025-04-17T00:55:36.650Z] info  Using config file /config/.config/code-server/config.yaml
[2025-04-17T00:55:36.678Z] info  HTTP server listening on http://0.0.0.0:8443/
[2025-04-17T00:55:36.678Z] info    - Authentication is disabled
[2025-04-17T00:55:36.678Z] info    - Not serving HTTPS
[2025-04-17T00:55:36.678Z] info    - Proxying the following domain:
[2025-04-17T00:55:36.678Z] info      - {{port}}.codeserver.bolabaden.org
[2025-04-17T00:55:36.679Z] info  Using proxy URI in PORTS tab: //{{port}}.codeserver.bolabaden.org
[2025-04-17T00:55:36.679Z] info  Session server listening on /config/data/code-server-ipc.sock
[2025-04-17T01:01:04.778Z] info  code-server 4.99.2 e0c960b30e79653332950a285760c5baa1745652
[2025-04-17T01:01:04.850Z] info  Using user-data-dir /config/data
[2025-04-17T01:01:05.129Z] info  Using config file /config/.config/code-server/config.yaml
[2025-04-17T01:01:05.147Z] info  HTTP server listening on http://0.0.0.0:8443/
[2025-04-17T01:01:05.178Z] info    - Authentication is disabled
[2025-04-17T01:01:05.178Z] info    - Not serving HTTPS
[2025-04-17T01:01:05.179Z] info    - Proxying the following domain:
[2025-04-17T01:01:05.179Z] info      - {{port}}.codeserver.bolabaden.org
[2025-04-17T01:01:05.179Z] info  Using proxy URI in PORTS tab: //{{port}}.codeserver.bolabaden.org
[2025-04-17T01:01:05.179Z] info  Session server listening on /config/data/code-server-ipc.sock
[2025-04-17T02:25:30.783Z] info  code-server 4.99.2 e0c960b30e79653332950a285760c5baa1745652
[2025-04-17T02:25:30.828Z] info  Using user-data-dir /config/data
[2025-04-17T02:25:31.093Z] info  Using config file /config/.config/code-server/config.yaml
[2025-04-17T02:25:31.102Z] info  HTTP server listening on http://0.0.0.0:8443/
[2025-04-17T02:25:31.102Z] info    - Authentication is disabled
[2025-04-17T02:25:31.102Z] info    - Not serving HTTPS
[2025-04-17T02:25:31.102Z] info    - Proxying the following domain:
[2025-04-17T02:25:31.102Z] info      - {{port}}.codeserver.bolabaden.org
[2025-04-17T02:25:31.102Z] info  Using proxy URI in PORTS tab: //{{port}}.codeserver.bolabaden.org
[2025-04-17T02:25:31.102Z] info  Session server listening on /config/data/code-server-ipc.sock
[2025-04-17T02:33:35.954Z] info  code-server 4.99.2 e0c960b30e79653332950a285760c5baa1745652
[2025-04-17T02:33:36.071Z] info  Using user-data-dir /config/data
[2025-04-17T02:33:36.617Z] info  Using config file /config/.config/code-server/config.yaml
[2025-04-17T02:33:36.617Z] info  HTTP server listening on http://0.0.0.0:8443/
[2025-04-17T02:33:36.618Z] info    - Authentication is disabled
[2025-04-17T02:33:36.618Z] info    - Not serving HTTPS
[2025-04-17T02:33:36.618Z] info    - Proxying the following domain:
[2025-04-17T02:33:36.618Z] info      - {{port}}.codeserver.bolabaden.org
[2025-04-17T02:33:36.618Z] info  Using proxy URI in PORTS tab: //{{port}}.codeserver.bolabaden.org
[2025-04-17T02:33:36.618Z] info  Session server listening on /config/data/code-server-ipc.sock
[2025-04-18T23:31:51.400Z] info  code-server 4.99.2 e0c960b30e79653332950a285760c5baa1745652
[2025-04-18T23:31:51.417Z] info  Using user-data-dir /config/data
[2025-04-18T23:31:51.593Z] info  Using config file /config/.config/code-server/config.yaml
[2025-04-18T23:31:51.602Z] info  HTTP server listening on http://0.0.0.0:8443/
[2025-04-18T23:31:51.602Z] info    - Authentication is disabled
[2025-04-18T23:31:51.602Z] info    - Not serving HTTPS
[2025-04-18T23:31:51.602Z] info  Session server listening on /config/data/code-server-ipc.sock
[2025-04-19T02:32:04.857Z] info  code-server 4.99.2 e0c960b30e79653332950a285760c5baa1745652
[2025-04-19T02:32:04.980Z] info  Using user-data-dir /config/data
[2025-04-19T02:32:05.406Z] info  Using config file /config/.config/code-server/config.yaml
[2025-04-19T02:32:05.407Z] info  HTTP server listening on http://0.0.0.0:8443/
[2025-04-19T02:32:05.407Z] info    - Authentication is disabled
[2025-04-19T02:32:05.407Z] info    - Not serving HTTPS
[2025-04-19T02:32:05.407Z] info  Session server listening on /config/data/code-server-ipc.sock
[2025-04-19T02:51:23.814Z] info  code-server 4.99.2 e0c960b30e79653332950a285760c5baa1745652
[2025-04-19T02:51:23.849Z] info  Using user-data-dir /config/data
[2025-04-19T02:51:23.904Z] info  Using config file /config/.config/code-server/config.yaml
[2025-04-19T02:51:23.909Z] info  HTTP server listening on http://0.0.0.0:8443/
[2025-04-19T02:51:23.910Z] info    - Authentication is disabled
[2025-04-19T02:51:23.911Z] info    - Not serving HTTPS
[2025-04-19T02:51:23.911Z] info  Session server listening on /config/data/code-server-ipc.sock
[23:33:23] 




[23:33:23] Extension host agent started.
[23:33:23] Started initializing default profile extensions in extensions installation folder. file:///config/extensions
[23:33:23] Completed initializing default profile extensions in extensions installation folder. file:///config/extensions
[2025-04-19T07:01:26.211Z] info  code-server 4.99.2 e0c960b30e79653332950a285760c5baa1745652
[2025-04-19T07:01:26.223Z] info  Using user-data-dir /config/data
[2025-04-19T07:01:26.410Z] info  Using config file /config/.config/code-server/config.yaml
[2025-04-19T07:01:26.414Z] info  HTTP server listening on http://0.0.0.0:8443/
[2025-04-19T07:01:26.414Z] info    - Authentication is disabled
[2025-04-19T07:01:26.414Z] info    - Not serving HTTPS
[2025-04-19T07:01:26.415Z] info  Session server listening on /config/data/code-server-ipc.sock
[2025-04-19T07:08:37.713Z] info  code-server 4.99.2 e0c960b30e79653332950a285760c5baa1745652
[2025-04-19T07:08:37.717Z] info  Using user-data-dir /config/data
[2025-04-19T07:08:37.747Z] info  Using config file /config/.config/code-server/config.yaml
[2025-04-19T07:08:37.747Z] info  HTTP server listening on http://0.0.0.0:8443/
[2025-04-19T07:08:37.747Z] info    - Authentication is disabled
[2025-04-19T07:08:37.747Z] info    - Not serving HTTPS
[2025-04-19T07:08:37.747Z] info  Session server listening on /config/data/code-server-ipc.sock
[2025-04-19T19:04:42.172Z] info  code-server 4.99.2 e0c960b30e79653332950a285760c5baa1745652
[2025-04-19T19:04:42.208Z] info  Using user-data-dir /config/data
[2025-04-19T19:04:42.372Z] info  Using config file /config/.config/code-server/config.yaml
[2025-04-19T19:04:42.372Z] info  HTTP server listening on http://0.0.0.0:8443/
[2025-04-19T19:04:42.372Z] info    - Authentication is disabled
[2025-04-19T19:04:42.372Z] info    - Not serving HTTPS
[2025-04-19T19:04:42.372Z] info  Session server listening on /config/data/code-server-ipc.sock
[22:00:37] 




[22:00:37] Extension host agent started.
[2025-04-20T05:50:44.436Z] info  code-server 4.99.2 e0c960b30e79653332950a285760c5baa1745652
[2025-04-20T05:50:44.438Z] info  Using user-data-dir /config/data
[2025-04-20T05:50:44.665Z] info  Using config file /config/.config/code-server/config.yaml
[2025-04-20T05:50:44.705Z] info  HTTP server listening on http://0.0.0.0:8443/
[2025-04-20T05:50:44.706Z] info    - Authentication is disabled
[2025-04-20T05:50:44.706Z] info    - Not serving HTTPS
[2025-04-20T05:50:44.706Z] info  Session server listening on /config/data/code-server-ipc.sock
[2025-04-23T19:51:24.095Z] info  code-server 4.99.3 c36b2d3edd1cc8db7cfc49f5bc55711e7c5ac928
[2025-04-23T19:51:24.097Z] info  Using user-data-dir /config/data
[2025-04-23T19:51:24.365Z] info  Using config file /config/.config/code-server/config.yaml
[2025-04-23T19:51:24.366Z] info  HTTP server listening on http://0.0.0.0:8443/
[2025-04-23T19:51:24.366Z] info    - Authentication is disabled
[2025-04-23T19:51:24.366Z] info    - Not serving HTTPS
[2025-04-23T19:51:24.366Z] info  Session server listening on /config/data/code-server-ipc.sock
