Jun 13, 2025 13:04:48.245 [0xf67e722cdb08] INFO - Plex Tuner Service v1.41.8.9834-071366d65 - Docker Docker Container (LinuxServer.io) aarch64 - build: 
Jun 13, 2025 13:04:48.246 [0xf67e722cdb08] INFO - Linux version: 6.8.0-1026-oracle (#27-Ubuntu SMP Thu Apr 24 21:41:08 UTC 2025), language: en-US
Jun 13, 2025 13:04:48.247 [0xf67e722cdb08] INFO - Processor Unknown architecture
Jun 13, 2025 13:04:48.247 [0xf67e722cdb08] INFO - /usr/lib/plexmediaserver/Plex Tuner Service /usr/lib/plexmediaserver/Resources/Tuner/Private /usr/lib/plexmediaserver/Resources/Tuner/Shared 1.41.8.9834-071366d65 32600
Jun 13, 2025 13:04:48.220 [0xf67e74242890] INFO - [I] broker_t::start...
Jun 13, 2025 13:04:48.235 [0xf67e74242890] INFO - [I] device_manager_t::init.
Jun 13, 2025 13:04:48.235 [0xf67e74242890] INFO - [I] device_manager_t::init. Initialize provider manager
Jun 13, 2025 13:04:48.235 [0xf67e74242890] INFO - [I] device_manager_t::init. Initialize all device auxes
Jun 13, 2025 13:04:48.235 [0xf67e74242890] INFO - [I] dvb_device_factory_t::get_aux_list
Jun 13, 2025 13:04:48.236 [0xf67e74242890] INFO - [I] tvbutler_aux_t::init
Jun 13, 2025 13:04:48.248 [0xf67e74242890] INFO - [I] web_server_t::start. Starting web server on port 32600
Jun 13, 2025 13:04:54.327 [0xf67e72064b08] INFO - [I] web_service_t::process_device_discovery
Jun 13, 2025 13:04:54.328 [0xf67e72064b08] INFO - [I] device_reactor_t::get_device_list ()
Jun 13, 2025 13:04:56.392 [0xf67e72064b08] INFO - [I] SAT2IP - discover_satip_servers(): no servers found
Jun 13, 2025 13:04:56.821 [0xf67e72064b08] INFO - [I] v4l::DeviceGetList_impl. getting v4l device list
Jun 13, 2025 13:04:56.832 [0xf67e72064b08] INFO - [I] onetv_factory::DeviceGetListEx >>
Jun 13, 2025 13:04:56.835 [0xf67e72064b08] WARN - [W] onetv_factory::DeviceGetListEx. libusb_init returned an error -99
Jun 14, 2025 15:03:18.082 [0xf67e74242890] INFO - Received SIGINT: Interrupt from keyboard.
Jun 14, 2025 15:03:18.123 [0xf67e74242890] INFO - [I] device_manager_t::term
Jun 14, 2025 15:03:18.123 [0xf67e74242890] INFO - [I] device_manager_t::term. Stop all devices
Jun 14, 2025 15:03:18.123 [0xf67e74242890] INFO - [I] device_manager_t::term. Shut down all device auxes
Jun 14, 2025 15:03:18.123 [0xf67e74242890] INFO - [I] tvbutler_aux_t::term
Jun 14, 2025 15:03:18.128 [0xf67e74242890] INFO - [I] web_server_t::stop. Web server is stopped
Jun 14, 2025 15:03:18.128 [0xf67e74242890] INFO - [I] device_manager_t::term
Jun 14, 2025 15:03:18.128 [0xf67e74242890] INFO - [I] device_manager_t::term. Stop all devices
Jun 14, 2025 15:03:18.128 [0xf67e74242890] INFO - [I] device_manager_t::term. Shut down all device auxes
Jun 14, 2025 15:03:18.128 [0xf67e74242890] INFO - [I] broker_t::shutdown. Shutdown is completed.
