Jun 14, 2025 15:03:08.387 [0xf6f8e3e93b08] INFO - Plex Tuner Service v1.41.8.9834-071366d65 - Docker Docker Container aarch64 - build: 
Jun 14, 2025 15:03:08.388 [0xf6f8e3e93b08] INFO - Linux version: 6.8.0-1026-oracle (#27-Ubuntu SMP Thu Apr 24 21:41:08 UTC 2025), language: en-US
Jun 14, 2025 15:03:08.388 [0xf6f8e3e93b08] INFO - Processor Unknown architecture
Jun 14, 2025 15:03:08.388 [0xf6f8e3e93b08] INFO - /usr/lib/plexmediaserver/Plex Tuner Service /usr/lib/plexmediaserver/Resources/Tuner/Private /usr/lib/plexmediaserver/Resources/Tuner/Shared 1.41.8.9834-071366d65 32600
Jun 14, 2025 15:03:08.376 [0xf6f8e5e08890] INFO - [I] broker_t::start...
Jun 14, 2025 15:03:08.403 [0xf6f8e5e08890] INFO - [I] device_manager_t::init.
Jun 14, 2025 15:03:08.403 [0xf6f8e5e08890] INFO - [I] device_manager_t::init. Initialize provider manager
Jun 14, 2025 15:03:08.403 [0xf6f8e5e08890] INFO - [I] device_manager_t::init. Initialize all device auxes
Jun 14, 2025 15:03:08.403 [0xf6f8e5e08890] INFO - [I] dvb_device_factory_t::get_aux_list
Jun 14, 2025 15:03:08.404 [0xf6f8e5e08890] INFO - [I] tvbutler_aux_t::init
Jun 14, 2025 15:03:08.409 [0xf6f8e5e08890] INFO - [I] web_server_t::start. Starting web server on port 32600
Jun 14, 2025 15:03:16.464 [0xf6f8e371ab08] INFO - [I] web_service_t::process_device_discovery
Jun 14, 2025 15:03:16.464 [0xf6f8e371ab08] INFO - [I] device_reactor_t::get_device_list ()
Jun 14, 2025 15:03:18.468 [0xf6f8e371ab08] INFO - [I] SAT2IP - discover_satip_servers(): no servers found
Jun 14, 2025 15:03:18.888 [0xf6f8e371ab08] INFO - [I] v4l::DeviceGetList_impl. getting v4l device list
Jun 14, 2025 15:03:18.891 [0xf6f8e371ab08] INFO - [I] onetv_factory::DeviceGetListEx >>
Jun 14, 2025 15:03:18.892 [0xf6f8e371ab08] WARN - [W] onetv_factory::DeviceGetListEx. libusb_init returned an error -99
Jun 14, 2025 15:04:17.102 [0xf6f8e5e08890] INFO - Received SIGINT: Interrupt from keyboard.
Jun 14, 2025 15:04:17.124 [0xf6f8e5e08890] INFO - [I] device_manager_t::term
Jun 14, 2025 15:04:17.124 [0xf6f8e5e08890] INFO - [I] device_manager_t::term. Stop all devices
Jun 14, 2025 15:04:17.124 [0xf6f8e5e08890] INFO - [I] device_manager_t::term. Shut down all device auxes
Jun 14, 2025 15:04:17.124 [0xf6f8e5e08890] INFO - [I] tvbutler_aux_t::term
Jun 14, 2025 15:04:17.125 [0xf6f8e5e08890] INFO - [I] web_server_t::stop. Web server is stopped
Jun 14, 2025 15:04:17.125 [0xf6f8e5e08890] INFO - [I] device_manager_t::term
Jun 14, 2025 15:04:17.125 [0xf6f8e5e08890] INFO - [I] device_manager_t::term. Stop all devices
Jun 14, 2025 15:04:17.125 [0xf6f8e5e08890] INFO - [I] device_manager_t::term. Shut down all device auxes
Jun 14, 2025 15:04:17.126 [0xf6f8e5e08890] INFO - [I] broker_t::shutdown. Shutdown is completed.
