Jun 13, 2025 12:35:54.984 [0xfe61c0465b08] INFO - Plex Tuner Service v1.41.8.9834-071366d65 - Docker Docker Container (LinuxServer.io) aarch64 - build: 
Jun 13, 2025 12:35:54.986 [0xfe61c0465b08] INFO - Linux version: 6.8.0-1026-oracle (#27-Ubuntu SMP Thu Apr 24 21:41:08 UTC 2025), language: en-US
Jun 13, 2025 12:35:54.987 [0xfe61c0465b08] INFO - Processor Unknown architecture
Jun 13, 2025 12:35:54.987 [0xfe61c0465b08] INFO - /usr/lib/plexmediaserver/Plex Tuner Service /usr/lib/plexmediaserver/Resources/Tuner/Private /usr/lib/plexmediaserver/Resources/Tuner/Shared 1.41.8.9834-071366d65 32600
Jun 13, 2025 12:35:54.962 [0xfe61c23da890] INFO - [I] broker_t::start...
Jun 13, 2025 12:35:54.982 [0xfe61c23da890] INFO - [I] device_manager_t::init.
Jun 13, 2025 12:35:54.982 [0xfe61c23da890] INFO - [I] device_manager_t::init. Initialize provider manager
Jun 13, 2025 12:35:54.982 [0xfe61c23da890] INFO - [I] device_manager_t::init. Initialize all device auxes
Jun 13, 2025 12:35:54.982 [0xfe61c23da890] INFO - [I] dvb_device_factory_t::get_aux_list
Jun 13, 2025 12:35:54.984 [0xfe61c23da890] INFO - [I] tvbutler_aux_t::init
Jun 13, 2025 12:35:54.989 [0xfe61c23da890] INFO - [I] web_server_t::start. Starting web server on port 32600
Jun 13, 2025 12:36:01.128 [0xfe61bfdf0b08] INFO - [I] web_service_t::process_device_discovery
Jun 13, 2025 12:36:01.128 [0xfe61bfdf0b08] INFO - [I] device_reactor_t::get_device_list ()
Jun 13, 2025 12:36:03.136 [0xfe61bfdf0b08] INFO - [I] SAT2IP - discover_satip_servers(): no servers found
Jun 13, 2025 12:36:03.555 [0xfe61bfdf0b08] INFO - [I] v4l::DeviceGetList_impl. getting v4l device list
Jun 13, 2025 12:36:03.557 [0xfe61bfdf0b08] INFO - [I] onetv_factory::DeviceGetListEx >>
Jun 13, 2025 12:36:03.558 [0xfe61bfdf0b08] WARN - [W] onetv_factory::DeviceGetListEx. libusb_init returned an error -99
Jun 13, 2025 12:56:54.845 [0xfe61c23da890] INFO - Received SIGINT: Interrupt from keyboard.
Jun 13, 2025 12:56:54.856 [0xfe61c23da890] INFO - [I] device_manager_t::term
Jun 13, 2025 12:56:54.856 [0xfe61c23da890] INFO - [I] device_manager_t::term. Stop all devices
Jun 13, 2025 12:56:54.856 [0xfe61c23da890] INFO - [I] device_manager_t::term. Shut down all device auxes
Jun 13, 2025 12:56:54.857 [0xfe61c23da890] INFO - [I] tvbutler_aux_t::term
Jun 13, 2025 12:56:54.862 [0xfe61c23da890] INFO - [I] web_server_t::stop. Web server is stopped
Jun 13, 2025 12:56:54.862 [0xfe61c23da890] INFO - [I] device_manager_t::term
Jun 13, 2025 12:56:54.862 [0xfe61c23da890] INFO - [I] device_manager_t::term. Stop all devices
Jun 13, 2025 12:56:54.862 [0xfe61c23da890] INFO - [I] device_manager_t::term. Shut down all device auxes
Jun 13, 2025 12:56:54.863 [0xfe61c23da890] INFO - [I] broker_t::shutdown. Shutdown is completed.
