2025-06-15T00:00:00.008Z [debug][Jobs]: Starting scheduled job: Download Sync 
2025-06-15T00:00:00.128Z [info][Jobs]: Starting scheduled job: Plex Watchlist Sync 
2025-06-15T00:00:00.191Z [info][Jobs]: Starting scheduled job: Plex Recently Added Scan 
2025-06-15T00:00:00.192Z [info][Plex Scan]: Scan starting {"sessionId":"7659040a-fcd4-4702-899f-46cd11ebb018"}
2025-06-15T00:00:00.241Z [warn][Plex Scan]: No admin configured. Plex scan skipped. 
2025-06-15T00:01:00.003Z [debug][Jobs]: Starting scheduled job: Download Sync 
2025-06-15T00:02:00.011Z [debug][Jobs]: Starting scheduled job: Download Sync 
2025-06-15T00:03:00.006Z [debug][Jobs]: Starting scheduled job: Download Sync 
2025-06-15T00:03:00.024Z [info][Jobs]: Starting scheduled job: Plex Watchlist Sync 
2025-06-15T00:04:00.008Z [debug][Jobs]: Starting scheduled job: Download Sync 
2025-06-15T00:05:00.002Z [debug][Jobs]: Starting scheduled job: Download Sync 
2025-06-15T00:05:00.006Z [info][Jobs]: Starting scheduled job: Plex Recently Added Scan 
2025-06-15T00:05:00.007Z [info][Plex Scan]: Scan starting {"sessionId":"72a96c92-126b-46f0-82b2-a3d35cc8d75b"}
2025-06-15T00:05:00.021Z [warn][Plex Scan]: No admin configured. Plex scan skipped. 
2025-06-15T00:06:00.002Z [debug][Jobs]: Starting scheduled job: Download Sync 
2025-06-15T00:06:00.005Z [info][Jobs]: Starting scheduled job: Plex Watchlist Sync 
2025-06-15T00:07:00.003Z [debug][Jobs]: Starting scheduled job: Download Sync 
2025-06-15T00:08:00.005Z [debug][Jobs]: Starting scheduled job: Download Sync 
2025-06-15T00:09:00.012Z [debug][Jobs]: Starting scheduled job: Download Sync 
2025-06-15T00:09:00.033Z [info][Jobs]: Starting scheduled job: Plex Watchlist Sync 
2025-06-15T00:10:00.005Z [debug][Jobs]: Starting scheduled job: Download Sync 
2025-06-15T00:10:00.011Z [info][Jobs]: Starting scheduled job: Plex Recently Added Scan 
2025-06-15T00:10:00.012Z [info][Plex Scan]: Scan starting {"sessionId":"603f4bcf-2a9e-4489-a717-563f32e97e53"}
2025-06-15T00:10:00.021Z [warn][Plex Scan]: No admin configured. Plex scan skipped. 
2025-06-15T00:11:00.002Z [debug][Jobs]: Starting scheduled job: Download Sync 
2025-06-15T00:12:00.002Z [debug][Jobs]: Starting scheduled job: Download Sync 
2025-06-15T00:12:00.006Z [info][Jobs]: Starting scheduled job: Plex Watchlist Sync 
2025-06-15T00:13:00.004Z [debug][Jobs]: Starting scheduled job: Download Sync 
2025-06-15T00:14:00.002Z [debug][Jobs]: Starting scheduled job: Download Sync 
2025-06-15T00:15:00.005Z [debug][Jobs]: Starting scheduled job: Download Sync 
2025-06-15T00:15:00.013Z [info][Jobs]: Starting scheduled job: Plex Watchlist Sync 
2025-06-15T00:15:00.024Z [info][Jobs]: Starting scheduled job: Plex Recently Added Scan 
2025-06-15T00:15:00.025Z [info][Plex Scan]: Scan starting {"sessionId":"c383059e-462b-4a3f-b234-37d9f9c9a8cb"}
2025-06-15T00:15:00.036Z [warn][Plex Scan]: No admin configured. Plex scan skipped. 
2025-06-15T00:16:00.014Z [debug][Jobs]: Starting scheduled job: Download Sync 
2025-06-15T00:17:00.004Z [debug][Jobs]: Starting scheduled job: Download Sync 
2025-06-15T00:18:00.003Z [debug][Jobs]: Starting scheduled job: Download Sync 
2025-06-15T00:18:00.007Z [info][Jobs]: Starting scheduled job: Plex Watchlist Sync 
2025-06-15T00:19:00.002Z [debug][Jobs]: Starting scheduled job: Download Sync 
2025-06-15T00:20:00.005Z [debug][Jobs]: Starting scheduled job: Download Sync 
2025-06-15T00:20:00.009Z [info][Jobs]: Starting scheduled job: Plex Recently Added Scan 
2025-06-15T00:20:00.010Z [info][Plex Scan]: Scan starting {"sessionId":"4fb192ba-0a5d-4bc1-97aa-b48e47bdd64d"}
2025-06-15T00:20:00.021Z [warn][Plex Scan]: No admin configured. Plex scan skipped. 
2025-06-15T00:21:00.003Z [debug][Jobs]: Starting scheduled job: Download Sync 
2025-06-15T00:21:00.007Z [info][Jobs]: Starting scheduled job: Plex Watchlist Sync 
2025-06-15T00:22:00.014Z [debug][Jobs]: Starting scheduled job: Download Sync 
2025-06-15T00:23:00.009Z [debug][Jobs]: Starting scheduled job: Download Sync 
2025-06-15T00:24:00.004Z [debug][Jobs]: Starting scheduled job: Download Sync 
2025-06-15T00:24:00.013Z [info][Jobs]: Starting scheduled job: Plex Watchlist Sync 
2025-06-15T00:25:00.003Z [debug][Jobs]: Starting scheduled job: Download Sync 
2025-06-15T00:25:00.005Z [info][Jobs]: Starting scheduled job: Plex Recently Added Scan 
2025-06-15T00:25:00.006Z [info][Plex Scan]: Scan starting {"sessionId":"a640e996-5954-4748-944e-65a75f4a423e"}
2025-06-15T00:25:00.014Z [warn][Plex Scan]: No admin configured. Plex scan skipped. 
2025-06-15T00:26:00.003Z [debug][Jobs]: Starting scheduled job: Download Sync 
2025-06-15T00:27:00.005Z [debug][Jobs]: Starting scheduled job: Download Sync 
2025-06-15T00:27:00.009Z [info][Jobs]: Starting scheduled job: Plex Watchlist Sync 
2025-06-15T00:28:00.011Z [debug][Jobs]: Starting scheduled job: Download Sync 
2025-06-15T00:29:00.004Z [debug][Jobs]: Starting scheduled job: Download Sync 
2025-06-15T00:30:00.013Z [debug][Jobs]: Starting scheduled job: Download Sync 
2025-06-15T00:30:00.028Z [info][Jobs]: Starting scheduled job: Plex Watchlist Sync 
2025-06-15T00:30:00.057Z [info][Jobs]: Starting scheduled job: Plex Recently Added Scan 
2025-06-15T00:30:00.058Z [info][Plex Scan]: Scan starting {"sessionId":"25acac7f-75ad-4a7a-947f-fce4c2d75a74"}
2025-06-15T00:30:00.073Z [warn][Plex Scan]: No admin configured. Plex scan skipped. 
2025-06-15T00:31:00.002Z [debug][Jobs]: Starting scheduled job: Download Sync 
2025-06-15T00:32:00.002Z [debug][Jobs]: Starting scheduled job: Download Sync 
2025-06-15T00:33:00.003Z [debug][Jobs]: Starting scheduled job: Download Sync 
2025-06-15T00:33:00.006Z [info][Jobs]: Starting scheduled job: Plex Watchlist Sync 
2025-06-15T00:34:00.003Z [debug][Jobs]: Starting scheduled job: Download Sync 
2025-06-15T00:35:00.004Z [debug][Jobs]: Starting scheduled job: Download Sync 
2025-06-15T00:35:00.017Z [info][Jobs]: Starting scheduled job: Plex Recently Added Scan 
2025-06-15T00:35:00.020Z [info][Plex Scan]: Scan starting {"sessionId":"b46a31a5-80a3-4544-ba5d-79ae639e6506"}
2025-06-15T00:35:00.045Z [warn][Plex Scan]: No admin configured. Plex scan skipped. 
2025-06-15T00:36:00.006Z [debug][Jobs]: Starting scheduled job: Download Sync 
2025-06-15T00:36:00.017Z [info][Jobs]: Starting scheduled job: Plex Watchlist Sync 
2025-06-15T00:37:00.004Z [debug][Jobs]: Starting scheduled job: Download Sync 
2025-06-15T00:38:00.002Z [debug][Jobs]: Starting scheduled job: Download Sync 
2025-06-15T00:39:00.004Z [debug][Jobs]: Starting scheduled job: Download Sync 
2025-06-15T00:39:00.006Z [info][Jobs]: Starting scheduled job: Plex Watchlist Sync 
2025-06-15T00:40:00.003Z [debug][Jobs]: Starting scheduled job: Download Sync 
2025-06-15T00:40:00.006Z [info][Jobs]: Starting scheduled job: Plex Recently Added Scan 
2025-06-15T00:40:00.007Z [info][Plex Scan]: Scan starting {"sessionId":"84fcef60-d54f-40d7-ae4b-42076566dc9b"}
2025-06-15T00:40:00.015Z [warn][Plex Scan]: No admin configured. Plex scan skipped. 
2025-06-15T00:41:00.003Z [debug][Jobs]: Starting scheduled job: Download Sync 
2025-06-15T00:42:00.006Z [debug][Jobs]: Starting scheduled job: Download Sync 
2025-06-15T00:42:00.019Z [info][Jobs]: Starting scheduled job: Plex Watchlist Sync 
2025-06-15T00:43:00.015Z [debug][Jobs]: Starting scheduled job: Download Sync 
2025-06-15T00:44:00.005Z [debug][Jobs]: Starting scheduled job: Download Sync 
2025-06-15T00:45:00.004Z [debug][Jobs]: Starting scheduled job: Download Sync 
2025-06-15T00:45:00.007Z [info][Jobs]: Starting scheduled job: Plex Watchlist Sync 
2025-06-15T00:45:00.022Z [info][Jobs]: Starting scheduled job: Plex Recently Added Scan 
2025-06-15T00:45:00.022Z [info][Plex Scan]: Scan starting {"sessionId":"0f1e1afd-a6ba-48c9-b576-3609843babd6"}
2025-06-15T00:45:00.033Z [warn][Plex Scan]: No admin configured. Plex scan skipped. 
2025-06-15T00:46:00.002Z [debug][Jobs]: Starting scheduled job: Download Sync 
2025-06-15T00:47:00.002Z [debug][Jobs]: Starting scheduled job: Download Sync 
2025-06-15T00:48:00.003Z [debug][Jobs]: Starting scheduled job: Download Sync 
2025-06-15T00:48:00.008Z [info][Jobs]: Starting scheduled job: Plex Watchlist Sync 
2025-06-15T00:49:00.011Z [debug][Jobs]: Starting scheduled job: Download Sync 
2025-06-15T00:50:00.006Z [debug][Jobs]: Starting scheduled job: Download Sync 
2025-06-15T00:50:00.016Z [info][Jobs]: Starting scheduled job: Plex Recently Added Scan 
2025-06-15T00:50:00.019Z [info][Plex Scan]: Scan starting {"sessionId":"ae451d35-0ccc-4511-99f3-e03bdb9307c1"}
2025-06-15T00:50:00.056Z [warn][Plex Scan]: No admin configured. Plex scan skipped. 
2025-06-15T00:51:00.005Z [debug][Jobs]: Starting scheduled job: Download Sync 
2025-06-15T00:51:00.010Z [info][Jobs]: Starting scheduled job: Plex Watchlist Sync 
2025-06-15T00:52:00.004Z [debug][Jobs]: Starting scheduled job: Download Sync 
2025-06-15T00:53:00.004Z [debug][Jobs]: Starting scheduled job: Download Sync 
2025-06-15T00:54:00.002Z [debug][Jobs]: Starting scheduled job: Download Sync 
2025-06-15T00:54:00.005Z [info][Jobs]: Starting scheduled job: Plex Watchlist Sync 
2025-06-15T00:55:00.006Z [debug][Jobs]: Starting scheduled job: Download Sync 
2025-06-15T00:55:00.010Z [info][Jobs]: Starting scheduled job: Plex Recently Added Scan 
2025-06-15T00:55:00.011Z [info][Plex Scan]: Scan starting {"sessionId":"dddaeb6b-807e-47da-a05d-10e3705e19e7"}
2025-06-15T00:55:00.019Z [warn][Plex Scan]: No admin configured. Plex scan skipped. 
2025-06-15T00:56:00.021Z [debug][Jobs]: Starting scheduled job: Download Sync 
2025-06-15T00:57:00.007Z [debug][Jobs]: Starting scheduled job: Download Sync 
2025-06-15T00:57:00.016Z [info][Jobs]: Starting scheduled job: Plex Watchlist Sync 
2025-06-15T00:58:00.006Z [debug][Jobs]: Starting scheduled job: Download Sync 
2025-06-15T00:59:00.004Z [debug][Jobs]: Starting scheduled job: Download Sync 
2025-06-15T01:00:00.006Z [debug][Jobs]: Starting scheduled job: Download Sync 
2025-06-15T01:00:00.011Z [info][Jobs]: Starting scheduled job: Plex Watchlist Sync 
2025-06-15T01:00:00.047Z [info][Jobs]: Starting scheduled job: Plex Recently Added Scan 
2025-06-15T01:00:00.049Z [info][Plex Scan]: Scan starting {"sessionId":"c45c4854-52b0-4414-ad42-a8815eaeb1c8"}
2025-06-15T01:00:00.080Z [info][Jobs]: Starting scheduled job: Download Sync Reset 
2025-06-15T01:00:00.081Z [warn][Plex Scan]: No admin configured. Plex scan skipped. 
2025-06-15T01:01:00.004Z [debug][Jobs]: Starting scheduled job: Download Sync 
2025-06-15T01:02:00.005Z [debug][Jobs]: Starting scheduled job: Download Sync 
2025-06-15T01:03:00.010Z [debug][Jobs]: Starting scheduled job: Download Sync 
2025-06-15T01:03:00.029Z [info][Jobs]: Starting scheduled job: Plex Watchlist Sync 
2025-06-15T01:04:00.006Z [debug][Jobs]: Starting scheduled job: Download Sync 
2025-06-15T01:05:00.003Z [debug][Jobs]: Starting scheduled job: Download Sync 
2025-06-15T01:05:00.008Z [info][Jobs]: Starting scheduled job: Plex Recently Added Scan 
2025-06-15T01:05:00.009Z [info][Plex Scan]: Scan starting {"sessionId":"720c8131-5ddb-4c87-bc7d-cf1180ff2641"}
2025-06-15T01:05:00.025Z [warn][Plex Scan]: No admin configured. Plex scan skipped. 
2025-06-15T01:06:00.002Z [debug][Jobs]: Starting scheduled job: Download Sync 
2025-06-15T01:06:00.008Z [info][Jobs]: Starting scheduled job: Plex Watchlist Sync 
2025-06-15T01:07:00.005Z [debug][Jobs]: Starting scheduled job: Download Sync 
2025-06-15T01:08:00.006Z [debug][Jobs]: Starting scheduled job: Download Sync 
2025-06-15T01:09:00.005Z [debug][Jobs]: Starting scheduled job: Download Sync 
2025-06-15T01:09:00.028Z [info][Jobs]: Starting scheduled job: Plex Watchlist Sync 
2025-06-15T01:10:00.005Z [debug][Jobs]: Starting scheduled job: Download Sync 
2025-06-15T01:10:00.011Z [info][Jobs]: Starting scheduled job: Plex Recently Added Scan 
2025-06-15T01:10:00.012Z [info][Plex Scan]: Scan starting {"sessionId":"ae2d618a-de54-4899-aaed-39a69cced774"}
2025-06-15T01:10:00.021Z [warn][Plex Scan]: No admin configured. Plex scan skipped. 
2025-06-15T01:11:00.002Z [debug][Jobs]: Starting scheduled job: Download Sync 
2025-06-15T01:12:00.004Z [debug][Jobs]: Starting scheduled job: Download Sync 
2025-06-15T01:12:00.007Z [info][Jobs]: Starting scheduled job: Plex Watchlist Sync 
2025-06-15T01:13:00.006Z [debug][Jobs]: Starting scheduled job: Download Sync 
2025-06-15T01:14:00.002Z [debug][Jobs]: Starting scheduled job: Download Sync 
2025-06-15T01:15:00.006Z [debug][Jobs]: Starting scheduled job: Download Sync 
2025-06-15T01:15:00.025Z [info][Jobs]: Starting scheduled job: Plex Watchlist Sync 
2025-06-15T01:15:00.058Z [info][Jobs]: Starting scheduled job: Plex Recently Added Scan 
2025-06-15T01:15:00.060Z [info][Plex Scan]: Scan starting {"sessionId":"d283fa0d-6a53-4a77-aa34-01576c14585f"}
2025-06-15T01:15:00.078Z [warn][Plex Scan]: No admin configured. Plex scan skipped. 
2025-06-15T01:16:00.011Z [debug][Jobs]: Starting scheduled job: Download Sync 
2025-06-15T01:17:00.004Z [debug][Jobs]: Starting scheduled job: Download Sync 
2025-06-15T01:18:00.003Z [debug][Jobs]: Starting scheduled job: Download Sync 
2025-06-15T01:18:00.008Z [info][Jobs]: Starting scheduled job: Plex Watchlist Sync 
2025-06-15T01:19:00.005Z [debug][Jobs]: Starting scheduled job: Download Sync 
2025-06-15T01:20:00.005Z [debug][Jobs]: Starting scheduled job: Download Sync 
2025-06-15T01:20:00.011Z [info][Jobs]: Starting scheduled job: Plex Recently Added Scan 
2025-06-15T01:20:00.015Z [info][Plex Scan]: Scan starting {"sessionId":"af068960-fd57-4d6e-b24e-2fd074171027"}
2025-06-15T01:20:00.033Z [warn][Plex Scan]: No admin configured. Plex scan skipped. 
2025-06-15T01:21:00.006Z [debug][Jobs]: Starting scheduled job: Download Sync 
2025-06-15T01:21:00.024Z [info][Jobs]: Starting scheduled job: Plex Watchlist Sync 
2025-06-15T01:22:00.010Z [debug][Jobs]: Starting scheduled job: Download Sync 
2025-06-15T01:23:00.005Z [debug][Jobs]: Starting scheduled job: Download Sync 
2025-06-15T01:24:00.003Z [debug][Jobs]: Starting scheduled job: Download Sync 
2025-06-15T01:24:00.008Z [info][Jobs]: Starting scheduled job: Plex Watchlist Sync 
2025-06-15T01:25:00.003Z [debug][Jobs]: Starting scheduled job: Download Sync 
2025-06-15T01:25:00.006Z [info][Jobs]: Starting scheduled job: Plex Recently Added Scan 
2025-06-15T01:25:00.007Z [info][Plex Scan]: Scan starting {"sessionId":"3d4a61ee-2cf6-4b73-bd08-e17cb663d839"}
2025-06-15T01:25:00.018Z [warn][Plex Scan]: No admin configured. Plex scan skipped. 
2025-06-15T01:26:00.004Z [debug][Jobs]: Starting scheduled job: Download Sync 
2025-06-15T01:27:00.005Z [debug][Jobs]: Starting scheduled job: Download Sync 
2025-06-15T01:27:00.020Z [info][Jobs]: Starting scheduled job: Plex Watchlist Sync 
2025-06-15T01:28:00.015Z [debug][Jobs]: Starting scheduled job: Download Sync 
2025-06-15T01:29:00.005Z [debug][Jobs]: Starting scheduled job: Download Sync 
2025-06-15T01:30:00.006Z [debug][Jobs]: Starting scheduled job: Download Sync 
2025-06-15T01:30:00.017Z [info][Jobs]: Starting scheduled job: Plex Watchlist Sync 
2025-06-15T01:30:00.049Z [info][Jobs]: Starting scheduled job: Plex Recently Added Scan 
2025-06-15T01:30:00.054Z [info][Plex Scan]: Scan starting {"sessionId":"68ae8f57-9870-4c58-9030-f517d8a8bf1d"}
2025-06-15T01:30:00.088Z [warn][Plex Scan]: No admin configured. Plex scan skipped. 
2025-06-15T01:31:00.002Z [debug][Jobs]: Starting scheduled job: Download Sync 
2025-06-15T01:32:00.003Z [debug][Jobs]: Starting scheduled job: Download Sync 
2025-06-15T01:33:00.002Z [debug][Jobs]: Starting scheduled job: Download Sync 
2025-06-15T01:33:00.006Z [info][Jobs]: Starting scheduled job: Plex Watchlist Sync 
2025-06-15T01:34:00.012Z [debug][Jobs]: Starting scheduled job: Download Sync 
2025-06-15T01:35:00.005Z [debug][Jobs]: Starting scheduled job: Download Sync 
2025-06-15T01:35:00.016Z [info][Jobs]: Starting scheduled job: Plex Recently Added Scan 
2025-06-15T01:35:00.020Z [info][Plex Scan]: Scan starting {"sessionId":"acfa7dd0-1eef-47c2-889b-e79e2648ad7c"}
2025-06-15T01:35:00.051Z [warn][Plex Scan]: No admin configured. Plex scan skipped. 
2025-06-15T01:36:00.005Z [debug][Jobs]: Starting scheduled job: Download Sync 
2025-06-15T01:36:00.012Z [info][Jobs]: Starting scheduled job: Plex Watchlist Sync 
2025-06-15T01:37:00.005Z [debug][Jobs]: Starting scheduled job: Download Sync 
2025-06-15T01:38:00.005Z [debug][Jobs]: Starting scheduled job: Download Sync 
2025-06-15T01:39:00.003Z [debug][Jobs]: Starting scheduled job: Download Sync 
2025-06-15T01:39:00.006Z [info][Jobs]: Starting scheduled job: Plex Watchlist Sync 
2025-06-15T01:40:00.003Z [debug][Jobs]: Starting scheduled job: Download Sync 
2025-06-15T01:40:00.007Z [info][Jobs]: Starting scheduled job: Plex Recently Added Scan 
2025-06-15T01:40:00.008Z [info][Plex Scan]: Scan starting {"sessionId":"5cbf36db-a1ea-4572-98ce-f1ebc4dcb82d"}
2025-06-15T01:40:00.015Z [warn][Plex Scan]: No admin configured. Plex scan skipped. 
2025-06-15T01:41:00.017Z [debug][Jobs]: Starting scheduled job: Download Sync 
2025-06-15T01:42:00.005Z [debug][Jobs]: Starting scheduled job: Download Sync 
2025-06-15T01:42:00.014Z [info][Jobs]: Starting scheduled job: Plex Watchlist Sync 
2025-06-15T01:43:00.008Z [debug][Jobs]: Starting scheduled job: Download Sync 
2025-06-15T01:44:00.003Z [debug][Jobs]: Starting scheduled job: Download Sync 
2025-06-15T01:45:00.004Z [debug][Jobs]: Starting scheduled job: Download Sync 
2025-06-15T01:45:00.008Z [info][Jobs]: Starting scheduled job: Plex Watchlist Sync 
2025-06-15T01:45:00.019Z [info][Jobs]: Starting scheduled job: Plex Recently Added Scan 
2025-06-15T01:45:00.021Z [info][Plex Scan]: Scan starting {"sessionId":"871be57d-e8aa-474c-a242-841a079e8de5"}
2025-06-15T01:45:00.030Z [warn][Plex Scan]: No admin configured. Plex scan skipped. 
2025-06-15T01:46:00.004Z [debug][Jobs]: Starting scheduled job: Download Sync 
2025-06-15T01:47:00.005Z [debug][Jobs]: Starting scheduled job: Download Sync 
2025-06-15T01:48:00.004Z [debug][Jobs]: Starting scheduled job: Download Sync 
2025-06-15T01:48:00.021Z [info][Jobs]: Starting scheduled job: Plex Watchlist Sync 
2025-06-15T01:49:00.006Z [debug][Jobs]: Starting scheduled job: Download Sync 
2025-06-15T01:50:00.003Z [debug][Jobs]: Starting scheduled job: Download Sync 
2025-06-15T01:50:00.009Z [info][Jobs]: Starting scheduled job: Plex Recently Added Scan 
2025-06-15T01:50:00.010Z [info][Plex Scan]: Scan starting {"sessionId":"01bfecae-5a58-4642-9d04-749eb7c08e14"}
2025-06-15T01:50:00.026Z [warn][Plex Scan]: No admin configured. Plex scan skipped. 
2025-06-15T01:51:00.003Z [debug][Jobs]: Starting scheduled job: Download Sync 
2025-06-15T01:51:00.007Z [info][Jobs]: Starting scheduled job: Plex Watchlist Sync 
2025-06-15T01:52:00.002Z [debug][Jobs]: Starting scheduled job: Download Sync 
2025-06-15T01:53:00.003Z [debug][Jobs]: Starting scheduled job: Download Sync 
2025-06-15T01:54:00.004Z [debug][Jobs]: Starting scheduled job: Download Sync 
2025-06-15T01:54:00.014Z [info][Jobs]: Starting scheduled job: Plex Watchlist Sync 
2025-06-15T01:55:00.007Z [debug][Jobs]: Starting scheduled job: Download Sync 
2025-06-15T01:55:00.017Z [info][Jobs]: Starting scheduled job: Plex Recently Added Scan 
2025-06-15T01:55:00.020Z [info][Plex Scan]: Scan starting {"sessionId":"43d929f6-1675-49f3-a24a-fbb371a95f99"}
2025-06-15T01:55:00.043Z [warn][Plex Scan]: No admin configured. Plex scan skipped. 
2025-06-15T01:56:00.005Z [debug][Jobs]: Starting scheduled job: Download Sync 
2025-06-15T01:57:00.002Z [debug][Jobs]: Starting scheduled job: Download Sync 
2025-06-15T01:57:00.006Z [info][Jobs]: Starting scheduled job: Plex Watchlist Sync 
2025-06-15T01:58:00.004Z [debug][Jobs]: Starting scheduled job: Download Sync 
2025-06-15T01:59:00.002Z [debug][Jobs]: Starting scheduled job: Download Sync 
2025-06-15T02:00:00.016Z [debug][Jobs]: Starting scheduled job: Download Sync 
2025-06-15T02:00:00.037Z [info][Jobs]: Starting scheduled job: Plex Watchlist Sync 
2025-06-15T02:00:00.068Z [info][Jobs]: Starting scheduled job: Plex Recently Added Scan 
2025-06-15T02:00:00.074Z [info][Plex Scan]: Scan starting {"sessionId":"1e02cfb5-e5c9-4a64-806f-8b3a11424cd7"}
2025-06-15T02:00:00.096Z [warn][Plex Scan]: No admin configured. Plex scan skipped. 
2025-06-15T02:01:00.016Z [debug][Jobs]: Starting scheduled job: Download Sync 
2025-06-15T02:02:00.005Z [debug][Jobs]: Starting scheduled job: Download Sync 
2025-06-15T02:03:00.005Z [debug][Jobs]: Starting scheduled job: Download Sync 
2025-06-15T02:03:00.017Z [info][Jobs]: Starting scheduled job: Plex Watchlist Sync 
2025-06-15T02:04:00.005Z [debug][Jobs]: Starting scheduled job: Download Sync 
2025-06-15T02:05:00.003Z [debug][Jobs]: Starting scheduled job: Download Sync 
2025-06-15T02:05:00.007Z [info][Jobs]: Starting scheduled job: Plex Recently Added Scan 
2025-06-15T02:05:00.008Z [info][Plex Scan]: Scan starting {"sessionId":"52a400c9-e848-41f4-a183-ea37d337f7b7"}
2025-06-15T02:05:00.020Z [warn][Plex Scan]: No admin configured. Plex scan skipped. 
2025-06-15T02:06:00.002Z [debug][Jobs]: Starting scheduled job: Download Sync 
2025-06-15T02:06:00.005Z [info][Jobs]: Starting scheduled job: Plex Watchlist Sync 
2025-06-15T02:07:00.010Z [debug][Jobs]: Starting scheduled job: Download Sync 
2025-06-15T02:08:00.005Z [debug][Jobs]: Starting scheduled job: Download Sync 
2025-06-15T02:09:00.004Z [debug][Jobs]: Starting scheduled job: Download Sync 
2025-06-15T02:09:00.014Z [info][Jobs]: Starting scheduled job: Plex Watchlist Sync 
2025-06-15T02:10:00.004Z [debug][Jobs]: Starting scheduled job: Download Sync 
2025-06-15T02:10:00.007Z [info][Jobs]: Starting scheduled job: Plex Recently Added Scan 
2025-06-15T02:10:00.008Z [info][Plex Scan]: Scan starting {"sessionId":"1522b3e6-25f5-44be-9a69-aa50450bdf59"}
2025-06-15T02:10:00.015Z [warn][Plex Scan]: No admin configured. Plex scan skipped. 
2025-06-15T02:11:00.004Z [debug][Jobs]: Starting scheduled job: Download Sync 
2025-06-15T02:12:00.003Z [debug][Jobs]: Starting scheduled job: Download Sync 
2025-06-15T02:12:00.008Z [info][Jobs]: Starting scheduled job: Plex Watchlist Sync 
2025-06-15T02:13:00.004Z [debug][Jobs]: Starting scheduled job: Download Sync 
2025-06-15T02:14:00.004Z [debug][Jobs]: Starting scheduled job: Download Sync 
2025-06-15T02:15:00.006Z [debug][Jobs]: Starting scheduled job: Download Sync 
2025-06-15T02:15:00.026Z [info][Jobs]: Starting scheduled job: Plex Watchlist Sync 
2025-06-15T02:15:00.049Z [info][Jobs]: Starting scheduled job: Plex Recently Added Scan 
2025-06-15T02:15:00.051Z [info][Plex Scan]: Scan starting {"sessionId":"02bcebb4-e9ff-435b-8e13-1068c12e4a30"}
2025-06-15T02:15:00.062Z [warn][Plex Scan]: No admin configured. Plex scan skipped. 
2025-06-15T02:16:00.005Z [debug][Jobs]: Starting scheduled job: Download Sync 
2025-06-15T02:17:00.003Z [debug][Jobs]: Starting scheduled job: Download Sync 
2025-06-15T02:18:00.002Z [debug][Jobs]: Starting scheduled job: Download Sync 
2025-06-15T02:18:00.005Z [info][Jobs]: Starting scheduled job: Plex Watchlist Sync 
2025-06-15T02:19:00.003Z [debug][Jobs]: Starting scheduled job: Download Sync 
2025-06-15T02:20:00.003Z [debug][Jobs]: Starting scheduled job: Download Sync 
2025-06-15T02:20:00.007Z [info][Jobs]: Starting scheduled job: Plex Recently Added Scan 
2025-06-15T02:20:00.009Z [info][Plex Scan]: Scan starting {"sessionId":"502704da-09e1-4e77-aa50-15ffdbac357e"}
2025-06-15T02:20:00.020Z [warn][Plex Scan]: No admin configured. Plex scan skipped. 
2025-06-15T02:21:00.006Z [debug][Jobs]: Starting scheduled job: Download Sync 
2025-06-15T02:21:00.019Z [info][Jobs]: Starting scheduled job: Plex Watchlist Sync 
2025-06-15T02:22:00.011Z [debug][Jobs]: Starting scheduled job: Download Sync 
2025-06-15T02:23:00.005Z [debug][Jobs]: Starting scheduled job: Download Sync 
2025-06-15T02:24:00.002Z [debug][Jobs]: Starting scheduled job: Download Sync 
2025-06-15T02:24:00.007Z [info][Jobs]: Starting scheduled job: Plex Watchlist Sync 
2025-06-15T02:25:00.004Z [debug][Jobs]: Starting scheduled job: Download Sync 
2025-06-15T02:25:00.009Z [info][Jobs]: Starting scheduled job: Plex Recently Added Scan 
2025-06-15T02:25:00.012Z [info][Plex Scan]: Scan starting {"sessionId":"374d5ab3-d1e6-4b9f-bc19-fa626f672d90"}
2025-06-15T02:25:00.021Z [warn][Plex Scan]: No admin configured. Plex scan skipped. 
2025-06-15T02:26:00.003Z [debug][Jobs]: Starting scheduled job: Download Sync 
2025-06-15T02:27:00.003Z [debug][Jobs]: Starting scheduled job: Download Sync 
2025-06-15T02:27:00.006Z [info][Jobs]: Starting scheduled job: Plex Watchlist Sync 
2025-06-15T02:28:00.006Z [debug][Jobs]: Starting scheduled job: Download Sync 
2025-06-15T02:29:00.004Z [debug][Jobs]: Starting scheduled job: Download Sync 
2025-06-15T02:30:00.004Z [debug][Jobs]: Starting scheduled job: Download Sync 
2025-06-15T02:30:00.019Z [info][Jobs]: Starting scheduled job: Plex Watchlist Sync 
2025-06-15T02:30:00.041Z [info][Jobs]: Starting scheduled job: Plex Recently Added Scan 
2025-06-15T02:30:00.043Z [info][Plex Scan]: Scan starting {"sessionId":"72e4b72e-454d-4ec3-9ab2-e3bf48dcbfe4"}
2025-06-15T02:30:00.059Z [warn][Plex Scan]: No admin configured. Plex scan skipped. 
2025-06-15T02:31:00.004Z [debug][Jobs]: Starting scheduled job: Download Sync 
2025-06-15T02:32:00.003Z [debug][Jobs]: Starting scheduled job: Download Sync 
2025-06-15T02:33:00.002Z [debug][Jobs]: Starting scheduled job: Download Sync 
2025-06-15T02:33:00.005Z [info][Jobs]: Starting scheduled job: Plex Watchlist Sync 
2025-06-15T02:34:00.003Z [debug][Jobs]: Starting scheduled job: Download Sync 
2025-06-15T02:35:00.003Z [debug][Jobs]: Starting scheduled job: Download Sync 
2025-06-15T02:35:00.007Z [info][Jobs]: Starting scheduled job: Plex Recently Added Scan 
2025-06-15T02:35:00.008Z [info][Plex Scan]: Scan starting {"sessionId":"5796f328-de44-46b7-aa20-6d270555a7a4"}
2025-06-15T02:35:00.019Z [warn][Plex Scan]: No admin configured. Plex scan skipped. 
2025-06-15T02:36:00.004Z [debug][Jobs]: Starting scheduled job: Download Sync 
2025-06-15T02:36:00.036Z [info][Jobs]: Starting scheduled job: Plex Watchlist Sync 
2025-06-15T02:37:00.006Z [debug][Jobs]: Starting scheduled job: Download Sync 
2025-06-15T02:38:00.004Z [debug][Jobs]: Starting scheduled job: Download Sync 
2025-06-15T02:39:00.002Z [debug][Jobs]: Starting scheduled job: Download Sync 
2025-06-15T02:39:00.005Z [info][Jobs]: Starting scheduled job: Plex Watchlist Sync 
2025-06-15T02:40:00.005Z [debug][Jobs]: Starting scheduled job: Download Sync 
2025-06-15T02:40:00.008Z [info][Jobs]: Starting scheduled job: Plex Recently Added Scan 
2025-06-15T02:40:00.009Z [info][Plex Scan]: Scan starting {"sessionId":"19a1ef0a-af16-4e7d-a0e9-d7adc5d17cc8"}
2025-06-15T02:40:00.020Z [warn][Plex Scan]: No admin configured. Plex scan skipped. 
2025-06-15T02:41:00.002Z [debug][Jobs]: Starting scheduled job: Download Sync 
2025-06-15T02:42:00.003Z [debug][Jobs]: Starting scheduled job: Download Sync 
2025-06-15T02:42:00.016Z [info][Jobs]: Starting scheduled job: Plex Watchlist Sync 
2025-06-15T02:43:00.010Z [debug][Jobs]: Starting scheduled job: Download Sync 
2025-06-15T02:44:00.006Z [debug][Jobs]: Starting scheduled job: Download Sync 
2025-06-15T02:45:00.004Z [debug][Jobs]: Starting scheduled job: Download Sync 
2025-06-15T02:45:00.008Z [info][Jobs]: Starting scheduled job: Plex Watchlist Sync 
2025-06-15T02:45:00.031Z [info][Jobs]: Starting scheduled job: Plex Recently Added Scan 
2025-06-15T02:45:00.032Z [info][Plex Scan]: Scan starting {"sessionId":"50a98748-d802-447e-9aa1-94141a47f74e"}
2025-06-15T02:45:00.051Z [warn][Plex Scan]: No admin configured. Plex scan skipped. 
2025-06-15T02:46:00.004Z [debug][Jobs]: Starting scheduled job: Download Sync 
2025-06-15T02:47:00.004Z [debug][Jobs]: Starting scheduled job: Download Sync 
2025-06-15T02:48:00.002Z [debug][Jobs]: Starting scheduled job: Download Sync 
2025-06-15T02:48:00.006Z [info][Jobs]: Starting scheduled job: Plex Watchlist Sync 
2025-06-15T02:49:00.014Z [debug][Jobs]: Starting scheduled job: Download Sync 
2025-06-15T02:50:00.009Z [debug][Jobs]: Starting scheduled job: Download Sync 
2025-06-15T02:50:00.025Z [info][Jobs]: Starting scheduled job: Plex Recently Added Scan 
2025-06-15T02:50:00.030Z [info][Plex Scan]: Scan starting {"sessionId":"47d2f0ef-d371-4f99-ad0b-f462ed4d920e"}
2025-06-15T02:50:00.061Z [warn][Plex Scan]: No admin configured. Plex scan skipped. 
2025-06-15T02:51:00.005Z [debug][Jobs]: Starting scheduled job: Download Sync 
2025-06-15T02:51:00.010Z [info][Jobs]: Starting scheduled job: Plex Watchlist Sync 
2025-06-15T02:52:00.004Z [debug][Jobs]: Starting scheduled job: Download Sync 
2025-06-15T02:53:00.002Z [debug][Jobs]: Starting scheduled job: Download Sync 
2025-06-15T02:54:00.004Z [debug][Jobs]: Starting scheduled job: Download Sync 
2025-06-15T02:54:00.007Z [info][Jobs]: Starting scheduled job: Plex Watchlist Sync 
2025-06-15T02:55:00.005Z [debug][Jobs]: Starting scheduled job: Download Sync 
2025-06-15T02:55:00.010Z [info][Jobs]: Starting scheduled job: Plex Recently Added Scan 
2025-06-15T02:55:00.011Z [info][Plex Scan]: Scan starting {"sessionId":"32a6920c-6908-4ccd-8027-a608a3caf529"}
2025-06-15T02:55:00.018Z [warn][Plex Scan]: No admin configured. Plex scan skipped. 
2025-06-15T02:56:00.013Z [debug][Jobs]: Starting scheduled job: Download Sync 
2025-06-15T02:57:00.005Z [debug][Jobs]: Starting scheduled job: Download Sync 
2025-06-15T02:57:00.015Z [info][Jobs]: Starting scheduled job: Plex Watchlist Sync 
2025-06-15T02:58:00.003Z [debug][Jobs]: Starting scheduled job: Download Sync 
2025-06-15T02:59:00.003Z [debug][Jobs]: Starting scheduled job: Download Sync 
2025-06-15T03:00:00.005Z [debug][Jobs]: Starting scheduled job: Download Sync 
2025-06-15T03:00:00.009Z [info][Jobs]: Starting scheduled job: Plex Watchlist Sync 
2025-06-15T03:00:00.035Z [info][Jobs]: Starting scheduled job: Plex Recently Added Scan 
2025-06-15T03:00:00.037Z [info][Plex Scan]: Scan starting {"sessionId":"68e10ba5-c843-4d0c-a8f6-45149cf4bfc5"}
2025-06-15T03:00:00.084Z [info][Jobs]: Starting scheduled job: Plex Full Library Scan 
2025-06-15T03:00:00.084Z [info][Plex Scan]: Scan starting {"sessionId":"fa52839a-23ec-40c2-bde8-561db1a1a210"}
2025-06-15T03:00:00.157Z [warn][Plex Scan]: No admin configured. Plex scan skipped. 
2025-06-15T03:00:00.158Z [warn][Plex Scan]: No admin configured. Plex scan skipped. 
2025-06-15T03:01:00.002Z [debug][Jobs]: Starting scheduled job: Download Sync 
2025-06-15T03:02:00.002Z [debug][Jobs]: Starting scheduled job: Download Sync 
2025-06-15T03:03:00.003Z [debug][Jobs]: Starting scheduled job: Download Sync 
2025-06-15T03:03:00.010Z [info][Jobs]: Starting scheduled job: Plex Watchlist Sync 
2025-06-15T03:04:00.015Z [debug][Jobs]: Starting scheduled job: Download Sync 
2025-06-15T03:05:00.006Z [debug][Jobs]: Starting scheduled job: Download Sync 
2025-06-15T03:05:00.013Z [info][Jobs]: Starting scheduled job: Plex Recently Added Scan 
2025-06-15T03:05:00.014Z [info][Plex Scan]: Scan starting {"sessionId":"1bab441e-9853-49c4-85c3-389c4ca3c4de"}
2025-06-15T03:05:00.052Z [warn][Plex Scan]: No admin configured. Plex scan skipped. 
2025-06-15T03:06:00.003Z [debug][Jobs]: Starting scheduled job: Download Sync 
2025-06-15T03:06:00.008Z [info][Jobs]: Starting scheduled job: Plex Watchlist Sync 
2025-06-15T03:07:00.003Z [debug][Jobs]: Starting scheduled job: Download Sync 
2025-06-15T03:08:00.005Z [debug][Jobs]: Starting scheduled job: Download Sync 
2025-06-15T03:09:00.004Z [debug][Jobs]: Starting scheduled job: Download Sync 
2025-06-15T03:09:00.010Z [info][Jobs]: Starting scheduled job: Plex Watchlist Sync 
2025-06-15T03:10:00.003Z [debug][Jobs]: Starting scheduled job: Download Sync 
2025-06-15T03:10:00.016Z [info][Jobs]: Starting scheduled job: Plex Recently Added Scan 
2025-06-15T03:10:00.020Z [info][Plex Scan]: Scan starting {"sessionId":"b1daa104-a6a6-4ea6-bad7-b235e82894f6"}
2025-06-15T03:10:00.034Z [warn][Plex Scan]: No admin configured. Plex scan skipped. 
2025-06-15T03:11:00.010Z [debug][Jobs]: Starting scheduled job: Download Sync 
2025-06-15T03:12:00.005Z [debug][Jobs]: Starting scheduled job: Download Sync 
2025-06-15T03:12:00.010Z [info][Jobs]: Starting scheduled job: Plex Watchlist Sync 
2025-06-15T03:13:00.004Z [debug][Jobs]: Starting scheduled job: Download Sync 
2025-06-15T03:14:00.003Z [debug][Jobs]: Starting scheduled job: Download Sync 
2025-06-15T03:15:00.004Z [debug][Jobs]: Starting scheduled job: Download Sync 
2025-06-15T03:15:00.007Z [info][Jobs]: Starting scheduled job: Plex Watchlist Sync 
2025-06-15T03:15:00.018Z [info][Jobs]: Starting scheduled job: Plex Recently Added Scan 
2025-06-15T03:15:00.020Z [info][Plex Scan]: Scan starting {"sessionId":"b55dc665-1016-4341-903d-9f7daf956f76"}
2025-06-15T03:15:00.030Z [warn][Plex Scan]: No admin configured. Plex scan skipped. 
2025-06-15T03:16:00.004Z [debug][Jobs]: Starting scheduled job: Download Sync 
2025-06-15T03:17:00.007Z [debug][Jobs]: Starting scheduled job: Download Sync 
2025-06-15T03:18:00.052Z [debug][Jobs]: Starting scheduled job: Download Sync 
2025-06-15T03:18:00.103Z [info][Jobs]: Starting scheduled job: Plex Watchlist Sync 
2025-06-15T03:19:00.002Z [debug][Jobs]: Starting scheduled job: Download Sync 
2025-06-15T03:20:00.002Z [debug][Jobs]: Starting scheduled job: Download Sync 
2025-06-15T03:20:00.005Z [info][Jobs]: Starting scheduled job: Plex Recently Added Scan 
2025-06-15T03:20:00.005Z [info][Plex Scan]: Scan starting {"sessionId":"f9e19a3c-ceb8-4e6f-9464-509a7ee14652"}
2025-06-15T03:20:00.016Z [warn][Plex Scan]: No admin configured. Plex scan skipped. 
2025-06-15T03:21:00.003Z [debug][Jobs]: Starting scheduled job: Download Sync 
2025-06-15T03:21:00.007Z [info][Jobs]: Starting scheduled job: Plex Watchlist Sync 
2025-06-15T03:22:00.003Z [debug][Jobs]: Starting scheduled job: Download Sync 
2025-06-15T03:23:00.004Z [debug][Jobs]: Starting scheduled job: Download Sync 
2025-06-15T03:24:00.003Z [debug][Jobs]: Starting scheduled job: Download Sync 
2025-06-15T03:24:00.018Z [info][Jobs]: Starting scheduled job: Plex Watchlist Sync 
2025-06-15T03:25:00.005Z [debug][Jobs]: Starting scheduled job: Download Sync 
2025-06-15T03:25:00.014Z [info][Jobs]: Starting scheduled job: Plex Recently Added Scan 
2025-06-15T03:25:00.015Z [info][Plex Scan]: Scan starting {"sessionId":"6c8ca888-cea5-4b65-98e6-5709aa3c67fe"}
2025-06-15T03:25:00.026Z [warn][Plex Scan]: No admin configured. Plex scan skipped. 
2025-06-15T03:26:00.008Z [debug][Jobs]: Starting scheduled job: Download Sync 
2025-06-15T03:27:00.003Z [debug][Jobs]: Starting scheduled job: Download Sync 
2025-06-15T03:27:00.006Z [info][Jobs]: Starting scheduled job: Plex Watchlist Sync 
2025-06-15T03:28:00.003Z [debug][Jobs]: Starting scheduled job: Download Sync 
2025-06-15T03:29:00.002Z [debug][Jobs]: Starting scheduled job: Download Sync 
2025-06-15T03:30:00.003Z [debug][Jobs]: Starting scheduled job: Download Sync 
2025-06-15T03:30:00.010Z [info][Jobs]: Starting scheduled job: Plex Watchlist Sync 
2025-06-15T03:30:00.019Z [info][Jobs]: Starting scheduled job: Plex Recently Added Scan 
2025-06-15T03:30:00.020Z [info][Plex Scan]: Scan starting {"sessionId":"709ad606-dbd7-401f-8f31-fdadaef47c2e"}
2025-06-15T03:30:00.026Z [warn][Plex Scan]: No admin configured. Plex scan skipped. 
2025-06-15T03:31:00.023Z [debug][Jobs]: Starting scheduled job: Download Sync 
2025-06-15T03:32:00.009Z [debug][Jobs]: Starting scheduled job: Download Sync 
2025-06-15T03:33:00.003Z [debug][Jobs]: Starting scheduled job: Download Sync 
2025-06-15T03:33:00.013Z [info][Jobs]: Starting scheduled job: Plex Watchlist Sync 
2025-06-15T03:34:00.004Z [debug][Jobs]: Starting scheduled job: Download Sync 
2025-06-15T03:35:00.002Z [debug][Jobs]: Starting scheduled job: Download Sync 
2025-06-15T03:35:00.006Z [info][Jobs]: Starting scheduled job: Plex Recently Added Scan 
2025-06-15T03:35:00.007Z [info][Plex Scan]: Scan starting {"sessionId":"93fc6eb6-8667-4611-b3ea-fc08a4c23908"}
2025-06-15T03:35:00.018Z [warn][Plex Scan]: No admin configured. Plex scan skipped. 
2025-06-15T03:36:00.003Z [debug][Jobs]: Starting scheduled job: Download Sync 
2025-06-15T03:36:00.006Z [info][Jobs]: Starting scheduled job: Plex Watchlist Sync 
2025-06-15T03:37:00.002Z [debug][Jobs]: Starting scheduled job: Download Sync 
2025-06-15T03:38:00.005Z [debug][Jobs]: Starting scheduled job: Download Sync 
2025-06-15T03:39:00.005Z [debug][Jobs]: Starting scheduled job: Download Sync 
2025-06-15T03:39:00.028Z [info][Jobs]: Starting scheduled job: Plex Watchlist Sync 
2025-06-15T03:40:00.007Z [debug][Jobs]: Starting scheduled job: Download Sync 
2025-06-15T03:40:00.017Z [info][Jobs]: Starting scheduled job: Plex Recently Added Scan 
2025-06-15T03:40:00.019Z [info][Plex Scan]: Scan starting {"sessionId":"10be58e0-561d-4bd3-87d3-9764acf39fdb"}
2025-06-15T03:40:00.032Z [warn][Plex Scan]: No admin configured. Plex scan skipped. 
2025-06-15T03:41:00.004Z [debug][Jobs]: Starting scheduled job: Download Sync 
2025-06-15T03:42:00.002Z [debug][Jobs]: Starting scheduled job: Download Sync 
2025-06-15T03:42:00.005Z [info][Jobs]: Starting scheduled job: Plex Watchlist Sync 
2025-06-15T03:43:00.004Z [debug][Jobs]: Starting scheduled job: Download Sync 
2025-06-15T03:44:00.003Z [debug][Jobs]: Starting scheduled job: Download Sync 
2025-06-15T03:45:00.007Z [debug][Jobs]: Starting scheduled job: Download Sync 
2025-06-15T03:45:00.021Z [info][Jobs]: Starting scheduled job: Plex Watchlist Sync 
2025-06-15T03:45:00.033Z [info][Jobs]: Starting scheduled job: Plex Recently Added Scan 
2025-06-15T03:45:00.034Z [info][Plex Scan]: Scan starting {"sessionId":"4ceee9f6-ad6f-4588-aadf-6c0e3fc9bc66"}
2025-06-15T03:45:00.040Z [warn][Plex Scan]: No admin configured. Plex scan skipped. 
2025-06-15T03:46:00.015Z [debug][Jobs]: Starting scheduled job: Download Sync 
2025-06-15T03:47:00.016Z [debug][Jobs]: Starting scheduled job: Download Sync 
2025-06-15T03:48:00.008Z [debug][Jobs]: Starting scheduled job: Download Sync 
2025-06-15T03:48:00.016Z [info][Jobs]: Starting scheduled job: Plex Watchlist Sync 
2025-06-15T03:49:00.010Z [debug][Jobs]: Starting scheduled job: Download Sync 
