2025-06-13T02:03:48.251Z [info]: Commit Tag: $GIT_SHA 
2025-06-13T02:03:48.708Z [info]: Starting Overseerr version 1.34.0 
2025-06-13T02:03:50.242Z [info][Notifications]: Registered notification agents 
2025-06-13T02:03:50.298Z [info][Jobs]: Scheduled jobs loaded 
2025-06-13T02:03:50.594Z [info][Server]: Server ready on port 5055 
2025-06-13T02:04:00.004Z [debug][Jobs]: Starting scheduled job: Download Sync 
2025-06-13T02:05:00.011Z [debug][Jobs]: Starting scheduled job: Download Sync 
2025-06-13T02:05:00.016Z [info][Jobs]: Starting scheduled job: Plex Recently Added Scan 
2025-06-13T02:05:00.017Z [info][Plex Scan]: Scan starting {"sessionId":"67b7e63e-5a9a-41a0-ab38-a5c11c34147e"}
2025-06-13T02:05:00.026Z [warn][Plex Scan]: No admin configured. Plex scan skipped. 
2025-06-13T02:06:00.006Z [debug][Jobs]: Starting scheduled job: Download Sync 
2025-06-13T02:06:00.013Z [info][Jobs]: Starting scheduled job: Plex Watchlist Sync 
2025-06-13T02:07:00.011Z [debug][Jobs]: Starting scheduled job: Download Sync 
2025-06-13T02:08:00.006Z [debug][Jobs]: Starting scheduled job: Download Sync 
2025-06-13T02:09:00.007Z [debug][Jobs]: Starting scheduled job: Download Sync 
2025-06-13T02:09:00.016Z [info][Jobs]: Starting scheduled job: Plex Watchlist Sync 
2025-06-13T02:10:00.007Z [debug][Jobs]: Starting scheduled job: Download Sync 
2025-06-13T02:10:00.016Z [info][Jobs]: Starting scheduled job: Plex Recently Added Scan 
2025-06-13T02:10:00.018Z [info][Plex Scan]: Scan starting {"sessionId":"6524a69f-2271-4bc0-900f-48fed4190dfa"}
2025-06-13T02:10:00.028Z [warn][Plex Scan]: No admin configured. Plex scan skipped. 
2025-06-13T02:11:00.008Z [debug][Jobs]: Starting scheduled job: Download Sync 
2025-06-13T02:12:00.006Z [debug][Jobs]: Starting scheduled job: Download Sync 
2025-06-13T02:12:00.012Z [info][Jobs]: Starting scheduled job: Plex Watchlist Sync 
2025-06-13T02:13:00.008Z [debug][Jobs]: Starting scheduled job: Download Sync 
2025-06-13T02:14:00.006Z [debug][Jobs]: Starting scheduled job: Download Sync 
2025-06-13T02:15:00.009Z [debug][Jobs]: Starting scheduled job: Download Sync 
2025-06-13T02:15:00.018Z [info][Jobs]: Starting scheduled job: Plex Watchlist Sync 
2025-06-13T02:15:00.036Z [info][Jobs]: Starting scheduled job: Plex Recently Added Scan 
2025-06-13T02:15:00.037Z [info][Plex Scan]: Scan starting {"sessionId":"c19283fe-c8a0-42dd-9725-99aff80e913b"}
2025-06-13T02:15:00.046Z [warn][Plex Scan]: No admin configured. Plex scan skipped. 
2025-06-13T02:16:00.107Z [debug][Jobs]: Starting scheduled job: Download Sync 
2025-06-13T02:53:13.811Z [info]: Commit Tag: $GIT_SHA 
2025-06-13T02:53:14.260Z [info]: Starting Overseerr version 1.34.0 
2025-06-13T02:53:16.161Z [info][Notifications]: Registered notification agents 
2025-06-13T02:53:16.204Z [info][Jobs]: Scheduled jobs loaded 
2025-06-13T02:53:16.496Z [info][Server]: Server ready on port 5055 
2025-06-13T02:54:00.007Z [debug][Jobs]: Starting scheduled job: Download Sync 
2025-06-13T02:54:00.012Z [info][Jobs]: Starting scheduled job: Plex Watchlist Sync 
2025-06-13T03:00:23.559Z [info]: Commit Tag: $GIT_SHA 
2025-06-13T03:00:23.991Z [info]: Starting Overseerr version 1.34.0 
2025-06-13T03:00:25.648Z [info][Notifications]: Registered notification agents 
2025-06-13T03:00:25.692Z [info][Jobs]: Scheduled jobs loaded 
2025-06-13T03:00:26.002Z [info][Server]: Server ready on port 5055 
2025-06-13T03:01:00.005Z [debug][Jobs]: Starting scheduled job: Download Sync 
2025-06-13T03:02:00.007Z [debug][Jobs]: Starting scheduled job: Download Sync 
2025-06-13T03:03:00.005Z [debug][Jobs]: Starting scheduled job: Download Sync 
2025-06-13T03:03:00.013Z [info][Jobs]: Starting scheduled job: Plex Watchlist Sync 
2025-06-13T03:04:00.006Z [debug][Jobs]: Starting scheduled job: Download Sync 
2025-06-13T03:05:00.006Z [debug][Jobs]: Starting scheduled job: Download Sync 
2025-06-13T03:05:00.011Z [info][Jobs]: Starting scheduled job: Plex Recently Added Scan 
2025-06-13T03:05:00.013Z [info][Plex Scan]: Scan starting {"sessionId":"02ddb2ab-c4be-4f64-a37a-5fd95bf82304"}
2025-06-13T03:05:00.026Z [warn][Plex Scan]: No admin configured. Plex scan skipped. 
2025-06-13T03:06:00.007Z [debug][Jobs]: Starting scheduled job: Download Sync 
2025-06-13T03:06:00.014Z [info][Jobs]: Starting scheduled job: Plex Watchlist Sync 
2025-06-13T03:07:00.014Z [debug][Jobs]: Starting scheduled job: Download Sync 
2025-06-13T03:08:00.004Z [debug][Jobs]: Starting scheduled job: Download Sync 
2025-06-13T03:09:00.004Z [debug][Jobs]: Starting scheduled job: Download Sync 
2025-06-13T03:09:00.013Z [info][Jobs]: Starting scheduled job: Plex Watchlist Sync 
2025-06-13T03:10:00.004Z [debug][Jobs]: Starting scheduled job: Download Sync 
2025-06-13T03:10:00.009Z [info][Jobs]: Starting scheduled job: Plex Recently Added Scan 
2025-06-13T03:10:00.010Z [info][Plex Scan]: Scan starting {"sessionId":"d145a785-890f-455e-9534-8cefd5747cf8"}
2025-06-13T03:10:00.019Z [warn][Plex Scan]: No admin configured. Plex scan skipped. 
2025-06-13T03:11:00.004Z [debug][Jobs]: Starting scheduled job: Download Sync 
2025-06-13T03:12:00.004Z [debug][Jobs]: Starting scheduled job: Download Sync 
2025-06-13T03:12:00.012Z [info][Jobs]: Starting scheduled job: Plex Watchlist Sync 
2025-06-13T03:13:00.008Z [debug][Jobs]: Starting scheduled job: Download Sync 
2025-06-13T03:14:00.004Z [debug][Jobs]: Starting scheduled job: Download Sync 
2025-06-13T03:15:00.004Z [debug][Jobs]: Starting scheduled job: Download Sync 
2025-06-13T03:15:00.007Z [info][Jobs]: Starting scheduled job: Plex Watchlist Sync 
2025-06-13T03:15:00.020Z [info][Jobs]: Starting scheduled job: Plex Recently Added Scan 
2025-06-13T03:15:00.021Z [info][Plex Scan]: Scan starting {"sessionId":"1518245b-ccd6-47e0-ae37-0631af888da0"}
2025-06-13T03:15:00.030Z [warn][Plex Scan]: No admin configured. Plex scan skipped. 
2025-06-13T03:16:00.004Z [debug][Jobs]: Starting scheduled job: Download Sync 
2025-06-13T03:17:00.006Z [debug][Jobs]: Starting scheduled job: Download Sync 
2025-06-13T03:18:00.009Z [debug][Jobs]: Starting scheduled job: Download Sync 
2025-06-13T03:18:00.028Z [info][Jobs]: Starting scheduled job: Plex Watchlist Sync 
2025-06-13T04:51:16.038Z [info]: Commit Tag: $GIT_SHA 
2025-06-13T04:51:16.482Z [info]: Starting Overseerr version 1.34.0 
2025-06-13T04:51:17.996Z [info][Notifications]: Registered notification agents 
2025-06-13T04:51:18.037Z [info][Jobs]: Scheduled jobs loaded 
2025-06-13T04:51:18.342Z [info][Server]: Server ready on port 5055 
2025-06-13T04:52:00.007Z [debug][Jobs]: Starting scheduled job: Download Sync 
2025-06-13T04:53:00.006Z [debug][Jobs]: Starting scheduled job: Download Sync 
2025-06-13T04:54:00.008Z [debug][Jobs]: Starting scheduled job: Download Sync 
2025-06-13T04:54:00.013Z [info][Jobs]: Starting scheduled job: Plex Watchlist Sync 
2025-06-13T04:55:00.007Z [debug][Jobs]: Starting scheduled job: Download Sync 
2025-06-13T04:55:00.011Z [info][Jobs]: Starting scheduled job: Plex Recently Added Scan 
2025-06-13T04:55:00.012Z [info][Plex Scan]: Scan starting {"sessionId":"22254b27-a4ff-4774-881b-a1d9a63f9680"}
2025-06-13T04:55:00.017Z [warn][Plex Scan]: No admin configured. Plex scan skipped. 
2025-06-13T04:56:00.008Z [debug][Jobs]: Starting scheduled job: Download Sync 
2025-06-13T04:57:00.009Z [debug][Jobs]: Starting scheduled job: Download Sync 
2025-06-13T04:57:00.015Z [info][Jobs]: Starting scheduled job: Plex Watchlist Sync 
2025-06-13T04:58:00.004Z [debug][Jobs]: Starting scheduled job: Download Sync 
2025-06-13T04:59:00.007Z [debug][Jobs]: Starting scheduled job: Download Sync 
2025-06-13T05:00:00.009Z [debug][Jobs]: Starting scheduled job: Download Sync 
2025-06-13T05:00:00.016Z [info][Jobs]: Starting scheduled job: Plex Watchlist Sync 
2025-06-13T05:00:00.026Z [info][Jobs]: Starting scheduled job: Plex Recently Added Scan 
2025-06-13T05:00:00.027Z [info][Plex Scan]: Scan starting {"sessionId":"f6d50838-8abf-4dc2-80de-85461aea943d"}
2025-06-13T05:00:00.042Z [info][Jobs]: Starting scheduled job: Plex Refresh Token 
2025-06-13T05:00:00.051Z [info][Jobs]: Starting scheduled job: Image Cache Cleanup 
2025-06-13T05:00:00.053Z [warn][Plex Scan]: No admin configured. Plex scan skipped. 
2025-06-13T05:00:00.062Z [info][Jobs]: Starting scheduled job: Media Availability Sync 
2025-06-13T05:00:00.063Z [info][AvailabilitySync]: Starting availability sync... 
2025-06-13T05:00:00.094Z [error]: An admin is not configured. 
2025-06-13T05:00:00.099Z [info][AvailabilitySync]: Availability sync complete. 
2025-06-13T05:01:00.015Z [debug][Jobs]: Starting scheduled job: Download Sync 
2025-06-13T05:02:00.007Z [debug][Jobs]: Starting scheduled job: Download Sync 
2025-06-13T05:03:00.006Z [debug][Jobs]: Starting scheduled job: Download Sync 
2025-06-13T05:03:00.024Z [info][Jobs]: Starting scheduled job: Plex Watchlist Sync 
2025-06-13T05:35:42.576Z [info]: Commit Tag: $GIT_SHA 
2025-06-13T05:35:43.014Z [info]: Starting Overseerr version 1.34.0 
2025-06-13T05:35:44.629Z [info][Notifications]: Registered notification agents 
2025-06-13T05:35:44.677Z [info][Jobs]: Scheduled jobs loaded 
2025-06-13T05:35:44.987Z [info][Server]: Server ready on port 5055 
2025-06-13T05:36:00.004Z [debug][Jobs]: Starting scheduled job: Download Sync 
2025-06-13T05:36:00.010Z [info][Jobs]: Starting scheduled job: Plex Watchlist Sync 
2025-06-13T05:37:00.024Z [debug][Jobs]: Starting scheduled job: Download Sync 
2025-06-13T06:19:59.263Z [info]: Commit Tag: $GIT_SHA 
2025-06-13T06:19:59.762Z [info]: Starting Overseerr version 1.34.0 
2025-06-13T06:20:02.310Z [info][Notifications]: Registered notification agents 
2025-06-13T06:20:02.360Z [info][Jobs]: Scheduled jobs loaded 
2025-06-13T06:20:02.722Z [info][Server]: Server ready on port 5055 
2025-06-13T06:21:00.012Z [debug][Jobs]: Starting scheduled job: Download Sync 
2025-06-13T06:21:00.023Z [info][Jobs]: Starting scheduled job: Plex Watchlist Sync 
2025-06-13T07:03:31.517Z [info]: Commit Tag: $GIT_SHA 
2025-06-13T07:03:31.977Z [info]: Starting Overseerr version 1.34.0 
2025-06-13T07:03:33.643Z [info][Notifications]: Registered notification agents 
2025-06-13T07:03:33.688Z [info][Jobs]: Scheduled jobs loaded 
2025-06-13T07:03:33.997Z [info][Server]: Server ready on port 5055 
2025-06-13T07:04:00.008Z [debug][Jobs]: Starting scheduled job: Download Sync 
2025-06-13T07:05:00.023Z [debug][Jobs]: Starting scheduled job: Download Sync 
2025-06-13T07:05:00.038Z [info][Jobs]: Starting scheduled job: Plex Recently Added Scan 
2025-06-13T07:05:00.040Z [info][Plex Scan]: Scan starting {"sessionId":"c319623a-f3c6-4f4b-b450-e2554b677542"}
2025-06-13T07:05:00.065Z [warn][Plex Scan]: No admin configured. Plex scan skipped. 
2025-06-13T07:06:00.019Z [debug][Jobs]: Starting scheduled job: Download Sync 
2025-06-13T07:06:00.043Z [info][Jobs]: Starting scheduled job: Plex Watchlist Sync 
2025-06-13T07:07:00.013Z [debug][Jobs]: Starting scheduled job: Download Sync 
2025-06-13T07:08:00.013Z [debug][Jobs]: Starting scheduled job: Download Sync 
2025-06-13T07:09:00.011Z [debug][Jobs]: Starting scheduled job: Download Sync 
2025-06-13T07:09:00.017Z [info][Jobs]: Starting scheduled job: Plex Watchlist Sync 
2025-06-13T07:10:00.015Z [debug][Jobs]: Starting scheduled job: Download Sync 
2025-06-13T07:10:00.021Z [info][Jobs]: Starting scheduled job: Plex Recently Added Scan 
2025-06-13T07:10:00.023Z [info][Plex Scan]: Scan starting {"sessionId":"374d5f9d-0d97-434a-88cd-297111077b0e"}
2025-06-13T07:10:00.034Z [warn][Plex Scan]: No admin configured. Plex scan skipped. 
2025-06-13T07:11:00.020Z [debug][Jobs]: Starting scheduled job: Download Sync 
2025-06-13T07:12:00.010Z [debug][Jobs]: Starting scheduled job: Download Sync 
2025-06-13T07:12:00.018Z [info][Jobs]: Starting scheduled job: Plex Watchlist Sync 
2025-06-13T07:13:00.008Z [debug][Jobs]: Starting scheduled job: Download Sync 
2025-06-13T08:16:48.652Z [info]: Commit Tag: $GIT_SHA 
2025-06-13T08:16:49.099Z [info]: Starting Overseerr version 1.34.0 
2025-06-13T08:16:50.667Z [info][Notifications]: Registered notification agents 
2025-06-13T08:16:50.710Z [info][Jobs]: Scheduled jobs loaded 
2025-06-13T08:16:51.008Z [info][Server]: Server ready on port 5055 
2025-06-13T08:17:00.007Z [debug][Jobs]: Starting scheduled job: Download Sync 
2025-06-13T08:18:00.062Z [debug][Jobs]: Starting scheduled job: Download Sync 
2025-06-13T08:18:00.136Z [info][Jobs]: Starting scheduled job: Plex Watchlist Sync 
2025-06-13T08:19:00.007Z [debug][Jobs]: Starting scheduled job: Download Sync 
2025-06-13T08:20:00.009Z [debug][Jobs]: Starting scheduled job: Download Sync 
2025-06-13T08:20:00.016Z [info][Jobs]: Starting scheduled job: Plex Recently Added Scan 
2025-06-13T08:20:00.017Z [info][Plex Scan]: Scan starting {"sessionId":"73e1567f-2214-4e66-8038-9f1f647c8d78"}
2025-06-13T08:20:00.051Z [warn][Plex Scan]: No admin configured. Plex scan skipped. 
2025-06-13T08:21:00.007Z [debug][Jobs]: Starting scheduled job: Download Sync 
2025-06-13T08:21:00.014Z [info][Jobs]: Starting scheduled job: Plex Watchlist Sync 
2025-06-13T08:22:00.016Z [debug][Jobs]: Starting scheduled job: Download Sync 
2025-06-13T08:23:00.007Z [debug][Jobs]: Starting scheduled job: Download Sync 
2025-06-13T08:24:00.007Z [debug][Jobs]: Starting scheduled job: Download Sync 
2025-06-13T08:24:00.019Z [info][Jobs]: Starting scheduled job: Plex Watchlist Sync 
2025-06-13T08:25:00.041Z [debug][Jobs]: Starting scheduled job: Download Sync 
2025-06-13T08:25:00.079Z [info][Jobs]: Starting scheduled job: Plex Recently Added Scan 
2025-06-13T08:25:00.096Z [info][Plex Scan]: Scan starting {"sessionId":"a56ad14b-eb0b-461f-8cef-ee22dbe1c3c4"}
2025-06-13T08:25:00.162Z [warn][Plex Scan]: No admin configured. Plex scan skipped. 
2025-06-13T08:26:00.008Z [debug][Jobs]: Starting scheduled job: Download Sync 
2025-06-13T08:27:00.017Z [debug][Jobs]: Starting scheduled job: Download Sync 
2025-06-13T08:27:00.028Z [info][Jobs]: Starting scheduled job: Plex Watchlist Sync 
2025-06-13T08:28:00.010Z [debug][Jobs]: Starting scheduled job: Download Sync 
2025-06-13T08:29:00.009Z [debug][Jobs]: Starting scheduled job: Download Sync 
2025-06-13T08:30:00.006Z [debug][Jobs]: Starting scheduled job: Download Sync 
2025-06-13T08:30:00.043Z [info][Jobs]: Starting scheduled job: Plex Watchlist Sync 
2025-06-13T08:30:00.093Z [info][Jobs]: Starting scheduled job: Plex Recently Added Scan 
2025-06-13T08:30:00.095Z [info][Plex Scan]: Scan starting {"sessionId":"cee2ad13-f442-48ac-8a94-b1d7b7217b0d"}
2025-06-13T08:30:00.150Z [warn][Plex Scan]: No admin configured. Plex scan skipped. 
2025-06-13T08:31:00.014Z [debug][Jobs]: Starting scheduled job: Download Sync 
2025-06-13T08:32:00.006Z [debug][Jobs]: Starting scheduled job: Download Sync 
2025-06-13T08:33:00.003Z [debug][Jobs]: Starting scheduled job: Download Sync 
2025-06-13T08:33:00.010Z [info][Jobs]: Starting scheduled job: Plex Watchlist Sync 
2025-06-13T08:34:00.005Z [debug][Jobs]: Starting scheduled job: Download Sync 
2025-06-13T08:35:00.005Z [debug][Jobs]: Starting scheduled job: Download Sync 
2025-06-13T08:35:00.009Z [info][Jobs]: Starting scheduled job: Plex Recently Added Scan 
2025-06-13T08:35:00.010Z [info][Plex Scan]: Scan starting {"sessionId":"9c4500af-1558-424b-8970-44d0b41019a5"}
2025-06-13T08:35:00.019Z [warn][Plex Scan]: No admin configured. Plex scan skipped. 
2025-06-13T08:36:00.008Z [debug][Jobs]: Starting scheduled job: Download Sync 
2025-06-13T08:36:00.018Z [info][Jobs]: Starting scheduled job: Plex Watchlist Sync 
2025-06-13T08:37:00.006Z [debug][Jobs]: Starting scheduled job: Download Sync 
2025-06-13T08:38:00.010Z [debug][Jobs]: Starting scheduled job: Download Sync 
2025-06-13T08:39:00.004Z [debug][Jobs]: Starting scheduled job: Download Sync 
2025-06-13T08:39:00.009Z [info][Jobs]: Starting scheduled job: Plex Watchlist Sync 
2025-06-13T08:40:00.007Z [debug][Jobs]: Starting scheduled job: Download Sync 
2025-06-13T08:40:00.045Z [info][Jobs]: Starting scheduled job: Plex Recently Added Scan 
2025-06-13T08:40:00.051Z [info][Plex Scan]: Scan starting {"sessionId":"0fba6c4c-6b3d-480e-9884-a19cae46f5bd"}
2025-06-13T08:40:00.083Z [warn][Plex Scan]: No admin configured. Plex scan skipped. 
2025-06-13T08:41:00.017Z [debug][Jobs]: Starting scheduled job: Download Sync 
2025-06-13T08:42:00.005Z [debug][Jobs]: Starting scheduled job: Download Sync 
2025-06-13T08:42:00.014Z [info][Jobs]: Starting scheduled job: Plex Watchlist Sync 
2025-06-13T08:43:00.006Z [debug][Jobs]: Starting scheduled job: Download Sync 
2025-06-13T08:44:00.005Z [debug][Jobs]: Starting scheduled job: Download Sync 
2025-06-13T08:45:00.005Z [debug][Jobs]: Starting scheduled job: Download Sync 
2025-06-13T08:45:00.008Z [info][Jobs]: Starting scheduled job: Plex Watchlist Sync 
2025-06-13T08:45:00.018Z [info][Jobs]: Starting scheduled job: Plex Recently Added Scan 
2025-06-13T08:45:00.019Z [info][Plex Scan]: Scan starting {"sessionId":"a9aff70f-7f30-437e-9871-80acc2a661df"}
2025-06-13T08:45:00.029Z [warn][Plex Scan]: No admin configured. Plex scan skipped. 
2025-06-13T08:46:00.007Z [debug][Jobs]: Starting scheduled job: Download Sync 
2025-06-13T08:47:00.009Z [debug][Jobs]: Starting scheduled job: Download Sync 
2025-06-13T08:48:00.008Z [debug][Jobs]: Starting scheduled job: Download Sync 
2025-06-13T08:48:00.013Z [info][Jobs]: Starting scheduled job: Plex Watchlist Sync 
2025-06-13T08:49:00.012Z [debug][Jobs]: Starting scheduled job: Download Sync 
2025-06-13T08:50:00.005Z [debug][Jobs]: Starting scheduled job: Download Sync 
2025-06-13T08:50:00.014Z [info][Jobs]: Starting scheduled job: Plex Recently Added Scan 
2025-06-13T08:50:00.016Z [info][Plex Scan]: Scan starting {"sessionId":"75b0e9b5-bb92-4568-b4f1-783d43d2f7cc"}
2025-06-13T08:50:00.035Z [warn][Plex Scan]: No admin configured. Plex scan skipped. 
2025-06-13T08:51:00.005Z [debug][Jobs]: Starting scheduled job: Download Sync 
2025-06-13T08:51:00.017Z [info][Jobs]: Starting scheduled job: Plex Watchlist Sync 
2025-06-13T08:52:00.007Z [debug][Jobs]: Starting scheduled job: Download Sync 
2025-06-13T08:53:00.005Z [debug][Jobs]: Starting scheduled job: Download Sync 
2025-06-13T08:54:00.006Z [debug][Jobs]: Starting scheduled job: Download Sync 
2025-06-13T08:54:00.009Z [info][Jobs]: Starting scheduled job: Plex Watchlist Sync 
2025-06-13T08:55:00.006Z [debug][Jobs]: Starting scheduled job: Download Sync 
2025-06-13T08:55:00.011Z [info][Jobs]: Starting scheduled job: Plex Recently Added Scan 
2025-06-13T08:55:00.012Z [info][Plex Scan]: Scan starting {"sessionId":"69b012a1-ca0c-48cf-a4ce-67776d836489"}
2025-06-13T08:55:00.020Z [warn][Plex Scan]: No admin configured. Plex scan skipped. 
2025-06-13T08:56:00.008Z [debug][Jobs]: Starting scheduled job: Download Sync 
2025-06-13T08:57:00.005Z [debug][Jobs]: Starting scheduled job: Download Sync 
2025-06-13T08:57:00.011Z [info][Jobs]: Starting scheduled job: Plex Watchlist Sync 
2025-06-13T08:58:00.008Z [debug][Jobs]: Starting scheduled job: Download Sync 
2025-06-13T08:59:00.006Z [debug][Jobs]: Starting scheduled job: Download Sync 
2025-06-13T09:00:00.005Z [debug][Jobs]: Starting scheduled job: Download Sync 
2025-06-13T09:00:00.034Z [info][Jobs]: Starting scheduled job: Plex Watchlist Sync 
2025-06-13T09:00:00.063Z [info][Jobs]: Starting scheduled job: Plex Recently Added Scan 
2025-06-13T09:00:00.065Z [info][Plex Scan]: Scan starting {"sessionId":"99cade72-23ff-49b8-86fc-81945a25b266"}
2025-06-13T09:00:00.089Z [warn][Plex Scan]: No admin configured. Plex scan skipped. 
2025-06-13T09:01:00.003Z [debug][Jobs]: Starting scheduled job: Download Sync 
2025-06-13T09:02:00.006Z [debug][Jobs]: Starting scheduled job: Download Sync 
2025-06-13T09:03:00.005Z [debug][Jobs]: Starting scheduled job: Download Sync 
2025-06-13T09:03:00.009Z [info][Jobs]: Starting scheduled job: Plex Watchlist Sync 
2025-06-13T09:04:00.009Z [debug][Jobs]: Starting scheduled job: Download Sync 
2025-06-13T09:05:00.009Z [debug][Jobs]: Starting scheduled job: Download Sync 
2025-06-13T09:05:00.019Z [info][Jobs]: Starting scheduled job: Plex Recently Added Scan 
2025-06-13T09:05:00.020Z [info][Plex Scan]: Scan starting {"sessionId":"2fc67f28-dec4-48b4-94e5-c80614c5e7fa"}
2025-06-13T09:05:00.035Z [warn][Plex Scan]: No admin configured. Plex scan skipped. 
2025-06-13T09:06:00.008Z [debug][Jobs]: Starting scheduled job: Download Sync 
2025-06-13T09:06:00.015Z [info][Jobs]: Starting scheduled job: Plex Watchlist Sync 
2025-06-13T09:07:00.006Z [debug][Jobs]: Starting scheduled job: Download Sync 
2025-06-13T09:08:00.005Z [debug][Jobs]: Starting scheduled job: Download Sync 
2025-06-13T09:09:00.011Z [debug][Jobs]: Starting scheduled job: Download Sync 
2025-06-13T09:09:00.028Z [info][Jobs]: Starting scheduled job: Plex Watchlist Sync 
2025-06-13T09:10:00.007Z [debug][Jobs]: Starting scheduled job: Download Sync 
2025-06-13T09:10:00.017Z [info][Jobs]: Starting scheduled job: Plex Recently Added Scan 
2025-06-13T09:10:00.019Z [info][Plex Scan]: Scan starting {"sessionId":"f7b4fc48-445d-4718-b951-a3ffaeee6fe1"}
2025-06-13T09:10:00.029Z [warn][Plex Scan]: No admin configured. Plex scan skipped. 
2025-06-13T09:11:00.004Z [debug][Jobs]: Starting scheduled job: Download Sync 
2025-06-13T09:12:00.005Z [debug][Jobs]: Starting scheduled job: Download Sync 
2025-06-13T09:12:00.009Z [info][Jobs]: Starting scheduled job: Plex Watchlist Sync 
2025-06-13T09:13:00.005Z [debug][Jobs]: Starting scheduled job: Download Sync 
2025-06-13T09:14:00.006Z [debug][Jobs]: Starting scheduled job: Download Sync 
2025-06-13T09:15:00.016Z [debug][Jobs]: Starting scheduled job: Download Sync 
2025-06-13T09:15:00.021Z [info][Jobs]: Starting scheduled job: Plex Watchlist Sync 
2025-06-13T09:15:00.033Z [info][Jobs]: Starting scheduled job: Plex Recently Added Scan 
2025-06-13T09:15:00.034Z [info][Plex Scan]: Scan starting {"sessionId":"0846eb49-791c-41a3-bde8-eb8ead4f3999"}
2025-06-13T09:15:00.041Z [warn][Plex Scan]: No admin configured. Plex scan skipped. 
2025-06-13T09:16:00.008Z [debug][Jobs]: Starting scheduled job: Download Sync 
2025-06-13T09:23:30.410Z [info]: Commit Tag: $GIT_SHA 
2025-06-13T09:23:30.910Z [info]: Starting Overseerr version 1.34.0 
2025-06-13T09:23:33.174Z [info][Notifications]: Registered notification agents 
2025-06-13T09:23:33.281Z [info][Jobs]: Scheduled jobs loaded 
2025-06-13T09:23:34.278Z [info][Server]: Server ready on port 5055 
2025-06-13T09:24:00.011Z [debug][Jobs]: Starting scheduled job: Download Sync 
2025-06-13T09:24:00.021Z [info][Jobs]: Starting scheduled job: Plex Watchlist Sync 
2025-06-13T09:25:00.008Z [debug][Jobs]: Starting scheduled job: Download Sync 
2025-06-13T09:25:00.016Z [info][Jobs]: Starting scheduled job: Plex Recently Added Scan 
2025-06-13T09:25:00.017Z [info][Plex Scan]: Scan starting {"sessionId":"3e4ef205-6767-4383-bb43-cb716e864251"}
2025-06-13T09:25:00.026Z [warn][Plex Scan]: No admin configured. Plex scan skipped. 
2025-06-13T09:26:00.009Z [debug][Jobs]: Starting scheduled job: Download Sync 
2025-06-13T09:27:00.007Z [debug][Jobs]: Starting scheduled job: Download Sync 
2025-06-13T09:27:00.015Z [info][Jobs]: Starting scheduled job: Plex Watchlist Sync 
2025-06-13T09:28:00.009Z [debug][Jobs]: Starting scheduled job: Download Sync 
2025-06-13T09:29:00.006Z [debug][Jobs]: Starting scheduled job: Download Sync 
2025-06-13T09:30:00.005Z [debug][Jobs]: Starting scheduled job: Download Sync 
2025-06-13T09:30:00.013Z [info][Jobs]: Starting scheduled job: Plex Watchlist Sync 
2025-06-13T09:30:00.029Z [info][Jobs]: Starting scheduled job: Plex Recently Added Scan 
2025-06-13T09:30:00.030Z [info][Plex Scan]: Scan starting {"sessionId":"38e14ee4-2c18-4bfb-b316-44041877b3c1"}
2025-06-13T09:30:00.036Z [warn][Plex Scan]: No admin configured. Plex scan skipped. 
2025-06-13T09:31:00.006Z [debug][Jobs]: Starting scheduled job: Download Sync 
2025-06-13T09:32:00.007Z [debug][Jobs]: Starting scheduled job: Download Sync 
2025-06-13T09:33:00.005Z [debug][Jobs]: Starting scheduled job: Download Sync 
2025-06-13T09:33:00.012Z [info][Jobs]: Starting scheduled job: Plex Watchlist Sync 
2025-06-13T09:34:00.015Z [debug][Jobs]: Starting scheduled job: Download Sync 
2025-06-13T09:35:00.006Z [debug][Jobs]: Starting scheduled job: Download Sync 
2025-06-13T09:35:00.011Z [info][Jobs]: Starting scheduled job: Plex Recently Added Scan 
2025-06-13T09:35:00.014Z [info][Plex Scan]: Scan starting {"sessionId":"bedc52a2-7df6-44cd-a9e9-4680012b6be7"}
2025-06-13T09:35:00.027Z [warn][Plex Scan]: No admin configured. Plex scan skipped. 
2025-06-13T09:36:00.004Z [debug][Jobs]: Starting scheduled job: Download Sync 
2025-06-13T09:36:00.011Z [info][Jobs]: Starting scheduled job: Plex Watchlist Sync 
2025-06-13T09:37:00.011Z [debug][Jobs]: Starting scheduled job: Download Sync 
2025-06-13T09:38:00.005Z [debug][Jobs]: Starting scheduled job: Download Sync 
2025-06-13T09:39:00.004Z [debug][Jobs]: Starting scheduled job: Download Sync 
2025-06-13T09:39:00.013Z [info][Jobs]: Starting scheduled job: Plex Watchlist Sync 
2025-06-13T09:40:00.004Z [debug][Jobs]: Starting scheduled job: Download Sync 
2025-06-13T09:40:00.008Z [info][Jobs]: Starting scheduled job: Plex Recently Added Scan 
2025-06-13T09:40:00.008Z [info][Plex Scan]: Scan starting {"sessionId":"6f9a0e4f-bec3-43d8-97aa-3a87f88b364c"}
2025-06-13T09:40:00.015Z [warn][Plex Scan]: No admin configured. Plex scan skipped. 
2025-06-13T09:41:00.007Z [debug][Jobs]: Starting scheduled job: Download Sync 
2025-06-13T09:42:00.005Z [debug][Jobs]: Starting scheduled job: Download Sync 
2025-06-13T09:42:00.010Z [info][Jobs]: Starting scheduled job: Plex Watchlist Sync 
2025-06-13T09:43:00.008Z [debug][Jobs]: Starting scheduled job: Download Sync 
2025-06-13T09:44:00.006Z [debug][Jobs]: Starting scheduled job: Download Sync 
2025-06-13T10:06:14.876Z [info]: Commit Tag: $GIT_SHA 
2025-06-13T10:06:15.304Z [info]: Starting Overseerr version 1.34.0 
2025-06-13T10:06:16.755Z [info][Notifications]: Registered notification agents 
2025-06-13T10:06:16.817Z [info][Jobs]: Scheduled jobs loaded 
2025-06-13T10:06:17.109Z [info][Server]: Server ready on port 5055 
2025-06-13T10:07:00.010Z [debug][Jobs]: Starting scheduled job: Download Sync 
2025-06-13T10:08:00.011Z [debug][Jobs]: Starting scheduled job: Download Sync 
2025-06-13T10:09:00.009Z [debug][Jobs]: Starting scheduled job: Download Sync 
2025-06-13T10:09:00.015Z [info][Jobs]: Starting scheduled job: Plex Watchlist Sync 
2025-06-13T10:10:00.004Z [debug][Jobs]: Starting scheduled job: Download Sync 
2025-06-13T10:10:00.009Z [info][Jobs]: Starting scheduled job: Plex Recently Added Scan 
2025-06-13T10:10:00.011Z [info][Plex Scan]: Scan starting {"sessionId":"a5158e47-6b70-4f75-a6db-83c6d11996c1"}
2025-06-13T10:10:00.016Z [warn][Plex Scan]: No admin configured. Plex scan skipped. 
2025-06-13T10:11:00.006Z [debug][Jobs]: Starting scheduled job: Download Sync 
2025-06-13T10:12:00.013Z [debug][Jobs]: Starting scheduled job: Download Sync 
2025-06-13T10:12:00.029Z [info][Jobs]: Starting scheduled job: Plex Watchlist Sync 
2025-06-13T10:13:00.029Z [debug][Jobs]: Starting scheduled job: Download Sync 
2025-06-13T11:21:08.365Z [info]: Commit Tag: $GIT_SHA 
2025-06-13T11:21:08.824Z [info]: Starting Overseerr version 1.34.0 
2025-06-13T11:21:10.476Z [info][Notifications]: Registered notification agents 
2025-06-13T11:21:10.532Z [info][Jobs]: Scheduled jobs loaded 
2025-06-13T11:21:10.825Z [info][Server]: Server ready on port 5055 
2025-06-13T11:22:00.007Z [debug][Jobs]: Starting scheduled job: Download Sync 
2025-06-13T11:29:10.341Z [info]: Commit Tag: $GIT_SHA 
2025-06-13T11:29:10.804Z [info]: Starting Overseerr version 1.34.0 
2025-06-13T11:29:12.453Z [info][Notifications]: Registered notification agents 
2025-06-13T11:29:12.494Z [info][Jobs]: Scheduled jobs loaded 
2025-06-13T11:29:12.835Z [info][Server]: Server ready on port 5055 
2025-06-13T11:30:00.023Z [debug][Jobs]: Starting scheduled job: Download Sync 
2025-06-13T11:30:00.033Z [info][Jobs]: Starting scheduled job: Plex Watchlist Sync 
2025-06-13T11:30:00.054Z [info][Jobs]: Starting scheduled job: Plex Recently Added Scan 
2025-06-13T11:30:00.058Z [info][Plex Scan]: Scan starting {"sessionId":"55067c7f-0569-4f2b-9659-72d591c19863"}
2025-06-13T11:30:00.067Z [warn][Plex Scan]: No admin configured. Plex scan skipped. 
2025-06-13T11:31:00.011Z [debug][Jobs]: Starting scheduled job: Download Sync 
2025-06-13T11:32:00.005Z [debug][Jobs]: Starting scheduled job: Download Sync 
2025-06-13T11:33:00.004Z [debug][Jobs]: Starting scheduled job: Download Sync 
2025-06-13T11:33:00.010Z [info][Jobs]: Starting scheduled job: Plex Watchlist Sync 
2025-06-13T11:34:00.005Z [debug][Jobs]: Starting scheduled job: Download Sync 
2025-06-13T11:35:00.006Z [debug][Jobs]: Starting scheduled job: Download Sync 
2025-06-13T11:35:00.012Z [info][Jobs]: Starting scheduled job: Plex Recently Added Scan 
2025-06-13T11:35:00.013Z [info][Plex Scan]: Scan starting {"sessionId":"67cda576-807b-4245-a915-19a373fd7324"}
2025-06-13T11:35:00.028Z [warn][Plex Scan]: No admin configured. Plex scan skipped. 
2025-06-13T11:36:00.007Z [debug][Jobs]: Starting scheduled job: Download Sync 
2025-06-13T11:36:00.013Z [info][Jobs]: Starting scheduled job: Plex Watchlist Sync 
2025-06-13T11:37:00.006Z [debug][Jobs]: Starting scheduled job: Download Sync 
2025-06-13T11:38:00.004Z [debug][Jobs]: Starting scheduled job: Download Sync 
2025-06-13T11:39:00.003Z [debug][Jobs]: Starting scheduled job: Download Sync 
2025-06-13T11:39:00.013Z [info][Jobs]: Starting scheduled job: Plex Watchlist Sync 
2025-06-13T11:40:00.005Z [debug][Jobs]: Starting scheduled job: Download Sync 
2025-06-13T11:40:00.029Z [info][Jobs]: Starting scheduled job: Plex Recently Added Scan 
2025-06-13T11:40:00.036Z [info][Plex Scan]: Scan starting {"sessionId":"0c98fe7c-c785-4d74-9c16-d7ded9c4772a"}
2025-06-13T11:40:00.051Z [warn][Plex Scan]: No admin configured. Plex scan skipped. 
2025-06-13T12:22:30.847Z [info]: Commit Tag: $GIT_SHA 
2025-06-13T12:22:31.283Z [info]: Starting Overseerr version 1.34.0 
2025-06-13T12:22:32.743Z [info][Notifications]: Registered notification agents 
2025-06-13T12:22:32.780Z [info][Jobs]: Scheduled jobs loaded 
2025-06-13T12:22:33.065Z [info][Server]: Server ready on port 5055 
2025-06-13T12:23:00.004Z [debug][Jobs]: Starting scheduled job: Download Sync 
2025-06-13T12:24:00.005Z [debug][Jobs]: Starting scheduled job: Download Sync 
2025-06-13T12:24:00.011Z [info][Jobs]: Starting scheduled job: Plex Watchlist Sync 
2025-06-13T12:25:00.005Z [debug][Jobs]: Starting scheduled job: Download Sync 
2025-06-13T12:25:00.010Z [info][Jobs]: Starting scheduled job: Plex Recently Added Scan 
2025-06-13T12:25:00.012Z [info][Plex Scan]: Scan starting {"sessionId":"132d1851-611f-43f4-b8b6-6ca9d35e886a"}
2025-06-13T12:25:00.018Z [warn][Plex Scan]: No admin configured. Plex scan skipped. 
2025-06-13T12:26:00.006Z [debug][Jobs]: Starting scheduled job: Download Sync 
2025-06-13T12:27:00.006Z [debug][Jobs]: Starting scheduled job: Download Sync 
2025-06-13T12:27:00.011Z [info][Jobs]: Starting scheduled job: Plex Watchlist Sync 
2025-06-13T12:28:00.005Z [debug][Jobs]: Starting scheduled job: Download Sync 
2025-06-13T12:29:00.006Z [debug][Jobs]: Starting scheduled job: Download Sync 
2025-06-13T12:45:26.762Z [info]: Commit Tag: $GIT_SHA 
2025-06-13T12:45:27.199Z [info]: Starting Overseerr version 1.34.0 
2025-06-13T12:45:28.737Z [info][Notifications]: Registered notification agents 
2025-06-13T12:45:28.789Z [info][Jobs]: Scheduled jobs loaded 
2025-06-13T12:45:29.185Z [info][Server]: Server ready on port 5055 
2025-06-13T12:46:00.004Z [debug][Jobs]: Starting scheduled job: Download Sync 
2025-06-13T12:47:00.006Z [debug][Jobs]: Starting scheduled job: Download Sync 
2025-06-13T12:48:00.003Z [debug][Jobs]: Starting scheduled job: Download Sync 
2025-06-13T12:48:00.008Z [info][Jobs]: Starting scheduled job: Plex Watchlist Sync 
2025-06-13T12:49:00.005Z [debug][Jobs]: Starting scheduled job: Download Sync 
2025-06-13T12:50:00.004Z [debug][Jobs]: Starting scheduled job: Download Sync 
2025-06-13T12:50:00.010Z [info][Jobs]: Starting scheduled job: Plex Recently Added Scan 
2025-06-13T12:50:00.012Z [info][Plex Scan]: Scan starting {"sessionId":"84058689-6f67-4996-ba46-2d5721e635e3"}
2025-06-13T12:50:00.023Z [warn][Plex Scan]: No admin configured. Plex scan skipped. 
2025-06-13T12:51:00.006Z [debug][Jobs]: Starting scheduled job: Download Sync 
2025-06-13T12:51:00.013Z [info][Jobs]: Starting scheduled job: Plex Watchlist Sync 
2025-06-13T12:52:00.004Z [debug][Jobs]: Starting scheduled job: Download Sync 
2025-06-13T12:53:00.003Z [debug][Jobs]: Starting scheduled job: Download Sync 
2025-06-13T12:54:00.005Z [debug][Jobs]: Starting scheduled job: Download Sync 
2025-06-13T12:54:00.010Z [info][Jobs]: Starting scheduled job: Plex Watchlist Sync 
2025-06-13T12:55:00.004Z [debug][Jobs]: Starting scheduled job: Download Sync 
2025-06-13T12:55:00.009Z [info][Jobs]: Starting scheduled job: Plex Recently Added Scan 
2025-06-13T12:55:00.010Z [info][Plex Scan]: Scan starting {"sessionId":"78595bff-49cf-46ef-b2b9-b9776b009672"}
2025-06-13T12:55:00.016Z [warn][Plex Scan]: No admin configured. Plex scan skipped. 
2025-06-13T12:56:00.005Z [debug][Jobs]: Starting scheduled job: Download Sync 
2025-06-13T12:57:00.045Z [debug][Jobs]: Starting scheduled job: Download Sync 
2025-06-13T12:57:00.340Z [info][Jobs]: Starting scheduled job: Plex Watchlist Sync 
