[00:00:08 DBG] Recyclarr Version: 7.4.1+Branch.master.Sha.5bcd1122e967c828fceceea9810ebd1a33ce344a
[00:00:08 DBG] App Data Dir: /config
[00:00:10 DBG] Config Templates Repo: Using Branch & Clone URL: master, https://github.com/recyclarr/config-templates.git
[00:00:11 DBG] Config Templates Repo: Executing git command with args: ["status"]
[00:00:11 DBG] Config Templates Repo: Using working directory: /config/repositories/config-templates
[00:00:11 DBG] Trash Guides Repo: Using Branch & Clone URL: master, https://github.com/TRaSH-/Guides.git
[00:00:11 DBG] Trash Guides Repo: Executing git command with args: ["status"]
[00:00:11 DBG] Trash Guides Repo: Using working directory: /config/repositories/trash-guides
[00:00:13 DBG] Config Templates Repo: Command Output: On branch master
Your branch is up to date with 'origin/master'.

nothing to commit, working tree clean
[00:00:13 DBG] Config Templates Repo: Executing git command with args: ["remote","set-url","origin","https://github.com/recyclarr/config-templates.git"]
[00:00:13 DBG] Config Templates Repo: Using working directory: /config/repositories/config-templates
[00:00:13 DBG] Config Templates Repo: Command Output: 
[00:00:13 DBG] Config Templates Repo: Remote 'origin' set to https://github.com/recyclarr/config-templates.git
[00:00:13 DBG] Config Templates Repo: Executing git command with args: ["checkout","-f","master"]
[00:00:13 DBG] Config Templates Repo: Using working directory: /config/repositories/config-templates
[00:00:14 DBG] Config Templates Repo: Command Output: Your branch is up to date with 'origin/master'.
[00:00:14 DBG] Config Templates Repo: Executing git command with args: ["fetch","origin"]
[00:00:14 DBG] Config Templates Repo: Using working directory: /config/repositories/config-templates
[00:00:15 DBG] Config Templates Repo: Command Output: 
[00:00:15 DBG] Config Templates Repo: Executing git command with args: ["reset","--hard","origin/master"]
[00:00:15 DBG] Config Templates Repo: Using working directory: /config/repositories/config-templates
[00:00:15 DBG] Config Templates Repo: Command Output: HEAD is now at 8050c6c ci(deps): Update tj-actions/changed-files action to v46 (#120)
[00:00:22 DBG] Trash Guides Repo: Command Output: On branch master
Your branch is up to date with 'origin/master'.

nothing to commit, working tree clean
[00:00:22 DBG] Trash Guides Repo: Executing git command with args: ["remote","set-url","origin","https://github.com/TRaSH-/Guides.git"]
[00:00:22 DBG] Trash Guides Repo: Using working directory: /config/repositories/trash-guides
[00:00:22 DBG] Trash Guides Repo: Command Output: 
[00:00:22 DBG] Trash Guides Repo: Remote 'origin' set to https://github.com/TRaSH-/Guides.git
[00:00:22 DBG] Trash Guides Repo: Executing git command with args: ["checkout","-f","master"]
[00:00:22 DBG] Trash Guides Repo: Using working directory: /config/repositories/trash-guides
[00:00:22 DBG] Trash Guides Repo: Command Output: Your branch is up to date with 'origin/master'.
[00:00:22 DBG] Trash Guides Repo: Executing git command with args: ["fetch","origin"]
[00:00:22 DBG] Trash Guides Repo: Using working directory: /config/repositories/trash-guides
[00:00:24 DBG] Trash Guides Repo: Command Output: 
[00:00:24 DBG] Trash Guides Repo: Executing git command with args: ["reset","--hard","origin/master"]
[00:00:24 DBG] Trash Guides Repo: Using working directory: /config/repositories/trash-guides
[00:00:24 DBG] Trash Guides Repo: Command Output: HEAD is now at 8bd5def chore(guide-sync): Remove Recyclarr config templates (#2359)
[00:00:25 DBG] recyclarr.yml: Loading config file: /config/recyclarr.yml
[00:00:25 DBG] Duplicate instances: ["main"]
[00:00:26 DBG] Skipping notification because the body is empty
[00:00:26 DBG] Cleaning up logs using max files of 20
