[00:00:01 DBG] Recyclarr Version: 7.4.1+Branch.master.Sha.5bcd1122e967c828fceceea9810ebd1a33ce344a
[00:00:01 DBG] App Data Dir: /config
[00:00:01 DBG] Config Templates Repo: Using Branch & Clone URL: master, https://github.com/recyclarr/config-templates.git
[00:00:01 DBG] Trash Guides Repo: Using Branch & Clone URL: master, https://github.com/TRaSH-/Guides.git
[00:00:01 DBG] Trash Guides Repo: Executing git command with args: ["status"]
[00:00:01 DBG] Config Templates Repo: Executing git command with args: ["status"]
[00:00:01 DBG] Config Templates Repo: Using working directory: /config/repositories/config-templates
[00:00:01 DBG] Trash Guides Repo: Using working directory: /config/repositories/trash-guides
[00:00:01 DBG] Config Templates Repo: Command Output: On branch master
Your branch is up to date with 'origin/master'.

nothing to commit, working tree clean
[00:00:01 DBG] Trash Guides Repo: Command Output: On branch master
Your branch is up to date with 'origin/master'.

nothing to commit, working tree clean
[00:00:01 DBG] Config Templates Repo: Executing git command with args: ["remote","set-url","origin","https://github.com/recyclarr/config-templates.git"]
[00:00:01 DBG] Trash Guides Repo: Executing git command with args: ["remote","set-url","origin","https://github.com/TRaSH-/Guides.git"]
[00:00:01 DBG] Trash Guides Repo: Using working directory: /config/repositories/trash-guides
[00:00:01 DBG] Config Templates Repo: Using working directory: /config/repositories/config-templates
[00:00:01 DBG] Trash Guides Repo: Command Output: 
[00:00:01 DBG] Trash Guides Repo: Remote 'origin' set to https://github.com/TRaSH-/Guides.git
[00:00:01 DBG] Config Templates Repo: Command Output: 
[00:00:01 DBG] Config Templates Repo: Remote 'origin' set to https://github.com/recyclarr/config-templates.git
[00:00:01 DBG] Config Templates Repo: Executing git command with args: ["checkout","-f","master"]
[00:00:01 DBG] Config Templates Repo: Using working directory: /config/repositories/config-templates
[00:00:01 DBG] Trash Guides Repo: Executing git command with args: ["checkout","-f","master"]
[00:00:01 DBG] Trash Guides Repo: Using working directory: /config/repositories/trash-guides
[00:00:01 DBG] Config Templates Repo: Command Output: Your branch is up to date with 'origin/master'.
[00:00:01 DBG] Config Templates Repo: Executing git command with args: ["fetch","origin"]
[00:00:01 DBG] Config Templates Repo: Using working directory: /config/repositories/config-templates
[00:00:01 DBG] Trash Guides Repo: Command Output: Your branch is up to date with 'origin/master'.
[00:00:01 DBG] Trash Guides Repo: Executing git command with args: ["fetch","origin"]
[00:00:01 DBG] Trash Guides Repo: Using working directory: /config/repositories/trash-guides
[00:00:01 DBG] Config Templates Repo: Command Output: 
[00:00:01 DBG] Config Templates Repo: Executing git command with args: ["reset","--hard","origin/master"]
[00:00:01 DBG] Config Templates Repo: Using working directory: /config/repositories/config-templates
[00:00:01 DBG] Config Templates Repo: Command Output: HEAD is now at e49a718 Radarr: Add anime quality definition template (#122)
[00:00:01 DBG] Trash Guides Repo: Command Output: 
[00:00:01 DBG] Trash Guides Repo: Executing git command with args: ["reset","--hard","origin/master"]
[00:00:01 DBG] Trash Guides Repo: Using working directory: /config/repositories/trash-guides
[00:00:01 DBG] Trash Guides Repo: Command Output: HEAD is now at 3bc4eca fix(guide): broken shields in the index.md (#2371)
[00:00:01 DBG] recyclarr.yml: Loading config file: /config/recyclarr.yml
[00:00:01 DBG] Processing Radarr server radarr-main
[00:00:02 DBG] HTTP Request: GET http://REDACTED:7878/api/v3/system/status
[00:00:07 DBG] HTTP Response: (No response) GET http://REDACTED:7878/api/v3/system/status
[00:00:07 ERR] Unable to obtain service version information
[00:00:07 ERR] HTTP error: Call failed. Resource temporarily unavailable : GET http://REDACTED:7878/api/v3/system/status
   at Flurl.Http.FlurlClient.HandleExceptionAsync(FlurlCall call, Exception ex, CancellationToken token)
   at Flurl.Http.FlurlClient.SendAsync(IFlurlRequest request, HttpCompletionOption completionOption, CancellationToken cancellationToken)
   at Flurl.Http.FlurlClient.SendAsync(IFlurlRequest request, HttpCompletionOption completionOption, CancellationToken cancellationToken)
   at Flurl.Http.ResponseExtensions.ReceiveJson[T](Task`1 response)
   at Recyclarr.ServarrApi.System.SystemApiService.GetStatus(CancellationToken ct) in /source/src/Recyclarr.Core/ServarrApi/System/SystemApiService.cs:line 9
   at Recyclarr.Compatibility.ServiceInformation.FetchVersion(CancellationToken ct) in /source/src/Recyclarr.Core/Compatibility/ServiceInformation.cs:line 19
   at Recyclarr.Compatibility.ServiceInformation.GetVersion(CancellationToken ct) in /source/src/Recyclarr.Core/Compatibility/ServiceInformation.cs:line 12
   at Recyclarr.Compatibility.ServiceCapabilityFetcher`1.GetCapabilities(CancellationToken ct) in /source/src/Recyclarr.Core/Compatibility/ServiceCapabilityFetcher.cs:line 8
   at Recyclarr.Compatibility.Radarr.RadarrCapabilityEnforcer.Check(CancellationToken ct) in /source/src/Recyclarr.Core/Compatibility/Radarr/RadarrCapabilityEnforcer.cs:line 7
   at Recyclarr.Compatibility.ServiceAgnosticCapabilityEnforcer.Check(IServiceConfiguration config, CancellationToken ct) in /source/src/Recyclarr.Core/Compatibility/ServiceAgnosticCapabilityEnforcer.cs:line 21
   at Recyclarr.Cli.Processors.Sync.CompositeSyncPipeline.Execute(ISyncSettings settings, CancellationToken ct) in /source/src/Recyclarr.Cli/Processors/Sync/CompositeSyncPipeline.cs:line 20
   at Recyclarr.Cli.Processors.Sync.SyncProcessor.ProcessService(ISyncSettings settings, IEnumerable`1 configs, CancellationToken ct) in /source/src/Recyclarr.Cli/Processors/Sync/SyncProcessor.cs:line 92[00:00:07 ERR] Reason: Problem connecting to the service. Is your `base_url` correct?
[00:00:07 DBG] Processing Sonarr server sonarr-main
[00:00:07 DBG] HTTP Request: GET http://REDACTED:8989/api/v3/system/status
[00:00:12 DBG] HTTP Response: (No response) GET http://REDACTED:8989/api/v3/system/status
[00:00:12 ERR] Unable to obtain service version information
[00:00:12 ERR] HTTP error: Call failed. Resource temporarily unavailable : GET http://REDACTED:8989/api/v3/system/status
   at Flurl.Http.FlurlClient.HandleExceptionAsync(FlurlCall call, Exception ex, CancellationToken token)
   at Flurl.Http.FlurlClient.SendAsync(IFlurlRequest request, HttpCompletionOption completionOption, CancellationToken cancellationToken)
   at Flurl.Http.FlurlClient.SendAsync(IFlurlRequest request, HttpCompletionOption completionOption, CancellationToken cancellationToken)
   at Flurl.Http.ResponseExtensions.ReceiveJson[T](Task`1 response)
   at Recyclarr.ServarrApi.System.SystemApiService.GetStatus(CancellationToken ct) in /source/src/Recyclarr.Core/ServarrApi/System/SystemApiService.cs:line 9
   at Recyclarr.Compatibility.ServiceInformation.FetchVersion(CancellationToken ct) in /source/src/Recyclarr.Core/Compatibility/ServiceInformation.cs:line 19
   at Recyclarr.Compatibility.ServiceInformation.GetVersion(CancellationToken ct) in /source/src/Recyclarr.Core/Compatibility/ServiceInformation.cs:line 12
   at Recyclarr.Compatibility.ServiceCapabilityFetcher`1.GetCapabilities(CancellationToken ct) in /source/src/Recyclarr.Core/Compatibility/ServiceCapabilityFetcher.cs:line 8
   at Recyclarr.Compatibility.Sonarr.SonarrCapabilityEnforcer.Check(CancellationToken ct) in /source/src/Recyclarr.Core/Compatibility/Sonarr/SonarrCapabilityEnforcer.cs:line 7
   at Recyclarr.Compatibility.ServiceAgnosticCapabilityEnforcer.Check(IServiceConfiguration config, CancellationToken ct) in /source/src/Recyclarr.Core/Compatibility/ServiceAgnosticCapabilityEnforcer.cs:line 17
   at Recyclarr.Cli.Processors.Sync.CompositeSyncPipeline.Execute(ISyncSettings settings, CancellationToken ct) in /source/src/Recyclarr.Cli/Processors/Sync/CompositeSyncPipeline.cs:line 20
   at Recyclarr.Cli.Processors.Sync.SyncProcessor.ProcessService(ISyncSettings settings, IEnumerable`1 configs, CancellationToken ct) in /source/src/Recyclarr.Cli/Processors/Sync/SyncProcessor.cs:line 92[00:00:12 ERR] Reason: Problem connecting to the service. Is your `base_url` correct?
[00:00:12 DBG] HTTP Request: POST http://REDACTED:8000/notify
[00:00:12 DBG] HTTP Response: (No response) POST http://REDACTED:8000/notify
[00:00:12 ERR] Failed to send notification: Call failed. Connection refused : POST http://REDACTED:8000/notify
   at Flurl.Http.FlurlClient.HandleExceptionAsync(FlurlCall call, Exception ex, CancellationToken token)
   at Flurl.Http.FlurlClient.SendAsync(IFlurlRequest request, HttpCompletionOption completionOption, CancellationToken cancellationToken)
   at Flurl.Http.FlurlClient.SendAsync(IFlurlRequest request, HttpCompletionOption completionOption, CancellationToken cancellationToken)
   at Recyclarr.Notifications.Apprise.AppriseStatelessNotificationApiService.Notify(AppriseNotificationSettings settings, Func`2 notificationBuilder) in /source/src/Recyclarr.Core/Notifications/Apprise/AppriseStatelessNotificationApiService.cs:line 19
   at Recyclarr.Notifications.NotificationService.SendAppriseNotification(Boolean succeeded, String body, AppriseMessageType messageType) in /source/src/Recyclarr.Core/Notifications/NotificationService.cs:line 92[00:00:12 DBG] Cleaning up logs using max files of 20
