2025-06-12T01:28:58.739Z [info]: Commit Tag: $GIT_SHA 
2025-06-12T01:29:01.377Z [info]: Starting Jellyseerr version 2.6.0 
2025-06-12T01:29:06.787Z [info][Notifications]: Registered notification agents 
2025-06-12T01:29:06.801Z [info][Server]: Skipping starting the scheduled jobs as we have no Plex/Jellyfin/Emby servers setup yet 
2025-06-12T01:29:06.807Z [info][Discover Slider]: Creating built-in discovery slider {"slider":{"type":1,"enabled":true,"isBuiltIn":true,"order":0}}
2025-06-12T01:29:06.839Z [info][Discover Slider]: Creating built-in discovery slider {"slider":{"type":2,"enabled":true,"isBuiltIn":true,"order":1}}
2025-06-12T01:29:06.886Z [info][Discover Slider]: Creating built-in discovery slider {"slider":{"type":3,"enabled":true,"isBuiltIn":true,"order":2}}
2025-06-12T01:29:06.932Z [info][Discover Slider]: Creating built-in discovery slider {"slider":{"type":4,"enabled":true,"isBuiltIn":true,"order":3}}
2025-06-12T01:29:06.955Z [info][Discover Slider]: Creating built-in discovery slider {"slider":{"type":5,"enabled":true,"isBuiltIn":true,"order":4}}
2025-06-12T01:29:06.986Z [info][Discover Slider]: Creating built-in discovery slider {"slider":{"type":6,"enabled":true,"isBuiltIn":true,"order":5}}
2025-06-12T01:29:07.030Z [info][Discover Slider]: Creating built-in discovery slider {"slider":{"type":7,"enabled":true,"isBuiltIn":true,"order":6}}
2025-06-12T01:29:07.055Z [info][Discover Slider]: Creating built-in discovery slider {"slider":{"type":8,"enabled":true,"isBuiltIn":true,"order":7}}
2025-06-12T01:29:07.098Z [info][Discover Slider]: Creating built-in discovery slider {"slider":{"type":9,"enabled":true,"isBuiltIn":true,"order":8}}
2025-06-12T01:29:07.170Z [info][Discover Slider]: Creating built-in discovery slider {"slider":{"type":10,"enabled":true,"isBuiltIn":true,"order":9}}
2025-06-12T01:29:07.210Z [info][Discover Slider]: Creating built-in discovery slider {"slider":{"type":11,"enabled":true,"isBuiltIn":true,"order":10}}
2025-06-12T01:29:07.228Z [info][Discover Slider]: Creating built-in discovery slider {"slider":{"type":12,"enabled":true,"isBuiltIn":true,"order":11}}
2025-06-12T01:29:08.118Z [info][Server]: Server ready on port 5055 
2025-06-12T01:48:55.388Z [info]: Commit Tag: $GIT_SHA 
2025-06-12T01:48:56.358Z [info]: Starting Jellyseerr version 2.6.0 
2025-06-12T01:48:57.687Z [debug][Settings Migrator]: Checking migration '0001_migrate_hostname.js'... 
2025-06-12T01:48:57.693Z [debug][Settings Migrator]: Checking migration '0002_migrate_apitokens.js'... 
2025-06-12T01:48:57.696Z [debug][Settings Migrator]: Checking migration '0003_emby_media_server_type.js'... 
2025-06-12T01:48:57.698Z [debug][Settings Migrator]: Checking migration '0004_migrate_region_setting.js'... 
2025-06-12T01:48:57.700Z [debug][Settings Migrator]: Checking migration '0005_migrate_network_settings.js'... 
2025-06-12T01:48:57.704Z [info][Notifications]: Registered notification agents 
2025-06-12T01:48:57.710Z [info][Server]: Skipping starting the scheduled jobs as we have no Plex/Jellyfin/Emby servers setup yet 
2025-06-12T01:48:58.033Z [info][Server]: Server ready on port 5055 
2025-06-12T01:55:56.433Z [info]: Commit Tag: $GIT_SHA 
2025-06-12T01:55:57.345Z [info]: Starting Jellyseerr version 2.6.0 
2025-06-12T01:56:00.016Z [debug][Settings Migrator]: Checking migration '0001_migrate_hostname.js'... 
2025-06-12T01:56:00.021Z [debug][Settings Migrator]: Checking migration '0002_migrate_apitokens.js'... 
2025-06-12T01:56:00.026Z [debug][Settings Migrator]: Checking migration '0003_emby_media_server_type.js'... 
2025-06-12T01:56:00.030Z [debug][Settings Migrator]: Checking migration '0004_migrate_region_setting.js'... 
2025-06-12T01:56:00.031Z [debug][Settings Migrator]: Checking migration '0005_migrate_network_settings.js'... 
2025-06-12T01:56:00.043Z [info][Notifications]: Registered notification agents 
2025-06-12T01:56:00.057Z [info][Server]: Skipping starting the scheduled jobs as we have no Plex/Jellyfin/Emby servers setup yet 
2025-06-12T01:56:00.467Z [info][Server]: Server ready on port 5055 
2025-06-12T02:28:01.633Z [info]: Commit Tag: $GIT_SHA 
2025-06-12T02:28:03.394Z [info]: Starting Jellyseerr version 2.6.0 
2025-06-12T02:28:05.858Z [debug][Settings Migrator]: Checking migration '0001_migrate_hostname.js'... 
2025-06-12T02:28:05.868Z [debug][Settings Migrator]: Checking migration '0002_migrate_apitokens.js'... 
2025-06-12T02:28:05.872Z [debug][Settings Migrator]: Checking migration '0003_emby_media_server_type.js'... 
2025-06-12T02:28:05.874Z [debug][Settings Migrator]: Checking migration '0004_migrate_region_setting.js'... 
2025-06-12T02:28:05.876Z [debug][Settings Migrator]: Checking migration '0005_migrate_network_settings.js'... 
2025-06-12T02:28:05.928Z [info][Notifications]: Registered notification agents 
2025-06-12T02:28:05.935Z [info][Server]: Skipping starting the scheduled jobs as we have no Plex/Jellyfin/Emby servers setup yet 
2025-06-12T02:28:06.261Z [info][Server]: Server ready on port 5055 
2025-06-12T02:39:07.870Z [info]: Commit Tag: $GIT_SHA 
2025-06-12T02:39:09.363Z [info]: Starting Jellyseerr version 2.6.0 
2025-06-12T02:39:11.908Z [debug][Settings Migrator]: Checking migration '0001_migrate_hostname.js'... 
2025-06-12T02:39:11.914Z [debug][Settings Migrator]: Checking migration '0002_migrate_apitokens.js'... 
2025-06-12T02:39:11.919Z [debug][Settings Migrator]: Checking migration '0003_emby_media_server_type.js'... 
2025-06-12T02:39:11.945Z [debug][Settings Migrator]: Checking migration '0004_migrate_region_setting.js'... 
2025-06-12T02:39:11.951Z [debug][Settings Migrator]: Checking migration '0005_migrate_network_settings.js'... 
2025-06-12T02:39:12.004Z [info][Notifications]: Registered notification agents 
2025-06-12T02:39:12.012Z [info][Server]: Skipping starting the scheduled jobs as we have no Plex/Jellyfin/Emby servers setup yet 
2025-06-12T02:39:12.378Z [info][Server]: Server ready on port 5055 
2025-06-12T02:50:13.540Z [info]: Commit Tag: $GIT_SHA 
2025-06-12T02:50:14.870Z [info]: Starting Jellyseerr version 2.6.0 
2025-06-12T02:50:17.942Z [debug][Settings Migrator]: Checking migration '0001_migrate_hostname.js'... 
2025-06-12T02:50:17.963Z [debug][Settings Migrator]: Checking migration '0002_migrate_apitokens.js'... 
2025-06-12T02:50:17.976Z [debug][Settings Migrator]: Checking migration '0003_emby_media_server_type.js'... 
2025-06-12T02:50:17.982Z [debug][Settings Migrator]: Checking migration '0004_migrate_region_setting.js'... 
2025-06-12T02:50:17.990Z [debug][Settings Migrator]: Checking migration '0005_migrate_network_settings.js'... 
2025-06-12T02:50:18.020Z [info][Notifications]: Registered notification agents 
2025-06-12T02:50:18.027Z [info][Server]: Skipping starting the scheduled jobs as we have no Plex/Jellyfin/Emby servers setup yet 
2025-06-12T02:50:18.333Z [info][Server]: Server ready on port 5055 
2025-06-12T03:01:41.913Z [info]: Commit Tag: $GIT_SHA 
2025-06-12T03:01:42.763Z [info]: Starting Jellyseerr version 2.6.0 
2025-06-12T03:01:44.698Z [debug][Settings Migrator]: Checking migration '0001_migrate_hostname.js'... 
2025-06-12T03:01:44.703Z [debug][Settings Migrator]: Checking migration '0002_migrate_apitokens.js'... 
2025-06-12T03:01:44.708Z [debug][Settings Migrator]: Checking migration '0003_emby_media_server_type.js'... 
2025-06-12T03:01:44.711Z [debug][Settings Migrator]: Checking migration '0004_migrate_region_setting.js'... 
2025-06-12T03:01:44.713Z [debug][Settings Migrator]: Checking migration '0005_migrate_network_settings.js'... 
2025-06-12T03:01:44.721Z [info][Notifications]: Registered notification agents 
2025-06-12T03:01:44.728Z [info][Server]: Skipping starting the scheduled jobs as we have no Plex/Jellyfin/Emby servers setup yet 
2025-06-12T03:01:45.083Z [info][Server]: Server ready on port 5055 
2025-06-12T03:08:45.916Z [info]: Commit Tag: $GIT_SHA 
2025-06-12T03:08:46.737Z [info]: Starting Jellyseerr version 2.6.0 
2025-06-12T03:08:48.263Z [debug][Settings Migrator]: Checking migration '0001_migrate_hostname.js'... 
2025-06-12T03:08:48.267Z [debug][Settings Migrator]: Checking migration '0002_migrate_apitokens.js'... 
2025-06-12T03:08:48.271Z [debug][Settings Migrator]: Checking migration '0003_emby_media_server_type.js'... 
2025-06-12T03:08:48.273Z [debug][Settings Migrator]: Checking migration '0004_migrate_region_setting.js'... 
2025-06-12T03:08:48.275Z [debug][Settings Migrator]: Checking migration '0005_migrate_network_settings.js'... 
2025-06-12T03:08:48.281Z [info][Notifications]: Registered notification agents 
2025-06-12T03:08:48.292Z [info][Server]: Skipping starting the scheduled jobs as we have no Plex/Jellyfin/Emby servers setup yet 
2025-06-12T03:08:48.649Z [info][Server]: Server ready on port 5055 
2025-06-12T03:21:57.116Z [info]: Commit Tag: $GIT_SHA 
2025-06-12T03:21:58.036Z [info]: Starting Jellyseerr version 2.6.0 
2025-06-12T03:21:59.317Z [debug][Settings Migrator]: Checking migration '0001_migrate_hostname.js'... 
2025-06-12T03:21:59.320Z [debug][Settings Migrator]: Checking migration '0002_migrate_apitokens.js'... 
2025-06-12T03:21:59.326Z [debug][Settings Migrator]: Checking migration '0003_emby_media_server_type.js'... 
2025-06-12T03:21:59.332Z [debug][Settings Migrator]: Checking migration '0004_migrate_region_setting.js'... 
2025-06-12T03:21:59.333Z [debug][Settings Migrator]: Checking migration '0005_migrate_network_settings.js'... 
2025-06-12T03:21:59.341Z [info][Notifications]: Registered notification agents 
2025-06-12T03:21:59.351Z [info][Server]: Skipping starting the scheduled jobs as we have no Plex/Jellyfin/Emby servers setup yet 
2025-06-12T03:21:59.702Z [info][Server]: Server ready on port 5055 
2025-06-12T03:28:52.744Z [info]: Commit Tag: $GIT_SHA 
2025-06-12T03:28:53.559Z [info]: Starting Jellyseerr version 2.6.0 
2025-06-12T03:28:55.002Z [debug][Settings Migrator]: Checking migration '0001_migrate_hostname.js'... 
2025-06-12T03:28:55.006Z [debug][Settings Migrator]: Checking migration '0002_migrate_apitokens.js'... 
2025-06-12T03:28:55.010Z [debug][Settings Migrator]: Checking migration '0003_emby_media_server_type.js'... 
2025-06-12T03:28:55.012Z [debug][Settings Migrator]: Checking migration '0004_migrate_region_setting.js'... 
2025-06-12T03:28:55.013Z [debug][Settings Migrator]: Checking migration '0005_migrate_network_settings.js'... 
2025-06-12T03:28:55.654Z [info][Notifications]: Registered notification agents 
2025-06-12T03:28:55.664Z [info][Server]: Skipping starting the scheduled jobs as we have no Plex/Jellyfin/Emby servers setup yet 
2025-06-12T03:28:55.954Z [info][Server]: Server ready on port 5055 
2025-06-12T14:46:07.285Z [info]: Commit Tag: $GIT_SHA 
2025-06-12T14:46:08.051Z [info]: Starting Jellyseerr version 2.6.0 
2025-06-12T14:46:09.907Z [debug][Settings Migrator]: Checking migration '0001_migrate_hostname.js'... 
2025-06-12T14:46:09.915Z [debug][Settings Migrator]: Checking migration '0002_migrate_apitokens.js'... 
2025-06-12T14:46:09.927Z [debug][Settings Migrator]: Checking migration '0003_emby_media_server_type.js'... 
2025-06-12T14:46:09.929Z [debug][Settings Migrator]: Checking migration '0004_migrate_region_setting.js'... 
2025-06-12T14:46:09.930Z [debug][Settings Migrator]: Checking migration '0005_migrate_network_settings.js'... 
2025-06-12T14:46:09.958Z [info][Notifications]: Registered notification agents 
2025-06-12T14:46:09.965Z [info][Server]: Skipping starting the scheduled jobs as we have no Plex/Jellyfin/Emby servers setup yet 
2025-06-12T14:46:10.285Z [info][Server]: Server ready on port 5055 
2025-06-12T15:27:17.993Z [info]: Commit Tag: $GIT_SHA 
2025-06-12T15:27:18.777Z [info]: Starting Jellyseerr version 2.6.0 
2025-06-12T15:27:20.278Z [debug][Settings Migrator]: Checking migration '0001_migrate_hostname.js'... 
2025-06-12T15:27:20.285Z [debug][Settings Migrator]: Checking migration '0002_migrate_apitokens.js'... 
2025-06-12T15:27:20.288Z [debug][Settings Migrator]: Checking migration '0003_emby_media_server_type.js'... 
2025-06-12T15:27:20.290Z [debug][Settings Migrator]: Checking migration '0004_migrate_region_setting.js'... 
2025-06-12T15:27:20.291Z [debug][Settings Migrator]: Checking migration '0005_migrate_network_settings.js'... 
2025-06-12T15:27:20.480Z [info][Notifications]: Registered notification agents 
2025-06-12T15:27:20.486Z [info][Server]: Skipping starting the scheduled jobs as we have no Plex/Jellyfin/Emby servers setup yet 
2025-06-12T15:27:20.789Z [info][Server]: Server ready on port 5055 
2025-06-12T16:45:08.811Z [info]: Commit Tag: $GIT_SHA 
2025-06-12T16:45:09.717Z [info]: Starting Jellyseerr version 2.6.0 
2025-06-12T16:45:11.716Z [debug][Settings Migrator]: Checking migration '0001_migrate_hostname.js'... 
2025-06-12T16:45:11.721Z [debug][Settings Migrator]: Checking migration '0002_migrate_apitokens.js'... 
2025-06-12T16:45:11.724Z [debug][Settings Migrator]: Checking migration '0003_emby_media_server_type.js'... 
2025-06-12T16:45:11.727Z [debug][Settings Migrator]: Checking migration '0004_migrate_region_setting.js'... 
2025-06-12T16:45:11.727Z [debug][Settings Migrator]: Checking migration '0005_migrate_network_settings.js'... 
2025-06-12T16:45:11.758Z [info][Notifications]: Registered notification agents 
2025-06-12T16:45:11.765Z [info][Server]: Skipping starting the scheduled jobs as we have no Plex/Jellyfin/Emby servers setup yet 
2025-06-12T16:45:12.103Z [info][Server]: Server ready on port 5055 
2025-06-12T16:56:07.349Z [info]: Commit Tag: $GIT_SHA 
2025-06-12T16:56:08.231Z [info]: Starting Jellyseerr version 2.6.0 
2025-06-12T16:56:09.664Z [debug][Settings Migrator]: Checking migration '0001_migrate_hostname.js'... 
2025-06-12T16:56:09.670Z [debug][Settings Migrator]: Checking migration '0002_migrate_apitokens.js'... 
2025-06-12T16:56:09.677Z [debug][Settings Migrator]: Checking migration '0003_emby_media_server_type.js'... 
2025-06-12T16:56:09.679Z [debug][Settings Migrator]: Checking migration '0004_migrate_region_setting.js'... 
2025-06-12T16:56:09.681Z [debug][Settings Migrator]: Checking migration '0005_migrate_network_settings.js'... 
2025-06-12T16:56:09.695Z [info][Notifications]: Registered notification agents 
2025-06-12T16:56:09.714Z [info][Server]: Skipping starting the scheduled jobs as we have no Plex/Jellyfin/Emby servers setup yet 
2025-06-12T16:56:10.171Z [info][Server]: Server ready on port 5055 
2025-06-12T17:03:05.843Z [info]: Commit Tag: $GIT_SHA 
2025-06-12T17:03:06.652Z [info]: Starting Jellyseerr version 2.6.0 
2025-06-12T17:03:08.539Z [debug][Settings Migrator]: Checking migration '0001_migrate_hostname.js'... 
2025-06-12T17:03:08.543Z [debug][Settings Migrator]: Checking migration '0002_migrate_apitokens.js'... 
2025-06-12T17:03:08.547Z [debug][Settings Migrator]: Checking migration '0003_emby_media_server_type.js'... 
2025-06-12T17:03:08.549Z [debug][Settings Migrator]: Checking migration '0004_migrate_region_setting.js'... 
2025-06-12T17:03:08.550Z [debug][Settings Migrator]: Checking migration '0005_migrate_network_settings.js'... 
2025-06-12T17:03:09.198Z [info][Notifications]: Registered notification agents 
2025-06-12T17:03:09.206Z [info][Server]: Skipping starting the scheduled jobs as we have no Plex/Jellyfin/Emby servers setup yet 
2025-06-12T17:03:09.495Z [info][Server]: Server ready on port 5055 
2025-06-12T17:23:20.301Z [info]: Commit Tag: $GIT_SHA 
2025-06-12T17:23:21.381Z [info]: Starting Jellyseerr version 2.6.0 
2025-06-12T17:23:24.468Z [debug][Settings Migrator]: Checking migration '0001_migrate_hostname.js'... 
2025-06-12T17:23:24.474Z [debug][Settings Migrator]: Checking migration '0002_migrate_apitokens.js'... 
2025-06-12T17:23:24.477Z [debug][Settings Migrator]: Checking migration '0003_emby_media_server_type.js'... 
2025-06-12T17:23:24.478Z [debug][Settings Migrator]: Checking migration '0004_migrate_region_setting.js'... 
2025-06-12T17:23:24.479Z [debug][Settings Migrator]: Checking migration '0005_migrate_network_settings.js'... 
2025-06-12T17:23:25.432Z [info][Notifications]: Registered notification agents 
2025-06-12T17:23:25.438Z [info][Server]: Skipping starting the scheduled jobs as we have no Plex/Jellyfin/Emby servers setup yet 
2025-06-12T17:23:25.737Z [info][Server]: Server ready on port 5055 
2025-06-12T17:35:02.698Z [info]: Commit Tag: $GIT_SHA 
2025-06-12T17:35:03.679Z [info]: Starting Jellyseerr version 2.6.0 
2025-06-12T17:35:05.004Z [debug][Settings Migrator]: Checking migration '0001_migrate_hostname.js'... 
2025-06-12T17:35:05.008Z [debug][Settings Migrator]: Checking migration '0002_migrate_apitokens.js'... 
2025-06-12T17:35:05.012Z [debug][Settings Migrator]: Checking migration '0003_emby_media_server_type.js'... 
2025-06-12T17:35:05.015Z [debug][Settings Migrator]: Checking migration '0004_migrate_region_setting.js'... 
2025-06-12T17:35:05.016Z [debug][Settings Migrator]: Checking migration '0005_migrate_network_settings.js'... 
2025-06-12T17:35:05.022Z [info][Notifications]: Registered notification agents 
2025-06-12T17:35:05.033Z [info][Server]: Skipping starting the scheduled jobs as we have no Plex/Jellyfin/Emby servers setup yet 
2025-06-12T17:35:05.358Z [info][Server]: Server ready on port 5055 
2025-06-12T17:41:51.831Z [info]: Commit Tag: $GIT_SHA 
2025-06-12T17:41:52.629Z [info]: Starting Jellyseerr version 2.6.0 
2025-06-12T17:41:54.165Z [debug][Settings Migrator]: Checking migration '0001_migrate_hostname.js'... 
2025-06-12T17:41:54.170Z [debug][Settings Migrator]: Checking migration '0002_migrate_apitokens.js'... 
2025-06-12T17:41:54.173Z [debug][Settings Migrator]: Checking migration '0003_emby_media_server_type.js'... 
2025-06-12T17:41:54.175Z [debug][Settings Migrator]: Checking migration '0004_migrate_region_setting.js'... 
2025-06-12T17:41:54.176Z [debug][Settings Migrator]: Checking migration '0005_migrate_network_settings.js'... 
2025-06-12T17:41:54.182Z [info][Notifications]: Registered notification agents 
2025-06-12T17:41:54.190Z [info][Server]: Skipping starting the scheduled jobs as we have no Plex/Jellyfin/Emby servers setup yet 
2025-06-12T17:41:54.586Z [info][Server]: Server ready on port 5055 
2025-06-12T17:54:16.955Z [info]: Commit Tag: $GIT_SHA 
2025-06-12T17:54:18.086Z [info]: Starting Jellyseerr version 2.6.0 
2025-06-12T17:54:19.435Z [debug][Settings Migrator]: Checking migration '0001_migrate_hostname.js'... 
2025-06-12T17:54:19.442Z [debug][Settings Migrator]: Checking migration '0002_migrate_apitokens.js'... 
2025-06-12T17:54:19.449Z [debug][Settings Migrator]: Checking migration '0003_emby_media_server_type.js'... 
2025-06-12T17:54:19.453Z [debug][Settings Migrator]: Checking migration '0004_migrate_region_setting.js'... 
2025-06-12T17:54:19.456Z [debug][Settings Migrator]: Checking migration '0005_migrate_network_settings.js'... 
2025-06-12T17:54:19.462Z [info][Notifications]: Registered notification agents 
2025-06-12T17:54:19.469Z [info][Server]: Skipping starting the scheduled jobs as we have no Plex/Jellyfin/Emby servers setup yet 
2025-06-12T17:54:19.825Z [info][Server]: Server ready on port 5055 
2025-06-12T18:13:48.645Z [info]: Commit Tag: $GIT_SHA 
2025-06-12T18:13:49.463Z [info]: Starting Jellyseerr version 2.6.0 
2025-06-12T18:13:50.925Z [debug][Settings Migrator]: Checking migration '0001_migrate_hostname.js'... 
2025-06-12T18:13:50.932Z [debug][Settings Migrator]: Checking migration '0002_migrate_apitokens.js'... 
2025-06-12T18:13:50.936Z [debug][Settings Migrator]: Checking migration '0003_emby_media_server_type.js'... 
2025-06-12T18:13:50.939Z [debug][Settings Migrator]: Checking migration '0004_migrate_region_setting.js'... 
2025-06-12T18:13:50.940Z [debug][Settings Migrator]: Checking migration '0005_migrate_network_settings.js'... 
2025-06-12T18:13:50.947Z [info][Notifications]: Registered notification agents 
2025-06-12T18:13:50.957Z [info][Server]: Skipping starting the scheduled jobs as we have no Plex/Jellyfin/Emby servers setup yet 
2025-06-12T18:13:51.285Z [info][Server]: Server ready on port 5055 
2025-06-12T18:32:45.485Z [info]: Commit Tag: $GIT_SHA 
2025-06-12T18:32:46.562Z [info]: Starting Jellyseerr version 2.6.0 
2025-06-12T18:32:48.057Z [debug][Settings Migrator]: Checking migration '0001_migrate_hostname.js'... 
2025-06-12T18:32:48.060Z [debug][Settings Migrator]: Checking migration '0002_migrate_apitokens.js'... 
2025-06-12T18:32:48.064Z [debug][Settings Migrator]: Checking migration '0003_emby_media_server_type.js'... 
2025-06-12T18:32:48.065Z [debug][Settings Migrator]: Checking migration '0004_migrate_region_setting.js'... 
2025-06-12T18:32:48.067Z [debug][Settings Migrator]: Checking migration '0005_migrate_network_settings.js'... 
2025-06-12T18:32:48.073Z [info][Notifications]: Registered notification agents 
2025-06-12T18:32:48.079Z [info][Server]: Skipping starting the scheduled jobs as we have no Plex/Jellyfin/Emby servers setup yet 
2025-06-12T18:32:48.460Z [info][Server]: Server ready on port 5055 
2025-06-12T18:43:38.390Z [info]: Commit Tag: $GIT_SHA 
2025-06-12T18:43:39.388Z [info]: Starting Jellyseerr version 2.6.0 
2025-06-12T18:43:40.948Z [debug][Settings Migrator]: Checking migration '0001_migrate_hostname.js'... 
2025-06-12T18:43:40.953Z [debug][Settings Migrator]: Checking migration '0002_migrate_apitokens.js'... 
2025-06-12T18:43:40.956Z [debug][Settings Migrator]: Checking migration '0003_emby_media_server_type.js'... 
2025-06-12T18:43:40.958Z [debug][Settings Migrator]: Checking migration '0004_migrate_region_setting.js'... 
2025-06-12T18:43:40.959Z [debug][Settings Migrator]: Checking migration '0005_migrate_network_settings.js'... 
2025-06-12T18:43:40.965Z [info][Notifications]: Registered notification agents 
2025-06-12T18:43:40.972Z [info][Server]: Skipping starting the scheduled jobs as we have no Plex/Jellyfin/Emby servers setup yet 
2025-06-12T18:43:41.310Z [info][Server]: Server ready on port 5055 
2025-06-12T18:50:32.031Z [info]: Commit Tag: $GIT_SHA 
2025-06-12T18:50:32.802Z [info]: Starting Jellyseerr version 2.6.0 
2025-06-12T18:50:34.415Z [debug][Settings Migrator]: Checking migration '0001_migrate_hostname.js'... 
2025-06-12T18:50:34.420Z [debug][Settings Migrator]: Checking migration '0002_migrate_apitokens.js'... 
2025-06-12T18:50:34.423Z [debug][Settings Migrator]: Checking migration '0003_emby_media_server_type.js'... 
2025-06-12T18:50:34.425Z [debug][Settings Migrator]: Checking migration '0004_migrate_region_setting.js'... 
2025-06-12T18:50:34.426Z [debug][Settings Migrator]: Checking migration '0005_migrate_network_settings.js'... 
2025-06-12T18:50:34.862Z [info][Notifications]: Registered notification agents 
2025-06-12T18:50:34.870Z [info][Server]: Skipping starting the scheduled jobs as we have no Plex/Jellyfin/Emby servers setup yet 
2025-06-12T18:50:35.179Z [info][Server]: Server ready on port 5055 
2025-06-12T20:08:13.392Z [info]: Commit Tag: $GIT_SHA 
2025-06-12T20:08:14.404Z [info]: Starting Jellyseerr version 2.6.0 
2025-06-12T20:08:15.869Z [debug][Settings Migrator]: Checking migration '0001_migrate_hostname.js'... 
2025-06-12T20:08:15.874Z [debug][Settings Migrator]: Checking migration '0002_migrate_apitokens.js'... 
2025-06-12T20:08:15.879Z [debug][Settings Migrator]: Checking migration '0003_emby_media_server_type.js'... 
2025-06-12T20:08:15.883Z [debug][Settings Migrator]: Checking migration '0004_migrate_region_setting.js'... 
2025-06-12T20:08:15.886Z [debug][Settings Migrator]: Checking migration '0005_migrate_network_settings.js'... 
2025-06-12T20:08:15.896Z [info][Notifications]: Registered notification agents 
2025-06-12T20:08:15.905Z [info][Server]: Skipping starting the scheduled jobs as we have no Plex/Jellyfin/Emby servers setup yet 
2025-06-12T20:08:16.266Z [info][Server]: Server ready on port 5055 
2025-06-12T20:26:22.791Z [info]: Commit Tag: $GIT_SHA 
2025-06-12T20:26:23.986Z [info]: Starting Jellyseerr version 2.6.0 
2025-06-12T20:26:31.653Z [debug][Settings Migrator]: Checking migration '0001_migrate_hostname.js'... 
2025-06-12T20:26:31.697Z [debug][Settings Migrator]: Checking migration '0002_migrate_apitokens.js'... 
2025-06-12T20:26:31.713Z [debug][Settings Migrator]: Checking migration '0003_emby_media_server_type.js'... 
2025-06-12T20:26:31.716Z [debug][Settings Migrator]: Checking migration '0004_migrate_region_setting.js'... 
2025-06-12T20:26:31.720Z [debug][Settings Migrator]: Checking migration '0005_migrate_network_settings.js'... 
2025-06-12T20:26:31.774Z [info][Notifications]: Registered notification agents 
2025-06-12T20:26:31.784Z [info][Server]: Skipping starting the scheduled jobs as we have no Plex/Jellyfin/Emby servers setup yet 
2025-06-12T20:26:32.126Z [info][Server]: Server ready on port 5055 
2025-06-12T20:46:33.929Z [info]: Commit Tag: $GIT_SHA 
2025-06-12T20:46:36.303Z [info]: Starting Jellyseerr version 2.6.0 
2025-06-12T20:46:41.026Z [debug][Settings Migrator]: Checking migration '0001_migrate_hostname.js'... 
2025-06-12T20:46:41.036Z [debug][Settings Migrator]: Checking migration '0002_migrate_apitokens.js'... 
2025-06-12T20:46:41.041Z [debug][Settings Migrator]: Checking migration '0003_emby_media_server_type.js'... 
2025-06-12T20:46:41.044Z [debug][Settings Migrator]: Checking migration '0004_migrate_region_setting.js'... 
2025-06-12T20:46:41.045Z [debug][Settings Migrator]: Checking migration '0005_migrate_network_settings.js'... 
2025-06-12T20:46:41.058Z [info][Notifications]: Registered notification agents 
2025-06-12T20:46:41.074Z [info][Server]: Skipping starting the scheduled jobs as we have no Plex/Jellyfin/Emby servers setup yet 
2025-06-12T20:46:41.410Z [info][Server]: Server ready on port 5055 
2025-06-12T21:08:06.205Z [info]: Commit Tag: $GIT_SHA 
2025-06-12T21:08:07.366Z [info]: Starting Jellyseerr version 2.6.0 
2025-06-12T21:08:09.122Z [debug][Settings Migrator]: Checking migration '0001_migrate_hostname.js'... 
2025-06-12T21:08:09.126Z [debug][Settings Migrator]: Checking migration '0002_migrate_apitokens.js'... 
2025-06-12T21:08:09.129Z [debug][Settings Migrator]: Checking migration '0003_emby_media_server_type.js'... 
2025-06-12T21:08:09.131Z [debug][Settings Migrator]: Checking migration '0004_migrate_region_setting.js'... 
2025-06-12T21:08:09.132Z [debug][Settings Migrator]: Checking migration '0005_migrate_network_settings.js'... 
2025-06-12T21:08:09.139Z [info][Notifications]: Registered notification agents 
2025-06-12T21:08:09.146Z [info][Server]: Skipping starting the scheduled jobs as we have no Plex/Jellyfin/Emby servers setup yet 
2025-06-12T21:08:09.441Z [info][Server]: Server ready on port 5055 
2025-06-12T21:27:20.659Z [info]: Commit Tag: $GIT_SHA 
2025-06-12T21:27:21.845Z [info]: Starting Jellyseerr version 2.6.0 
2025-06-12T21:27:23.178Z [debug][Settings Migrator]: Checking migration '0001_migrate_hostname.js'... 
2025-06-12T21:27:23.182Z [debug][Settings Migrator]: Checking migration '0002_migrate_apitokens.js'... 
2025-06-12T21:27:23.184Z [debug][Settings Migrator]: Checking migration '0003_emby_media_server_type.js'... 
2025-06-12T21:27:23.186Z [debug][Settings Migrator]: Checking migration '0004_migrate_region_setting.js'... 
2025-06-12T21:27:23.187Z [debug][Settings Migrator]: Checking migration '0005_migrate_network_settings.js'... 
2025-06-12T21:27:23.195Z [info][Notifications]: Registered notification agents 
2025-06-12T21:27:23.202Z [info][Server]: Skipping starting the scheduled jobs as we have no Plex/Jellyfin/Emby servers setup yet 
2025-06-12T21:27:23.598Z [info][Server]: Server ready on port 5055 
2025-06-12T21:34:11.272Z [info]: Commit Tag: $GIT_SHA 
2025-06-12T21:34:12.131Z [info]: Starting Jellyseerr version 2.6.0 
2025-06-12T21:34:14.260Z [debug][Settings Migrator]: Checking migration '0001_migrate_hostname.js'... 
2025-06-12T21:34:14.265Z [debug][Settings Migrator]: Checking migration '0002_migrate_apitokens.js'... 
2025-06-12T21:34:14.267Z [debug][Settings Migrator]: Checking migration '0003_emby_media_server_type.js'... 
2025-06-12T21:34:14.269Z [debug][Settings Migrator]: Checking migration '0004_migrate_region_setting.js'... 
2025-06-12T21:34:14.270Z [debug][Settings Migrator]: Checking migration '0005_migrate_network_settings.js'... 
2025-06-12T21:34:14.784Z [info][Notifications]: Registered notification agents 
2025-06-12T21:34:14.790Z [info][Server]: Skipping starting the scheduled jobs as we have no Plex/Jellyfin/Emby servers setup yet 
2025-06-12T21:34:15.068Z [info][Server]: Server ready on port 5055 
2025-06-12T21:53:52.207Z [info]: Commit Tag: $GIT_SHA 
2025-06-12T21:53:54.012Z [info]: Starting Jellyseerr version 2.6.0 
2025-06-12T21:53:56.547Z [debug][Settings Migrator]: Checking migration '0001_migrate_hostname.js'... 
2025-06-12T21:53:56.556Z [debug][Settings Migrator]: Checking migration '0002_migrate_apitokens.js'... 
2025-06-12T21:53:56.566Z [debug][Settings Migrator]: Checking migration '0003_emby_media_server_type.js'... 
2025-06-12T21:53:56.570Z [debug][Settings Migrator]: Checking migration '0004_migrate_region_setting.js'... 
2025-06-12T21:53:56.572Z [debug][Settings Migrator]: Checking migration '0005_migrate_network_settings.js'... 
2025-06-12T21:53:56.583Z [info][Notifications]: Registered notification agents 
2025-06-12T21:53:56.591Z [info][Server]: Skipping starting the scheduled jobs as we have no Plex/Jellyfin/Emby servers setup yet 
2025-06-12T21:53:56.945Z [info][Server]: Server ready on port 5055 
2025-06-12T22:12:45.593Z [info]: Commit Tag: $GIT_SHA 
2025-06-12T22:12:46.849Z [info]: Starting Jellyseerr version 2.6.0 
2025-06-12T22:12:49.774Z [debug][Settings Migrator]: Checking migration '0001_migrate_hostname.js'... 
2025-06-12T22:12:49.802Z [debug][Settings Migrator]: Checking migration '0002_migrate_apitokens.js'... 
2025-06-12T22:12:49.836Z [debug][Settings Migrator]: Checking migration '0003_emby_media_server_type.js'... 
2025-06-12T22:12:49.868Z [debug][Settings Migrator]: Checking migration '0004_migrate_region_setting.js'... 
2025-06-12T22:12:49.870Z [debug][Settings Migrator]: Checking migration '0005_migrate_network_settings.js'... 
2025-06-12T22:12:50.074Z [info][Notifications]: Registered notification agents 
2025-06-12T22:12:50.082Z [info][Server]: Skipping starting the scheduled jobs as we have no Plex/Jellyfin/Emby servers setup yet 
2025-06-12T22:12:50.410Z [info][Server]: Server ready on port 5055 
